<?xml version="1.0" encoding="UTF-8"?>
<!-- Generated by org.testng.reporters.JUnitXMLReporter -->
<testsuite ignored="0" hostname="DESKTOP-HCKLODP" failures="69" tests="500" name="Test" time="4441.381" errors="0" timestamp="2021-08-20T19:01:27 EDT">
  <testcase classname="SpellCheck.BaseTest" name="@AfterTest teardown" time="65.908">
    <failure type="org.openqa.selenium.remote.UnreachableBrowserException" message="Error communicating with the remote browser. It may have died.
Build info: version: &amp;apos;3.141.59&amp;apos;, revision: &amp;apos;e82be7d358&amp;apos;, time: &amp;apos;2018-11-14T08:17:03&amp;apos;
System info: host: &amp;apos;DESKTOP-HCKLODP&amp;apos;, ip: &amp;apos;192.168.0.109&amp;apos;, os.name: &amp;apos;Windows 10&amp;apos;, os.arch: &amp;apos;amd64&amp;apos;, os.version: &amp;apos;10.0&amp;apos;, java.version: &amp;apos;16.0.2&amp;apos;
Driver info: driver.version: RemoteWebDriver
Capabilities {acceptInsecureCerts: false, browserName: chrome, browserVersion: 92.0.4515.159, chrome: {chromedriverVersion: 91.0.4472.101 (af52a90bf870..., userDataDir: C:\Users\nheis\AppData\Loca...}, goog:chromeOptions: {debuggerAddress: localhost:58440}, javascriptEnabled: true, networkConnectionEnabled: false, pageLoadStrategy: normal, platform: WINDOWS, platformName: WINDOWS, proxy: Proxy(), setWindowRect: true, strictFileInteractability: false, timeouts: {implicit: 0, pageLoad: 300000, script: 30000}, unhandledPromptBehavior: dismiss and notify, webauthn:extension:largeBlob: true, webauthn:virtualAuthenticators: true}
Session ID: 0af79efb9ca574052bb827422db72649">
      <![CDATA[org.openqa.selenium.remote.UnreachableBrowserException: Error communicating with the remote browser. It may have died.
Build info: version: '3.141.59', revision: 'e82be7d358', time: '2018-11-14T08:17:03'
System info: host: 'DESKTOP-HCKLODP', ip: '192.168.0.109', os.name: 'Windows 10', os.arch: 'amd64', os.version: '10.0', java.version: '16.0.2'
Driver info: driver.version: RemoteWebDriver
Capabilities {acceptInsecureCerts: false, browserName: chrome, browserVersion: 92.0.4515.159, chrome: {chromedriverVersion: 91.0.4472.101 (af52a90bf870..., userDataDir: C:\Users\nheis\AppData\Loca...}, goog:chromeOptions: {debuggerAddress: localhost:58440}, javascriptEnabled: true, networkConnectionEnabled: false, pageLoadStrategy: normal, platform: WINDOWS, platformName: WINDOWS, proxy: Proxy(), setWindowRect: true, strictFileInteractability: false, timeouts: {implicit: 0, pageLoad: 300000, script: 30000}, unhandledPromptBehavior: dismiss and notify, webauthn:extension:largeBlob: true, webauthn:virtualAuthenticators: true}
Session ID: 0af79efb9ca574052bb827422db72649
at org.openqa.selenium.remote.RemoteWebDriver.execute(RemoteWebDriver.java:573)
at org.openqa.selenium.remote.RemoteWebDriver.execute(RemoteWebDriver.java:609)
at org.openqa.selenium.remote.RemoteWebDriver.quit(RemoteWebDriver.java:452)
at SpellCheck.BaseTest.teardown(BaseTest.java:51)
Caused by: java.lang.RuntimeException: java.util.concurrent.TimeoutException
at org.openqa.selenium.net.UrlChecker.waitUntilUnavailable(UrlChecker.java:145)
at org.openqa.selenium.remote.service.DriverService.stop(DriverService.java:224)
at org.openqa.selenium.remote.service.DriverCommandExecutor.execute(DriverCommandExecutor.java:95)
at org.openqa.selenium.remote.RemoteWebDriver.execute(RemoteWebDriver.java:552)
... 27 more
Caused by: java.util.concurrent.TimeoutException
at java.base/java.util.concurrent.FutureTask.get(FutureTask.java:204)
at com.google.common.util.concurrent.SimpleTimeLimiter.callWithTimeout(SimpleTimeLimiter.java:156)
at org.openqa.selenium.net.UrlChecker.waitUntilUnavailable(UrlChecker.java:115)
... 30 more
... Removed 24 stack frames]]>
    </failure>
  </testcase> <!-- @AfterTest teardown -->
  <testcase classname="SpellCheck.SpellCheckPages" name="spellCheck" time="16.543"/>
  <testcase classname="SpellCheck.SpellCheckPages" name="spellCheck" time="9.976"/>
  <testcase classname="SpellCheck.SpellCheckPages" name="spellCheck" time="8.877"/>
  <testcase classname="SpellCheck.SpellCheckPages" name="spellCheck" time="8.811">
    <failure type="junit.framework.AssertionFailedError" message="expected:&amp;lt;0&amp;gt; but was:&amp;lt;1&amp;gt;">
      <![CDATA[junit.framework.AssertionFailedError: expected:<0> but was:<1>
at junit.framework.Assert.fail(Assert.java:47)
at junit.framework.Assert.failNotEquals(Assert.java:282)
at junit.framework.Assert.assertEquals(Assert.java:64)
at junit.framework.Assert.assertEquals(Assert.java:201)
at junit.framework.Assert.assertEquals(Assert.java:207)
at SpellCheck.SpellCheckPages.spellCheck(SpellCheckPages.java:140)
at java.base/java.util.ArrayList.forEach(ArrayList.java:1511)
... Removed 27 stack frames]]>
    </failure>
  </testcase> <!-- spellCheck -->
  <testcase classname="SpellCheck.SpellCheckPages" name="spellCheck" time="15.66">
    <failure type="junit.framework.AssertionFailedError" message="expected:&amp;lt;0&amp;gt; but was:&amp;lt;1&amp;gt;">
      <![CDATA[junit.framework.AssertionFailedError: expected:<0> but was:<1>
at junit.framework.Assert.fail(Assert.java:47)
at junit.framework.Assert.failNotEquals(Assert.java:282)
at junit.framework.Assert.assertEquals(Assert.java:64)
at junit.framework.Assert.assertEquals(Assert.java:201)
at junit.framework.Assert.assertEquals(Assert.java:207)
at SpellCheck.SpellCheckPages.spellCheck(SpellCheckPages.java:140)
at java.base/java.util.ArrayList.forEach(ArrayList.java:1511)
... Removed 27 stack frames]]>
    </failure>
  </testcase> <!-- spellCheck -->
  <testcase classname="SpellCheck.SpellCheckPages" name="spellCheck" time="8.04"/>
  <testcase classname="SpellCheck.SpellCheckPages" name="spellCheck" time="7.445"/>
  <testcase classname="SpellCheck.SpellCheckPages" name="spellCheck" time="10.536">
    <failure type="junit.framework.AssertionFailedError" message="expected:&amp;lt;0&amp;gt; but was:&amp;lt;1&amp;gt;">
      <![CDATA[junit.framework.AssertionFailedError: expected:<0> but was:<1>
at junit.framework.Assert.fail(Assert.java:47)
at junit.framework.Assert.failNotEquals(Assert.java:282)
at junit.framework.Assert.assertEquals(Assert.java:64)
at junit.framework.Assert.assertEquals(Assert.java:201)
at junit.framework.Assert.assertEquals(Assert.java:207)
at SpellCheck.SpellCheckPages.spellCheck(SpellCheckPages.java:140)
at java.base/java.util.ArrayList.forEach(ArrayList.java:1511)
... Removed 27 stack frames]]>
    </failure>
  </testcase> <!-- spellCheck -->
  <testcase classname="SpellCheck.SpellCheckPages" name="spellCheck" time="8.607"/>
  <testcase classname="SpellCheck.SpellCheckPages" name="spellCheck" time="7.858"/>
  <testcase classname="SpellCheck.SpellCheckPages" name="spellCheck" time="7.009"/>
  <testcase classname="SpellCheck.SpellCheckPages" name="spellCheck" time="8.597">
    <failure type="junit.framework.AssertionFailedError" message="expected:&amp;lt;0&amp;gt; but was:&amp;lt;2&amp;gt;">
      <![CDATA[junit.framework.AssertionFailedError: expected:<0> but was:<2>
at junit.framework.Assert.fail(Assert.java:47)
at junit.framework.Assert.failNotEquals(Assert.java:282)
at junit.framework.Assert.assertEquals(Assert.java:64)
at junit.framework.Assert.assertEquals(Assert.java:201)
at junit.framework.Assert.assertEquals(Assert.java:207)
at SpellCheck.SpellCheckPages.spellCheck(SpellCheckPages.java:140)
at java.base/java.util.ArrayList.forEach(ArrayList.java:1511)
... Removed 27 stack frames]]>
    </failure>
  </testcase> <!-- spellCheck -->
  <testcase classname="SpellCheck.SpellCheckPages" name="spellCheck" time="7.649"/>
  <testcase classname="SpellCheck.SpellCheckPages" name="spellCheck" time="7.053">
    <failure type="junit.framework.AssertionFailedError" message="expected:&amp;lt;0&amp;gt; but was:&amp;lt;1&amp;gt;">
      <![CDATA[junit.framework.AssertionFailedError: expected:<0> but was:<1>
at junit.framework.Assert.fail(Assert.java:47)
at junit.framework.Assert.failNotEquals(Assert.java:282)
at junit.framework.Assert.assertEquals(Assert.java:64)
at junit.framework.Assert.assertEquals(Assert.java:201)
at junit.framework.Assert.assertEquals(Assert.java:207)
at SpellCheck.SpellCheckPages.spellCheck(SpellCheckPages.java:140)
at java.base/java.util.ArrayList.forEach(ArrayList.java:1511)
... Removed 27 stack frames]]>
    </failure>
  </testcase> <!-- spellCheck -->
  <testcase classname="SpellCheck.SpellCheckPages" name="spellCheck" time="6.319"/>
  <testcase classname="SpellCheck.SpellCheckPages" name="spellCheck" time="3.743"/>
  <testcase classname="SpellCheck.SpellCheckPages" name="spellCheck" time="9.149">
    <failure type="junit.framework.AssertionFailedError" message="expected:&amp;lt;0&amp;gt; but was:&amp;lt;1&amp;gt;">
      <![CDATA[junit.framework.AssertionFailedError: expected:<0> but was:<1>
at junit.framework.Assert.fail(Assert.java:47)
at junit.framework.Assert.failNotEquals(Assert.java:282)
at junit.framework.Assert.assertEquals(Assert.java:64)
at junit.framework.Assert.assertEquals(Assert.java:201)
at junit.framework.Assert.assertEquals(Assert.java:207)
at SpellCheck.SpellCheckPages.spellCheck(SpellCheckPages.java:140)
at java.base/java.util.ArrayList.forEach(ArrayList.java:1511)
... Removed 26 stack frames]]>
    </failure>
  </testcase> <!-- spellCheck -->
  <testcase classname="SpellCheck.SpellCheckPages" name="spellCheck" time="10.18"/>
  <testcase classname="SpellCheck.SpellCheckPages" name="spellCheck" time="10.209"/>
  <testcase classname="SpellCheck.SpellCheckPages" name="spellCheck" time="9.767"/>
  <testcase classname="SpellCheck.SpellCheckPages" name="spellCheck" time="4.464"/>
  <testcase classname="SpellCheck.SpellCheckPages" name="spellCheck" time="3.958"/>
  <testcase classname="SpellCheck.SpellCheckPages" name="spellCheck" time="4.106"/>
  <testcase classname="SpellCheck.SpellCheckPages" name="spellCheck" time="4.692"/>
  <testcase classname="SpellCheck.SpellCheckPages" name="spellCheck" time="4.628"/>
  <testcase classname="SpellCheck.SpellCheckPages" name="spellCheck" time="4.73"/>
  <testcase classname="SpellCheck.SpellCheckPages" name="spellCheck" time="4.373"/>
  <testcase classname="SpellCheck.SpellCheckPages" name="spellCheck" time="4.305"/>
  <testcase classname="SpellCheck.SpellCheckPages" name="spellCheck" time="6.824"/>
  <testcase classname="SpellCheck.SpellCheckPages" name="spellCheck" time="4.344"/>
  <testcase classname="SpellCheck.SpellCheckPages" name="spellCheck" time="4.293"/>
  <testcase classname="SpellCheck.SpellCheckPages" name="spellCheck" time="4.537"/>
  <testcase classname="SpellCheck.SpellCheckPages" name="spellCheck" time="4.302"/>
  <testcase classname="SpellCheck.SpellCheckPages" name="spellCheck" time="4.08"/>
  <testcase classname="SpellCheck.SpellCheckPages" name="spellCheck" time="5.222"/>
  <testcase classname="SpellCheck.SpellCheckPages" name="spellCheck" time="5.425"/>
  <testcase classname="SpellCheck.SpellCheckPages" name="spellCheck" time="5.821"/>
  <testcase classname="SpellCheck.SpellCheckPages" name="spellCheck" time="5.539"/>
  <testcase classname="SpellCheck.SpellCheckPages" name="spellCheck" time="5.139"/>
  <testcase classname="SpellCheck.SpellCheckPages" name="spellCheck" time="7.034"/>
  <testcase classname="SpellCheck.SpellCheckPages" name="spellCheck" time="5.578"/>
  <testcase classname="SpellCheck.SpellCheckPages" name="spellCheck" time="6.31"/>
  <testcase classname="SpellCheck.SpellCheckPages" name="spellCheck" time="6.33"/>
  <testcase classname="SpellCheck.SpellCheckPages" name="spellCheck" time="6.211"/>
  <testcase classname="SpellCheck.SpellCheckPages" name="spellCheck" time="5.815"/>
  <testcase classname="SpellCheck.SpellCheckPages" name="spellCheck" time="5.605"/>
  <testcase classname="SpellCheck.SpellCheckPages" name="spellCheck" time="7.568"/>
  <testcase classname="SpellCheck.SpellCheckPages" name="spellCheck" time="5.691"/>
  <testcase classname="SpellCheck.SpellCheckPages" name="spellCheck" time="4.735"/>
  <testcase classname="SpellCheck.SpellCheckPages" name="spellCheck" time="4.595"/>
  <testcase classname="SpellCheck.SpellCheckPages" name="spellCheck" time="5.223"/>
  <testcase classname="SpellCheck.SpellCheckPages" name="spellCheck" time="9.022"/>
  <testcase classname="SpellCheck.SpellCheckPages" name="spellCheck" time="5.862"/>
  <testcase classname="SpellCheck.SpellCheckPages" name="spellCheck" time="4.889"/>
  <testcase classname="SpellCheck.SpellCheckPages" name="spellCheck" time="5.39"/>
  <testcase classname="SpellCheck.SpellCheckPages" name="spellCheck" time="6.006"/>
  <testcase classname="SpellCheck.SpellCheckPages" name="spellCheck" time="5.635"/>
  <testcase classname="SpellCheck.SpellCheckPages" name="spellCheck" time="6.271"/>
  <testcase classname="SpellCheck.SpellCheckPages" name="spellCheck" time="10.275"/>
  <testcase classname="SpellCheck.SpellCheckPages" name="spellCheck" time="4.736"/>
  <testcase classname="SpellCheck.SpellCheckPages" name="spellCheck" time="5.264"/>
  <testcase classname="SpellCheck.SpellCheckPages" name="spellCheck" time="6.158"/>
  <testcase classname="SpellCheck.SpellCheckPages" name="spellCheck" time="5.153"/>
  <testcase classname="SpellCheck.SpellCheckPages" name="spellCheck" time="5.419"/>
  <testcase classname="SpellCheck.SpellCheckPages" name="spellCheck" time="4.82"/>
  <testcase classname="SpellCheck.SpellCheckPages" name="spellCheck" time="5.173"/>
  <testcase classname="SpellCheck.SpellCheckPages" name="spellCheck" time="5.948">
    <failure type="junit.framework.AssertionFailedError" message="expected:&amp;lt;0&amp;gt; but was:&amp;lt;2&amp;gt;">
      <![CDATA[junit.framework.AssertionFailedError: expected:<0> but was:<2>
at junit.framework.Assert.fail(Assert.java:47)
at junit.framework.Assert.failNotEquals(Assert.java:282)
at junit.framework.Assert.assertEquals(Assert.java:64)
at junit.framework.Assert.assertEquals(Assert.java:201)
at junit.framework.Assert.assertEquals(Assert.java:207)
at SpellCheck.SpellCheckPages.spellCheck(SpellCheckPages.java:140)
at java.base/java.util.ArrayList.forEach(ArrayList.java:1511)
... Removed 26 stack frames]]>
    </failure>
  </testcase> <!-- spellCheck -->
  <testcase classname="SpellCheck.SpellCheckPages" name="spellCheck" time="5.822"/>
  <testcase classname="SpellCheck.SpellCheckPages" name="spellCheck" time="5.77"/>
  <testcase classname="SpellCheck.SpellCheckPages" name="spellCheck" time="8.194"/>
  <testcase classname="SpellCheck.SpellCheckPages" name="spellCheck" time="4.771"/>
  <testcase classname="SpellCheck.SpellCheckPages" name="spellCheck" time="5.304"/>
  <testcase classname="SpellCheck.SpellCheckPages" name="spellCheck" time="6.366"/>
  <testcase classname="SpellCheck.SpellCheckPages" name="spellCheck" time="7.916"/>
  <testcase classname="SpellCheck.SpellCheckPages" name="spellCheck" time="5.88"/>
  <testcase classname="SpellCheck.SpellCheckPages" name="spellCheck" time="5.09"/>
  <testcase classname="SpellCheck.SpellCheckPages" name="spellCheck" time="5.216"/>
  <testcase classname="SpellCheck.SpellCheckPages" name="spellCheck" time="6.093">
    <failure type="junit.framework.AssertionFailedError" message="expected:&amp;lt;0&amp;gt; but was:&amp;lt;1&amp;gt;">
      <![CDATA[junit.framework.AssertionFailedError: expected:<0> but was:<1>
at junit.framework.Assert.fail(Assert.java:47)
at junit.framework.Assert.failNotEquals(Assert.java:282)
at junit.framework.Assert.assertEquals(Assert.java:64)
at junit.framework.Assert.assertEquals(Assert.java:201)
at junit.framework.Assert.assertEquals(Assert.java:207)
at SpellCheck.SpellCheckPages.spellCheck(SpellCheckPages.java:140)
at java.base/java.util.ArrayList.forEach(ArrayList.java:1511)
... Removed 26 stack frames]]>
    </failure>
  </testcase> <!-- spellCheck -->
  <testcase classname="SpellCheck.SpellCheckPages" name="spellCheck" time="5.787"/>
  <testcase classname="SpellCheck.SpellCheckPages" name="spellCheck" time="6.004"/>
  <testcase classname="SpellCheck.SpellCheckPages" name="spellCheck" time="6.31"/>
  <testcase classname="SpellCheck.SpellCheckPages" name="spellCheck" time="6.473"/>
  <testcase classname="SpellCheck.SpellCheckPages" name="spellCheck" time="6.621"/>
  <testcase classname="SpellCheck.SpellCheckPages" name="spellCheck" time="6.628"/>
  <testcase classname="SpellCheck.SpellCheckPages" name="spellCheck" time="6.356"/>
  <testcase classname="SpellCheck.SpellCheckPages" name="spellCheck" time="7.158"/>
  <testcase classname="SpellCheck.SpellCheckPages" name="spellCheck" time="6.395"/>
  <testcase classname="SpellCheck.SpellCheckPages" name="spellCheck" time="5.792"/>
  <testcase classname="SpellCheck.SpellCheckPages" name="spellCheck" time="5.805"/>
  <testcase classname="SpellCheck.SpellCheckPages" name="spellCheck" time="5.84"/>
  <testcase classname="SpellCheck.SpellCheckPages" name="spellCheck" time="12.678"/>
  <testcase classname="SpellCheck.SpellCheckPages" name="spellCheck" time="12.026"/>
  <testcase classname="SpellCheck.SpellCheckPages" name="spellCheck" time="5.857"/>
  <testcase classname="SpellCheck.SpellCheckPages" name="spellCheck" time="5.854"/>
  <testcase classname="SpellCheck.SpellCheckPages" name="spellCheck" time="5.786"/>
  <testcase classname="SpellCheck.SpellCheckPages" name="spellCheck" time="6.022"/>
  <testcase classname="SpellCheck.SpellCheckPages" name="spellCheck" time="5.912"/>
  <testcase classname="SpellCheck.SpellCheckPages" name="spellCheck" time="5.728"/>
  <testcase classname="SpellCheck.SpellCheckPages" name="spellCheck" time="6.127"/>
  <testcase classname="SpellCheck.SpellCheckPages" name="spellCheck" time="6.367"/>
  <testcase classname="SpellCheck.SpellCheckPages" name="spellCheck" time="6.516"/>
  <testcase classname="SpellCheck.SpellCheckPages" name="spellCheck" time="6.077"/>
  <testcase classname="SpellCheck.SpellCheckPages" name="spellCheck" time="5.441"/>
  <testcase classname="SpellCheck.SpellCheckPages" name="spellCheck" time="5.805"/>
  <testcase classname="SpellCheck.SpellCheckPages" name="spellCheck" time="9.414"/>
  <testcase classname="SpellCheck.SpellCheckPages" name="spellCheck" time="16.131"/>
  <testcase classname="SpellCheck.SpellCheckPages" name="spellCheck" time="5.746"/>
  <testcase classname="SpellCheck.SpellCheckPages" name="spellCheck" time="4.651"/>
  <testcase classname="SpellCheck.SpellCheckPages" name="spellCheck" time="4.916"/>
  <testcase classname="SpellCheck.SpellCheckPages" name="spellCheck" time="5.67"/>
  <testcase classname="SpellCheck.SpellCheckPages" name="spellCheck" time="5.497"/>
  <testcase classname="SpellCheck.SpellCheckPages" name="spellCheck" time="4.97"/>
  <testcase classname="SpellCheck.SpellCheckPages" name="spellCheck" time="6.58"/>
  <testcase classname="SpellCheck.SpellCheckPages" name="spellCheck" time="6.121"/>
  <testcase classname="SpellCheck.SpellCheckPages" name="spellCheck" time="6.125"/>
  <testcase classname="SpellCheck.SpellCheckPages" name="spellCheck" time="4.927"/>
  <testcase classname="SpellCheck.SpellCheckPages" name="spellCheck" time="5.453"/>
  <testcase classname="SpellCheck.SpellCheckPages" name="spellCheck" time="5.815"/>
  <testcase classname="SpellCheck.SpellCheckPages" name="spellCheck" time="6.357"/>
  <testcase classname="SpellCheck.SpellCheckPages" name="spellCheck" time="5.656"/>
  <testcase classname="SpellCheck.SpellCheckPages" name="spellCheck" time="5.244"/>
  <testcase classname="SpellCheck.SpellCheckPages" name="spellCheck" time="6.286"/>
  <testcase classname="SpellCheck.SpellCheckPages" name="spellCheck" time="6.208"/>
  <testcase classname="SpellCheck.SpellCheckPages" name="spellCheck" time="6.011"/>
  <testcase classname="SpellCheck.SpellCheckPages" name="spellCheck" time="6.416"/>
  <testcase classname="SpellCheck.SpellCheckPages" name="spellCheck" time="5.808"/>
  <testcase classname="SpellCheck.SpellCheckPages" name="spellCheck" time="6.081"/>
  <testcase classname="SpellCheck.SpellCheckPages" name="spellCheck" time="5.163"/>
  <testcase classname="SpellCheck.SpellCheckPages" name="spellCheck" time="6.174"/>
  <testcase classname="SpellCheck.SpellCheckPages" name="spellCheck" time="5.706"/>
  <testcase classname="SpellCheck.SpellCheckPages" name="spellCheck" time="5.216"/>
  <testcase classname="SpellCheck.SpellCheckPages" name="spellCheck" time="4.989"/>
  <testcase classname="SpellCheck.SpellCheckPages" name="spellCheck" time="6.077"/>
  <testcase classname="SpellCheck.SpellCheckPages" name="spellCheck" time="6.185"/>
  <testcase classname="SpellCheck.SpellCheckPages" name="spellCheck" time="5.478"/>
  <testcase classname="SpellCheck.SpellCheckPages" name="spellCheck" time="6.314"/>
  <testcase classname="SpellCheck.SpellCheckPages" name="spellCheck" time="5.709"/>
  <testcase classname="SpellCheck.SpellCheckPages" name="spellCheck" time="5.39"/>
  <testcase classname="SpellCheck.SpellCheckPages" name="spellCheck" time="5.831"/>
  <testcase classname="SpellCheck.SpellCheckPages" name="spellCheck" time="5.756"/>
  <testcase classname="SpellCheck.SpellCheckPages" name="spellCheck" time="4.787"/>
  <testcase classname="SpellCheck.SpellCheckPages" name="spellCheck" time="5.712"/>
  <testcase classname="SpellCheck.SpellCheckPages" name="spellCheck" time="6.928">
    <failure type="junit.framework.AssertionFailedError" message="expected:&amp;lt;0&amp;gt; but was:&amp;lt;1&amp;gt;">
      <![CDATA[junit.framework.AssertionFailedError: expected:<0> but was:<1>
at junit.framework.Assert.fail(Assert.java:47)
at junit.framework.Assert.failNotEquals(Assert.java:282)
at junit.framework.Assert.assertEquals(Assert.java:64)
at junit.framework.Assert.assertEquals(Assert.java:201)
at junit.framework.Assert.assertEquals(Assert.java:207)
at SpellCheck.SpellCheckPages.spellCheck(SpellCheckPages.java:140)
at java.base/java.util.ArrayList.forEach(ArrayList.java:1511)
... Removed 26 stack frames]]>
    </failure>
  </testcase> <!-- spellCheck -->
  <testcase classname="SpellCheck.SpellCheckPages" name="spellCheck" time="8.292"/>
  <testcase classname="SpellCheck.SpellCheckPages" name="spellCheck" time="6.33"/>
  <testcase classname="SpellCheck.SpellCheckPages" name="spellCheck" time="5.428"/>
  <testcase classname="SpellCheck.SpellCheckPages" name="spellCheck" time="5.958"/>
  <testcase classname="SpellCheck.SpellCheckPages" name="spellCheck" time="5.608"/>
  <testcase classname="SpellCheck.SpellCheckPages" name="spellCheck" time="6.188"/>
  <testcase classname="SpellCheck.SpellCheckPages" name="spellCheck" time="6.581"/>
  <testcase classname="SpellCheck.SpellCheckPages" name="spellCheck" time="6.187"/>
  <testcase classname="SpellCheck.SpellCheckPages" name="spellCheck" time="4.731"/>
  <testcase classname="SpellCheck.SpellCheckPages" name="spellCheck" time="6.156"/>
  <testcase classname="SpellCheck.SpellCheckPages" name="spellCheck" time="5.223"/>
  <testcase classname="SpellCheck.SpellCheckPages" name="spellCheck" time="6.443"/>
  <testcase classname="SpellCheck.SpellCheckPages" name="spellCheck" time="4.777"/>
  <testcase classname="SpellCheck.SpellCheckPages" name="spellCheck" time="5.582"/>
  <testcase classname="SpellCheck.SpellCheckPages" name="spellCheck" time="5.087"/>
  <testcase classname="SpellCheck.SpellCheckPages" name="spellCheck" time="6.308"/>
  <testcase classname="SpellCheck.SpellCheckPages" name="spellCheck" time="6.104"/>
  <testcase classname="SpellCheck.SpellCheckPages" name="spellCheck" time="3.684">
    <failure type="org.openqa.selenium.StaleElementReferenceException" message="stale element reference: element is not attached to the page document
  (Session info: chrome=92.0.4515.159)
For documentation on this error, please visit: https://www.seleniumhq.org/exceptions/stale_element_reference.html
Build info: version: &amp;apos;3.141.59&amp;apos;, revision: &amp;apos;e82be7d358&amp;apos;, time: &amp;apos;2018-11-14T08:17:03&amp;apos;
System info: host: &amp;apos;DESKTOP-HCKLODP&amp;apos;, ip: &amp;apos;192.168.0.109&amp;apos;, os.name: &amp;apos;Windows 10&amp;apos;, os.arch: &amp;apos;amd64&amp;apos;, os.version: &amp;apos;10.0&amp;apos;, java.version: &amp;apos;16.0.2&amp;apos;
Driver info: org.openqa.selenium.chrome.ChromeDriver
Capabilities {acceptInsecureCerts: false, browserName: chrome, browserVersion: 92.0.4515.159, chrome: {chromedriverVersion: 91.0.4472.101 (af52a90bf870..., userDataDir: C:\Users\nheis\AppData\Loca...}, goog:chromeOptions: {debuggerAddress: localhost:58440}, javascriptEnabled: true, networkConnectionEnabled: false, pageLoadStrategy: normal, platform: WINDOWS, platformName: WINDOWS, proxy: Proxy(), setWindowRect: true, strictFileInteractability: false, timeouts: {implicit: 0, pageLoad: 300000, script: 30000}, unhandledPromptBehavior: dismiss and notify, webauthn:extension:largeBlob: true, webauthn:virtualAuthenticators: true}
Session ID: 0af79efb9ca574052bb827422db72649">
      <![CDATA[org.openqa.selenium.StaleElementReferenceException: stale element reference: element is not attached to the page document
  (Session info: chrome=92.0.4515.159)
For documentation on this error, please visit: https://www.seleniumhq.org/exceptions/stale_element_reference.html
Build info: version: '3.141.59', revision: 'e82be7d358', time: '2018-11-14T08:17:03'
System info: host: 'DESKTOP-HCKLODP', ip: '192.168.0.109', os.name: 'Windows 10', os.arch: 'amd64', os.version: '10.0', java.version: '16.0.2'
Driver info: org.openqa.selenium.chrome.ChromeDriver
Capabilities {acceptInsecureCerts: false, browserName: chrome, browserVersion: 92.0.4515.159, chrome: {chromedriverVersion: 91.0.4472.101 (af52a90bf870..., userDataDir: C:\Users\nheis\AppData\Loca...}, goog:chromeOptions: {debuggerAddress: localhost:58440}, javascriptEnabled: true, networkConnectionEnabled: false, pageLoadStrategy: normal, platform: WINDOWS, platformName: WINDOWS, proxy: Proxy(), setWindowRect: true, strictFileInteractability: false, timeouts: {implicit: 0, pageLoad: 300000, script: 30000}, unhandledPromptBehavior: dismiss and notify, webauthn:extension:largeBlob: true, webauthn:virtualAuthenticators: true}
Session ID: 0af79efb9ca574052bb827422db72649
at org.openqa.selenium.remote.http.W3CHttpResponseCodec.createException(W3CHttpResponseCodec.java:187)
at org.openqa.selenium.remote.http.W3CHttpResponseCodec.decode(W3CHttpResponseCodec.java:122)
at org.openqa.selenium.remote.http.W3CHttpResponseCodec.decode(W3CHttpResponseCodec.java:49)
at org.openqa.selenium.remote.HttpCommandExecutor.execute(HttpCommandExecutor.java:158)
at org.openqa.selenium.remote.service.DriverCommandExecutor.execute(DriverCommandExecutor.java:83)
at org.openqa.selenium.remote.RemoteWebDriver.execute(RemoteWebDriver.java:552)
at org.openqa.selenium.remote.RemoteWebElement.execute(RemoteWebElement.java:285)
at org.openqa.selenium.remote.RemoteWebElement.getText(RemoteWebElement.java:166)
at SpellCheck.BaseTest.getAllLinkWords(BaseTest.java:59)
at SpellCheck.SpellCheckPages.spellCheck(SpellCheckPages.java:133)
at java.base/java.util.ArrayList.forEach(ArrayList.java:1511)
... Removed 31 stack frames]]>
    </failure>
  </testcase> <!-- spellCheck -->
  <testcase classname="SpellCheck.SpellCheckPages" name="spellCheck" time="5.576"/>
  <testcase classname="SpellCheck.SpellCheckPages" name="spellCheck" time="4.216"/>
  <testcase classname="SpellCheck.SpellCheckPages" name="spellCheck" time="4.431"/>
  <testcase classname="SpellCheck.SpellCheckPages" name="spellCheck" time="4.29"/>
  <testcase classname="SpellCheck.SpellCheckPages" name="spellCheck" time="5.19"/>
  <testcase classname="SpellCheck.SpellCheckPages" name="spellCheck" time="5.207"/>
  <testcase classname="SpellCheck.SpellCheckPages" name="spellCheck" time="5.639"/>
  <testcase classname="SpellCheck.SpellCheckPages" name="spellCheck" time="6.279"/>
  <testcase classname="SpellCheck.SpellCheckPages" name="spellCheck" time="5.404"/>
  <testcase classname="SpellCheck.SpellCheckPages" name="spellCheck" time="6.341"/>
  <testcase classname="SpellCheck.SpellCheckPages" name="spellCheck" time="5.361"/>
  <testcase classname="SpellCheck.SpellCheckPages" name="spellCheck" time="5.774"/>
  <testcase classname="SpellCheck.SpellCheckPages" name="spellCheck" time="4.807"/>
  <testcase classname="SpellCheck.SpellCheckPages" name="spellCheck" time="4.661"/>
  <testcase classname="SpellCheck.SpellCheckPages" name="spellCheck" time="5.941"/>
  <testcase classname="SpellCheck.SpellCheckPages" name="spellCheck" time="6.058"/>
  <testcase classname="SpellCheck.SpellCheckPages" name="spellCheck" time="6.474"/>
  <testcase classname="SpellCheck.SpellCheckPages" name="spellCheck" time="5.606"/>
  <testcase classname="SpellCheck.SpellCheckPages" name="spellCheck" time="5.692"/>
  <testcase classname="SpellCheck.SpellCheckPages" name="spellCheck" time="5.679"/>
  <testcase classname="SpellCheck.SpellCheckPages" name="spellCheck" time="6.315"/>
  <testcase classname="SpellCheck.SpellCheckPages" name="spellCheck" time="6.424"/>
  <testcase classname="SpellCheck.SpellCheckPages" name="spellCheck" time="5.799"/>
  <testcase classname="SpellCheck.SpellCheckPages" name="spellCheck" time="5.531"/>
  <testcase classname="SpellCheck.SpellCheckPages" name="spellCheck" time="5.641"/>
  <testcase classname="SpellCheck.SpellCheckPages" name="spellCheck" time="6.446"/>
  <testcase classname="SpellCheck.SpellCheckPages" name="spellCheck" time="4.939"/>
  <testcase classname="SpellCheck.SpellCheckPages" name="spellCheck" time="5.112"/>
  <testcase classname="SpellCheck.SpellCheckPages" name="spellCheck" time="4.688"/>
  <testcase classname="SpellCheck.SpellCheckPages" name="spellCheck" time="5.23"/>
  <testcase classname="SpellCheck.SpellCheckPages" name="spellCheck" time="6.746"/>
  <testcase classname="SpellCheck.SpellCheckPages" name="spellCheck" time="7.233"/>
  <testcase classname="SpellCheck.SpellCheckPages" name="spellCheck" time="6.465"/>
  <testcase classname="SpellCheck.SpellCheckPages" name="spellCheck" time="5.249"/>
  <testcase classname="SpellCheck.SpellCheckPages" name="spellCheck" time="6.02"/>
  <testcase classname="SpellCheck.SpellCheckPages" name="spellCheck" time="6.128"/>
  <testcase classname="SpellCheck.SpellCheckPages" name="spellCheck" time="7.802"/>
  <testcase classname="SpellCheck.SpellCheckPages" name="spellCheck" time="4.928"/>
  <testcase classname="SpellCheck.SpellCheckPages" name="spellCheck" time="4.955"/>
  <testcase classname="SpellCheck.SpellCheckPages" name="spellCheck" time="4.937"/>
  <testcase classname="SpellCheck.SpellCheckPages" name="spellCheck" time="4.862"/>
  <testcase classname="SpellCheck.SpellCheckPages" name="spellCheck" time="6.377"/>
  <testcase classname="SpellCheck.SpellCheckPages" name="spellCheck" time="5.268"/>
  <testcase classname="SpellCheck.SpellCheckPages" name="spellCheck" time="13.923">
    <failure type="junit.framework.AssertionFailedError" message="expected:&amp;lt;0&amp;gt; but was:&amp;lt;4&amp;gt;">
      <![CDATA[junit.framework.AssertionFailedError: expected:<0> but was:<4>
at junit.framework.Assert.fail(Assert.java:47)
at junit.framework.Assert.failNotEquals(Assert.java:282)
at junit.framework.Assert.assertEquals(Assert.java:64)
at junit.framework.Assert.assertEquals(Assert.java:201)
at junit.framework.Assert.assertEquals(Assert.java:207)
at SpellCheck.SpellCheckPages.spellCheck(SpellCheckPages.java:140)
at java.base/java.util.ArrayList.forEach(ArrayList.java:1511)
... Removed 26 stack frames]]>
    </failure>
  </testcase> <!-- spellCheck -->
  <testcase classname="SpellCheck.SpellCheckPages" name="spellCheck" time="4.558"/>
  <testcase classname="SpellCheck.SpellCheckPages" name="spellCheck" time="6.255"/>
  <testcase classname="SpellCheck.SpellCheckPages" name="spellCheck" time="4.931"/>
  <testcase classname="SpellCheck.SpellCheckPages" name="spellCheck" time="5.728"/>
  <testcase classname="SpellCheck.SpellCheckPages" name="spellCheck" time="5.122"/>
  <testcase classname="SpellCheck.SpellCheckPages" name="spellCheck" time="5.608"/>
  <testcase classname="SpellCheck.SpellCheckPages" name="spellCheck" time="5.739"/>
  <testcase classname="SpellCheck.SpellCheckPages" name="spellCheck" time="5.722"/>
  <testcase classname="SpellCheck.SpellCheckPages" name="spellCheck" time="5.266"/>
  <testcase classname="SpellCheck.SpellCheckPages" name="spellCheck" time="6.033"/>
  <testcase classname="SpellCheck.SpellCheckPages" name="spellCheck" time="5.78"/>
  <testcase classname="SpellCheck.SpellCheckPages" name="spellCheck" time="5.013"/>
  <testcase classname="SpellCheck.SpellCheckPages" name="spellCheck" time="6.543"/>
  <testcase classname="SpellCheck.SpellCheckPages" name="spellCheck" time="12.936">
    <failure type="junit.framework.AssertionFailedError" message="expected:&amp;lt;0&amp;gt; but was:&amp;lt;4&amp;gt;">
      <![CDATA[junit.framework.AssertionFailedError: expected:<0> but was:<4>
at junit.framework.Assert.fail(Assert.java:47)
at junit.framework.Assert.failNotEquals(Assert.java:282)
at junit.framework.Assert.assertEquals(Assert.java:64)
at junit.framework.Assert.assertEquals(Assert.java:201)
at junit.framework.Assert.assertEquals(Assert.java:207)
at SpellCheck.SpellCheckPages.spellCheck(SpellCheckPages.java:140)
at java.base/java.util.ArrayList.forEach(ArrayList.java:1511)
... Removed 26 stack frames]]>
    </failure>
  </testcase> <!-- spellCheck -->
  <testcase classname="SpellCheck.SpellCheckPages" name="spellCheck" time="6.661"/>
  <testcase classname="SpellCheck.SpellCheckPages" name="spellCheck" time="5.573"/>
  <testcase classname="SpellCheck.SpellCheckPages" name="spellCheck" time="5.408"/>
  <testcase classname="SpellCheck.SpellCheckPages" name="spellCheck" time="5.932"/>
  <testcase classname="SpellCheck.SpellCheckPages" name="spellCheck" time="5.395"/>
  <testcase classname="SpellCheck.SpellCheckPages" name="spellCheck" time="5.324"/>
  <testcase classname="SpellCheck.SpellCheckPages" name="spellCheck" time="3.791">
    <failure type="org.openqa.selenium.StaleElementReferenceException" message="stale element reference: element is not attached to the page document
  (Session info: chrome=92.0.4515.159)
For documentation on this error, please visit: https://www.seleniumhq.org/exceptions/stale_element_reference.html
Build info: version: &amp;apos;3.141.59&amp;apos;, revision: &amp;apos;e82be7d358&amp;apos;, time: &amp;apos;2018-11-14T08:17:03&amp;apos;
System info: host: &amp;apos;DESKTOP-HCKLODP&amp;apos;, ip: &amp;apos;192.168.0.109&amp;apos;, os.name: &amp;apos;Windows 10&amp;apos;, os.arch: &amp;apos;amd64&amp;apos;, os.version: &amp;apos;10.0&amp;apos;, java.version: &amp;apos;16.0.2&amp;apos;
Driver info: org.openqa.selenium.chrome.ChromeDriver
Capabilities {acceptInsecureCerts: false, browserName: chrome, browserVersion: 92.0.4515.159, chrome: {chromedriverVersion: 91.0.4472.101 (af52a90bf870..., userDataDir: C:\Users\nheis\AppData\Loca...}, goog:chromeOptions: {debuggerAddress: localhost:58440}, javascriptEnabled: true, networkConnectionEnabled: false, pageLoadStrategy: normal, platform: WINDOWS, platformName: WINDOWS, proxy: Proxy(), setWindowRect: true, strictFileInteractability: false, timeouts: {implicit: 0, pageLoad: 300000, script: 30000}, unhandledPromptBehavior: dismiss and notify, webauthn:extension:largeBlob: true, webauthn:virtualAuthenticators: true}
Session ID: 0af79efb9ca574052bb827422db72649">
      <![CDATA[org.openqa.selenium.StaleElementReferenceException: stale element reference: element is not attached to the page document
  (Session info: chrome=92.0.4515.159)
For documentation on this error, please visit: https://www.seleniumhq.org/exceptions/stale_element_reference.html
Build info: version: '3.141.59', revision: 'e82be7d358', time: '2018-11-14T08:17:03'
System info: host: 'DESKTOP-HCKLODP', ip: '192.168.0.109', os.name: 'Windows 10', os.arch: 'amd64', os.version: '10.0', java.version: '16.0.2'
Driver info: org.openqa.selenium.chrome.ChromeDriver
Capabilities {acceptInsecureCerts: false, browserName: chrome, browserVersion: 92.0.4515.159, chrome: {chromedriverVersion: 91.0.4472.101 (af52a90bf870..., userDataDir: C:\Users\nheis\AppData\Loca...}, goog:chromeOptions: {debuggerAddress: localhost:58440}, javascriptEnabled: true, networkConnectionEnabled: false, pageLoadStrategy: normal, platform: WINDOWS, platformName: WINDOWS, proxy: Proxy(), setWindowRect: true, strictFileInteractability: false, timeouts: {implicit: 0, pageLoad: 300000, script: 30000}, unhandledPromptBehavior: dismiss and notify, webauthn:extension:largeBlob: true, webauthn:virtualAuthenticators: true}
Session ID: 0af79efb9ca574052bb827422db72649
at org.openqa.selenium.remote.http.W3CHttpResponseCodec.createException(W3CHttpResponseCodec.java:187)
at org.openqa.selenium.remote.http.W3CHttpResponseCodec.decode(W3CHttpResponseCodec.java:122)
at org.openqa.selenium.remote.http.W3CHttpResponseCodec.decode(W3CHttpResponseCodec.java:49)
at org.openqa.selenium.remote.HttpCommandExecutor.execute(HttpCommandExecutor.java:158)
at org.openqa.selenium.remote.service.DriverCommandExecutor.execute(DriverCommandExecutor.java:83)
at org.openqa.selenium.remote.RemoteWebDriver.execute(RemoteWebDriver.java:552)
at org.openqa.selenium.remote.RemoteWebElement.execute(RemoteWebElement.java:285)
at org.openqa.selenium.remote.RemoteWebElement.getText(RemoteWebElement.java:166)
at SpellCheck.BaseTest.getAllLinkWords(BaseTest.java:59)
at SpellCheck.SpellCheckPages.spellCheck(SpellCheckPages.java:133)
at java.base/java.util.ArrayList.forEach(ArrayList.java:1511)
... Removed 31 stack frames]]>
    </failure>
  </testcase> <!-- spellCheck -->
  <testcase classname="SpellCheck.SpellCheckPages" name="spellCheck" time="5.604"/>
  <testcase classname="SpellCheck.SpellCheckPages" name="spellCheck" time="6.402"/>
  <testcase classname="SpellCheck.SpellCheckPages" name="spellCheck" time="2.505">
    <failure type="org.openqa.selenium.StaleElementReferenceException" message="stale element reference: element is not attached to the page document
  (Session info: chrome=92.0.4515.159)
For documentation on this error, please visit: https://www.seleniumhq.org/exceptions/stale_element_reference.html
Build info: version: &amp;apos;3.141.59&amp;apos;, revision: &amp;apos;e82be7d358&amp;apos;, time: &amp;apos;2018-11-14T08:17:03&amp;apos;
System info: host: &amp;apos;DESKTOP-HCKLODP&amp;apos;, ip: &amp;apos;192.168.0.109&amp;apos;, os.name: &amp;apos;Windows 10&amp;apos;, os.arch: &amp;apos;amd64&amp;apos;, os.version: &amp;apos;10.0&amp;apos;, java.version: &amp;apos;16.0.2&amp;apos;
Driver info: org.openqa.selenium.chrome.ChromeDriver
Capabilities {acceptInsecureCerts: false, browserName: chrome, browserVersion: 92.0.4515.159, chrome: {chromedriverVersion: 91.0.4472.101 (af52a90bf870..., userDataDir: C:\Users\nheis\AppData\Loca...}, goog:chromeOptions: {debuggerAddress: localhost:58440}, javascriptEnabled: true, networkConnectionEnabled: false, pageLoadStrategy: normal, platform: WINDOWS, platformName: WINDOWS, proxy: Proxy(), setWindowRect: true, strictFileInteractability: false, timeouts: {implicit: 0, pageLoad: 300000, script: 30000}, unhandledPromptBehavior: dismiss and notify, webauthn:extension:largeBlob: true, webauthn:virtualAuthenticators: true}
Session ID: 0af79efb9ca574052bb827422db72649">
      <![CDATA[org.openqa.selenium.StaleElementReferenceException: stale element reference: element is not attached to the page document
  (Session info: chrome=92.0.4515.159)
For documentation on this error, please visit: https://www.seleniumhq.org/exceptions/stale_element_reference.html
Build info: version: '3.141.59', revision: 'e82be7d358', time: '2018-11-14T08:17:03'
System info: host: 'DESKTOP-HCKLODP', ip: '192.168.0.109', os.name: 'Windows 10', os.arch: 'amd64', os.version: '10.0', java.version: '16.0.2'
Driver info: org.openqa.selenium.chrome.ChromeDriver
Capabilities {acceptInsecureCerts: false, browserName: chrome, browserVersion: 92.0.4515.159, chrome: {chromedriverVersion: 91.0.4472.101 (af52a90bf870..., userDataDir: C:\Users\nheis\AppData\Loca...}, goog:chromeOptions: {debuggerAddress: localhost:58440}, javascriptEnabled: true, networkConnectionEnabled: false, pageLoadStrategy: normal, platform: WINDOWS, platformName: WINDOWS, proxy: Proxy(), setWindowRect: true, strictFileInteractability: false, timeouts: {implicit: 0, pageLoad: 300000, script: 30000}, unhandledPromptBehavior: dismiss and notify, webauthn:extension:largeBlob: true, webauthn:virtualAuthenticators: true}
Session ID: 0af79efb9ca574052bb827422db72649
at org.openqa.selenium.remote.http.W3CHttpResponseCodec.createException(W3CHttpResponseCodec.java:187)
at org.openqa.selenium.remote.http.W3CHttpResponseCodec.decode(W3CHttpResponseCodec.java:122)
at org.openqa.selenium.remote.http.W3CHttpResponseCodec.decode(W3CHttpResponseCodec.java:49)
at org.openqa.selenium.remote.HttpCommandExecutor.execute(HttpCommandExecutor.java:158)
at org.openqa.selenium.remote.service.DriverCommandExecutor.execute(DriverCommandExecutor.java:83)
at org.openqa.selenium.remote.RemoteWebDriver.execute(RemoteWebDriver.java:552)
at org.openqa.selenium.remote.RemoteWebElement.execute(RemoteWebElement.java:285)
at org.openqa.selenium.remote.RemoteWebElement.getText(RemoteWebElement.java:166)
at SpellCheck.BaseTest.getAllLinkWords(BaseTest.java:59)
at SpellCheck.SpellCheckPages.spellCheck(SpellCheckPages.java:133)
at java.base/java.util.ArrayList.forEach(ArrayList.java:1511)
... Removed 31 stack frames]]>
    </failure>
  </testcase> <!-- spellCheck -->
  <testcase classname="SpellCheck.SpellCheckPages" name="spellCheck" time="10.252"/>
  <testcase classname="SpellCheck.SpellCheckPages" name="spellCheck" time="7.98"/>
  <testcase classname="SpellCheck.SpellCheckPages" name="spellCheck" time="14.416"/>
  <testcase classname="SpellCheck.SpellCheckPages" name="spellCheck" time="12.672"/>
  <testcase classname="SpellCheck.SpellCheckPages" name="spellCheck" time="7.52"/>
  <testcase classname="SpellCheck.SpellCheckPages" name="spellCheck" time="4.253">
    <failure type="org.openqa.selenium.StaleElementReferenceException" message="stale element reference: element is not attached to the page document
  (Session info: chrome=92.0.4515.159)
For documentation on this error, please visit: https://www.seleniumhq.org/exceptions/stale_element_reference.html
Build info: version: &amp;apos;3.141.59&amp;apos;, revision: &amp;apos;e82be7d358&amp;apos;, time: &amp;apos;2018-11-14T08:17:03&amp;apos;
System info: host: &amp;apos;DESKTOP-HCKLODP&amp;apos;, ip: &amp;apos;192.168.0.109&amp;apos;, os.name: &amp;apos;Windows 10&amp;apos;, os.arch: &amp;apos;amd64&amp;apos;, os.version: &amp;apos;10.0&amp;apos;, java.version: &amp;apos;16.0.2&amp;apos;
Driver info: org.openqa.selenium.chrome.ChromeDriver
Capabilities {acceptInsecureCerts: false, browserName: chrome, browserVersion: 92.0.4515.159, chrome: {chromedriverVersion: 91.0.4472.101 (af52a90bf870..., userDataDir: C:\Users\nheis\AppData\Loca...}, goog:chromeOptions: {debuggerAddress: localhost:58440}, javascriptEnabled: true, networkConnectionEnabled: false, pageLoadStrategy: normal, platform: WINDOWS, platformName: WINDOWS, proxy: Proxy(), setWindowRect: true, strictFileInteractability: false, timeouts: {implicit: 0, pageLoad: 300000, script: 30000}, unhandledPromptBehavior: dismiss and notify, webauthn:extension:largeBlob: true, webauthn:virtualAuthenticators: true}
Session ID: 0af79efb9ca574052bb827422db72649">
      <![CDATA[org.openqa.selenium.StaleElementReferenceException: stale element reference: element is not attached to the page document
  (Session info: chrome=92.0.4515.159)
For documentation on this error, please visit: https://www.seleniumhq.org/exceptions/stale_element_reference.html
Build info: version: '3.141.59', revision: 'e82be7d358', time: '2018-11-14T08:17:03'
System info: host: 'DESKTOP-HCKLODP', ip: '192.168.0.109', os.name: 'Windows 10', os.arch: 'amd64', os.version: '10.0', java.version: '16.0.2'
Driver info: org.openqa.selenium.chrome.ChromeDriver
Capabilities {acceptInsecureCerts: false, browserName: chrome, browserVersion: 92.0.4515.159, chrome: {chromedriverVersion: 91.0.4472.101 (af52a90bf870..., userDataDir: C:\Users\nheis\AppData\Loca...}, goog:chromeOptions: {debuggerAddress: localhost:58440}, javascriptEnabled: true, networkConnectionEnabled: false, pageLoadStrategy: normal, platform: WINDOWS, platformName: WINDOWS, proxy: Proxy(), setWindowRect: true, strictFileInteractability: false, timeouts: {implicit: 0, pageLoad: 300000, script: 30000}, unhandledPromptBehavior: dismiss and notify, webauthn:extension:largeBlob: true, webauthn:virtualAuthenticators: true}
Session ID: 0af79efb9ca574052bb827422db72649
at org.openqa.selenium.remote.http.W3CHttpResponseCodec.createException(W3CHttpResponseCodec.java:187)
at org.openqa.selenium.remote.http.W3CHttpResponseCodec.decode(W3CHttpResponseCodec.java:122)
at org.openqa.selenium.remote.http.W3CHttpResponseCodec.decode(W3CHttpResponseCodec.java:49)
at org.openqa.selenium.remote.HttpCommandExecutor.execute(HttpCommandExecutor.java:158)
at org.openqa.selenium.remote.service.DriverCommandExecutor.execute(DriverCommandExecutor.java:83)
at org.openqa.selenium.remote.RemoteWebDriver.execute(RemoteWebDriver.java:552)
at org.openqa.selenium.remote.RemoteWebElement.execute(RemoteWebElement.java:285)
at org.openqa.selenium.remote.RemoteWebElement.getText(RemoteWebElement.java:166)
at SpellCheck.BaseTest.getAllLinkWords(BaseTest.java:59)
at SpellCheck.SpellCheckPages.spellCheck(SpellCheckPages.java:133)
at java.base/java.util.ArrayList.forEach(ArrayList.java:1511)
... Removed 31 stack frames]]>
    </failure>
  </testcase> <!-- spellCheck -->
  <testcase classname="SpellCheck.SpellCheckPages" name="spellCheck" time="2.112">
    <failure type="org.openqa.selenium.StaleElementReferenceException" message="stale element reference: element is not attached to the page document
  (Session info: chrome=92.0.4515.159)
For documentation on this error, please visit: https://www.seleniumhq.org/exceptions/stale_element_reference.html
Build info: version: &amp;apos;3.141.59&amp;apos;, revision: &amp;apos;e82be7d358&amp;apos;, time: &amp;apos;2018-11-14T08:17:03&amp;apos;
System info: host: &amp;apos;DESKTOP-HCKLODP&amp;apos;, ip: &amp;apos;192.168.0.109&amp;apos;, os.name: &amp;apos;Windows 10&amp;apos;, os.arch: &amp;apos;amd64&amp;apos;, os.version: &amp;apos;10.0&amp;apos;, java.version: &amp;apos;16.0.2&amp;apos;
Driver info: org.openqa.selenium.chrome.ChromeDriver
Capabilities {acceptInsecureCerts: false, browserName: chrome, browserVersion: 92.0.4515.159, chrome: {chromedriverVersion: 91.0.4472.101 (af52a90bf870..., userDataDir: C:\Users\nheis\AppData\Loca...}, goog:chromeOptions: {debuggerAddress: localhost:58440}, javascriptEnabled: true, networkConnectionEnabled: false, pageLoadStrategy: normal, platform: WINDOWS, platformName: WINDOWS, proxy: Proxy(), setWindowRect: true, strictFileInteractability: false, timeouts: {implicit: 0, pageLoad: 300000, script: 30000}, unhandledPromptBehavior: dismiss and notify, webauthn:extension:largeBlob: true, webauthn:virtualAuthenticators: true}
Session ID: 0af79efb9ca574052bb827422db72649">
      <![CDATA[org.openqa.selenium.StaleElementReferenceException: stale element reference: element is not attached to the page document
  (Session info: chrome=92.0.4515.159)
For documentation on this error, please visit: https://www.seleniumhq.org/exceptions/stale_element_reference.html
Build info: version: '3.141.59', revision: 'e82be7d358', time: '2018-11-14T08:17:03'
System info: host: 'DESKTOP-HCKLODP', ip: '192.168.0.109', os.name: 'Windows 10', os.arch: 'amd64', os.version: '10.0', java.version: '16.0.2'
Driver info: org.openqa.selenium.chrome.ChromeDriver
Capabilities {acceptInsecureCerts: false, browserName: chrome, browserVersion: 92.0.4515.159, chrome: {chromedriverVersion: 91.0.4472.101 (af52a90bf870..., userDataDir: C:\Users\nheis\AppData\Loca...}, goog:chromeOptions: {debuggerAddress: localhost:58440}, javascriptEnabled: true, networkConnectionEnabled: false, pageLoadStrategy: normal, platform: WINDOWS, platformName: WINDOWS, proxy: Proxy(), setWindowRect: true, strictFileInteractability: false, timeouts: {implicit: 0, pageLoad: 300000, script: 30000}, unhandledPromptBehavior: dismiss and notify, webauthn:extension:largeBlob: true, webauthn:virtualAuthenticators: true}
Session ID: 0af79efb9ca574052bb827422db72649
at org.openqa.selenium.remote.http.W3CHttpResponseCodec.createException(W3CHttpResponseCodec.java:187)
at org.openqa.selenium.remote.http.W3CHttpResponseCodec.decode(W3CHttpResponseCodec.java:122)
at org.openqa.selenium.remote.http.W3CHttpResponseCodec.decode(W3CHttpResponseCodec.java:49)
at org.openqa.selenium.remote.HttpCommandExecutor.execute(HttpCommandExecutor.java:158)
at org.openqa.selenium.remote.service.DriverCommandExecutor.execute(DriverCommandExecutor.java:83)
at org.openqa.selenium.remote.RemoteWebDriver.execute(RemoteWebDriver.java:552)
at org.openqa.selenium.remote.RemoteWebElement.execute(RemoteWebElement.java:285)
at org.openqa.selenium.remote.RemoteWebElement.getText(RemoteWebElement.java:166)
at SpellCheck.BaseTest.getAllLinkWords(BaseTest.java:59)
at SpellCheck.SpellCheckPages.spellCheck(SpellCheckPages.java:133)
at java.base/java.util.ArrayList.forEach(ArrayList.java:1511)
... Removed 31 stack frames]]>
    </failure>
  </testcase> <!-- spellCheck -->
  <testcase classname="SpellCheck.SpellCheckPages" name="spellCheck" time="2.766">
    <failure type="org.openqa.selenium.StaleElementReferenceException" message="stale element reference: element is not attached to the page document
  (Session info: chrome=92.0.4515.159)
For documentation on this error, please visit: https://www.seleniumhq.org/exceptions/stale_element_reference.html
Build info: version: &amp;apos;3.141.59&amp;apos;, revision: &amp;apos;e82be7d358&amp;apos;, time: &amp;apos;2018-11-14T08:17:03&amp;apos;
System info: host: &amp;apos;DESKTOP-HCKLODP&amp;apos;, ip: &amp;apos;192.168.0.109&amp;apos;, os.name: &amp;apos;Windows 10&amp;apos;, os.arch: &amp;apos;amd64&amp;apos;, os.version: &amp;apos;10.0&amp;apos;, java.version: &amp;apos;16.0.2&amp;apos;
Driver info: org.openqa.selenium.chrome.ChromeDriver
Capabilities {acceptInsecureCerts: false, browserName: chrome, browserVersion: 92.0.4515.159, chrome: {chromedriverVersion: 91.0.4472.101 (af52a90bf870..., userDataDir: C:\Users\nheis\AppData\Loca...}, goog:chromeOptions: {debuggerAddress: localhost:58440}, javascriptEnabled: true, networkConnectionEnabled: false, pageLoadStrategy: normal, platform: WINDOWS, platformName: WINDOWS, proxy: Proxy(), setWindowRect: true, strictFileInteractability: false, timeouts: {implicit: 0, pageLoad: 300000, script: 30000}, unhandledPromptBehavior: dismiss and notify, webauthn:extension:largeBlob: true, webauthn:virtualAuthenticators: true}
Session ID: 0af79efb9ca574052bb827422db72649">
      <![CDATA[org.openqa.selenium.StaleElementReferenceException: stale element reference: element is not attached to the page document
  (Session info: chrome=92.0.4515.159)
For documentation on this error, please visit: https://www.seleniumhq.org/exceptions/stale_element_reference.html
Build info: version: '3.141.59', revision: 'e82be7d358', time: '2018-11-14T08:17:03'
System info: host: 'DESKTOP-HCKLODP', ip: '192.168.0.109', os.name: 'Windows 10', os.arch: 'amd64', os.version: '10.0', java.version: '16.0.2'
Driver info: org.openqa.selenium.chrome.ChromeDriver
Capabilities {acceptInsecureCerts: false, browserName: chrome, browserVersion: 92.0.4515.159, chrome: {chromedriverVersion: 91.0.4472.101 (af52a90bf870..., userDataDir: C:\Users\nheis\AppData\Loca...}, goog:chromeOptions: {debuggerAddress: localhost:58440}, javascriptEnabled: true, networkConnectionEnabled: false, pageLoadStrategy: normal, platform: WINDOWS, platformName: WINDOWS, proxy: Proxy(), setWindowRect: true, strictFileInteractability: false, timeouts: {implicit: 0, pageLoad: 300000, script: 30000}, unhandledPromptBehavior: dismiss and notify, webauthn:extension:largeBlob: true, webauthn:virtualAuthenticators: true}
Session ID: 0af79efb9ca574052bb827422db72649
at org.openqa.selenium.remote.http.W3CHttpResponseCodec.createException(W3CHttpResponseCodec.java:187)
at org.openqa.selenium.remote.http.W3CHttpResponseCodec.decode(W3CHttpResponseCodec.java:122)
at org.openqa.selenium.remote.http.W3CHttpResponseCodec.decode(W3CHttpResponseCodec.java:49)
at org.openqa.selenium.remote.HttpCommandExecutor.execute(HttpCommandExecutor.java:158)
at org.openqa.selenium.remote.service.DriverCommandExecutor.execute(DriverCommandExecutor.java:83)
at org.openqa.selenium.remote.RemoteWebDriver.execute(RemoteWebDriver.java:552)
at org.openqa.selenium.remote.RemoteWebElement.execute(RemoteWebElement.java:285)
at org.openqa.selenium.remote.RemoteWebElement.getText(RemoteWebElement.java:166)
at SpellCheck.BaseTest.getAllLinkWords(BaseTest.java:59)
at SpellCheck.SpellCheckPages.spellCheck(SpellCheckPages.java:133)
at java.base/java.util.ArrayList.forEach(ArrayList.java:1511)
... Removed 31 stack frames]]>
    </failure>
  </testcase> <!-- spellCheck -->
  <testcase classname="SpellCheck.SpellCheckPages" name="spellCheck" time="9.81"/>
  <testcase classname="SpellCheck.SpellCheckPages" name="spellCheck" time="6.887"/>
  <testcase classname="SpellCheck.SpellCheckPages" name="spellCheck" time="18.099"/>
  <testcase classname="SpellCheck.SpellCheckPages" name="spellCheck" time="17.993"/>
  <testcase classname="SpellCheck.SpellCheckPages" name="spellCheck" time="11.526"/>
  <testcase classname="SpellCheck.SpellCheckPages" name="spellCheck" time="2.047">
    <failure type="org.openqa.selenium.StaleElementReferenceException" message="stale element reference: element is not attached to the page document
  (Session info: chrome=92.0.4515.159)
For documentation on this error, please visit: https://www.seleniumhq.org/exceptions/stale_element_reference.html
Build info: version: &amp;apos;3.141.59&amp;apos;, revision: &amp;apos;e82be7d358&amp;apos;, time: &amp;apos;2018-11-14T08:17:03&amp;apos;
System info: host: &amp;apos;DESKTOP-HCKLODP&amp;apos;, ip: &amp;apos;192.168.0.109&amp;apos;, os.name: &amp;apos;Windows 10&amp;apos;, os.arch: &amp;apos;amd64&amp;apos;, os.version: &amp;apos;10.0&amp;apos;, java.version: &amp;apos;16.0.2&amp;apos;
Driver info: org.openqa.selenium.chrome.ChromeDriver
Capabilities {acceptInsecureCerts: false, browserName: chrome, browserVersion: 92.0.4515.159, chrome: {chromedriverVersion: 91.0.4472.101 (af52a90bf870..., userDataDir: C:\Users\nheis\AppData\Loca...}, goog:chromeOptions: {debuggerAddress: localhost:58440}, javascriptEnabled: true, networkConnectionEnabled: false, pageLoadStrategy: normal, platform: WINDOWS, platformName: WINDOWS, proxy: Proxy(), setWindowRect: true, strictFileInteractability: false, timeouts: {implicit: 0, pageLoad: 300000, script: 30000}, unhandledPromptBehavior: dismiss and notify, webauthn:extension:largeBlob: true, webauthn:virtualAuthenticators: true}
Session ID: 0af79efb9ca574052bb827422db72649">
      <![CDATA[org.openqa.selenium.StaleElementReferenceException: stale element reference: element is not attached to the page document
  (Session info: chrome=92.0.4515.159)
For documentation on this error, please visit: https://www.seleniumhq.org/exceptions/stale_element_reference.html
Build info: version: '3.141.59', revision: 'e82be7d358', time: '2018-11-14T08:17:03'
System info: host: 'DESKTOP-HCKLODP', ip: '192.168.0.109', os.name: 'Windows 10', os.arch: 'amd64', os.version: '10.0', java.version: '16.0.2'
Driver info: org.openqa.selenium.chrome.ChromeDriver
Capabilities {acceptInsecureCerts: false, browserName: chrome, browserVersion: 92.0.4515.159, chrome: {chromedriverVersion: 91.0.4472.101 (af52a90bf870..., userDataDir: C:\Users\nheis\AppData\Loca...}, goog:chromeOptions: {debuggerAddress: localhost:58440}, javascriptEnabled: true, networkConnectionEnabled: false, pageLoadStrategy: normal, platform: WINDOWS, platformName: WINDOWS, proxy: Proxy(), setWindowRect: true, strictFileInteractability: false, timeouts: {implicit: 0, pageLoad: 300000, script: 30000}, unhandledPromptBehavior: dismiss and notify, webauthn:extension:largeBlob: true, webauthn:virtualAuthenticators: true}
Session ID: 0af79efb9ca574052bb827422db72649
at org.openqa.selenium.remote.http.W3CHttpResponseCodec.createException(W3CHttpResponseCodec.java:187)
at org.openqa.selenium.remote.http.W3CHttpResponseCodec.decode(W3CHttpResponseCodec.java:122)
at org.openqa.selenium.remote.http.W3CHttpResponseCodec.decode(W3CHttpResponseCodec.java:49)
at org.openqa.selenium.remote.HttpCommandExecutor.execute(HttpCommandExecutor.java:158)
at org.openqa.selenium.remote.service.DriverCommandExecutor.execute(DriverCommandExecutor.java:83)
at org.openqa.selenium.remote.RemoteWebDriver.execute(RemoteWebDriver.java:552)
at org.openqa.selenium.remote.RemoteWebElement.execute(RemoteWebElement.java:285)
at org.openqa.selenium.remote.RemoteWebElement.getText(RemoteWebElement.java:166)
at SpellCheck.BaseTest.getAllLinkWords(BaseTest.java:59)
at SpellCheck.SpellCheckPages.spellCheck(SpellCheckPages.java:133)
at java.base/java.util.ArrayList.forEach(ArrayList.java:1511)
... Removed 31 stack frames]]>
    </failure>
  </testcase> <!-- spellCheck -->
  <testcase classname="SpellCheck.SpellCheckPages" name="spellCheck" time="2.77">
    <failure type="org.openqa.selenium.StaleElementReferenceException" message="stale element reference: element is not attached to the page document
  (Session info: chrome=92.0.4515.159)
For documentation on this error, please visit: https://www.seleniumhq.org/exceptions/stale_element_reference.html
Build info: version: &amp;apos;3.141.59&amp;apos;, revision: &amp;apos;e82be7d358&amp;apos;, time: &amp;apos;2018-11-14T08:17:03&amp;apos;
System info: host: &amp;apos;DESKTOP-HCKLODP&amp;apos;, ip: &amp;apos;192.168.0.109&amp;apos;, os.name: &amp;apos;Windows 10&amp;apos;, os.arch: &amp;apos;amd64&amp;apos;, os.version: &amp;apos;10.0&amp;apos;, java.version: &amp;apos;16.0.2&amp;apos;
Driver info: org.openqa.selenium.chrome.ChromeDriver
Capabilities {acceptInsecureCerts: false, browserName: chrome, browserVersion: 92.0.4515.159, chrome: {chromedriverVersion: 91.0.4472.101 (af52a90bf870..., userDataDir: C:\Users\nheis\AppData\Loca...}, goog:chromeOptions: {debuggerAddress: localhost:58440}, javascriptEnabled: true, networkConnectionEnabled: false, pageLoadStrategy: normal, platform: WINDOWS, platformName: WINDOWS, proxy: Proxy(), setWindowRect: true, strictFileInteractability: false, timeouts: {implicit: 0, pageLoad: 300000, script: 30000}, unhandledPromptBehavior: dismiss and notify, webauthn:extension:largeBlob: true, webauthn:virtualAuthenticators: true}
Session ID: 0af79efb9ca574052bb827422db72649">
      <![CDATA[org.openqa.selenium.StaleElementReferenceException: stale element reference: element is not attached to the page document
  (Session info: chrome=92.0.4515.159)
For documentation on this error, please visit: https://www.seleniumhq.org/exceptions/stale_element_reference.html
Build info: version: '3.141.59', revision: 'e82be7d358', time: '2018-11-14T08:17:03'
System info: host: 'DESKTOP-HCKLODP', ip: '192.168.0.109', os.name: 'Windows 10', os.arch: 'amd64', os.version: '10.0', java.version: '16.0.2'
Driver info: org.openqa.selenium.chrome.ChromeDriver
Capabilities {acceptInsecureCerts: false, browserName: chrome, browserVersion: 92.0.4515.159, chrome: {chromedriverVersion: 91.0.4472.101 (af52a90bf870..., userDataDir: C:\Users\nheis\AppData\Loca...}, goog:chromeOptions: {debuggerAddress: localhost:58440}, javascriptEnabled: true, networkConnectionEnabled: false, pageLoadStrategy: normal, platform: WINDOWS, platformName: WINDOWS, proxy: Proxy(), setWindowRect: true, strictFileInteractability: false, timeouts: {implicit: 0, pageLoad: 300000, script: 30000}, unhandledPromptBehavior: dismiss and notify, webauthn:extension:largeBlob: true, webauthn:virtualAuthenticators: true}
Session ID: 0af79efb9ca574052bb827422db72649
at org.openqa.selenium.remote.http.W3CHttpResponseCodec.createException(W3CHttpResponseCodec.java:187)
at org.openqa.selenium.remote.http.W3CHttpResponseCodec.decode(W3CHttpResponseCodec.java:122)
at org.openqa.selenium.remote.http.W3CHttpResponseCodec.decode(W3CHttpResponseCodec.java:49)
at org.openqa.selenium.remote.HttpCommandExecutor.execute(HttpCommandExecutor.java:158)
at org.openqa.selenium.remote.service.DriverCommandExecutor.execute(DriverCommandExecutor.java:83)
at org.openqa.selenium.remote.RemoteWebDriver.execute(RemoteWebDriver.java:552)
at org.openqa.selenium.remote.RemoteWebElement.execute(RemoteWebElement.java:285)
at org.openqa.selenium.remote.RemoteWebElement.getText(RemoteWebElement.java:166)
at SpellCheck.BaseTest.getAllLinkWords(BaseTest.java:59)
at SpellCheck.SpellCheckPages.spellCheck(SpellCheckPages.java:133)
at java.base/java.util.ArrayList.forEach(ArrayList.java:1511)
... Removed 31 stack frames]]>
    </failure>
  </testcase> <!-- spellCheck -->
  <testcase classname="SpellCheck.SpellCheckPages" name="spellCheck" time="7.473"/>
  <testcase classname="SpellCheck.SpellCheckPages" name="spellCheck" time="65.635">
    <failure type="junit.framework.AssertionFailedError" message="expected:&amp;lt;0&amp;gt; but was:&amp;lt;2&amp;gt;">
      <![CDATA[junit.framework.AssertionFailedError: expected:<0> but was:<2>
at junit.framework.Assert.fail(Assert.java:47)
at junit.framework.Assert.failNotEquals(Assert.java:282)
at junit.framework.Assert.assertEquals(Assert.java:64)
at junit.framework.Assert.assertEquals(Assert.java:201)
at junit.framework.Assert.assertEquals(Assert.java:207)
at SpellCheck.SpellCheckPages.spellCheck(SpellCheckPages.java:140)
at java.base/java.util.ArrayList.forEach(ArrayList.java:1511)
... Removed 26 stack frames]]>
    </failure>
  </testcase> <!-- spellCheck -->
  <testcase classname="SpellCheck.SpellCheckPages" name="spellCheck" time="15.766">
    <failure type="junit.framework.AssertionFailedError" message="expected:&amp;lt;0&amp;gt; but was:&amp;lt;3&amp;gt;">
      <![CDATA[junit.framework.AssertionFailedError: expected:<0> but was:<3>
at junit.framework.Assert.fail(Assert.java:47)
at junit.framework.Assert.failNotEquals(Assert.java:282)
at junit.framework.Assert.assertEquals(Assert.java:64)
at junit.framework.Assert.assertEquals(Assert.java:201)
at junit.framework.Assert.assertEquals(Assert.java:207)
at SpellCheck.SpellCheckPages.spellCheck(SpellCheckPages.java:140)
at java.base/java.util.ArrayList.forEach(ArrayList.java:1511)
... Removed 26 stack frames]]>
    </failure>
  </testcase> <!-- spellCheck -->
  <testcase classname="SpellCheck.SpellCheckPages" name="spellCheck" time="7.461"/>
  <testcase classname="SpellCheck.SpellCheckPages" name="spellCheck" time="8.381"/>
  <testcase classname="SpellCheck.SpellCheckPages" name="spellCheck" time="11.865"/>
  <testcase classname="SpellCheck.SpellCheckPages" name="spellCheck" time="9.625"/>
  <testcase classname="SpellCheck.SpellCheckPages" name="spellCheck" time="9.211"/>
  <testcase classname="SpellCheck.SpellCheckPages" name="spellCheck" time="1.696">
    <failure type="org.openqa.selenium.StaleElementReferenceException" message="stale element reference: element is not attached to the page document
  (Session info: chrome=92.0.4515.159)
For documentation on this error, please visit: https://www.seleniumhq.org/exceptions/stale_element_reference.html
Build info: version: &amp;apos;3.141.59&amp;apos;, revision: &amp;apos;e82be7d358&amp;apos;, time: &amp;apos;2018-11-14T08:17:03&amp;apos;
System info: host: &amp;apos;DESKTOP-HCKLODP&amp;apos;, ip: &amp;apos;192.168.0.109&amp;apos;, os.name: &amp;apos;Windows 10&amp;apos;, os.arch: &amp;apos;amd64&amp;apos;, os.version: &amp;apos;10.0&amp;apos;, java.version: &amp;apos;16.0.2&amp;apos;
Driver info: org.openqa.selenium.chrome.ChromeDriver
Capabilities {acceptInsecureCerts: false, browserName: chrome, browserVersion: 92.0.4515.159, chrome: {chromedriverVersion: 91.0.4472.101 (af52a90bf870..., userDataDir: C:\Users\nheis\AppData\Loca...}, goog:chromeOptions: {debuggerAddress: localhost:58440}, javascriptEnabled: true, networkConnectionEnabled: false, pageLoadStrategy: normal, platform: WINDOWS, platformName: WINDOWS, proxy: Proxy(), setWindowRect: true, strictFileInteractability: false, timeouts: {implicit: 0, pageLoad: 300000, script: 30000}, unhandledPromptBehavior: dismiss and notify, webauthn:extension:largeBlob: true, webauthn:virtualAuthenticators: true}
Session ID: 0af79efb9ca574052bb827422db72649">
      <![CDATA[org.openqa.selenium.StaleElementReferenceException: stale element reference: element is not attached to the page document
  (Session info: chrome=92.0.4515.159)
For documentation on this error, please visit: https://www.seleniumhq.org/exceptions/stale_element_reference.html
Build info: version: '3.141.59', revision: 'e82be7d358', time: '2018-11-14T08:17:03'
System info: host: 'DESKTOP-HCKLODP', ip: '192.168.0.109', os.name: 'Windows 10', os.arch: 'amd64', os.version: '10.0', java.version: '16.0.2'
Driver info: org.openqa.selenium.chrome.ChromeDriver
Capabilities {acceptInsecureCerts: false, browserName: chrome, browserVersion: 92.0.4515.159, chrome: {chromedriverVersion: 91.0.4472.101 (af52a90bf870..., userDataDir: C:\Users\nheis\AppData\Loca...}, goog:chromeOptions: {debuggerAddress: localhost:58440}, javascriptEnabled: true, networkConnectionEnabled: false, pageLoadStrategy: normal, platform: WINDOWS, platformName: WINDOWS, proxy: Proxy(), setWindowRect: true, strictFileInteractability: false, timeouts: {implicit: 0, pageLoad: 300000, script: 30000}, unhandledPromptBehavior: dismiss and notify, webauthn:extension:largeBlob: true, webauthn:virtualAuthenticators: true}
Session ID: 0af79efb9ca574052bb827422db72649
at org.openqa.selenium.remote.http.W3CHttpResponseCodec.createException(W3CHttpResponseCodec.java:187)
at org.openqa.selenium.remote.http.W3CHttpResponseCodec.decode(W3CHttpResponseCodec.java:122)
at org.openqa.selenium.remote.http.W3CHttpResponseCodec.decode(W3CHttpResponseCodec.java:49)
at org.openqa.selenium.remote.HttpCommandExecutor.execute(HttpCommandExecutor.java:158)
at org.openqa.selenium.remote.service.DriverCommandExecutor.execute(DriverCommandExecutor.java:83)
at org.openqa.selenium.remote.RemoteWebDriver.execute(RemoteWebDriver.java:552)
at org.openqa.selenium.remote.RemoteWebElement.execute(RemoteWebElement.java:285)
at org.openqa.selenium.remote.RemoteWebElement.getText(RemoteWebElement.java:166)
at SpellCheck.BaseTest.getAllLinkWords(BaseTest.java:59)
at SpellCheck.SpellCheckPages.spellCheck(SpellCheckPages.java:133)
at java.base/java.util.ArrayList.forEach(ArrayList.java:1511)
... Removed 31 stack frames]]>
    </failure>
  </testcase> <!-- spellCheck -->
  <testcase classname="SpellCheck.SpellCheckPages" name="spellCheck" time="7.535"/>
  <testcase classname="SpellCheck.SpellCheckPages" name="spellCheck" time="7.4"/>
  <testcase classname="SpellCheck.SpellCheckPages" name="spellCheck" time="14.491"/>
  <testcase classname="SpellCheck.SpellCheckPages" name="spellCheck" time="8.99">
    <failure type="org.openqa.selenium.StaleElementReferenceException" message="stale element reference: element is not attached to the page document
  (Session info: chrome=92.0.4515.159)
For documentation on this error, please visit: https://www.seleniumhq.org/exceptions/stale_element_reference.html
Build info: version: &amp;apos;3.141.59&amp;apos;, revision: &amp;apos;e82be7d358&amp;apos;, time: &amp;apos;2018-11-14T08:17:03&amp;apos;
System info: host: &amp;apos;DESKTOP-HCKLODP&amp;apos;, ip: &amp;apos;192.168.0.109&amp;apos;, os.name: &amp;apos;Windows 10&amp;apos;, os.arch: &amp;apos;amd64&amp;apos;, os.version: &amp;apos;10.0&amp;apos;, java.version: &amp;apos;16.0.2&amp;apos;
Driver info: org.openqa.selenium.chrome.ChromeDriver
Capabilities {acceptInsecureCerts: false, browserName: chrome, browserVersion: 92.0.4515.159, chrome: {chromedriverVersion: 91.0.4472.101 (af52a90bf870..., userDataDir: C:\Users\nheis\AppData\Loca...}, goog:chromeOptions: {debuggerAddress: localhost:58440}, javascriptEnabled: true, networkConnectionEnabled: false, pageLoadStrategy: normal, platform: WINDOWS, platformName: WINDOWS, proxy: Proxy(), setWindowRect: true, strictFileInteractability: false, timeouts: {implicit: 0, pageLoad: 300000, script: 30000}, unhandledPromptBehavior: dismiss and notify, webauthn:extension:largeBlob: true, webauthn:virtualAuthenticators: true}
Session ID: 0af79efb9ca574052bb827422db72649">
      <![CDATA[org.openqa.selenium.StaleElementReferenceException: stale element reference: element is not attached to the page document
  (Session info: chrome=92.0.4515.159)
For documentation on this error, please visit: https://www.seleniumhq.org/exceptions/stale_element_reference.html
Build info: version: '3.141.59', revision: 'e82be7d358', time: '2018-11-14T08:17:03'
System info: host: 'DESKTOP-HCKLODP', ip: '192.168.0.109', os.name: 'Windows 10', os.arch: 'amd64', os.version: '10.0', java.version: '16.0.2'
Driver info: org.openqa.selenium.chrome.ChromeDriver
Capabilities {acceptInsecureCerts: false, browserName: chrome, browserVersion: 92.0.4515.159, chrome: {chromedriverVersion: 91.0.4472.101 (af52a90bf870..., userDataDir: C:\Users\nheis\AppData\Loca...}, goog:chromeOptions: {debuggerAddress: localhost:58440}, javascriptEnabled: true, networkConnectionEnabled: false, pageLoadStrategy: normal, platform: WINDOWS, platformName: WINDOWS, proxy: Proxy(), setWindowRect: true, strictFileInteractability: false, timeouts: {implicit: 0, pageLoad: 300000, script: 30000}, unhandledPromptBehavior: dismiss and notify, webauthn:extension:largeBlob: true, webauthn:virtualAuthenticators: true}
Session ID: 0af79efb9ca574052bb827422db72649
at org.openqa.selenium.remote.http.W3CHttpResponseCodec.createException(W3CHttpResponseCodec.java:187)
at org.openqa.selenium.remote.http.W3CHttpResponseCodec.decode(W3CHttpResponseCodec.java:122)
at org.openqa.selenium.remote.http.W3CHttpResponseCodec.decode(W3CHttpResponseCodec.java:49)
at org.openqa.selenium.remote.HttpCommandExecutor.execute(HttpCommandExecutor.java:158)
at org.openqa.selenium.remote.service.DriverCommandExecutor.execute(DriverCommandExecutor.java:83)
at org.openqa.selenium.remote.RemoteWebDriver.execute(RemoteWebDriver.java:552)
at org.openqa.selenium.remote.RemoteWebElement.execute(RemoteWebElement.java:285)
at org.openqa.selenium.remote.RemoteWebElement.getText(RemoteWebElement.java:166)
at SpellCheck.BaseTest.getAllLinkWords(BaseTest.java:59)
at SpellCheck.SpellCheckPages.spellCheck(SpellCheckPages.java:133)
at java.base/java.util.ArrayList.forEach(ArrayList.java:1511)
... Removed 31 stack frames]]>
    </failure>
  </testcase> <!-- spellCheck -->
  <testcase classname="SpellCheck.SpellCheckPages" name="spellCheck" time="39.391">
    <failure type="junit.framework.AssertionFailedError" message="expected:&amp;lt;0&amp;gt; but was:&amp;lt;1&amp;gt;">
      <![CDATA[junit.framework.AssertionFailedError: expected:<0> but was:<1>
at junit.framework.Assert.fail(Assert.java:47)
at junit.framework.Assert.failNotEquals(Assert.java:282)
at junit.framework.Assert.assertEquals(Assert.java:64)
at junit.framework.Assert.assertEquals(Assert.java:201)
at junit.framework.Assert.assertEquals(Assert.java:207)
at SpellCheck.SpellCheckPages.spellCheck(SpellCheckPages.java:140)
at java.base/java.util.ArrayList.forEach(ArrayList.java:1511)
... Removed 26 stack frames]]>
    </failure>
  </testcase> <!-- spellCheck -->
  <testcase classname="SpellCheck.SpellCheckPages" name="spellCheck" time="24.731"/>
  <testcase classname="SpellCheck.SpellCheckPages" name="spellCheck" time="14.528">
    <failure type="junit.framework.AssertionFailedError" message="expected:&amp;lt;0&amp;gt; but was:&amp;lt;11&amp;gt;">
      <![CDATA[junit.framework.AssertionFailedError: expected:<0> but was:<11>
at junit.framework.Assert.fail(Assert.java:47)
at junit.framework.Assert.failNotEquals(Assert.java:282)
at junit.framework.Assert.assertEquals(Assert.java:64)
at junit.framework.Assert.assertEquals(Assert.java:201)
at junit.framework.Assert.assertEquals(Assert.java:207)
at SpellCheck.SpellCheckPages.spellCheck(SpellCheckPages.java:140)
at java.base/java.util.ArrayList.forEach(ArrayList.java:1511)
... Removed 26 stack frames]]>
    </failure>
  </testcase> <!-- spellCheck -->
  <testcase classname="SpellCheck.SpellCheckPages" name="spellCheck" time="9.323"/>
  <testcase classname="SpellCheck.SpellCheckPages" name="spellCheck" time="15.266"/>
  <testcase classname="SpellCheck.SpellCheckPages" name="spellCheck" time="11.717"/>
  <testcase classname="SpellCheck.SpellCheckPages" name="spellCheck" time="15.667"/>
  <testcase classname="SpellCheck.SpellCheckPages" name="spellCheck" time="29.457">
    <failure type="junit.framework.AssertionFailedError" message="expected:&amp;lt;0&amp;gt; but was:&amp;lt;25&amp;gt;">
      <![CDATA[junit.framework.AssertionFailedError: expected:<0> but was:<25>
at junit.framework.Assert.fail(Assert.java:47)
at junit.framework.Assert.failNotEquals(Assert.java:282)
at junit.framework.Assert.assertEquals(Assert.java:64)
at junit.framework.Assert.assertEquals(Assert.java:201)
at junit.framework.Assert.assertEquals(Assert.java:207)
at SpellCheck.SpellCheckPages.spellCheck(SpellCheckPages.java:140)
at java.base/java.util.ArrayList.forEach(ArrayList.java:1511)
... Removed 26 stack frames]]>
    </failure>
  </testcase> <!-- spellCheck -->
  <testcase classname="SpellCheck.SpellCheckPages" name="spellCheck" time="13.712">
    <failure type="junit.framework.AssertionFailedError" message="expected:&amp;lt;0&amp;gt; but was:&amp;lt;2&amp;gt;">
      <![CDATA[junit.framework.AssertionFailedError: expected:<0> but was:<2>
at junit.framework.Assert.fail(Assert.java:47)
at junit.framework.Assert.failNotEquals(Assert.java:282)
at junit.framework.Assert.assertEquals(Assert.java:64)
at junit.framework.Assert.assertEquals(Assert.java:201)
at junit.framework.Assert.assertEquals(Assert.java:207)
at SpellCheck.SpellCheckPages.spellCheck(SpellCheckPages.java:140)
at java.base/java.util.ArrayList.forEach(ArrayList.java:1511)
... Removed 26 stack frames]]>
    </failure>
  </testcase> <!-- spellCheck -->
  <testcase classname="SpellCheck.SpellCheckPages" name="spellCheck" time="13.731">
    <failure type="junit.framework.AssertionFailedError" message="expected:&amp;lt;0&amp;gt; but was:&amp;lt;7&amp;gt;">
      <![CDATA[junit.framework.AssertionFailedError: expected:<0> but was:<7>
at junit.framework.Assert.fail(Assert.java:47)
at junit.framework.Assert.failNotEquals(Assert.java:282)
at junit.framework.Assert.assertEquals(Assert.java:64)
at junit.framework.Assert.assertEquals(Assert.java:201)
at junit.framework.Assert.assertEquals(Assert.java:207)
at SpellCheck.SpellCheckPages.spellCheck(SpellCheckPages.java:140)
at java.base/java.util.ArrayList.forEach(ArrayList.java:1511)
... Removed 26 stack frames]]>
    </failure>
  </testcase> <!-- spellCheck -->
  <testcase classname="SpellCheck.SpellCheckPages" name="spellCheck" time="8.692"/>
  <testcase classname="SpellCheck.SpellCheckPages" name="spellCheck" time="20.223">
    <failure type="junit.framework.AssertionFailedError" message="expected:&amp;lt;0&amp;gt; but was:&amp;lt;5&amp;gt;">
      <![CDATA[junit.framework.AssertionFailedError: expected:<0> but was:<5>
at junit.framework.Assert.fail(Assert.java:47)
at junit.framework.Assert.failNotEquals(Assert.java:282)
at junit.framework.Assert.assertEquals(Assert.java:64)
at junit.framework.Assert.assertEquals(Assert.java:201)
at junit.framework.Assert.assertEquals(Assert.java:207)
at SpellCheck.SpellCheckPages.spellCheck(SpellCheckPages.java:140)
at java.base/java.util.ArrayList.forEach(ArrayList.java:1511)
... Removed 26 stack frames]]>
    </failure>
  </testcase> <!-- spellCheck -->
  <testcase classname="SpellCheck.SpellCheckPages" name="spellCheck" time="31.582">
    <failure type="junit.framework.AssertionFailedError" message="expected:&amp;lt;0&amp;gt; but was:&amp;lt;8&amp;gt;">
      <![CDATA[junit.framework.AssertionFailedError: expected:<0> but was:<8>
at junit.framework.Assert.fail(Assert.java:47)
at junit.framework.Assert.failNotEquals(Assert.java:282)
at junit.framework.Assert.assertEquals(Assert.java:64)
at junit.framework.Assert.assertEquals(Assert.java:201)
at junit.framework.Assert.assertEquals(Assert.java:207)
at SpellCheck.SpellCheckPages.spellCheck(SpellCheckPages.java:140)
at java.base/java.util.ArrayList.forEach(ArrayList.java:1511)
... Removed 26 stack frames]]>
    </failure>
  </testcase> <!-- spellCheck -->
  <testcase classname="SpellCheck.SpellCheckPages" name="spellCheck" time="14.14"/>
  <testcase classname="SpellCheck.SpellCheckPages" name="spellCheck" time="11.778">
    <failure type="junit.framework.AssertionFailedError" message="expected:&amp;lt;0&amp;gt; but was:&amp;lt;4&amp;gt;">
      <![CDATA[junit.framework.AssertionFailedError: expected:<0> but was:<4>
at junit.framework.Assert.fail(Assert.java:47)
at junit.framework.Assert.failNotEquals(Assert.java:282)
at junit.framework.Assert.assertEquals(Assert.java:64)
at junit.framework.Assert.assertEquals(Assert.java:201)
at junit.framework.Assert.assertEquals(Assert.java:207)
at SpellCheck.SpellCheckPages.spellCheck(SpellCheckPages.java:140)
at java.base/java.util.ArrayList.forEach(ArrayList.java:1511)
... Removed 26 stack frames]]>
    </failure>
  </testcase> <!-- spellCheck -->
  <testcase classname="SpellCheck.SpellCheckPages" name="spellCheck" time="7.48"/>
  <testcase classname="SpellCheck.SpellCheckPages" name="spellCheck" time="18.164">
    <failure type="junit.framework.AssertionFailedError" message="expected:&amp;lt;0&amp;gt; but was:&amp;lt;3&amp;gt;">
      <![CDATA[junit.framework.AssertionFailedError: expected:<0> but was:<3>
at junit.framework.Assert.fail(Assert.java:47)
at junit.framework.Assert.failNotEquals(Assert.java:282)
at junit.framework.Assert.assertEquals(Assert.java:64)
at junit.framework.Assert.assertEquals(Assert.java:201)
at junit.framework.Assert.assertEquals(Assert.java:207)
at SpellCheck.SpellCheckPages.spellCheck(SpellCheckPages.java:140)
at java.base/java.util.ArrayList.forEach(ArrayList.java:1511)
... Removed 26 stack frames]]>
    </failure>
  </testcase> <!-- spellCheck -->
  <testcase classname="SpellCheck.SpellCheckPages" name="spellCheck" time="11.74">
    <failure type="junit.framework.AssertionFailedError" message="expected:&amp;lt;0&amp;gt; but was:&amp;lt;1&amp;gt;">
      <![CDATA[junit.framework.AssertionFailedError: expected:<0> but was:<1>
at junit.framework.Assert.fail(Assert.java:47)
at junit.framework.Assert.failNotEquals(Assert.java:282)
at junit.framework.Assert.assertEquals(Assert.java:64)
at junit.framework.Assert.assertEquals(Assert.java:201)
at junit.framework.Assert.assertEquals(Assert.java:207)
at SpellCheck.SpellCheckPages.spellCheck(SpellCheckPages.java:140)
at java.base/java.util.ArrayList.forEach(ArrayList.java:1511)
... Removed 26 stack frames]]>
    </failure>
  </testcase> <!-- spellCheck -->
  <testcase classname="SpellCheck.SpellCheckPages" name="spellCheck" time="9.644">
    <failure type="junit.framework.AssertionFailedError" message="expected:&amp;lt;0&amp;gt; but was:&amp;lt;1&amp;gt;">
      <![CDATA[junit.framework.AssertionFailedError: expected:<0> but was:<1>
at junit.framework.Assert.fail(Assert.java:47)
at junit.framework.Assert.failNotEquals(Assert.java:282)
at junit.framework.Assert.assertEquals(Assert.java:64)
at junit.framework.Assert.assertEquals(Assert.java:201)
at junit.framework.Assert.assertEquals(Assert.java:207)
at SpellCheck.SpellCheckPages.spellCheck(SpellCheckPages.java:140)
at java.base/java.util.ArrayList.forEach(ArrayList.java:1511)
... Removed 26 stack frames]]>
    </failure>
  </testcase> <!-- spellCheck -->
  <testcase classname="SpellCheck.SpellCheckPages" name="spellCheck" time="9.761">
    <failure type="junit.framework.AssertionFailedError" message="expected:&amp;lt;0&amp;gt; but was:&amp;lt;12&amp;gt;">
      <![CDATA[junit.framework.AssertionFailedError: expected:<0> but was:<12>
at junit.framework.Assert.fail(Assert.java:47)
at junit.framework.Assert.failNotEquals(Assert.java:282)
at junit.framework.Assert.assertEquals(Assert.java:64)
at junit.framework.Assert.assertEquals(Assert.java:201)
at junit.framework.Assert.assertEquals(Assert.java:207)
at SpellCheck.SpellCheckPages.spellCheck(SpellCheckPages.java:140)
at java.base/java.util.ArrayList.forEach(ArrayList.java:1511)
... Removed 26 stack frames]]>
    </failure>
  </testcase> <!-- spellCheck -->
  <testcase classname="SpellCheck.SpellCheckPages" name="spellCheck" time="6.766"/>
  <testcase classname="SpellCheck.SpellCheckPages" name="spellCheck" time="18.636">
    <failure type="junit.framework.AssertionFailedError" message="expected:&amp;lt;0&amp;gt; but was:&amp;lt;2&amp;gt;">
      <![CDATA[junit.framework.AssertionFailedError: expected:<0> but was:<2>
at junit.framework.Assert.fail(Assert.java:47)
at junit.framework.Assert.failNotEquals(Assert.java:282)
at junit.framework.Assert.assertEquals(Assert.java:64)
at junit.framework.Assert.assertEquals(Assert.java:201)
at junit.framework.Assert.assertEquals(Assert.java:207)
at SpellCheck.SpellCheckPages.spellCheck(SpellCheckPages.java:140)
at java.base/java.util.ArrayList.forEach(ArrayList.java:1511)
... Removed 26 stack frames]]>
    </failure>
  </testcase> <!-- spellCheck -->
  <testcase classname="SpellCheck.SpellCheckPages" name="spellCheck" time="10.577">
    <failure type="junit.framework.AssertionFailedError" message="expected:&amp;lt;0&amp;gt; but was:&amp;lt;1&amp;gt;">
      <![CDATA[junit.framework.AssertionFailedError: expected:<0> but was:<1>
at junit.framework.Assert.fail(Assert.java:47)
at junit.framework.Assert.failNotEquals(Assert.java:282)
at junit.framework.Assert.assertEquals(Assert.java:64)
at junit.framework.Assert.assertEquals(Assert.java:201)
at junit.framework.Assert.assertEquals(Assert.java:207)
at SpellCheck.SpellCheckPages.spellCheck(SpellCheckPages.java:140)
at java.base/java.util.ArrayList.forEach(ArrayList.java:1511)
... Removed 26 stack frames]]>
    </failure>
  </testcase> <!-- spellCheck -->
  <testcase classname="SpellCheck.SpellCheckPages" name="spellCheck" time="37.849">
    <failure type="junit.framework.AssertionFailedError" message="expected:&amp;lt;0&amp;gt; but was:&amp;lt;2&amp;gt;">
      <![CDATA[junit.framework.AssertionFailedError: expected:<0> but was:<2>
at junit.framework.Assert.fail(Assert.java:47)
at junit.framework.Assert.failNotEquals(Assert.java:282)
at junit.framework.Assert.assertEquals(Assert.java:64)
at junit.framework.Assert.assertEquals(Assert.java:201)
at junit.framework.Assert.assertEquals(Assert.java:207)
at SpellCheck.SpellCheckPages.spellCheck(SpellCheckPages.java:140)
at java.base/java.util.ArrayList.forEach(ArrayList.java:1511)
... Removed 26 stack frames]]>
    </failure>
  </testcase> <!-- spellCheck -->
  <testcase classname="SpellCheck.SpellCheckPages" name="spellCheck" time="9.01">
    <failure type="junit.framework.AssertionFailedError" message="expected:&amp;lt;0&amp;gt; but was:&amp;lt;2&amp;gt;">
      <![CDATA[junit.framework.AssertionFailedError: expected:<0> but was:<2>
at junit.framework.Assert.fail(Assert.java:47)
at junit.framework.Assert.failNotEquals(Assert.java:282)
at junit.framework.Assert.assertEquals(Assert.java:64)
at junit.framework.Assert.assertEquals(Assert.java:201)
at junit.framework.Assert.assertEquals(Assert.java:207)
at SpellCheck.SpellCheckPages.spellCheck(SpellCheckPages.java:140)
at java.base/java.util.ArrayList.forEach(ArrayList.java:1511)
... Removed 26 stack frames]]>
    </failure>
  </testcase> <!-- spellCheck -->
  <testcase classname="SpellCheck.SpellCheckPages" name="spellCheck" time="14.133">
    <failure type="junit.framework.AssertionFailedError" message="expected:&amp;lt;0&amp;gt; but was:&amp;lt;1&amp;gt;">
      <![CDATA[junit.framework.AssertionFailedError: expected:<0> but was:<1>
at junit.framework.Assert.fail(Assert.java:47)
at junit.framework.Assert.failNotEquals(Assert.java:282)
at junit.framework.Assert.assertEquals(Assert.java:64)
at junit.framework.Assert.assertEquals(Assert.java:201)
at junit.framework.Assert.assertEquals(Assert.java:207)
at SpellCheck.SpellCheckPages.spellCheck(SpellCheckPages.java:140)
at java.base/java.util.ArrayList.forEach(ArrayList.java:1511)
... Removed 26 stack frames]]>
    </failure>
  </testcase> <!-- spellCheck -->
  <testcase classname="SpellCheck.SpellCheckPages" name="spellCheck" time="11.356"/>
  <testcase classname="SpellCheck.SpellCheckPages" name="spellCheck" time="6.931"/>
  <testcase classname="SpellCheck.SpellCheckPages" name="spellCheck" time="9.701">
    <failure type="junit.framework.AssertionFailedError" message="expected:&amp;lt;0&amp;gt; but was:&amp;lt;2&amp;gt;">
      <![CDATA[junit.framework.AssertionFailedError: expected:<0> but was:<2>
at junit.framework.Assert.fail(Assert.java:47)
at junit.framework.Assert.failNotEquals(Assert.java:282)
at junit.framework.Assert.assertEquals(Assert.java:64)
at junit.framework.Assert.assertEquals(Assert.java:201)
at junit.framework.Assert.assertEquals(Assert.java:207)
at SpellCheck.SpellCheckPages.spellCheck(SpellCheckPages.java:140)
at java.base/java.util.ArrayList.forEach(ArrayList.java:1511)
... Removed 26 stack frames]]>
    </failure>
  </testcase> <!-- spellCheck -->
  <testcase classname="SpellCheck.SpellCheckPages" name="spellCheck" time="19.744">
    <failure type="junit.framework.AssertionFailedError" message="expected:&amp;lt;0&amp;gt; but was:&amp;lt;9&amp;gt;">
      <![CDATA[junit.framework.AssertionFailedError: expected:<0> but was:<9>
at junit.framework.Assert.fail(Assert.java:47)
at junit.framework.Assert.failNotEquals(Assert.java:282)
at junit.framework.Assert.assertEquals(Assert.java:64)
at junit.framework.Assert.assertEquals(Assert.java:201)
at junit.framework.Assert.assertEquals(Assert.java:207)
at SpellCheck.SpellCheckPages.spellCheck(SpellCheckPages.java:140)
at java.base/java.util.ArrayList.forEach(ArrayList.java:1511)
... Removed 26 stack frames]]>
    </failure>
  </testcase> <!-- spellCheck -->
  <testcase classname="SpellCheck.SpellCheckPages" name="spellCheck" time="14.483">
    <failure type="junit.framework.AssertionFailedError" message="expected:&amp;lt;0&amp;gt; but was:&amp;lt;4&amp;gt;">
      <![CDATA[junit.framework.AssertionFailedError: expected:<0> but was:<4>
at junit.framework.Assert.fail(Assert.java:47)
at junit.framework.Assert.failNotEquals(Assert.java:282)
at junit.framework.Assert.assertEquals(Assert.java:64)
at junit.framework.Assert.assertEquals(Assert.java:201)
at junit.framework.Assert.assertEquals(Assert.java:207)
at SpellCheck.SpellCheckPages.spellCheck(SpellCheckPages.java:140)
at java.base/java.util.ArrayList.forEach(ArrayList.java:1511)
... Removed 26 stack frames]]>
    </failure>
  </testcase> <!-- spellCheck -->
  <testcase classname="SpellCheck.SpellCheckPages" name="spellCheck" time="16.124">
    <failure type="junit.framework.AssertionFailedError" message="expected:&amp;lt;0&amp;gt; but was:&amp;lt;1&amp;gt;">
      <![CDATA[junit.framework.AssertionFailedError: expected:<0> but was:<1>
at junit.framework.Assert.fail(Assert.java:47)
at junit.framework.Assert.failNotEquals(Assert.java:282)
at junit.framework.Assert.assertEquals(Assert.java:64)
at junit.framework.Assert.assertEquals(Assert.java:201)
at junit.framework.Assert.assertEquals(Assert.java:207)
at SpellCheck.SpellCheckPages.spellCheck(SpellCheckPages.java:140)
at java.base/java.util.ArrayList.forEach(ArrayList.java:1511)
... Removed 26 stack frames]]>
    </failure>
  </testcase> <!-- spellCheck -->
  <testcase classname="SpellCheck.SpellCheckPages" name="spellCheck" time="18.637">
    <failure type="junit.framework.AssertionFailedError" message="expected:&amp;lt;0&amp;gt; but was:&amp;lt;7&amp;gt;">
      <![CDATA[junit.framework.AssertionFailedError: expected:<0> but was:<7>
at junit.framework.Assert.fail(Assert.java:47)
at junit.framework.Assert.failNotEquals(Assert.java:282)
at junit.framework.Assert.assertEquals(Assert.java:64)
at junit.framework.Assert.assertEquals(Assert.java:201)
at junit.framework.Assert.assertEquals(Assert.java:207)
at SpellCheck.SpellCheckPages.spellCheck(SpellCheckPages.java:140)
at java.base/java.util.ArrayList.forEach(ArrayList.java:1511)
... Removed 26 stack frames]]>
    </failure>
  </testcase> <!-- spellCheck -->
  <testcase classname="SpellCheck.SpellCheckPages" name="spellCheck" time="56.912">
    <failure type="junit.framework.AssertionFailedError" message="expected:&amp;lt;0&amp;gt; but was:&amp;lt;1&amp;gt;">
      <![CDATA[junit.framework.AssertionFailedError: expected:<0> but was:<1>
at junit.framework.Assert.fail(Assert.java:47)
at junit.framework.Assert.failNotEquals(Assert.java:282)
at junit.framework.Assert.assertEquals(Assert.java:64)
at junit.framework.Assert.assertEquals(Assert.java:201)
at junit.framework.Assert.assertEquals(Assert.java:207)
at SpellCheck.SpellCheckPages.spellCheck(SpellCheckPages.java:140)
at java.base/java.util.ArrayList.forEach(ArrayList.java:1511)
... Removed 26 stack frames]]>
    </failure>
  </testcase> <!-- spellCheck -->
  <testcase classname="SpellCheck.SpellCheckPages" name="spellCheck" time="7.646"/>
  <testcase classname="SpellCheck.SpellCheckPages" name="spellCheck" time="6.692">
    <failure type="junit.framework.AssertionFailedError" message="expected:&amp;lt;0&amp;gt; but was:&amp;lt;1&amp;gt;">
      <![CDATA[junit.framework.AssertionFailedError: expected:<0> but was:<1>
at junit.framework.Assert.fail(Assert.java:47)
at junit.framework.Assert.failNotEquals(Assert.java:282)
at junit.framework.Assert.assertEquals(Assert.java:64)
at junit.framework.Assert.assertEquals(Assert.java:201)
at junit.framework.Assert.assertEquals(Assert.java:207)
at SpellCheck.SpellCheckPages.spellCheck(SpellCheckPages.java:140)
at java.base/java.util.ArrayList.forEach(ArrayList.java:1511)
... Removed 26 stack frames]]>
    </failure>
  </testcase> <!-- spellCheck -->
  <testcase classname="SpellCheck.SpellCheckPages" name="spellCheck" time="13.284"/>
  <testcase classname="SpellCheck.SpellCheckPages" name="spellCheck" time="14.258">
    <failure type="junit.framework.AssertionFailedError" message="expected:&amp;lt;0&amp;gt; but was:&amp;lt;3&amp;gt;">
      <![CDATA[junit.framework.AssertionFailedError: expected:<0> but was:<3>
at junit.framework.Assert.fail(Assert.java:47)
at junit.framework.Assert.failNotEquals(Assert.java:282)
at junit.framework.Assert.assertEquals(Assert.java:64)
at junit.framework.Assert.assertEquals(Assert.java:201)
at junit.framework.Assert.assertEquals(Assert.java:207)
at SpellCheck.SpellCheckPages.spellCheck(SpellCheckPages.java:140)
at java.base/java.util.ArrayList.forEach(ArrayList.java:1511)
... Removed 26 stack frames]]>
    </failure>
  </testcase> <!-- spellCheck -->
  <testcase classname="SpellCheck.SpellCheckPages" name="spellCheck" time="17.975">
    <failure type="junit.framework.AssertionFailedError" message="expected:&amp;lt;0&amp;gt; but was:&amp;lt;1&amp;gt;">
      <![CDATA[junit.framework.AssertionFailedError: expected:<0> but was:<1>
at junit.framework.Assert.fail(Assert.java:47)
at junit.framework.Assert.failNotEquals(Assert.java:282)
at junit.framework.Assert.assertEquals(Assert.java:64)
at junit.framework.Assert.assertEquals(Assert.java:201)
at junit.framework.Assert.assertEquals(Assert.java:207)
at SpellCheck.SpellCheckPages.spellCheck(SpellCheckPages.java:140)
at java.base/java.util.ArrayList.forEach(ArrayList.java:1511)
... Removed 26 stack frames]]>
    </failure>
  </testcase> <!-- spellCheck -->
  <testcase classname="SpellCheck.SpellCheckPages" name="spellCheck" time="13.976">
    <failure type="junit.framework.AssertionFailedError" message="expected:&amp;lt;0&amp;gt; but was:&amp;lt;10&amp;gt;">
      <![CDATA[junit.framework.AssertionFailedError: expected:<0> but was:<10>
at junit.framework.Assert.fail(Assert.java:47)
at junit.framework.Assert.failNotEquals(Assert.java:282)
at junit.framework.Assert.assertEquals(Assert.java:64)
at junit.framework.Assert.assertEquals(Assert.java:201)
at junit.framework.Assert.assertEquals(Assert.java:207)
at SpellCheck.SpellCheckPages.spellCheck(SpellCheckPages.java:140)
at java.base/java.util.ArrayList.forEach(ArrayList.java:1511)
... Removed 26 stack frames]]>
    </failure>
  </testcase> <!-- spellCheck -->
  <testcase classname="SpellCheck.SpellCheckPages" name="spellCheck" time="6.248"/>
  <testcase classname="SpellCheck.SpellCheckPages" name="spellCheck" time="9.981">
    <failure type="junit.framework.AssertionFailedError" message="expected:&amp;lt;0&amp;gt; but was:&amp;lt;4&amp;gt;">
      <![CDATA[junit.framework.AssertionFailedError: expected:<0> but was:<4>
at junit.framework.Assert.fail(Assert.java:47)
at junit.framework.Assert.failNotEquals(Assert.java:282)
at junit.framework.Assert.assertEquals(Assert.java:64)
at junit.framework.Assert.assertEquals(Assert.java:201)
at junit.framework.Assert.assertEquals(Assert.java:207)
at SpellCheck.SpellCheckPages.spellCheck(SpellCheckPages.java:140)
at java.base/java.util.ArrayList.forEach(ArrayList.java:1511)
... Removed 26 stack frames]]>
    </failure>
  </testcase> <!-- spellCheck -->
  <testcase classname="SpellCheck.SpellCheckPages" name="spellCheck" time="14.657">
    <failure type="junit.framework.AssertionFailedError" message="expected:&amp;lt;0&amp;gt; but was:&amp;lt;1&amp;gt;">
      <![CDATA[junit.framework.AssertionFailedError: expected:<0> but was:<1>
at junit.framework.Assert.fail(Assert.java:47)
at junit.framework.Assert.failNotEquals(Assert.java:282)
at junit.framework.Assert.assertEquals(Assert.java:64)
at junit.framework.Assert.assertEquals(Assert.java:201)
at junit.framework.Assert.assertEquals(Assert.java:207)
at SpellCheck.SpellCheckPages.spellCheck(SpellCheckPages.java:140)
at java.base/java.util.ArrayList.forEach(ArrayList.java:1511)
... Removed 26 stack frames]]>
    </failure>
  </testcase> <!-- spellCheck -->
  <testcase classname="SpellCheck.SpellCheckPages" name="spellCheck" time="5.298">
    <failure type="junit.framework.AssertionFailedError" message="expected:&amp;lt;0&amp;gt; but was:&amp;lt;1&amp;gt;">
      <![CDATA[junit.framework.AssertionFailedError: expected:<0> but was:<1>
at junit.framework.Assert.fail(Assert.java:47)
at junit.framework.Assert.failNotEquals(Assert.java:282)
at junit.framework.Assert.assertEquals(Assert.java:64)
at junit.framework.Assert.assertEquals(Assert.java:201)
at junit.framework.Assert.assertEquals(Assert.java:207)
at SpellCheck.SpellCheckPages.spellCheck(SpellCheckPages.java:140)
at java.base/java.util.ArrayList.forEach(ArrayList.java:1511)
... Removed 26 stack frames]]>
    </failure>
  </testcase> <!-- spellCheck -->
  <testcase classname="SpellCheck.SpellCheckPages" name="spellCheck" time="10.705">
    <failure type="junit.framework.AssertionFailedError" message="expected:&amp;lt;0&amp;gt; but was:&amp;lt;1&amp;gt;">
      <![CDATA[junit.framework.AssertionFailedError: expected:<0> but was:<1>
at junit.framework.Assert.fail(Assert.java:47)
at junit.framework.Assert.failNotEquals(Assert.java:282)
at junit.framework.Assert.assertEquals(Assert.java:64)
at junit.framework.Assert.assertEquals(Assert.java:201)
at junit.framework.Assert.assertEquals(Assert.java:207)
at SpellCheck.SpellCheckPages.spellCheck(SpellCheckPages.java:140)
at java.base/java.util.ArrayList.forEach(ArrayList.java:1511)
... Removed 26 stack frames]]>
    </failure>
  </testcase> <!-- spellCheck -->
  <testcase classname="SpellCheck.SpellCheckPages" name="spellCheck" time="12.261"/>
  <testcase classname="SpellCheck.SpellCheckPages" name="spellCheck" time="6.029"/>
  <testcase classname="SpellCheck.SpellCheckPages" name="spellCheck" time="5.352"/>
  <testcase classname="SpellCheck.SpellCheckPages" name="spellCheck" time="7.489">
    <failure type="junit.framework.AssertionFailedError" message="expected:&amp;lt;0&amp;gt; but was:&amp;lt;3&amp;gt;">
      <![CDATA[junit.framework.AssertionFailedError: expected:<0> but was:<3>
at junit.framework.Assert.fail(Assert.java:47)
at junit.framework.Assert.failNotEquals(Assert.java:282)
at junit.framework.Assert.assertEquals(Assert.java:64)
at junit.framework.Assert.assertEquals(Assert.java:201)
at junit.framework.Assert.assertEquals(Assert.java:207)
at SpellCheck.SpellCheckPages.spellCheck(SpellCheckPages.java:140)
at java.base/java.util.ArrayList.forEach(ArrayList.java:1511)
... Removed 26 stack frames]]>
    </failure>
  </testcase> <!-- spellCheck -->
  <testcase classname="SpellCheck.SpellCheckPages" name="spellCheck" time="29.689">
    <failure type="junit.framework.AssertionFailedError" message="expected:&amp;lt;0&amp;gt; but was:&amp;lt;2&amp;gt;">
      <![CDATA[junit.framework.AssertionFailedError: expected:<0> but was:<2>
at junit.framework.Assert.fail(Assert.java:47)
at junit.framework.Assert.failNotEquals(Assert.java:282)
at junit.framework.Assert.assertEquals(Assert.java:64)
at junit.framework.Assert.assertEquals(Assert.java:201)
at junit.framework.Assert.assertEquals(Assert.java:207)
at SpellCheck.SpellCheckPages.spellCheck(SpellCheckPages.java:140)
at java.base/java.util.ArrayList.forEach(ArrayList.java:1511)
... Removed 26 stack frames]]>
    </failure>
  </testcase> <!-- spellCheck -->
  <testcase classname="SpellCheck.SpellCheckPages" name="spellCheck" time="14.994">
    <failure type="junit.framework.AssertionFailedError" message="expected:&amp;lt;0&amp;gt; but was:&amp;lt;3&amp;gt;">
      <![CDATA[junit.framework.AssertionFailedError: expected:<0> but was:<3>
at junit.framework.Assert.fail(Assert.java:47)
at junit.framework.Assert.failNotEquals(Assert.java:282)
at junit.framework.Assert.assertEquals(Assert.java:64)
at junit.framework.Assert.assertEquals(Assert.java:201)
at junit.framework.Assert.assertEquals(Assert.java:207)
at SpellCheck.SpellCheckPages.spellCheck(SpellCheckPages.java:140)
at java.base/java.util.ArrayList.forEach(ArrayList.java:1511)
... Removed 26 stack frames]]>
    </failure>
  </testcase> <!-- spellCheck -->
  <testcase classname="SpellCheck.SpellCheckPages" name="spellCheck" time="10.599"/>
  <testcase classname="SpellCheck.SpellCheckPages" name="spellCheck" time="7.886"/>
  <testcase classname="SpellCheck.SpellCheckPages" name="spellCheck" time="16.152">
    <failure type="junit.framework.AssertionFailedError" message="expected:&amp;lt;0&amp;gt; but was:&amp;lt;4&amp;gt;">
      <![CDATA[junit.framework.AssertionFailedError: expected:<0> but was:<4>
at junit.framework.Assert.fail(Assert.java:47)
at junit.framework.Assert.failNotEquals(Assert.java:282)
at junit.framework.Assert.assertEquals(Assert.java:64)
at junit.framework.Assert.assertEquals(Assert.java:201)
at junit.framework.Assert.assertEquals(Assert.java:207)
at SpellCheck.SpellCheckPages.spellCheck(SpellCheckPages.java:140)
at java.base/java.util.ArrayList.forEach(ArrayList.java:1511)
... Removed 26 stack frames]]>
    </failure>
  </testcase> <!-- spellCheck -->
  <testcase classname="SpellCheck.SpellCheckPages" name="spellCheck" time="14.399">
    <failure type="junit.framework.AssertionFailedError" message="expected:&amp;lt;0&amp;gt; but was:&amp;lt;15&amp;gt;">
      <![CDATA[junit.framework.AssertionFailedError: expected:<0> but was:<15>
at junit.framework.Assert.fail(Assert.java:47)
at junit.framework.Assert.failNotEquals(Assert.java:282)
at junit.framework.Assert.assertEquals(Assert.java:64)
at junit.framework.Assert.assertEquals(Assert.java:201)
at junit.framework.Assert.assertEquals(Assert.java:207)
at SpellCheck.SpellCheckPages.spellCheck(SpellCheckPages.java:140)
at java.base/java.util.ArrayList.forEach(ArrayList.java:1511)
... Removed 26 stack frames]]>
    </failure>
  </testcase> <!-- spellCheck -->
  <testcase classname="SpellCheck.SpellCheckPages" name="spellCheck" time="16.533">
    <failure type="junit.framework.AssertionFailedError" message="expected:&amp;lt;0&amp;gt; but was:&amp;lt;8&amp;gt;">
      <![CDATA[junit.framework.AssertionFailedError: expected:<0> but was:<8>
at junit.framework.Assert.fail(Assert.java:47)
at junit.framework.Assert.failNotEquals(Assert.java:282)
at junit.framework.Assert.assertEquals(Assert.java:64)
at junit.framework.Assert.assertEquals(Assert.java:201)
at junit.framework.Assert.assertEquals(Assert.java:207)
at SpellCheck.SpellCheckPages.spellCheck(SpellCheckPages.java:140)
at java.base/java.util.ArrayList.forEach(ArrayList.java:1511)
... Removed 26 stack frames]]>
    </failure>
  </testcase> <!-- spellCheck -->
  <testcase classname="SpellCheck.SpellCheckPages" name="spellCheck" time="7.235"/>
  <testcase classname="SpellCheck.SpellCheckPages" name="spellCheck" time="6.614"/>
  <testcase classname="SpellCheck.SpellCheckPages" name="spellCheck" time="12.203"/>
  <testcase classname="SpellCheck.SpellCheckPages" name="spellCheck" time="6.807"/>
  <testcase classname="SpellCheck.SpellCheckPages" name="spellCheck" time="7.098"/>
  <testcase classname="SpellCheck.SpellCheckPages" name="spellCheck" time="7.214"/>
  <testcase classname="SpellCheck.SpellCheckPages" name="spellCheck" time="8.951"/>
  <testcase classname="SpellCheck.SpellCheckPages" name="spellCheck" time="27.489"/>
  <testcase classname="SpellCheck.SpellCheckPages" name="spellCheck" time="7.23"/>
  <testcase classname="SpellCheck.SpellCheckPages" name="spellCheck" time="5.769"/>
  <testcase classname="SpellCheck.SpellCheckPages" name="spellCheck" time="6.587"/>
  <testcase classname="SpellCheck.SpellCheckPages" name="spellCheck" time="5.65"/>
  <testcase classname="SpellCheck.SpellCheckPages" name="spellCheck" time="4.943"/>
  <testcase classname="SpellCheck.SpellCheckPages" name="spellCheck" time="4.844"/>
  <testcase classname="SpellCheck.SpellCheckPages" name="spellCheck" time="5.899"/>
  <testcase classname="SpellCheck.SpellCheckPages" name="spellCheck" time="6.985"/>
  <testcase classname="SpellCheck.SpellCheckPages" name="spellCheck" time="6.973"/>
  <testcase classname="SpellCheck.SpellCheckPages" name="spellCheck" time="6.252"/>
  <testcase classname="SpellCheck.SpellCheckPages" name="spellCheck" time="6.047"/>
  <testcase classname="SpellCheck.SpellCheckPages" name="spellCheck" time="5.27"/>
  <testcase classname="SpellCheck.SpellCheckPages" name="spellCheck" time="6.586"/>
  <testcase classname="SpellCheck.SpellCheckPages" name="spellCheck" time="6.67"/>
  <testcase classname="SpellCheck.SpellCheckPages" name="spellCheck" time="7.773">
    <failure type="org.openqa.selenium.StaleElementReferenceException" message="stale element reference: element is not attached to the page document
  (Session info: chrome=92.0.4515.159)
For documentation on this error, please visit: https://www.seleniumhq.org/exceptions/stale_element_reference.html
Build info: version: &amp;apos;3.141.59&amp;apos;, revision: &amp;apos;e82be7d358&amp;apos;, time: &amp;apos;2018-11-14T08:17:03&amp;apos;
System info: host: &amp;apos;DESKTOP-HCKLODP&amp;apos;, ip: &amp;apos;192.168.0.109&amp;apos;, os.name: &amp;apos;Windows 10&amp;apos;, os.arch: &amp;apos;amd64&amp;apos;, os.version: &amp;apos;10.0&amp;apos;, java.version: &amp;apos;16.0.2&amp;apos;
Driver info: org.openqa.selenium.chrome.ChromeDriver
Capabilities {acceptInsecureCerts: false, browserName: chrome, browserVersion: 92.0.4515.159, chrome: {chromedriverVersion: 91.0.4472.101 (af52a90bf870..., userDataDir: C:\Users\nheis\AppData\Loca...}, goog:chromeOptions: {debuggerAddress: localhost:58440}, javascriptEnabled: true, networkConnectionEnabled: false, pageLoadStrategy: normal, platform: WINDOWS, platformName: WINDOWS, proxy: Proxy(), setWindowRect: true, strictFileInteractability: false, timeouts: {implicit: 0, pageLoad: 300000, script: 30000}, unhandledPromptBehavior: dismiss and notify, webauthn:extension:largeBlob: true, webauthn:virtualAuthenticators: true}
Session ID: 0af79efb9ca574052bb827422db72649">
      <![CDATA[org.openqa.selenium.StaleElementReferenceException: stale element reference: element is not attached to the page document
  (Session info: chrome=92.0.4515.159)
For documentation on this error, please visit: https://www.seleniumhq.org/exceptions/stale_element_reference.html
Build info: version: '3.141.59', revision: 'e82be7d358', time: '2018-11-14T08:17:03'
System info: host: 'DESKTOP-HCKLODP', ip: '192.168.0.109', os.name: 'Windows 10', os.arch: 'amd64', os.version: '10.0', java.version: '16.0.2'
Driver info: org.openqa.selenium.chrome.ChromeDriver
Capabilities {acceptInsecureCerts: false, browserName: chrome, browserVersion: 92.0.4515.159, chrome: {chromedriverVersion: 91.0.4472.101 (af52a90bf870..., userDataDir: C:\Users\nheis\AppData\Loca...}, goog:chromeOptions: {debuggerAddress: localhost:58440}, javascriptEnabled: true, networkConnectionEnabled: false, pageLoadStrategy: normal, platform: WINDOWS, platformName: WINDOWS, proxy: Proxy(), setWindowRect: true, strictFileInteractability: false, timeouts: {implicit: 0, pageLoad: 300000, script: 30000}, unhandledPromptBehavior: dismiss and notify, webauthn:extension:largeBlob: true, webauthn:virtualAuthenticators: true}
Session ID: 0af79efb9ca574052bb827422db72649
at org.openqa.selenium.remote.http.W3CHttpResponseCodec.createException(W3CHttpResponseCodec.java:187)
at org.openqa.selenium.remote.http.W3CHttpResponseCodec.decode(W3CHttpResponseCodec.java:122)
at org.openqa.selenium.remote.http.W3CHttpResponseCodec.decode(W3CHttpResponseCodec.java:49)
at org.openqa.selenium.remote.HttpCommandExecutor.execute(HttpCommandExecutor.java:158)
at org.openqa.selenium.remote.service.DriverCommandExecutor.execute(DriverCommandExecutor.java:83)
at org.openqa.selenium.remote.RemoteWebDriver.execute(RemoteWebDriver.java:552)
at org.openqa.selenium.remote.RemoteWebElement.execute(RemoteWebElement.java:285)
at org.openqa.selenium.remote.RemoteWebElement.getText(RemoteWebElement.java:166)
at SpellCheck.BaseTest.getAllLinkWords(BaseTest.java:59)
at SpellCheck.SpellCheckPages.spellCheck(SpellCheckPages.java:133)
at java.base/java.util.ArrayList.forEach(ArrayList.java:1511)
... Removed 31 stack frames]]>
    </failure>
  </testcase> <!-- spellCheck -->
  <testcase classname="SpellCheck.SpellCheckPages" name="spellCheck" time="6.812"/>
  <testcase classname="SpellCheck.SpellCheckPages" name="spellCheck" time="4.685">
    <failure type="org.openqa.selenium.StaleElementReferenceException" message="stale element reference: element is not attached to the page document
  (Session info: chrome=92.0.4515.159)
For documentation on this error, please visit: https://www.seleniumhq.org/exceptions/stale_element_reference.html
Build info: version: &amp;apos;3.141.59&amp;apos;, revision: &amp;apos;e82be7d358&amp;apos;, time: &amp;apos;2018-11-14T08:17:03&amp;apos;
System info: host: &amp;apos;DESKTOP-HCKLODP&amp;apos;, ip: &amp;apos;192.168.0.109&amp;apos;, os.name: &amp;apos;Windows 10&amp;apos;, os.arch: &amp;apos;amd64&amp;apos;, os.version: &amp;apos;10.0&amp;apos;, java.version: &amp;apos;16.0.2&amp;apos;
Driver info: org.openqa.selenium.chrome.ChromeDriver
Capabilities {acceptInsecureCerts: false, browserName: chrome, browserVersion: 92.0.4515.159, chrome: {chromedriverVersion: 91.0.4472.101 (af52a90bf870..., userDataDir: C:\Users\nheis\AppData\Loca...}, goog:chromeOptions: {debuggerAddress: localhost:58440}, javascriptEnabled: true, networkConnectionEnabled: false, pageLoadStrategy: normal, platform: WINDOWS, platformName: WINDOWS, proxy: Proxy(), setWindowRect: true, strictFileInteractability: false, timeouts: {implicit: 0, pageLoad: 300000, script: 30000}, unhandledPromptBehavior: dismiss and notify, webauthn:extension:largeBlob: true, webauthn:virtualAuthenticators: true}
Session ID: 0af79efb9ca574052bb827422db72649">
      <![CDATA[org.openqa.selenium.StaleElementReferenceException: stale element reference: element is not attached to the page document
  (Session info: chrome=92.0.4515.159)
For documentation on this error, please visit: https://www.seleniumhq.org/exceptions/stale_element_reference.html
Build info: version: '3.141.59', revision: 'e82be7d358', time: '2018-11-14T08:17:03'
System info: host: 'DESKTOP-HCKLODP', ip: '192.168.0.109', os.name: 'Windows 10', os.arch: 'amd64', os.version: '10.0', java.version: '16.0.2'
Driver info: org.openqa.selenium.chrome.ChromeDriver
Capabilities {acceptInsecureCerts: false, browserName: chrome, browserVersion: 92.0.4515.159, chrome: {chromedriverVersion: 91.0.4472.101 (af52a90bf870..., userDataDir: C:\Users\nheis\AppData\Loca...}, goog:chromeOptions: {debuggerAddress: localhost:58440}, javascriptEnabled: true, networkConnectionEnabled: false, pageLoadStrategy: normal, platform: WINDOWS, platformName: WINDOWS, proxy: Proxy(), setWindowRect: true, strictFileInteractability: false, timeouts: {implicit: 0, pageLoad: 300000, script: 30000}, unhandledPromptBehavior: dismiss and notify, webauthn:extension:largeBlob: true, webauthn:virtualAuthenticators: true}
Session ID: 0af79efb9ca574052bb827422db72649
at org.openqa.selenium.remote.http.W3CHttpResponseCodec.createException(W3CHttpResponseCodec.java:187)
at org.openqa.selenium.remote.http.W3CHttpResponseCodec.decode(W3CHttpResponseCodec.java:122)
at org.openqa.selenium.remote.http.W3CHttpResponseCodec.decode(W3CHttpResponseCodec.java:49)
at org.openqa.selenium.remote.HttpCommandExecutor.execute(HttpCommandExecutor.java:158)
at org.openqa.selenium.remote.service.DriverCommandExecutor.execute(DriverCommandExecutor.java:83)
at org.openqa.selenium.remote.RemoteWebDriver.execute(RemoteWebDriver.java:552)
at org.openqa.selenium.remote.RemoteWebElement.execute(RemoteWebElement.java:285)
at org.openqa.selenium.remote.RemoteWebElement.getText(RemoteWebElement.java:166)
at SpellCheck.BaseTest.getAllLinkWords(BaseTest.java:59)
at SpellCheck.SpellCheckPages.spellCheck(SpellCheckPages.java:133)
at java.base/java.util.ArrayList.forEach(ArrayList.java:1511)
... Removed 31 stack frames]]>
    </failure>
  </testcase> <!-- spellCheck -->
  <testcase classname="SpellCheck.SpellCheckPages" name="spellCheck" time="3.89">
    <failure type="org.openqa.selenium.StaleElementReferenceException" message="stale element reference: element is not attached to the page document
  (Session info: chrome=92.0.4515.159)
For documentation on this error, please visit: https://www.seleniumhq.org/exceptions/stale_element_reference.html
Build info: version: &amp;apos;3.141.59&amp;apos;, revision: &amp;apos;e82be7d358&amp;apos;, time: &amp;apos;2018-11-14T08:17:03&amp;apos;
System info: host: &amp;apos;DESKTOP-HCKLODP&amp;apos;, ip: &amp;apos;192.168.0.109&amp;apos;, os.name: &amp;apos;Windows 10&amp;apos;, os.arch: &amp;apos;amd64&amp;apos;, os.version: &amp;apos;10.0&amp;apos;, java.version: &amp;apos;16.0.2&amp;apos;
Driver info: org.openqa.selenium.chrome.ChromeDriver
Capabilities {acceptInsecureCerts: false, browserName: chrome, browserVersion: 92.0.4515.159, chrome: {chromedriverVersion: 91.0.4472.101 (af52a90bf870..., userDataDir: C:\Users\nheis\AppData\Loca...}, goog:chromeOptions: {debuggerAddress: localhost:58440}, javascriptEnabled: true, networkConnectionEnabled: false, pageLoadStrategy: normal, platform: WINDOWS, platformName: WINDOWS, proxy: Proxy(), setWindowRect: true, strictFileInteractability: false, timeouts: {implicit: 0, pageLoad: 300000, script: 30000}, unhandledPromptBehavior: dismiss and notify, webauthn:extension:largeBlob: true, webauthn:virtualAuthenticators: true}
Session ID: 0af79efb9ca574052bb827422db72649">
      <![CDATA[org.openqa.selenium.StaleElementReferenceException: stale element reference: element is not attached to the page document
  (Session info: chrome=92.0.4515.159)
For documentation on this error, please visit: https://www.seleniumhq.org/exceptions/stale_element_reference.html
Build info: version: '3.141.59', revision: 'e82be7d358', time: '2018-11-14T08:17:03'
System info: host: 'DESKTOP-HCKLODP', ip: '192.168.0.109', os.name: 'Windows 10', os.arch: 'amd64', os.version: '10.0', java.version: '16.0.2'
Driver info: org.openqa.selenium.chrome.ChromeDriver
Capabilities {acceptInsecureCerts: false, browserName: chrome, browserVersion: 92.0.4515.159, chrome: {chromedriverVersion: 91.0.4472.101 (af52a90bf870..., userDataDir: C:\Users\nheis\AppData\Loca...}, goog:chromeOptions: {debuggerAddress: localhost:58440}, javascriptEnabled: true, networkConnectionEnabled: false, pageLoadStrategy: normal, platform: WINDOWS, platformName: WINDOWS, proxy: Proxy(), setWindowRect: true, strictFileInteractability: false, timeouts: {implicit: 0, pageLoad: 300000, script: 30000}, unhandledPromptBehavior: dismiss and notify, webauthn:extension:largeBlob: true, webauthn:virtualAuthenticators: true}
Session ID: 0af79efb9ca574052bb827422db72649
at org.openqa.selenium.remote.http.W3CHttpResponseCodec.createException(W3CHttpResponseCodec.java:187)
at org.openqa.selenium.remote.http.W3CHttpResponseCodec.decode(W3CHttpResponseCodec.java:122)
at org.openqa.selenium.remote.http.W3CHttpResponseCodec.decode(W3CHttpResponseCodec.java:49)
at org.openqa.selenium.remote.HttpCommandExecutor.execute(HttpCommandExecutor.java:158)
at org.openqa.selenium.remote.service.DriverCommandExecutor.execute(DriverCommandExecutor.java:83)
at org.openqa.selenium.remote.RemoteWebDriver.execute(RemoteWebDriver.java:552)
at org.openqa.selenium.remote.RemoteWebElement.execute(RemoteWebElement.java:285)
at org.openqa.selenium.remote.RemoteWebElement.getText(RemoteWebElement.java:166)
at SpellCheck.BaseTest.getAllLinkWords(BaseTest.java:59)
at SpellCheck.SpellCheckPages.spellCheck(SpellCheckPages.java:133)
at java.base/java.util.ArrayList.forEach(ArrayList.java:1511)
... Removed 31 stack frames]]>
    </failure>
  </testcase> <!-- spellCheck -->
  <testcase classname="SpellCheck.SpellCheckPages" name="spellCheck" time="6.504"/>
  <testcase classname="SpellCheck.SpellCheckPages" name="spellCheck" time="5.685"/>
  <testcase classname="SpellCheck.SpellCheckPages" name="spellCheck" time="5.103"/>
  <testcase classname="SpellCheck.SpellCheckPages" name="spellCheck" time="5.131"/>
  <testcase classname="SpellCheck.SpellCheckPages" name="spellCheck" time="5.03"/>
  <testcase classname="SpellCheck.SpellCheckPages" name="spellCheck" time="6.186"/>
  <testcase classname="SpellCheck.SpellCheckPages" name="spellCheck" time="8.559">
    <failure type="junit.framework.AssertionFailedError" message="expected:&amp;lt;0&amp;gt; but was:&amp;lt;4&amp;gt;">
      <![CDATA[junit.framework.AssertionFailedError: expected:<0> but was:<4>
at junit.framework.Assert.fail(Assert.java:47)
at junit.framework.Assert.failNotEquals(Assert.java:282)
at junit.framework.Assert.assertEquals(Assert.java:64)
at junit.framework.Assert.assertEquals(Assert.java:201)
at junit.framework.Assert.assertEquals(Assert.java:207)
at SpellCheck.SpellCheckPages.spellCheck(SpellCheckPages.java:140)
at java.base/java.util.ArrayList.forEach(ArrayList.java:1511)
... Removed 26 stack frames]]>
    </failure>
  </testcase> <!-- spellCheck -->
  <testcase classname="SpellCheck.SpellCheckPages" name="spellCheck" time="6.745"/>
  <testcase classname="SpellCheck.SpellCheckPages" name="spellCheck" time="5.972"/>
  <testcase classname="SpellCheck.SpellCheckPages" name="spellCheck" time="7.538"/>
  <testcase classname="SpellCheck.SpellCheckPages" name="spellCheck" time="5.386"/>
  <testcase classname="SpellCheck.SpellCheckPages" name="spellCheck" time="5.244"/>
  <testcase classname="SpellCheck.SpellCheckPages" name="spellCheck" time="5.604"/>
  <testcase classname="SpellCheck.SpellCheckPages" name="spellCheck" time="4.96"/>
  <testcase classname="SpellCheck.SpellCheckPages" name="spellCheck" time="5.876"/>
  <testcase classname="SpellCheck.SpellCheckPages" name="spellCheck" time="5.912"/>
  <testcase classname="SpellCheck.SpellCheckPages" name="spellCheck" time="5.199"/>
  <testcase classname="SpellCheck.SpellCheckPages" name="spellCheck" time="4.896"/>
  <testcase classname="SpellCheck.SpellCheckPages" name="spellCheck" time="5.851"/>
  <testcase classname="SpellCheck.SpellCheckPages" name="spellCheck" time="6.472"/>
  <testcase classname="SpellCheck.SpellCheckPages" name="spellCheck" time="6.098"/>
  <testcase classname="SpellCheck.SpellCheckPages" name="spellCheck" time="7.833"/>
  <testcase classname="SpellCheck.SpellCheckPages" name="spellCheck" time="6.198"/>
  <testcase classname="SpellCheck.SpellCheckPages" name="spellCheck" time="5.92"/>
  <testcase classname="SpellCheck.SpellCheckPages" name="spellCheck" time="4.799"/>
  <testcase classname="SpellCheck.SpellCheckPages" name="spellCheck" time="5.369"/>
  <testcase classname="SpellCheck.SpellCheckPages" name="spellCheck" time="5.302"/>
  <testcase classname="SpellCheck.SpellCheckPages" name="spellCheck" time="8.988"/>
  <testcase classname="SpellCheck.SpellCheckPages" name="spellCheck" time="6.734"/>
  <testcase classname="SpellCheck.SpellCheckPages" name="spellCheck" time="6.394"/>
  <testcase classname="SpellCheck.SpellCheckPages" name="spellCheck" time="6.106"/>
  <testcase classname="SpellCheck.SpellCheckPages" name="spellCheck" time="6.792"/>
  <testcase classname="SpellCheck.SpellCheckPages" name="spellCheck" time="5.073"/>
  <testcase classname="SpellCheck.SpellCheckPages" name="spellCheck" time="5.706"/>
  <testcase classname="SpellCheck.SpellCheckPages" name="spellCheck" time="6.519"/>
  <testcase classname="SpellCheck.SpellCheckPages" name="spellCheck" time="7.224"/>
  <testcase classname="SpellCheck.SpellCheckPages" name="spellCheck" time="36.768"/>
  <testcase classname="SpellCheck.SpellCheckPages" name="spellCheck" time="7.233"/>
  <testcase classname="SpellCheck.SpellCheckPages" name="spellCheck" time="4.672"/>
  <testcase classname="SpellCheck.SpellCheckPages" name="spellCheck" time="4.667"/>
  <testcase classname="SpellCheck.SpellCheckPages" name="spellCheck" time="30.716">
    <failure type="org.openqa.selenium.StaleElementReferenceException" message="stale element reference: element is not attached to the page document
  (Session info: chrome=92.0.4515.159)
For documentation on this error, please visit: https://www.seleniumhq.org/exceptions/stale_element_reference.html
Build info: version: &amp;apos;3.141.59&amp;apos;, revision: &amp;apos;e82be7d358&amp;apos;, time: &amp;apos;2018-11-14T08:17:03&amp;apos;
System info: host: &amp;apos;DESKTOP-HCKLODP&amp;apos;, ip: &amp;apos;192.168.0.109&amp;apos;, os.name: &amp;apos;Windows 10&amp;apos;, os.arch: &amp;apos;amd64&amp;apos;, os.version: &amp;apos;10.0&amp;apos;, java.version: &amp;apos;16.0.2&amp;apos;
Driver info: org.openqa.selenium.chrome.ChromeDriver
Capabilities {acceptInsecureCerts: false, browserName: chrome, browserVersion: 92.0.4515.159, chrome: {chromedriverVersion: 91.0.4472.101 (af52a90bf870..., userDataDir: C:\Users\nheis\AppData\Loca...}, goog:chromeOptions: {debuggerAddress: localhost:58440}, javascriptEnabled: true, networkConnectionEnabled: false, pageLoadStrategy: normal, platform: WINDOWS, platformName: WINDOWS, proxy: Proxy(), setWindowRect: true, strictFileInteractability: false, timeouts: {implicit: 0, pageLoad: 300000, script: 30000}, unhandledPromptBehavior: dismiss and notify, webauthn:extension:largeBlob: true, webauthn:virtualAuthenticators: true}
Session ID: 0af79efb9ca574052bb827422db72649">
      <![CDATA[org.openqa.selenium.StaleElementReferenceException: stale element reference: element is not attached to the page document
  (Session info: chrome=92.0.4515.159)
For documentation on this error, please visit: https://www.seleniumhq.org/exceptions/stale_element_reference.html
Build info: version: '3.141.59', revision: 'e82be7d358', time: '2018-11-14T08:17:03'
System info: host: 'DESKTOP-HCKLODP', ip: '192.168.0.109', os.name: 'Windows 10', os.arch: 'amd64', os.version: '10.0', java.version: '16.0.2'
Driver info: org.openqa.selenium.chrome.ChromeDriver
Capabilities {acceptInsecureCerts: false, browserName: chrome, browserVersion: 92.0.4515.159, chrome: {chromedriverVersion: 91.0.4472.101 (af52a90bf870..., userDataDir: C:\Users\nheis\AppData\Loca...}, goog:chromeOptions: {debuggerAddress: localhost:58440}, javascriptEnabled: true, networkConnectionEnabled: false, pageLoadStrategy: normal, platform: WINDOWS, platformName: WINDOWS, proxy: Proxy(), setWindowRect: true, strictFileInteractability: false, timeouts: {implicit: 0, pageLoad: 300000, script: 30000}, unhandledPromptBehavior: dismiss and notify, webauthn:extension:largeBlob: true, webauthn:virtualAuthenticators: true}
Session ID: 0af79efb9ca574052bb827422db72649
at org.openqa.selenium.remote.http.W3CHttpResponseCodec.createException(W3CHttpResponseCodec.java:187)
at org.openqa.selenium.remote.http.W3CHttpResponseCodec.decode(W3CHttpResponseCodec.java:122)
at org.openqa.selenium.remote.http.W3CHttpResponseCodec.decode(W3CHttpResponseCodec.java:49)
at org.openqa.selenium.remote.HttpCommandExecutor.execute(HttpCommandExecutor.java:158)
at org.openqa.selenium.remote.service.DriverCommandExecutor.execute(DriverCommandExecutor.java:83)
at org.openqa.selenium.remote.RemoteWebDriver.execute(RemoteWebDriver.java:552)
at org.openqa.selenium.remote.RemoteWebElement.execute(RemoteWebElement.java:285)
at org.openqa.selenium.remote.RemoteWebElement.getText(RemoteWebElement.java:166)
at SpellCheck.BaseTest.getAllLinkWords(BaseTest.java:59)
at SpellCheck.SpellCheckPages.spellCheck(SpellCheckPages.java:133)
at java.base/java.util.ArrayList.forEach(ArrayList.java:1511)
... Removed 31 stack frames]]>
    </failure>
  </testcase> <!-- spellCheck -->
  <testcase classname="SpellCheck.SpellCheckPages" name="spellCheck" time="5.089"/>
  <testcase classname="SpellCheck.SpellCheckPages" name="spellCheck" time="14.688"/>
  <testcase classname="SpellCheck.SpellCheckPages" name="spellCheck" time="6.008"/>
  <testcase classname="SpellCheck.SpellCheckPages" name="spellCheck" time="3.906"/>
  <testcase classname="SpellCheck.SpellCheckPages" name="spellCheck" time="4.696"/>
  <testcase classname="SpellCheck.SpellCheckPages" name="spellCheck" time="4.942"/>
  <testcase classname="SpellCheck.SpellCheckPages" name="spellCheck" time="4.691"/>
  <testcase classname="SpellCheck.SpellCheckPages" name="spellCheck" time="5.76"/>
  <testcase classname="SpellCheck.SpellCheckPages" name="spellCheck" time="5.499"/>
  <testcase classname="SpellCheck.SpellCheckPages" name="spellCheck" time="4.575"/>
  <testcase classname="SpellCheck.SpellCheckPages" name="spellCheck" time="4.618"/>
  <testcase classname="SpellCheck.SpellCheckPages" name="spellCheck" time="5.156"/>
  <testcase classname="SpellCheck.SpellCheckPages" name="spellCheck" time="5.478"/>
  <testcase classname="SpellCheck.SpellCheckPages" name="spellCheck" time="11.754"/>
  <testcase classname="SpellCheck.SpellCheckPages" name="spellCheck" time="5.052"/>
  <testcase classname="SpellCheck.SpellCheckPages" name="spellCheck" time="4.671"/>
  <testcase classname="SpellCheck.SpellCheckPages" name="spellCheck" time="4.103"/>
  <testcase classname="SpellCheck.SpellCheckPages" name="spellCheck" time="5.061"/>
  <testcase classname="SpellCheck.SpellCheckPages" name="spellCheck" time="4.275"/>
  <testcase classname="SpellCheck.SpellCheckPages" name="spellCheck" time="5.506"/>
  <testcase classname="SpellCheck.SpellCheckPages" name="spellCheck" time="6.728"/>
  <testcase classname="SpellCheck.SpellCheckPages" name="spellCheck" time="7.562"/>
  <testcase classname="SpellCheck.SpellCheckPages" name="spellCheck" time="7.087"/>
  <testcase classname="SpellCheck.SpellCheckPages" name="spellCheck" time="5.006"/>
  <testcase classname="SpellCheck.SpellCheckPages" name="spellCheck" time="5.789"/>
  <testcase classname="SpellCheck.SpellCheckPages" name="spellCheck" time="7.392"/>
  <testcase classname="SpellCheck.SpellCheckPages" name="spellCheck" time="5.934"/>
  <testcase classname="SpellCheck.SpellCheckPages" name="spellCheck" time="6.71"/>
  <testcase classname="SpellCheck.SpellCheckPages" name="spellCheck" time="6.723"/>
  <testcase classname="SpellCheck.SpellCheckPages" name="spellCheck" time="25.079"/>
  <testcase classname="SpellCheck.SpellCheckPages" name="spellCheck" time="14.666"/>
  <testcase classname="SpellCheck.SpellCheckPages" name="spellCheck" time="12.008"/>
  <testcase classname="SpellCheck.SpellCheckPages" name="spellCheck" time="4.667"/>
  <testcase classname="SpellCheck.SpellCheckPages" name="spellCheck" time="5.164"/>
  <testcase classname="SpellCheck.SpellCheckPages" name="spellCheck" time="4.778"/>
  <testcase classname="SpellCheck.SpellCheckPages" name="spellCheck" time="4.198"/>
  <testcase classname="SpellCheck.SpellCheckPages" name="spellCheck" time="5.538"/>
  <testcase classname="SpellCheck.SpellCheckPages" name="spellCheck" time="5.34"/>
  <testcase classname="SpellCheck.SpellCheckPages" name="spellCheck" time="21.546"/>
  <testcase classname="SpellCheck.SpellCheckPages" name="spellCheck" time="4.654"/>
  <testcase classname="SpellCheck.SpellCheckPages" name="spellCheck" time="4.245"/>
  <testcase classname="SpellCheck.SpellCheckPages" name="spellCheck" time="4.464"/>
  <testcase classname="SpellCheck.SpellCheckPages" name="spellCheck" time="27.38"/>
  <testcase classname="SpellCheck.SpellCheckPages" name="spellCheck" time="4.303"/>
  <testcase classname="SpellCheck.SpellCheckPages" name="spellCheck" time="4.803"/>
  <testcase classname="SpellCheck.SpellCheckPages" name="spellCheck" time="4.52"/>
  <testcase classname="SpellCheck.SpellCheckPages" name="spellCheck" time="5.048"/>
  <testcase classname="SpellCheck.SpellCheckPages" name="spellCheck" time="4.793"/>
  <testcase classname="SpellCheck.SpellCheckPages" name="spellCheck" time="5.205"/>
  <testcase classname="SpellCheck.SpellCheckPages" name="spellCheck" time="5.305"/>
  <testcase classname="SpellCheck.SpellCheckPages" name="spellCheck" time="5.727"/>
  <testcase classname="SpellCheck.SpellCheckPages" name="spellCheck" time="5.847"/>
  <testcase classname="SpellCheck.SpellCheckPages" name="spellCheck" time="26.27"/>
  <testcase classname="SpellCheck.SpellCheckPages" name="spellCheck" time="5.12"/>
  <testcase classname="SpellCheck.SpellCheckPages" name="spellCheck" time="4.693"/>
  <testcase classname="SpellCheck.SpellCheckPages" name="spellCheck" time="5.732"/>
  <testcase classname="SpellCheck.SpellCheckPages" name="spellCheck" time="5.394"/>
  <testcase classname="SpellCheck.SpellCheckPages" name="spellCheck" time="5.271"/>
  <testcase classname="SpellCheck.SpellCheckPages" name="spellCheck" time="5.536"/>
  <testcase classname="SpellCheck.SpellCheckPages" name="spellCheck" time="4.65"/>
  <testcase classname="SpellCheck.SpellCheckPages" name="spellCheck" time="6.214"/>
  <testcase classname="SpellCheck.SpellCheckPages" name="spellCheck" time="6.405"/>
  <testcase classname="SpellCheck.SpellCheckPages" name="spellCheck" time="8.378"/>
  <testcase classname="SpellCheck.SpellCheckPages" name="spellCheck" time="7.336"/>
  <testcase classname="SpellCheck.SpellCheckPages" name="spellCheck" time="11.772"/>
  <testcase classname="SpellCheck.SpellCheckPages" name="spellCheck" time="5.61"/>
  <testcase classname="SpellCheck.SpellCheckPages" name="spellCheck" time="5.487"/>
  <testcase classname="SpellCheck.SpellCheckPages" name="spellCheck" time="7.255"/>
  <testcase classname="SpellCheck.SpellCheckPages" name="spellCheck" time="6.412"/>
  <testcase classname="SpellCheck.SpellCheckPages" name="spellCheck" time="4.621"/>
  <testcase classname="SpellCheck.SpellCheckPages" name="spellCheck" time="4.829"/>
  <testcase classname="SpellCheck.SpellCheckPages" name="spellCheck" time="5.856"/>
  <testcase classname="SpellCheck.SpellCheckPages" name="spellCheck" time="6.056"/>
  <testcase classname="SpellCheck.SpellCheckPages" name="spellCheck" time="5.829"/>
  <testcase classname="SpellCheck.SpellCheckPages" name="spellCheck" time="6.088"/>
  <testcase classname="SpellCheck.SpellCheckPages" name="spellCheck" time="5.626"/>
  <testcase classname="SpellCheck.SpellCheckPages" name="spellCheck" time="5.538"/>
  <testcase classname="SpellCheck.SpellCheckPages" name="spellCheck" time="6.136"/>
  <testcase classname="SpellCheck.SpellCheckPages" name="spellCheck" time="6.359"/>
  <testcase classname="SpellCheck.SpellCheckPages" name="spellCheck" time="5.592"/>
  <testcase classname="SpellCheck.SpellCheckPages" name="spellCheck" time="6.042"/>
  <testcase classname="SpellCheck.SpellCheckPages" name="spellCheck" time="5.498"/>
  <testcase classname="SpellCheck.SpellCheckPages" name="spellCheck" time="4.871"/>
  <testcase classname="SpellCheck.SpellCheckPages" name="spellCheck" time="34.042"/>
  <testcase classname="SpellCheck.SpellCheckPages" name="spellCheck" time="7.988"/>
  <testcase classname="SpellCheck.SpellCheckPages" name="spellCheck" time="14.346"/>
  <testcase classname="SpellCheck.SpellCheckPages" name="spellCheck" time="9.083">
    <failure type="junit.framework.AssertionFailedError" message="expected:&amp;lt;0&amp;gt; but was:&amp;lt;1&amp;gt;">
      <![CDATA[junit.framework.AssertionFailedError: expected:<0> but was:<1>
at junit.framework.Assert.fail(Assert.java:47)
at junit.framework.Assert.failNotEquals(Assert.java:282)
at junit.framework.Assert.assertEquals(Assert.java:64)
at junit.framework.Assert.assertEquals(Assert.java:201)
at junit.framework.Assert.assertEquals(Assert.java:207)
at SpellCheck.SpellCheckPages.spellCheck(SpellCheckPages.java:140)
at java.base/java.util.ArrayList.forEach(ArrayList.java:1511)
... Removed 26 stack frames]]>
    </failure>
  </testcase> <!-- spellCheck -->
  <testcase classname="SpellCheck.SpellCheckPages" name="spellCheck" time="40.415"/>
  <testcase classname="SpellCheck.SpellCheckPages" name="spellCheck" time="15.797"/>
  <testcase classname="SpellCheck.SpellCheckPages" name="spellCheck" time="19.941"/>
  <testcase classname="SpellCheck.SpellCheckPages" name="spellCheck" time="25.997"/>
  <testcase classname="SpellCheck.SpellCheckPages" name="spellCheck" time="26.678"/>
  <testcase classname="SpellCheck.SpellCheckPages" name="spellCheck" time="23.569"/>
  <testcase classname="SpellCheck.SpellCheckPages" name="spellCheck" time="15.37"/>
  <testcase classname="SpellCheck.SpellCheckPages" name="spellCheck" time="17.135"/>
  <testcase classname="SpellCheck.SpellCheckPages" name="spellCheck" time="6.941"/>
  <testcase classname="SpellCheck.SpellCheckPages" name="spellCheck" time="28.113"/>
  <testcase classname="SpellCheck.SpellCheckPages" name="spellCheck" time="27.517"/>
  <testcase classname="SpellCheck.SpellCheckPages" name="spellCheck" time="20.145"/>
  <testcase classname="SpellCheck.SpellCheckPages" name="spellCheck" time="25.301"/>
  <testcase classname="SpellCheck.SpellCheckPages" name="spellCheck" time="12.937"/>
  <testcase classname="SpellCheck.SpellCheckPages" name="spellCheck" time="27.987">
    <failure type="junit.framework.AssertionFailedError" message="expected:&amp;lt;0&amp;gt; but was:&amp;lt;1&amp;gt;">
      <![CDATA[junit.framework.AssertionFailedError: expected:<0> but was:<1>
at junit.framework.Assert.fail(Assert.java:47)
at junit.framework.Assert.failNotEquals(Assert.java:282)
at junit.framework.Assert.assertEquals(Assert.java:64)
at junit.framework.Assert.assertEquals(Assert.java:201)
at junit.framework.Assert.assertEquals(Assert.java:207)
at SpellCheck.SpellCheckPages.spellCheck(SpellCheckPages.java:140)
at java.base/java.util.ArrayList.forEach(ArrayList.java:1511)
... Removed 26 stack frames]]>
    </failure>
  </testcase> <!-- spellCheck -->
  <testcase classname="SpellCheck.SpellCheckPages" name="spellCheck" time="26.946"/>
  <testcase classname="SpellCheck.SpellCheckPages" name="spellCheck" time="22.616">
    <failure type="junit.framework.AssertionFailedError" message="expected:&amp;lt;0&amp;gt; but was:&amp;lt;1&amp;gt;">
      <![CDATA[junit.framework.AssertionFailedError: expected:<0> but was:<1>
at junit.framework.Assert.fail(Assert.java:47)
at junit.framework.Assert.failNotEquals(Assert.java:282)
at junit.framework.Assert.assertEquals(Assert.java:64)
at junit.framework.Assert.assertEquals(Assert.java:201)
at junit.framework.Assert.assertEquals(Assert.java:207)
at SpellCheck.SpellCheckPages.spellCheck(SpellCheckPages.java:140)
at java.base/java.util.ArrayList.forEach(ArrayList.java:1511)
... Removed 26 stack frames]]>
    </failure>
  </testcase> <!-- spellCheck -->
  <testcase classname="SpellCheck.SpellCheckPages" name="spellCheck" time="28.993"/>
  <testcase classname="SpellCheck.SpellCheckPages" name="spellCheck" time="31.103"/>
  <testcase classname="SpellCheck.SpellCheckPages" name="spellCheck" time="31.373"/>
  <testcase classname="SpellCheck.SpellCheckPages" name="spellCheck" time="32.752"/>
  <testcase classname="SpellCheck.SpellCheckPages" name="spellCheck" time="33.38">
    <failure type="junit.framework.AssertionFailedError" message="expected:&amp;lt;0&amp;gt; but was:&amp;lt;3&amp;gt;">
      <![CDATA[junit.framework.AssertionFailedError: expected:<0> but was:<3>
at junit.framework.Assert.fail(Assert.java:47)
at junit.framework.Assert.failNotEquals(Assert.java:282)
at junit.framework.Assert.assertEquals(Assert.java:64)
at junit.framework.Assert.assertEquals(Assert.java:201)
at junit.framework.Assert.assertEquals(Assert.java:207)
at SpellCheck.SpellCheckPages.spellCheck(SpellCheckPages.java:140)
at java.base/java.util.ArrayList.forEach(ArrayList.java:1511)
... Removed 26 stack frames]]>
    </failure>
  </testcase> <!-- spellCheck -->
  <testcase classname="SpellCheck.SpellCheckPages" name="spellCheck" time="44.25"/>
  <testcase classname="SpellCheck.SpellCheckPages" name="spellCheck" time="20.774"/>
  <testcase classname="SpellCheck.SpellCheckPages" name="spellCheck" time="5.533"/>
  <testcase classname="SpellCheck.SpellCheckPages" name="spellCheck" time="5.492"/>
  <testcase classname="SpellCheck.SpellCheckPages" name="spellCheck" time="6.191"/>
  <testcase classname="SpellCheck.SpellCheckPages" name="spellCheck" time="19.904"/>
  <testcase classname="SpellCheck.SpellCheckPages" name="spellCheck" time="3.628"/>
  <testcase classname="SpellCheck.SpellCheckPages" name="spellCheck" time="4.559"/>
  <testcase classname="SpellCheck.SpellCheckPages" name="spellCheck" time="4.576"/>
  <testcase classname="SpellCheck.SpellCheckPages" name="spellCheck" time="5.413"/>
  <testcase classname="SpellCheck.SpellCheckPages" name="spellCheck" time="5.287"/>
</testsuite> <!-- Test -->
