<!DOCTYPE html PUBLIC "-//W3C//DTD XHTML 1.1//EN" "https://www.w3.org/TR/xhtml11/DTD/xhtml11.dtd">
<html xmlns="https://www.w3.org/1999/xhtml">
<head>
<meta http-equiv="content-type" content="text/html; charset=UTF-8"/>
<title>TestNG Report</title>
<style type="text/css">table {margin-bottom:10px;border-collapse:collapse;empty-cells:show}th,td {border:1px solid #009;padding:.25em .5em}th {vertical-align:bottom}td {vertical-align:top}table a {font-weight:bold}.stripe td {background-color: #E6EBF9}.num {text-align:right}.passedodd td {background-color: #3F3}.passedeven td {background-color: #0A0}.skippedodd td {background-color: #DDD}.skippedeven td {background-color: #CCC}.failedodd td,.attn {background-color: #F33}.failedeven td,.stripe .attn {background-color: #D00}.stacktrace {white-space:pre;font-family:monospace}.totop {font-size:85%;text-align:center;border-bottom:2px solid #000}.invisible {display:none}</style>
</head>
<body>
<table>
<tr><th>Test</th><th># Passed</th><th># Skipped</th><th># Retried</th><th># Failed</th><th>Time (ms)</th><th>Included Groups</th><th>Excluded Groups</th></tr>
<tr><th colspan="8">Default suite</th></tr>
<tr><td><a href="#t0">Default test</a></td><td class="num">44</td><td class="num">0</td><td class="num">0</td><td class="num attn">56</td><td class="num">1,245,997</td><td></td><td></td></tr>
</table>
<table id='summary'><thead><tr><th>Class</th><th>Method</th><th>Start</th><th>Time (ms)</th></tr></thead><tbody><tr><th colspan="4">Default suite</th></tr></tbody><tbody id="t0"><tr><th colspan="4">Default test &#8212; failed</th></tr><tr class="failedeven"><td rowspan="56">SpellCheck.SpellCheckPages</td><td><a href="#m0">spellCheck</a></td><td rowspan="56">1629067289377</td><td rowspan="56">17599</td></tr><tr class="failedeven"><td><a href="#m1">spellCheck</a></td></tr><tr class="failedeven"><td><a href="#m2">spellCheck</a></td></tr><tr class="failedeven"><td><a href="#m3">spellCheck</a></td></tr><tr class="failedeven"><td><a href="#m4">spellCheck</a></td></tr><tr class="failedeven"><td><a href="#m5">spellCheck</a></td></tr><tr class="failedeven"><td><a href="#m6">spellCheck</a></td></tr><tr class="failedeven"><td><a href="#m7">spellCheck</a></td></tr><tr class="failedeven"><td><a href="#m8">spellCheck</a></td></tr><tr class="failedeven"><td><a href="#m9">spellCheck</a></td></tr><tr class="failedeven"><td><a href="#m10">spellCheck</a></td></tr><tr class="failedeven"><td><a href="#m11">spellCheck</a></td></tr><tr class="failedeven"><td><a href="#m12">spellCheck</a></td></tr><tr class="failedeven"><td><a href="#m13">spellCheck</a></td></tr><tr class="failedeven"><td><a href="#m14">spellCheck</a></td></tr><tr class="failedeven"><td><a href="#m15">spellCheck</a></td></tr><tr class="failedeven"><td><a href="#m16">spellCheck</a></td></tr><tr class="failedeven"><td><a href="#m17">spellCheck</a></td></tr><tr class="failedeven"><td><a href="#m18">spellCheck</a></td></tr><tr class="failedeven"><td><a href="#m19">spellCheck</a></td></tr><tr class="failedeven"><td><a href="#m20">spellCheck</a></td></tr><tr class="failedeven"><td><a href="#m21">spellCheck</a></td></tr><tr class="failedeven"><td><a href="#m22">spellCheck</a></td></tr><tr class="failedeven"><td><a href="#m23">spellCheck</a></td></tr><tr class="failedeven"><td><a href="#m24">spellCheck</a></td></tr><tr class="failedeven"><td><a href="#m25">spellCheck</a></td></tr><tr class="failedeven"><td><a href="#m26">spellCheck</a></td></tr><tr class="failedeven"><td><a href="#m27">spellCheck</a></td></tr><tr class="failedeven"><td><a href="#m28">spellCheck</a></td></tr><tr class="failedeven"><td><a href="#m29">spellCheck</a></td></tr><tr class="failedeven"><td><a href="#m30">spellCheck</a></td></tr><tr class="failedeven"><td><a href="#m31">spellCheck</a></td></tr><tr class="failedeven"><td><a href="#m32">spellCheck</a></td></tr><tr class="failedeven"><td><a href="#m33">spellCheck</a></td></tr><tr class="failedeven"><td><a href="#m34">spellCheck</a></td></tr><tr class="failedeven"><td><a href="#m35">spellCheck</a></td></tr><tr class="failedeven"><td><a href="#m36">spellCheck</a></td></tr><tr class="failedeven"><td><a href="#m37">spellCheck</a></td></tr><tr class="failedeven"><td><a href="#m38">spellCheck</a></td></tr><tr class="failedeven"><td><a href="#m39">spellCheck</a></td></tr><tr class="failedeven"><td><a href="#m40">spellCheck</a></td></tr><tr class="failedeven"><td><a href="#m41">spellCheck</a></td></tr><tr class="failedeven"><td><a href="#m42">spellCheck</a></td></tr><tr class="failedeven"><td><a href="#m43">spellCheck</a></td></tr><tr class="failedeven"><td><a href="#m44">spellCheck</a></td></tr><tr class="failedeven"><td><a href="#m45">spellCheck</a></td></tr><tr class="failedeven"><td><a href="#m46">spellCheck</a></td></tr><tr class="failedeven"><td><a href="#m47">spellCheck</a></td></tr><tr class="failedeven"><td><a href="#m48">spellCheck</a></td></tr><tr class="failedeven"><td><a href="#m49">spellCheck</a></td></tr><tr class="failedeven"><td><a href="#m50">spellCheck</a></td></tr><tr class="failedeven"><td><a href="#m51">spellCheck</a></td></tr><tr class="failedeven"><td><a href="#m52">spellCheck</a></td></tr><tr class="failedeven"><td><a href="#m53">spellCheck</a></td></tr><tr class="failedeven"><td><a href="#m54">spellCheck</a></td></tr><tr class="failedeven"><td><a href="#m55">spellCheck</a></td></tr><tr><th colspan="4">Default test &#8212; passed</th></tr><tr class="passedeven"><td rowspan="44">SpellCheck.SpellCheckPages</td><td><a href="#m56">spellCheck</a></td><td rowspan="44">1629067597193</td><td rowspan="44">7023</td></tr><tr class="passedeven"><td><a href="#m57">spellCheck</a></td></tr><tr class="passedeven"><td><a href="#m58">spellCheck</a></td></tr><tr class="passedeven"><td><a href="#m59">spellCheck</a></td></tr><tr class="passedeven"><td><a href="#m60">spellCheck</a></td></tr><tr class="passedeven"><td><a href="#m61">spellCheck</a></td></tr><tr class="passedeven"><td><a href="#m62">spellCheck</a></td></tr><tr class="passedeven"><td><a href="#m63">spellCheck</a></td></tr><tr class="passedeven"><td><a href="#m64">spellCheck</a></td></tr><tr class="passedeven"><td><a href="#m65">spellCheck</a></td></tr><tr class="passedeven"><td><a href="#m66">spellCheck</a></td></tr><tr class="passedeven"><td><a href="#m67">spellCheck</a></td></tr><tr class="passedeven"><td><a href="#m68">spellCheck</a></td></tr><tr class="passedeven"><td><a href="#m69">spellCheck</a></td></tr><tr class="passedeven"><td><a href="#m70">spellCheck</a></td></tr><tr class="passedeven"><td><a href="#m71">spellCheck</a></td></tr><tr class="passedeven"><td><a href="#m72">spellCheck</a></td></tr><tr class="passedeven"><td><a href="#m73">spellCheck</a></td></tr><tr class="passedeven"><td><a href="#m74">spellCheck</a></td></tr><tr class="passedeven"><td><a href="#m75">spellCheck</a></td></tr><tr class="passedeven"><td><a href="#m76">spellCheck</a></td></tr><tr class="passedeven"><td><a href="#m77">spellCheck</a></td></tr><tr class="passedeven"><td><a href="#m78">spellCheck</a></td></tr><tr class="passedeven"><td><a href="#m79">spellCheck</a></td></tr><tr class="passedeven"><td><a href="#m80">spellCheck</a></td></tr><tr class="passedeven"><td><a href="#m81">spellCheck</a></td></tr><tr class="passedeven"><td><a href="#m82">spellCheck</a></td></tr><tr class="passedeven"><td><a href="#m83">spellCheck</a></td></tr><tr class="passedeven"><td><a href="#m84">spellCheck</a></td></tr><tr class="passedeven"><td><a href="#m85">spellCheck</a></td></tr><tr class="passedeven"><td><a href="#m86">spellCheck</a></td></tr><tr class="passedeven"><td><a href="#m87">spellCheck</a></td></tr><tr class="passedeven"><td><a href="#m88">spellCheck</a></td></tr><tr class="passedeven"><td><a href="#m89">spellCheck</a></td></tr><tr class="passedeven"><td><a href="#m90">spellCheck</a></td></tr><tr class="passedeven"><td><a href="#m91">spellCheck</a></td></tr><tr class="passedeven"><td><a href="#m92">spellCheck</a></td></tr><tr class="passedeven"><td><a href="#m93">spellCheck</a></td></tr><tr class="passedeven"><td><a href="#m94">spellCheck</a></td></tr><tr class="passedeven"><td><a href="#m95">spellCheck</a></td></tr><tr class="passedeven"><td><a href="#m96">spellCheck</a></td></tr><tr class="passedeven"><td><a href="#m97">spellCheck</a></td></tr><tr class="passedeven"><td><a href="#m98">spellCheck</a></td></tr><tr class="passedeven"><td><a href="#m99">spellCheck</a></td></tr></tbody>
</table>
<h2>Default test</h2><h3 id="m0">SpellCheck.SpellCheckPages#spellCheck</h3><table class="result"><tr class="param"><th>Parameter #1</th></tr><tr class="param stripe"><td>https://oldschool.runescape.wiki/w/Tuna</td></tr><tr><th>Messages</th></tr><tr><td><div class="messages"><br>Potential error: 23m<br>Fishing Guild 0 23m 40 28
The value was changed from 100 to 40 so that it would appear below more valuable items when on the ground.
<br>ID: UNIT_SPACE = Insert a space between the numerical value and the unit symbol.<br></div></td></tr><tr><th>Exception</th></tr><tr><td><div class="stacktrace">java.lang.AssertionError
	at SpellCheck.SpellCheckPages.spellCheck(SpellCheckPages.java:104)
	at jdk.internal.reflect.GeneratedMethodAccessor3.invoke(Unknown Source)
	at java.base/jdk.internal.reflect.DelegatingMethodAccessorImpl.invoke(DelegatingMethodAccessorImpl.java:43)
	at java.base/java.lang.reflect.Method.invoke(Method.java:567)
	at org.testng.internal.MethodInvocationHelper.invokeMethod(MethodInvocationHelper.java:133)
	at org.testng.internal.TestInvoker.invokeMethod(TestInvoker.java:598)
	at org.testng.internal.TestInvoker.invokeTestMethod(TestInvoker.java:173)
	at org.testng.internal.MethodRunner.runInSequence(MethodRunner.java:46)
	at org.testng.internal.TestInvoker$MethodInvocationAgent.invoke(TestInvoker.java:824)
	at org.testng.internal.TestInvoker.invokeTestMethods(TestInvoker.java:146)
	at org.testng.internal.TestMethodWorker.invokeTestMethods(TestMethodWorker.java:146)
	at org.testng.internal.TestMethodWorker.run(TestMethodWorker.java:128)
	at java.base/java.util.ArrayList.forEach(ArrayList.java:1511)
	at org.testng.TestRunner.privateRun(TestRunner.java:794)
	at org.testng.TestRunner.run(TestRunner.java:596)
	at org.testng.SuiteRunner.runTest(SuiteRunner.java:377)
	at org.testng.SuiteRunner.runSequentially(SuiteRunner.java:371)
	at org.testng.SuiteRunner.privateRun(SuiteRunner.java:332)
	at org.testng.SuiteRunner.run(SuiteRunner.java:276)
	at org.testng.SuiteRunnerWorker.runSuite(SuiteRunnerWorker.java:53)
	at org.testng.SuiteRunnerWorker.run(SuiteRunnerWorker.java:96)
	at org.testng.TestNG.runSuitesSequentially(TestNG.java:1212)
	at org.testng.TestNG.runSuitesLocally(TestNG.java:1134)
	at org.testng.TestNG.runSuites(TestNG.java:1063)
	at org.testng.TestNG.run(TestNG.java:1031)
	at org.testng.remote.AbstractRemoteTestNG.run(AbstractRemoteTestNG.java:115)
	at org.testng.remote.RemoteTestNG.initAndRun(RemoteTestNG.java:251)
	at org.testng.remote.RemoteTestNG.main(RemoteTestNG.java:77)
</div></td></tr></table><p class="totop"><a href="#summary">back to summary</a></p>
<h3 id="m1">SpellCheck.SpellCheckPages#spellCheck</h3><table class="result"><tr class="param"><th>Parameter #1</th></tr><tr class="param stripe"><td>https://oldschool.runescape.wiki/w/Staff_of_water</td></tr><tr><th>Messages</th></tr><tr><td><div class="messages"><br>Potential error: Zaff<br>The staff can be purchased from various shops across Gielinor, including Zaff's Superior Staffs! <br>ID: MORFOLOGIK_RULE_EN_GB = Possible spelling mistake found.<br><br/><br>Potential error: Yaga<br>Baba Yaga's Magic Shop. <br>ID: MORFOLOGIK_RULE_EN_GB = Possible spelling mistake found.<br><br/><br>Potential error: 10m<br>Lunar Isle 2 10m 1,500 825
This page was last modified on 13 August 2021, at 02:26.
<br>ID: UNIT_SPACE = Insert a space between the numerical value and the unit symbol.<br></div></td></tr><tr><th>Exception</th></tr><tr><td><div class="stacktrace">java.lang.AssertionError
	at SpellCheck.SpellCheckPages.spellCheck(SpellCheckPages.java:104)
	at jdk.internal.reflect.GeneratedMethodAccessor3.invoke(Unknown Source)
	at java.base/jdk.internal.reflect.DelegatingMethodAccessorImpl.invoke(DelegatingMethodAccessorImpl.java:43)
	at java.base/java.lang.reflect.Method.invoke(Method.java:567)
	at org.testng.internal.MethodInvocationHelper.invokeMethod(MethodInvocationHelper.java:133)
	at org.testng.internal.TestInvoker.invokeMethod(TestInvoker.java:598)
	at org.testng.internal.TestInvoker.invokeTestMethod(TestInvoker.java:173)
	at org.testng.internal.MethodRunner.runInSequence(MethodRunner.java:46)
	at org.testng.internal.TestInvoker$MethodInvocationAgent.invoke(TestInvoker.java:824)
	at org.testng.internal.TestInvoker.invokeTestMethods(TestInvoker.java:146)
	at org.testng.internal.TestMethodWorker.invokeTestMethods(TestMethodWorker.java:146)
	at org.testng.internal.TestMethodWorker.run(TestMethodWorker.java:128)
	at java.base/java.util.ArrayList.forEach(ArrayList.java:1511)
	at org.testng.TestRunner.privateRun(TestRunner.java:794)
	at org.testng.TestRunner.run(TestRunner.java:596)
	at org.testng.SuiteRunner.runTest(SuiteRunner.java:377)
	at org.testng.SuiteRunner.runSequentially(SuiteRunner.java:371)
	at org.testng.SuiteRunner.privateRun(SuiteRunner.java:332)
	at org.testng.SuiteRunner.run(SuiteRunner.java:276)
	at org.testng.SuiteRunnerWorker.runSuite(SuiteRunnerWorker.java:53)
	at org.testng.SuiteRunnerWorker.run(SuiteRunnerWorker.java:96)
	at org.testng.TestNG.runSuitesSequentially(TestNG.java:1212)
	at org.testng.TestNG.runSuitesLocally(TestNG.java:1134)
	at org.testng.TestNG.runSuites(TestNG.java:1063)
	at org.testng.TestNG.run(TestNG.java:1031)
	at org.testng.remote.AbstractRemoteTestNG.run(AbstractRemoteTestNG.java:115)
	at org.testng.remote.RemoteTestNG.initAndRun(RemoteTestNG.java:251)
	at org.testng.remote.RemoteTestNG.main(RemoteTestNG.java:77)
</div></td></tr></table><p class="totop"><a href="#summary">back to summary</a></p>
<h3 id="m2">SpellCheck.SpellCheckPages#spellCheck</h3><table class="result"><tr class="param"><th>Parameter #1</th></tr><tr class="param stripe"><td>https://oldschool.runescape.wiki/w/The_eight_clans</td></tr><tr><th>Messages</th></tr><tr><td><div class="messages"><br>Potential error: specialties<br>The hymn sings of the eight Elven Clans and their specialties.
<br>ID: MORFOLOGIK_RULE_EN_GB = Possible spelling mistake. 'specialties' is American English.<br><br/><br>Potential error: trod<br>Against whose mages none dare trod.
<br>ID: MD_BASEFORM = The modal verb 'dare' requires the verb's base form.<br><br/><br>Potential error: ne<br>And ne'er return with tales to tell.
<br>ID: NE = Did you mean <suggestion>né</suggestion>, <suggestion>me</suggestion>, or <suggestion>no</suggestion>?<br><br/><br>Potential error: garn<br>Through hunt and fight good will they garn.
<br>ID: MORFOLOGIK_RULE_EN_GB = Possible spelling mistake found.<br><br/><br>Potential error: Unequaled<br>Unequaled for their crystál.
<br>ID: MORFOLOGIK_RULE_EN_GB = Possible spelling mistake found.<br><br/><br>Potential error: crystál<br>Unequaled for their crystál.
<br>ID: MORFOLOGIK_RULE_EN_GB = Possible spelling mistake found.<br><br/><br>Potential error: Ithell<br>Ithell set to work on any craft.
<br>ID: MORFOLOGIK_RULE_EN_GB = Possible spelling mistake found.<br><br/><br>Potential error: ne<br>Who ne'er think solely of themselves.
<br>ID: NE = Did you mean <suggestion>né</suggestion>, <suggestion>me</suggestion>, or <suggestion>no</suggestion>?<br></div></td></tr><tr><th>Exception</th></tr><tr><td><div class="stacktrace">java.lang.AssertionError
	at SpellCheck.SpellCheckPages.spellCheck(SpellCheckPages.java:104)
	at jdk.internal.reflect.GeneratedMethodAccessor3.invoke(Unknown Source)
	at java.base/jdk.internal.reflect.DelegatingMethodAccessorImpl.invoke(DelegatingMethodAccessorImpl.java:43)
	at java.base/java.lang.reflect.Method.invoke(Method.java:567)
	at org.testng.internal.MethodInvocationHelper.invokeMethod(MethodInvocationHelper.java:133)
	at org.testng.internal.TestInvoker.invokeMethod(TestInvoker.java:598)
	at org.testng.internal.TestInvoker.invokeTestMethod(TestInvoker.java:173)
	at org.testng.internal.MethodRunner.runInSequence(MethodRunner.java:46)
	at org.testng.internal.TestInvoker$MethodInvocationAgent.invoke(TestInvoker.java:824)
	at org.testng.internal.TestInvoker.invokeTestMethods(TestInvoker.java:146)
	at org.testng.internal.TestMethodWorker.invokeTestMethods(TestMethodWorker.java:146)
	at org.testng.internal.TestMethodWorker.run(TestMethodWorker.java:128)
	at java.base/java.util.ArrayList.forEach(ArrayList.java:1511)
	at org.testng.TestRunner.privateRun(TestRunner.java:794)
	at org.testng.TestRunner.run(TestRunner.java:596)
	at org.testng.SuiteRunner.runTest(SuiteRunner.java:377)
	at org.testng.SuiteRunner.runSequentially(SuiteRunner.java:371)
	at org.testng.SuiteRunner.privateRun(SuiteRunner.java:332)
	at org.testng.SuiteRunner.run(SuiteRunner.java:276)
	at org.testng.SuiteRunnerWorker.runSuite(SuiteRunnerWorker.java:53)
	at org.testng.SuiteRunnerWorker.run(SuiteRunnerWorker.java:96)
	at org.testng.TestNG.runSuitesSequentially(TestNG.java:1212)
	at org.testng.TestNG.runSuitesLocally(TestNG.java:1134)
	at org.testng.TestNG.runSuites(TestNG.java:1063)
	at org.testng.TestNG.run(TestNG.java:1031)
	at org.testng.remote.AbstractRemoteTestNG.run(AbstractRemoteTestNG.java:115)
	at org.testng.remote.RemoteTestNG.initAndRun(RemoteTestNG.java:251)
	at org.testng.remote.RemoteTestNG.main(RemoteTestNG.java:77)
</div></td></tr></table><p class="totop"><a href="#summary">back to summary</a></p>
<h3 id="m3">SpellCheck.SpellCheckPages#spellCheck</h3><table class="result"><tr class="param"><th>Parameter #1</th></tr><tr class="param stripe"><td>https://oldschool.runescape.wiki/w/Stronghold_of_Security</td></tr><tr><th>Messages</th></tr><tr><td><div class="messages"><br>Potential error: safespots<br>The level contains ranging safespots making it popular for new players to gain combat experience in ranged or magic. <br>ID: MORFOLOGIK_RULE_EN_GB = Possible spelling mistake found.<br></div></td></tr><tr><th>Exception</th></tr><tr><td><div class="stacktrace">java.lang.AssertionError
	at SpellCheck.SpellCheckPages.spellCheck(SpellCheckPages.java:104)
	at jdk.internal.reflect.GeneratedMethodAccessor3.invoke(Unknown Source)
	at java.base/jdk.internal.reflect.DelegatingMethodAccessorImpl.invoke(DelegatingMethodAccessorImpl.java:43)
	at java.base/java.lang.reflect.Method.invoke(Method.java:567)
	at org.testng.internal.MethodInvocationHelper.invokeMethod(MethodInvocationHelper.java:133)
	at org.testng.internal.TestInvoker.invokeMethod(TestInvoker.java:598)
	at org.testng.internal.TestInvoker.invokeTestMethod(TestInvoker.java:173)
	at org.testng.internal.MethodRunner.runInSequence(MethodRunner.java:46)
	at org.testng.internal.TestInvoker$MethodInvocationAgent.invoke(TestInvoker.java:824)
	at org.testng.internal.TestInvoker.invokeTestMethods(TestInvoker.java:146)
	at org.testng.internal.TestMethodWorker.invokeTestMethods(TestMethodWorker.java:146)
	at org.testng.internal.TestMethodWorker.run(TestMethodWorker.java:128)
	at java.base/java.util.ArrayList.forEach(ArrayList.java:1511)
	at org.testng.TestRunner.privateRun(TestRunner.java:794)
	at org.testng.TestRunner.run(TestRunner.java:596)
	at org.testng.SuiteRunner.runTest(SuiteRunner.java:377)
	at org.testng.SuiteRunner.runSequentially(SuiteRunner.java:371)
	at org.testng.SuiteRunner.privateRun(SuiteRunner.java:332)
	at org.testng.SuiteRunner.run(SuiteRunner.java:276)
	at org.testng.SuiteRunnerWorker.runSuite(SuiteRunnerWorker.java:53)
	at org.testng.SuiteRunnerWorker.run(SuiteRunnerWorker.java:96)
	at org.testng.TestNG.runSuitesSequentially(TestNG.java:1212)
	at org.testng.TestNG.runSuitesLocally(TestNG.java:1134)
	at org.testng.TestNG.runSuites(TestNG.java:1063)
	at org.testng.TestNG.run(TestNG.java:1031)
	at org.testng.remote.AbstractRemoteTestNG.run(AbstractRemoteTestNG.java:115)
	at org.testng.remote.RemoteTestNG.initAndRun(RemoteTestNG.java:251)
	at org.testng.remote.RemoteTestNG.main(RemoteTestNG.java:77)
</div></td></tr></table><p class="totop"><a href="#summary">back to summary</a></p>
<h3 id="m4">SpellCheck.SpellCheckPages#spellCheck</h3><table class="result"><tr class="param"><th>Parameter #1</th></tr><tr class="param stripe"><td>https://oldschool.runescape.wiki/w/Scorpia</td></tr><tr><th>Messages</th></tr><tr><td><div class="messages"><br>Potential error: 6[d<br>Rune 2h sword 1 1/25.6 37,695
Rune pickaxe 1 1/25.6 18,481
Rune spear 1 1/25.6 11,695
Bucket of sand 25 (noted) 1/21.33 925
Cactus spine 10 (noted) 1/21.33 15,060
Uncut emerald 6 (noted) 1/25.6[d 1] 3,348
Uncut sapphire 4 (noted) 1/25.6[d 1] 1,268
1.0 1.1 6 uncut emeralds are dropped along 4 uncut sapphires.
<br>ID: NON_STANDARD_WORD = The word '6[d' is not standard English. Did you mean <suggestion>6’d</suggestion> (curly apostrophe) or <suggestion>6'd</suggestion> (straight apostrophe)?<br><br/><br>Potential error: 6[d<br>Rune 2h sword 1 1/25.6 37,695
Rune pickaxe 1 1/25.6 18,481
Rune spear 1 1/25.6 11,695
Bucket of sand 25 (noted) 1/21.33 925
Cactus spine 10 (noted) 1/21.33 15,060
Uncut emerald 6 (noted) 1/25.6[d 1] 3,348
Uncut sapphire 4 (noted) 1/25.6[d 1] 1,268
1.0 1.1 6 uncut emeralds are dropped along 4 uncut sapphires.
<br>ID: NON_STANDARD_WORD = The word '6[d' is not standard English. Did you mean <suggestion>6’d</suggestion> (curly apostrophe) or <suggestion>6'd</suggestion> (straight apostrophe)?<br><br/><br>Potential error: Never[d<br>Nothing N/A 1/47.02; Never[d 1] N/A
Uncut sapphire 1 1/110.7; 1/56.2[d 2] 317
Loop half of key 1 1/193.6; 1/184[d 2] 10,197
Tooth half of key 1 1/193.6; 1/184[d 2] 10,502
Coins 3,000 1/195.1 3,000
Uncut emerald 1 1/221.4; 1/112[d 2] 558
Uncut ruby 1 1/442.8; 1/225[d 2] 1,123
Runite bar 1 1/819.2 12,372
↑ The "nothing" drop is removed while wearing a ring of wealth.
<br>ID: NON_STANDARD_WORD = The word 'Never[d' is not standard English. Did you mean <suggestion>Never’d</suggestion> (curly apostrophe) or <suggestion>Never'd</suggestion> (straight apostrophe)?<br><br/><br>Potential error: 2[d<br>Nothing N/A 1/47.02; Never[d 1] N/A
Uncut sapphire 1 1/110.7; 1/56.2[d 2] 317
Loop half of key 1 1/193.6; 1/184[d 2] 10,197
Tooth half of key 1 1/193.6; 1/184[d 2] 10,502
Coins 3,000 1/195.1 3,000
Uncut emerald 1 1/221.4; 1/112[d 2] 558
Uncut ruby 1 1/442.8; 1/225[d 2] 1,123
Runite bar 1 1/819.2 12,372
↑ The "nothing" drop is removed while wearing a ring of wealth.
<br>ID: NON_STANDARD_WORD = The word '2[d' is not standard English. Did you mean <suggestion>2’d</suggestion> (curly apostrophe) or <suggestion>2'd</suggestion> (straight apostrophe)?<br><br/><br>Potential error: 184[d<br>Nothing N/A 1/47.02; Never[d 1] N/A
Uncut sapphire 1 1/110.7; 1/56.2[d 2] 317
Loop half of key 1 1/193.6; 1/184[d 2] 10,197
Tooth half of key 1 1/193.6; 1/184[d 2] 10,502
Coins 3,000 1/195.1 3,000
Uncut emerald 1 1/221.4; 1/112[d 2] 558
Uncut ruby 1 1/442.8; 1/225[d 2] 1,123
Runite bar 1 1/819.2 12,372
↑ The "nothing" drop is removed while wearing a ring of wealth.
<br>ID: NON_STANDARD_WORD = The word '184[d' is not standard English. Did you mean <suggestion>184’d</suggestion> (curly apostrophe) or <suggestion>184'd</suggestion> (straight apostrophe)?<br><br/><br>Potential error: 184[d<br>Nothing N/A 1/47.02; Never[d 1] N/A
Uncut sapphire 1 1/110.7; 1/56.2[d 2] 317
Loop half of key 1 1/193.6; 1/184[d 2] 10,197
Tooth half of key 1 1/193.6; 1/184[d 2] 10,502
Coins 3,000 1/195.1 3,000
Uncut emerald 1 1/221.4; 1/112[d 2] 558
Uncut ruby 1 1/442.8; 1/225[d 2] 1,123
Runite bar 1 1/819.2 12,372
↑ The "nothing" drop is removed while wearing a ring of wealth.
<br>ID: NON_STANDARD_WORD = The word '184[d' is not standard English. Did you mean <suggestion>184’d</suggestion> (curly apostrophe) or <suggestion>184'd</suggestion> (straight apostrophe)?<br><br/><br>Potential error: 112[d<br>Nothing N/A 1/47.02; Never[d 1] N/A
Uncut sapphire 1 1/110.7; 1/56.2[d 2] 317
Loop half of key 1 1/193.6; 1/184[d 2] 10,197
Tooth half of key 1 1/193.6; 1/184[d 2] 10,502
Coins 3,000 1/195.1 3,000
Uncut emerald 1 1/221.4; 1/112[d 2] 558
Uncut ruby 1 1/442.8; 1/225[d 2] 1,123
Runite bar 1 1/819.2 12,372
↑ The "nothing" drop is removed while wearing a ring of wealth.
<br>ID: NON_STANDARD_WORD = The word '112[d' is not standard English. Did you mean <suggestion>112’d</suggestion> (curly apostrophe) or <suggestion>112'd</suggestion> (straight apostrophe)?<br><br/><br>Potential error: 225[d<br>Nothing N/A 1/47.02; Never[d 1] N/A
Uncut sapphire 1 1/110.7; 1/56.2[d 2] 317
Loop half of key 1 1/193.6; 1/184[d 2] 10,197
Tooth half of key 1 1/193.6; 1/184[d 2] 10,502
Coins 3,000 1/195.1 3,000
Uncut emerald 1 1/221.4; 1/112[d 2] 558
Uncut ruby 1 1/442.8; 1/225[d 2] 1,123
Runite bar 1 1/819.2 12,372
↑ The "nothing" drop is removed while wearing a ring of wealth.
<br>ID: NON_STANDARD_WORD = The word '225[d' is not standard English. Did you mean <suggestion>225’d</suggestion> (curly apostrophe) or <suggestion>225'd</suggestion> (straight apostrophe)?<br></div></td></tr><tr><th>Exception</th></tr><tr><td><div class="stacktrace">java.lang.AssertionError
	at SpellCheck.SpellCheckPages.spellCheck(SpellCheckPages.java:104)
	at jdk.internal.reflect.GeneratedMethodAccessor3.invoke(Unknown Source)
	at java.base/jdk.internal.reflect.DelegatingMethodAccessorImpl.invoke(DelegatingMethodAccessorImpl.java:43)
	at java.base/java.lang.reflect.Method.invoke(Method.java:567)
	at org.testng.internal.MethodInvocationHelper.invokeMethod(MethodInvocationHelper.java:133)
	at org.testng.internal.TestInvoker.invokeMethod(TestInvoker.java:598)
	at org.testng.internal.TestInvoker.invokeTestMethod(TestInvoker.java:173)
	at org.testng.internal.MethodRunner.runInSequence(MethodRunner.java:46)
	at org.testng.internal.TestInvoker$MethodInvocationAgent.invoke(TestInvoker.java:824)
	at org.testng.internal.TestInvoker.invokeTestMethods(TestInvoker.java:146)
	at org.testng.internal.TestMethodWorker.invokeTestMethods(TestMethodWorker.java:146)
	at org.testng.internal.TestMethodWorker.run(TestMethodWorker.java:128)
	at java.base/java.util.ArrayList.forEach(ArrayList.java:1511)
	at org.testng.TestRunner.privateRun(TestRunner.java:794)
	at org.testng.TestRunner.run(TestRunner.java:596)
	at org.testng.SuiteRunner.runTest(SuiteRunner.java:377)
	at org.testng.SuiteRunner.runSequentially(SuiteRunner.java:371)
	at org.testng.SuiteRunner.privateRun(SuiteRunner.java:332)
	at org.testng.SuiteRunner.run(SuiteRunner.java:276)
	at org.testng.SuiteRunnerWorker.runSuite(SuiteRunnerWorker.java:53)
	at org.testng.SuiteRunnerWorker.run(SuiteRunnerWorker.java:96)
	at org.testng.TestNG.runSuitesSequentially(TestNG.java:1212)
	at org.testng.TestNG.runSuitesLocally(TestNG.java:1134)
	at org.testng.TestNG.runSuites(TestNG.java:1063)
	at org.testng.TestNG.run(TestNG.java:1031)
	at org.testng.remote.AbstractRemoteTestNG.run(AbstractRemoteTestNG.java:115)
	at org.testng.remote.RemoteTestNG.initAndRun(RemoteTestNG.java:251)
	at org.testng.remote.RemoteTestNG.main(RemoteTestNG.java:77)
</div></td></tr></table><p class="totop"><a href="#summary">back to summary</a></p>
<h3 id="m5">SpellCheck.SpellCheckPages#spellCheck</h3><table class="result"><tr class="param"><th>Parameter #1</th></tr><tr class="param stripe"><td>https://oldschool.runescape.wiki/w/Golem_(attribute)</td></tr><tr><th>Messages</th></tr><tr><td><div class="messages"><br>Potential error: golembane<br>The golem attribute is assigned to monsters that are weak to golembane weapons, which currently only consists of the barronite mace.
<br>ID: MORFOLOGIK_RULE_EN_GB = Possible spelling mistake found.<br><br/><br>Potential error: Golembane<br>Golembane weapons such as the Barronite mace will be more accurate and deal extra damage.
<br>ID: MORFOLOGIK_RULE_EN_GB = Possible spelling mistake found.<br><br/><br>Potential error: Ramarno<br>Players who unlocked the Defence buff in the Ramarno's Shard Exchange shop have a permanent bonus of additional 5 Defence levels against the attacks of the golems within the Ruins of Camdozaal.
<br>ID: MORFOLOGIK_RULE_EN_GB = Possible spelling mistake found.<br></div></td></tr><tr><th>Exception</th></tr><tr><td><div class="stacktrace">java.lang.AssertionError
	at SpellCheck.SpellCheckPages.spellCheck(SpellCheckPages.java:104)
	at java.base/jdk.internal.reflect.NativeMethodAccessorImpl.invoke0(Native Method)
	at java.base/jdk.internal.reflect.NativeMethodAccessorImpl.invoke(NativeMethodAccessorImpl.java:78)
	at java.base/jdk.internal.reflect.DelegatingMethodAccessorImpl.invoke(DelegatingMethodAccessorImpl.java:43)
	at java.base/java.lang.reflect.Method.invoke(Method.java:567)
	at org.testng.internal.MethodInvocationHelper.invokeMethod(MethodInvocationHelper.java:133)
	at org.testng.internal.TestInvoker.invokeMethod(TestInvoker.java:598)
	at org.testng.internal.TestInvoker.invokeTestMethod(TestInvoker.java:173)
	at org.testng.internal.MethodRunner.runInSequence(MethodRunner.java:46)
	at org.testng.internal.TestInvoker$MethodInvocationAgent.invoke(TestInvoker.java:824)
	at org.testng.internal.TestInvoker.invokeTestMethods(TestInvoker.java:146)
	at org.testng.internal.TestMethodWorker.invokeTestMethods(TestMethodWorker.java:146)
	at org.testng.internal.TestMethodWorker.run(TestMethodWorker.java:128)
	at java.base/java.util.ArrayList.forEach(ArrayList.java:1511)
	at org.testng.TestRunner.privateRun(TestRunner.java:794)
	at org.testng.TestRunner.run(TestRunner.java:596)
	at org.testng.SuiteRunner.runTest(SuiteRunner.java:377)
	at org.testng.SuiteRunner.runSequentially(SuiteRunner.java:371)
	at org.testng.SuiteRunner.privateRun(SuiteRunner.java:332)
	at org.testng.SuiteRunner.run(SuiteRunner.java:276)
	at org.testng.SuiteRunnerWorker.runSuite(SuiteRunnerWorker.java:53)
	at org.testng.SuiteRunnerWorker.run(SuiteRunnerWorker.java:96)
	at org.testng.TestNG.runSuitesSequentially(TestNG.java:1212)
	at org.testng.TestNG.runSuitesLocally(TestNG.java:1134)
	at org.testng.TestNG.runSuites(TestNG.java:1063)
	at org.testng.TestNG.run(TestNG.java:1031)
	at org.testng.remote.AbstractRemoteTestNG.run(AbstractRemoteTestNG.java:115)
	at org.testng.remote.RemoteTestNG.initAndRun(RemoteTestNG.java:251)
	at org.testng.remote.RemoteTestNG.main(RemoteTestNG.java:77)
</div></td></tr></table><p class="totop"><a href="#summary">back to summary</a></p>
<h3 id="m6">SpellCheck.SpellCheckPages#spellCheck</h3><table class="result"><tr class="param"><th>Parameter #1</th></tr><tr class="param stripe"><td>https://oldschool.runescape.wiki/w/Yanillian_Hops_(plant)#Grown</td></tr><tr><th>Messages</th></tr><tr><td><div class="messages"><br>Potential error: ultracompost<br>Once mature, the hops produces up to 35 Yanillian hops at a time without compost and 65 with ultracompost.
<br>ID: MORFOLOGIK_RULE_EN_GB = Possible spelling mistake found.<br><br/><br>Potential error: xp<br>No xp is given for checking on the hops. <br>ID: MORFOLOGIK_RULE_EN_GB = Possible spelling mistake found.<br><br/><br>Potential error: xp<br>Planting XP 14.5 xp
↑ Only dropped by Grown version.
<br>ID: MORFOLOGIK_RULE_EN_GB = Possible spelling mistake found.<br></div></td></tr><tr><th>Exception</th></tr><tr><td><div class="stacktrace">java.lang.AssertionError
	at SpellCheck.SpellCheckPages.spellCheck(SpellCheckPages.java:104)
	at jdk.internal.reflect.GeneratedMethodAccessor3.invoke(Unknown Source)
	at java.base/jdk.internal.reflect.DelegatingMethodAccessorImpl.invoke(DelegatingMethodAccessorImpl.java:43)
	at java.base/java.lang.reflect.Method.invoke(Method.java:567)
	at org.testng.internal.MethodInvocationHelper.invokeMethod(MethodInvocationHelper.java:133)
	at org.testng.internal.TestInvoker.invokeMethod(TestInvoker.java:598)
	at org.testng.internal.TestInvoker.invokeTestMethod(TestInvoker.java:173)
	at org.testng.internal.MethodRunner.runInSequence(MethodRunner.java:46)
	at org.testng.internal.TestInvoker$MethodInvocationAgent.invoke(TestInvoker.java:824)
	at org.testng.internal.TestInvoker.invokeTestMethods(TestInvoker.java:146)
	at org.testng.internal.TestMethodWorker.invokeTestMethods(TestMethodWorker.java:146)
	at org.testng.internal.TestMethodWorker.run(TestMethodWorker.java:128)
	at java.base/java.util.ArrayList.forEach(ArrayList.java:1511)
	at org.testng.TestRunner.privateRun(TestRunner.java:794)
	at org.testng.TestRunner.run(TestRunner.java:596)
	at org.testng.SuiteRunner.runTest(SuiteRunner.java:377)
	at org.testng.SuiteRunner.runSequentially(SuiteRunner.java:371)
	at org.testng.SuiteRunner.privateRun(SuiteRunner.java:332)
	at org.testng.SuiteRunner.run(SuiteRunner.java:276)
	at org.testng.SuiteRunnerWorker.runSuite(SuiteRunnerWorker.java:53)
	at org.testng.SuiteRunnerWorker.run(SuiteRunnerWorker.java:96)
	at org.testng.TestNG.runSuitesSequentially(TestNG.java:1212)
	at org.testng.TestNG.runSuitesLocally(TestNG.java:1134)
	at org.testng.TestNG.runSuites(TestNG.java:1063)
	at org.testng.TestNG.run(TestNG.java:1031)
	at org.testng.remote.AbstractRemoteTestNG.run(AbstractRemoteTestNG.java:115)
	at org.testng.remote.RemoteTestNG.initAndRun(RemoteTestNG.java:251)
	at org.testng.remote.RemoteTestNG.main(RemoteTestNG.java:77)
</div></td></tr></table><p class="totop"><a href="#summary">back to summary</a></p>
<h3 id="m7">SpellCheck.SpellCheckPages#spellCheck</h3><table class="result"><tr class="param"><th>Parameter #1</th></tr><tr class="param stripe"><td>https://oldschool.runescape.wiki/w/Rope_(Last_Man_Standing)</td></tr><tr><th>Messages</th></tr><tr><td><div class="messages"><br>Potential error: minigame-exclusive<br>The rope in Last Man Standing is a minigame-exclusive variant of the normal rope. <br>ID: MORFOLOGIK_RULE_EN_GB = Possible spelling mistake found.<br></div></td></tr><tr><th>Exception</th></tr><tr><td><div class="stacktrace">java.lang.AssertionError
	at SpellCheck.SpellCheckPages.spellCheck(SpellCheckPages.java:104)
	at jdk.internal.reflect.GeneratedMethodAccessor3.invoke(Unknown Source)
	at java.base/jdk.internal.reflect.DelegatingMethodAccessorImpl.invoke(DelegatingMethodAccessorImpl.java:43)
	at java.base/java.lang.reflect.Method.invoke(Method.java:567)
	at org.testng.internal.MethodInvocationHelper.invokeMethod(MethodInvocationHelper.java:133)
	at org.testng.internal.TestInvoker.invokeMethod(TestInvoker.java:598)
	at org.testng.internal.TestInvoker.invokeTestMethod(TestInvoker.java:173)
	at org.testng.internal.MethodRunner.runInSequence(MethodRunner.java:46)
	at org.testng.internal.TestInvoker$MethodInvocationAgent.invoke(TestInvoker.java:824)
	at org.testng.internal.TestInvoker.invokeTestMethods(TestInvoker.java:146)
	at org.testng.internal.TestMethodWorker.invokeTestMethods(TestMethodWorker.java:146)
	at org.testng.internal.TestMethodWorker.run(TestMethodWorker.java:128)
	at java.base/java.util.ArrayList.forEach(ArrayList.java:1511)
	at org.testng.TestRunner.privateRun(TestRunner.java:794)
	at org.testng.TestRunner.run(TestRunner.java:596)
	at org.testng.SuiteRunner.runTest(SuiteRunner.java:377)
	at org.testng.SuiteRunner.runSequentially(SuiteRunner.java:371)
	at org.testng.SuiteRunner.privateRun(SuiteRunner.java:332)
	at org.testng.SuiteRunner.run(SuiteRunner.java:276)
	at org.testng.SuiteRunnerWorker.runSuite(SuiteRunnerWorker.java:53)
	at org.testng.SuiteRunnerWorker.run(SuiteRunnerWorker.java:96)
	at org.testng.TestNG.runSuitesSequentially(TestNG.java:1212)
	at org.testng.TestNG.runSuitesLocally(TestNG.java:1134)
	at org.testng.TestNG.runSuites(TestNG.java:1063)
	at org.testng.TestNG.run(TestNG.java:1031)
	at org.testng.remote.AbstractRemoteTestNG.run(AbstractRemoteTestNG.java:115)
	at org.testng.remote.RemoteTestNG.initAndRun(RemoteTestNG.java:251)
	at org.testng.remote.RemoteTestNG.main(RemoteTestNG.java:77)
</div></td></tr></table><p class="totop"><a href="#summary">back to summary</a></p>
<h3 id="m8">SpellCheck.SpellCheckPages#spellCheck</h3><table class="result"><tr class="param"><th>Parameter #1</th></tr><tr class="param stripe"><td>https://oldschool.runescape.wiki/w/Georgy</td></tr><tr><th>Messages</th></tr><tr><td><div class="messages"><br>Potential error: Georgy<br>Georgy is a werewolf found in Canifis. <br>ID: MORFOLOGIK_RULE_EN_GB = Possible spelling mistake found.<br><br/><br>Potential error: Georgy<br>If the player is not wielding a wolfbane dagger when they attack, Georgy will turn into a werewolf, much stronger than his human form. <br>ID: MORFOLOGIK_RULE_EN_GB = Possible spelling mistake found.<br></div></td></tr><tr><th>Exception</th></tr><tr><td><div class="stacktrace">java.lang.AssertionError
	at SpellCheck.SpellCheckPages.spellCheck(SpellCheckPages.java:104)
	at jdk.internal.reflect.GeneratedMethodAccessor3.invoke(Unknown Source)
	at java.base/jdk.internal.reflect.DelegatingMethodAccessorImpl.invoke(DelegatingMethodAccessorImpl.java:43)
	at java.base/java.lang.reflect.Method.invoke(Method.java:567)
	at org.testng.internal.MethodInvocationHelper.invokeMethod(MethodInvocationHelper.java:133)
	at org.testng.internal.TestInvoker.invokeMethod(TestInvoker.java:598)
	at org.testng.internal.TestInvoker.invokeTestMethod(TestInvoker.java:173)
	at org.testng.internal.MethodRunner.runInSequence(MethodRunner.java:46)
	at org.testng.internal.TestInvoker$MethodInvocationAgent.invoke(TestInvoker.java:824)
	at org.testng.internal.TestInvoker.invokeTestMethods(TestInvoker.java:146)
	at org.testng.internal.TestMethodWorker.invokeTestMethods(TestMethodWorker.java:146)
	at org.testng.internal.TestMethodWorker.run(TestMethodWorker.java:128)
	at java.base/java.util.ArrayList.forEach(ArrayList.java:1511)
	at org.testng.TestRunner.privateRun(TestRunner.java:794)
	at org.testng.TestRunner.run(TestRunner.java:596)
	at org.testng.SuiteRunner.runTest(SuiteRunner.java:377)
	at org.testng.SuiteRunner.runSequentially(SuiteRunner.java:371)
	at org.testng.SuiteRunner.privateRun(SuiteRunner.java:332)
	at org.testng.SuiteRunner.run(SuiteRunner.java:276)
	at org.testng.SuiteRunnerWorker.runSuite(SuiteRunnerWorker.java:53)
	at org.testng.SuiteRunnerWorker.run(SuiteRunnerWorker.java:96)
	at org.testng.TestNG.runSuitesSequentially(TestNG.java:1212)
	at org.testng.TestNG.runSuitesLocally(TestNG.java:1134)
	at org.testng.TestNG.runSuites(TestNG.java:1063)
	at org.testng.TestNG.run(TestNG.java:1031)
	at org.testng.remote.AbstractRemoteTestNG.run(AbstractRemoteTestNG.java:115)
	at org.testng.remote.RemoteTestNG.initAndRun(RemoteTestNG.java:251)
	at org.testng.remote.RemoteTestNG.main(RemoteTestNG.java:77)
</div></td></tr></table><p class="totop"><a href="#summary">back to summary</a></p>
<h3 id="m9">SpellCheck.SpellCheckPages#spellCheck</h3><table class="result"><tr class="param"><th>Parameter #1</th></tr><tr class="param stripe"><td>https://oldschool.runescape.wiki/w/Log_balance_(Gnome_Stronghold_Agility_Course)</td></tr><tr><th>Messages</th></tr><tr><td><div class="messages"><br>Potential error: xp<br>Agility XP 7.5 xp
This page was last modified on 4 May 2021, at 13:45.
<br>ID: MORFOLOGIK_RULE_EN_GB = Possible spelling mistake found.<br></div></td></tr><tr><th>Exception</th></tr><tr><td><div class="stacktrace">java.lang.AssertionError
	at SpellCheck.SpellCheckPages.spellCheck(SpellCheckPages.java:104)
	at jdk.internal.reflect.GeneratedMethodAccessor3.invoke(Unknown Source)
	at java.base/jdk.internal.reflect.DelegatingMethodAccessorImpl.invoke(DelegatingMethodAccessorImpl.java:43)
	at java.base/java.lang.reflect.Method.invoke(Method.java:567)
	at org.testng.internal.MethodInvocationHelper.invokeMethod(MethodInvocationHelper.java:133)
	at org.testng.internal.TestInvoker.invokeMethod(TestInvoker.java:598)
	at org.testng.internal.TestInvoker.invokeTestMethod(TestInvoker.java:173)
	at org.testng.internal.MethodRunner.runInSequence(MethodRunner.java:46)
	at org.testng.internal.TestInvoker$MethodInvocationAgent.invoke(TestInvoker.java:824)
	at org.testng.internal.TestInvoker.invokeTestMethods(TestInvoker.java:146)
	at org.testng.internal.TestMethodWorker.invokeTestMethods(TestMethodWorker.java:146)
	at org.testng.internal.TestMethodWorker.run(TestMethodWorker.java:128)
	at java.base/java.util.ArrayList.forEach(ArrayList.java:1511)
	at org.testng.TestRunner.privateRun(TestRunner.java:794)
	at org.testng.TestRunner.run(TestRunner.java:596)
	at org.testng.SuiteRunner.runTest(SuiteRunner.java:377)
	at org.testng.SuiteRunner.runSequentially(SuiteRunner.java:371)
	at org.testng.SuiteRunner.privateRun(SuiteRunner.java:332)
	at org.testng.SuiteRunner.run(SuiteRunner.java:276)
	at org.testng.SuiteRunnerWorker.runSuite(SuiteRunnerWorker.java:53)
	at org.testng.SuiteRunnerWorker.run(SuiteRunnerWorker.java:96)
	at org.testng.TestNG.runSuitesSequentially(TestNG.java:1212)
	at org.testng.TestNG.runSuitesLocally(TestNG.java:1134)
	at org.testng.TestNG.runSuites(TestNG.java:1063)
	at org.testng.TestNG.run(TestNG.java:1031)
	at org.testng.remote.AbstractRemoteTestNG.run(AbstractRemoteTestNG.java:115)
	at org.testng.remote.RemoteTestNG.initAndRun(RemoteTestNG.java:251)
	at org.testng.remote.RemoteTestNG.main(RemoteTestNG.java:77)
</div></td></tr></table><p class="totop"><a href="#summary">back to summary</a></p>
<h3 id="m10">SpellCheck.SpellCheckPages#spellCheck</h3><table class="result"><tr class="param"><th>Parameter #1</th></tr><tr class="param stripe"><td>https://oldschool.runescape.wiki/w/Ishmael%27s_Fish_He_Sells</td></tr><tr><th>Messages</th></tr><tr><td><div class="messages"><br>Potential error: He Sells<br>Ishmael's Fish He Sells is a shop located in the Ruins of Unkah. <br>ID: PRONOUN_NOUN = Possible mistake. Please verify.<br></div></td></tr><tr><th>Exception</th></tr><tr><td><div class="stacktrace">java.lang.AssertionError
	at SpellCheck.SpellCheckPages.spellCheck(SpellCheckPages.java:104)
	at jdk.internal.reflect.GeneratedMethodAccessor3.invoke(Unknown Source)
	at java.base/jdk.internal.reflect.DelegatingMethodAccessorImpl.invoke(DelegatingMethodAccessorImpl.java:43)
	at java.base/java.lang.reflect.Method.invoke(Method.java:567)
	at org.testng.internal.MethodInvocationHelper.invokeMethod(MethodInvocationHelper.java:133)
	at org.testng.internal.TestInvoker.invokeMethod(TestInvoker.java:598)
	at org.testng.internal.TestInvoker.invokeTestMethod(TestInvoker.java:173)
	at org.testng.internal.MethodRunner.runInSequence(MethodRunner.java:46)
	at org.testng.internal.TestInvoker$MethodInvocationAgent.invoke(TestInvoker.java:824)
	at org.testng.internal.TestInvoker.invokeTestMethods(TestInvoker.java:146)
	at org.testng.internal.TestMethodWorker.invokeTestMethods(TestMethodWorker.java:146)
	at org.testng.internal.TestMethodWorker.run(TestMethodWorker.java:128)
	at java.base/java.util.ArrayList.forEach(ArrayList.java:1511)
	at org.testng.TestRunner.privateRun(TestRunner.java:794)
	at org.testng.TestRunner.run(TestRunner.java:596)
	at org.testng.SuiteRunner.runTest(SuiteRunner.java:377)
	at org.testng.SuiteRunner.runSequentially(SuiteRunner.java:371)
	at org.testng.SuiteRunner.privateRun(SuiteRunner.java:332)
	at org.testng.SuiteRunner.run(SuiteRunner.java:276)
	at org.testng.SuiteRunnerWorker.runSuite(SuiteRunnerWorker.java:53)
	at org.testng.SuiteRunnerWorker.run(SuiteRunnerWorker.java:96)
	at org.testng.TestNG.runSuitesSequentially(TestNG.java:1212)
	at org.testng.TestNG.runSuitesLocally(TestNG.java:1134)
	at org.testng.TestNG.runSuites(TestNG.java:1063)
	at org.testng.TestNG.run(TestNG.java:1031)
	at org.testng.remote.AbstractRemoteTestNG.run(AbstractRemoteTestNG.java:115)
	at org.testng.remote.RemoteTestNG.initAndRun(RemoteTestNG.java:251)
	at org.testng.remote.RemoteTestNG.main(RemoteTestNG.java:77)
</div></td></tr></table><p class="totop"><a href="#summary">back to summary</a></p>
<h3 id="m11">SpellCheck.SpellCheckPages#spellCheck</h3><table class="result"><tr class="param"><th>Parameter #1</th></tr><tr class="param stripe"><td>https://oldschool.runescape.wiki/w/Greenman%27s_ale_(Player-owned_house)</td></tr><tr><th>Messages</th></tr><tr><td><div class="messages"><br>Potential error: Greenman<br>Greenman's ale is a variant of Greenman's ale that can be obtained in a Player-owned house. <br>ID: MORFOLOGIK_RULE_EN_GB = Possible spelling mistake found.<br><br/><br>Potential error: Greenman<br>Greenman's ale is a variant of Greenman's ale that can be obtained in a Player-owned house. <br>ID: MORFOLOGIK_RULE_EN_GB = Possible spelling mistake found.<br><br/><br>Potential error: an<br>Players can obtain it by using an empty beer glass on an Greenman's ale barrel, which can be built in the kitchen of a player-owned house.
<br>ID: EN_A_VS_AN = Use <suggestion>a</suggestion> instead of 'an' if the following word doesn't start with a vowel sound, e.g. 'a sentence', 'a university'.<br><br/><br>Potential error: Greenman<br>Players can obtain it by using an empty beer glass on an Greenman's ale barrel, which can be built in the kitchen of a player-owned house.
<br>ID: MORFOLOGIK_RULE_EN_GB = Possible spelling mistake found.<br></div></td></tr><tr><th>Exception</th></tr><tr><td><div class="stacktrace">java.lang.AssertionError
	at SpellCheck.SpellCheckPages.spellCheck(SpellCheckPages.java:104)
	at jdk.internal.reflect.GeneratedMethodAccessor3.invoke(Unknown Source)
	at java.base/jdk.internal.reflect.DelegatingMethodAccessorImpl.invoke(DelegatingMethodAccessorImpl.java:43)
	at java.base/java.lang.reflect.Method.invoke(Method.java:567)
	at org.testng.internal.MethodInvocationHelper.invokeMethod(MethodInvocationHelper.java:133)
	at org.testng.internal.TestInvoker.invokeMethod(TestInvoker.java:598)
	at org.testng.internal.TestInvoker.invokeTestMethod(TestInvoker.java:173)
	at org.testng.internal.MethodRunner.runInSequence(MethodRunner.java:46)
	at org.testng.internal.TestInvoker$MethodInvocationAgent.invoke(TestInvoker.java:824)
	at org.testng.internal.TestInvoker.invokeTestMethods(TestInvoker.java:146)
	at org.testng.internal.TestMethodWorker.invokeTestMethods(TestMethodWorker.java:146)
	at org.testng.internal.TestMethodWorker.run(TestMethodWorker.java:128)
	at java.base/java.util.ArrayList.forEach(ArrayList.java:1511)
	at org.testng.TestRunner.privateRun(TestRunner.java:794)
	at org.testng.TestRunner.run(TestRunner.java:596)
	at org.testng.SuiteRunner.runTest(SuiteRunner.java:377)
	at org.testng.SuiteRunner.runSequentially(SuiteRunner.java:371)
	at org.testng.SuiteRunner.privateRun(SuiteRunner.java:332)
	at org.testng.SuiteRunner.run(SuiteRunner.java:276)
	at org.testng.SuiteRunnerWorker.runSuite(SuiteRunnerWorker.java:53)
	at org.testng.SuiteRunnerWorker.run(SuiteRunnerWorker.java:96)
	at org.testng.TestNG.runSuitesSequentially(TestNG.java:1212)
	at org.testng.TestNG.runSuitesLocally(TestNG.java:1134)
	at org.testng.TestNG.runSuites(TestNG.java:1063)
	at org.testng.TestNG.run(TestNG.java:1031)
	at org.testng.remote.AbstractRemoteTestNG.run(AbstractRemoteTestNG.java:115)
	at org.testng.remote.RemoteTestNG.initAndRun(RemoteTestNG.java:251)
	at org.testng.remote.RemoteTestNG.main(RemoteTestNG.java:77)
</div></td></tr></table><p class="totop"><a href="#summary">back to summary</a></p>
<h3 id="m12">SpellCheck.SpellCheckPages#spellCheck</h3><table class="result"><tr class="param"><th>Parameter #1</th></tr><tr class="param stripe"><td>https://oldschool.runescape.wiki/w/Gold_Chest_(black)</td></tr><tr><th>Messages</th></tr><tr><td><div class="messages"><br>Potential error: 7[d<br>Tree wizards' journal 1 1/103.7; 1/99.7[d 1] Not sold
Runescroll of swampbark 1 1/103.7; 1/99.7[d 2] 12,119
Bloody notes 1 1/103.7; 1/99.7[d 3] Not sold
Runescroll of bloodbark 1 1/103.7; 1/99.7[d 2] 14,370
↑ Players will only receive the tree wizards' journal once; subsequent rolls will give players a runescroll of swampbark instead.
<br>ID: NON_STANDARD_WORD = The word '7[d' is not standard English. Did you mean <suggestion>7’d</suggestion> (curly apostrophe) or <suggestion>7'd</suggestion> (straight apostrophe)?<br><br/><br>Potential error: 7[d<br>Tree wizards' journal 1 1/103.7; 1/99.7[d 1] Not sold
Runescroll of swampbark 1 1/103.7; 1/99.7[d 2] 12,119
Bloody notes 1 1/103.7; 1/99.7[d 3] Not sold
Runescroll of bloodbark 1 1/103.7; 1/99.7[d 2] 14,370
↑ Players will only receive the tree wizards' journal once; subsequent rolls will give players a runescroll of swampbark instead.
<br>ID: NON_STANDARD_WORD = The word '7[d' is not standard English. Did you mean <suggestion>7’d</suggestion> (curly apostrophe) or <suggestion>7'd</suggestion> (straight apostrophe)?<br><br/><br>Potential error: 7[d<br>Tree wizards' journal 1 1/103.7; 1/99.7[d 1] Not sold
Runescroll of swampbark 1 1/103.7; 1/99.7[d 2] 12,119
Bloody notes 1 1/103.7; 1/99.7[d 3] Not sold
Runescroll of bloodbark 1 1/103.7; 1/99.7[d 2] 14,370
↑ Players will only receive the tree wizards' journal once; subsequent rolls will give players a runescroll of swampbark instead.
<br>ID: NON_STANDARD_WORD = The word '7[d' is not standard English. Did you mean <suggestion>7’d</suggestion> (curly apostrophe) or <suggestion>7'd</suggestion> (straight apostrophe)?<br><br/><br>Potential error: 7[d<br>Tree wizards' journal 1 1/103.7; 1/99.7[d 1] Not sold
Runescroll of swampbark 1 1/103.7; 1/99.7[d 2] 12,119
Bloody notes 1 1/103.7; 1/99.7[d 3] Not sold
Runescroll of bloodbark 1 1/103.7; 1/99.7[d 2] 14,370
↑ Players will only receive the tree wizards' journal once; subsequent rolls will give players a runescroll of swampbark instead.
<br>ID: NON_STANDARD_WORD = The word '7[d' is not standard English. Did you mean <suggestion>7’d</suggestion> (curly apostrophe) or <suggestion>7'd</suggestion> (straight apostrophe)?<br><br/><br>Potential error: runescrolls<br>2.0 2.1 The drop rate of runescrolls are increased when wearing a ring of wealth.
<br>ID: MORFOLOGIK_RULE_EN_GB = Possible spelling mistake found.<br><br/><br>Potential error: 9[d<br>Battlestaff 3 (noted) 1/13.11; 1/12.9[d 1] 24,192
Adamant spear 1 1/20.6 841
Adamant spear(p) 1 1/24.03 834
Rune longsword 1 1/28.84; 1/47.5[d 1] 18,534
Rune sword 1 1/48.06; 1/47.5[d 1] 12,014
Adamant longsword 1 1/48.06 1,614
Rune scimitar 1 1/48.06; 1/47.5[d 1] 15,056
Dragon dagger 1 1/72.09; 1/71.2[d 1] 17,350
Dragon longsword 1 1/144.2; 1/142[d 1] 59,194
Dragon mace 1 1/144.2; 1/142[d 1] 29,518
1.0 1.1 1.2 1.3 1.4 1.5 1.6 The drop rate of this item is increased if players already have an elite clue scroll.
<br>ID: NON_STANDARD_WORD = The word '9[d' is not standard English. Did you mean <suggestion>9’d</suggestion> (curly apostrophe) or <suggestion>9'd</suggestion> (straight apostrophe)?<br><br/><br>Potential error: 5[d<br>Battlestaff 3 (noted) 1/13.11; 1/12.9[d 1] 24,192
Adamant spear 1 1/20.6 841
Adamant spear(p) 1 1/24.03 834
Rune longsword 1 1/28.84; 1/47.5[d 1] 18,534
Rune sword 1 1/48.06; 1/47.5[d 1] 12,014
Adamant longsword 1 1/48.06 1,614
Rune scimitar 1 1/48.06; 1/47.5[d 1] 15,056
Dragon dagger 1 1/72.09; 1/71.2[d 1] 17,350
Dragon longsword 1 1/144.2; 1/142[d 1] 59,194
Dragon mace 1 1/144.2; 1/142[d 1] 29,518
1.0 1.1 1.2 1.3 1.4 1.5 1.6 The drop rate of this item is increased if players already have an elite clue scroll.
<br>ID: NON_STANDARD_WORD = The word '5[d' is not standard English. Did you mean <suggestion>5’d</suggestion> (curly apostrophe) or <suggestion>5'd</suggestion> (straight apostrophe)?<br><br/><br>Potential error: 5[d<br>Battlestaff 3 (noted) 1/13.11; 1/12.9[d 1] 24,192
Adamant spear 1 1/20.6 841
Adamant spear(p) 1 1/24.03 834
Rune longsword 1 1/28.84; 1/47.5[d 1] 18,534
Rune sword 1 1/48.06; 1/47.5[d 1] 12,014
Adamant longsword 1 1/48.06 1,614
Rune scimitar 1 1/48.06; 1/47.5[d 1] 15,056
Dragon dagger 1 1/72.09; 1/71.2[d 1] 17,350
Dragon longsword 1 1/144.2; 1/142[d 1] 59,194
Dragon mace 1 1/144.2; 1/142[d 1] 29,518
1.0 1.1 1.2 1.3 1.4 1.5 1.6 The drop rate of this item is increased if players already have an elite clue scroll.
<br>ID: NON_STANDARD_WORD = The word '5[d' is not standard English. Did you mean <suggestion>5’d</suggestion> (curly apostrophe) or <suggestion>5'd</suggestion> (straight apostrophe)?<br><br/><br>Potential error: 5[d<br>Battlestaff 3 (noted) 1/13.11; 1/12.9[d 1] 24,192
Adamant spear 1 1/20.6 841
Adamant spear(p) 1 1/24.03 834
Rune longsword 1 1/28.84; 1/47.5[d 1] 18,534
Rune sword 1 1/48.06; 1/47.5[d 1] 12,014
Adamant longsword 1 1/48.06 1,614
Rune scimitar 1 1/48.06; 1/47.5[d 1] 15,056
Dragon dagger 1 1/72.09; 1/71.2[d 1] 17,350
Dragon longsword 1 1/144.2; 1/142[d 1] 59,194
Dragon mace 1 1/144.2; 1/142[d 1] 29,518
1.0 1.1 1.2 1.3 1.4 1.5 1.6 The drop rate of this item is increased if players already have an elite clue scroll.
<br>ID: NON_STANDARD_WORD = The word '5[d' is not standard English. Did you mean <suggestion>5’d</suggestion> (curly apostrophe) or <suggestion>5'd</suggestion> (straight apostrophe)?<br><br/><br>Potential error: 2[d<br>Battlestaff 3 (noted) 1/13.11; 1/12.9[d 1] 24,192
Adamant spear 1 1/20.6 841
Adamant spear(p) 1 1/24.03 834
Rune longsword 1 1/28.84; 1/47.5[d 1] 18,534
Rune sword 1 1/48.06; 1/47.5[d 1] 12,014
Adamant longsword 1 1/48.06 1,614
Rune scimitar 1 1/48.06; 1/47.5[d 1] 15,056
Dragon dagger 1 1/72.09; 1/71.2[d 1] 17,350
Dragon longsword 1 1/144.2; 1/142[d 1] 59,194
Dragon mace 1 1/144.2; 1/142[d 1] 29,518
1.0 1.1 1.2 1.3 1.4 1.5 1.6 The drop rate of this item is increased if players already have an elite clue scroll.
<br>ID: NON_STANDARD_WORD = The word '2[d' is not standard English. Did you mean <suggestion>2’d</suggestion> (curly apostrophe) or <suggestion>2'd</suggestion> (straight apostrophe)?<br><br/><br>Potential error: 142[d<br>Battlestaff 3 (noted) 1/13.11; 1/12.9[d 1] 24,192
Adamant spear 1 1/20.6 841
Adamant spear(p) 1 1/24.03 834
Rune longsword 1 1/28.84; 1/47.5[d 1] 18,534
Rune sword 1 1/48.06; 1/47.5[d 1] 12,014
Adamant longsword 1 1/48.06 1,614
Rune scimitar 1 1/48.06; 1/47.5[d 1] 15,056
Dragon dagger 1 1/72.09; 1/71.2[d 1] 17,350
Dragon longsword 1 1/144.2; 1/142[d 1] 59,194
Dragon mace 1 1/144.2; 1/142[d 1] 29,518
1.0 1.1 1.2 1.3 1.4 1.5 1.6 The drop rate of this item is increased if players already have an elite clue scroll.
<br>ID: NON_STANDARD_WORD = The word '142[d' is not standard English. Did you mean <suggestion>142’d</suggestion> (curly apostrophe) or <suggestion>142'd</suggestion> (straight apostrophe)?<br><br/><br>Potential error: 142[d<br>Battlestaff 3 (noted) 1/13.11; 1/12.9[d 1] 24,192
Adamant spear 1 1/20.6 841
Adamant spear(p) 1 1/24.03 834
Rune longsword 1 1/28.84; 1/47.5[d 1] 18,534
Rune sword 1 1/48.06; 1/47.5[d 1] 12,014
Adamant longsword 1 1/48.06 1,614
Rune scimitar 1 1/48.06; 1/47.5[d 1] 15,056
Dragon dagger 1 1/72.09; 1/71.2[d 1] 17,350
Dragon longsword 1 1/144.2; 1/142[d 1] 59,194
Dragon mace 1 1/144.2; 1/142[d 1] 29,518
1.0 1.1 1.2 1.3 1.4 1.5 1.6 The drop rate of this item is increased if players already have an elite clue scroll.
<br>ID: NON_STANDARD_WORD = The word '142[d' is not standard English. Did you mean <suggestion>142’d</suggestion> (curly apostrophe) or <suggestion>142'd</suggestion> (straight apostrophe)?<br><br/><br>Potential error: 6[d<br>Adamant full helm 1 1/18.02 1,835
Mithril plateskirt 1 1/28.84 1,326
Adamant chainbody 1 1/36.05; 1/35.6[d 1] 2,753
Rune med helm 1 1/48.06; 1/47.5[d 1] 11,060
Adamant platelegs 1 1/48.06; 1/47.5[d 1] 3,482
Adamant plateskirt 1 1/48.06; 1/47.5[d 1] 3,625
Adamant platebody 1 1/48.06; 1/47.5[d 1] 9,305
Adamant kiteshield 1 1/72.09; 1/71.2[d 1] 2,938
Rune chainbody 1 1/72.09; 1/71.2[d 1] 29,438
Rune platebody 1 1/72.09; 1/71.2[d 1] 38,417
Rune platelegs 1 1/72.09; 1/71.2[d 1] 37,767
Rune plateskirt 1 1/72.09; 1/71.2[d 1] 37,762
1.0 1.1 1.2 1.3 1.4 1.5 1.6 1.7 1.8 1.9 The drop rate of this item is increased if players already have an elite clue scroll.
<br>ID: NON_STANDARD_WORD = The word '6[d' is not standard English. Did you mean <suggestion>6’d</suggestion> (curly apostrophe) or <suggestion>6'd</suggestion> (straight apostrophe)?<br><br/><br>Potential error: 5[d<br>Adamant full helm 1 1/18.02 1,835
Mithril plateskirt 1 1/28.84 1,326
Adamant chainbody 1 1/36.05; 1/35.6[d 1] 2,753
Rune med helm 1 1/48.06; 1/47.5[d 1] 11,060
Adamant platelegs 1 1/48.06; 1/47.5[d 1] 3,482
Adamant plateskirt 1 1/48.06; 1/47.5[d 1] 3,625
Adamant platebody 1 1/48.06; 1/47.5[d 1] 9,305
Adamant kiteshield 1 1/72.09; 1/71.2[d 1] 2,938
Rune chainbody 1 1/72.09; 1/71.2[d 1] 29,438
Rune platebody 1 1/72.09; 1/71.2[d 1] 38,417
Rune platelegs 1 1/72.09; 1/71.2[d 1] 37,767
Rune plateskirt 1 1/72.09; 1/71.2[d 1] 37,762
1.0 1.1 1.2 1.3 1.4 1.5 1.6 1.7 1.8 1.9 The drop rate of this item is increased if players already have an elite clue scroll.
<br>ID: NON_STANDARD_WORD = The word '5[d' is not standard English. Did you mean <suggestion>5’d</suggestion> (curly apostrophe) or <suggestion>5'd</suggestion> (straight apostrophe)?<br><br/><br>Potential error: 5[d<br>Adamant full helm 1 1/18.02 1,835
Mithril plateskirt 1 1/28.84 1,326
Adamant chainbody 1 1/36.05; 1/35.6[d 1] 2,753
Rune med helm 1 1/48.06; 1/47.5[d 1] 11,060
Adamant platelegs 1 1/48.06; 1/47.5[d 1] 3,482
Adamant plateskirt 1 1/48.06; 1/47.5[d 1] 3,625
Adamant platebody 1 1/48.06; 1/47.5[d 1] 9,305
Adamant kiteshield 1 1/72.09; 1/71.2[d 1] 2,938
Rune chainbody 1 1/72.09; 1/71.2[d 1] 29,438
Rune platebody 1 1/72.09; 1/71.2[d 1] 38,417
Rune platelegs 1 1/72.09; 1/71.2[d 1] 37,767
Rune plateskirt 1 1/72.09; 1/71.2[d 1] 37,762
1.0 1.1 1.2 1.3 1.4 1.5 1.6 1.7 1.8 1.9 The drop rate of this item is increased if players already have an elite clue scroll.
<br>ID: NON_STANDARD_WORD = The word '5[d' is not standard English. Did you mean <suggestion>5’d</suggestion> (curly apostrophe) or <suggestion>5'd</suggestion> (straight apostrophe)?<br><br/><br>Potential error: 5[d<br>Adamant full helm 1 1/18.02 1,835
Mithril plateskirt 1 1/28.84 1,326
Adamant chainbody 1 1/36.05; 1/35.6[d 1] 2,753
Rune med helm 1 1/48.06; 1/47.5[d 1] 11,060
Adamant platelegs 1 1/48.06; 1/47.5[d 1] 3,482
Adamant plateskirt 1 1/48.06; 1/47.5[d 1] 3,625
Adamant platebody 1 1/48.06; 1/47.5[d 1] 9,305
Adamant kiteshield 1 1/72.09; 1/71.2[d 1] 2,938
Rune chainbody 1 1/72.09; 1/71.2[d 1] 29,438
Rune platebody 1 1/72.09; 1/71.2[d 1] 38,417
Rune platelegs 1 1/72.09; 1/71.2[d 1] 37,767
Rune plateskirt 1 1/72.09; 1/71.2[d 1] 37,762
1.0 1.1 1.2 1.3 1.4 1.5 1.6 1.7 1.8 1.9 The drop rate of this item is increased if players already have an elite clue scroll.
<br>ID: NON_STANDARD_WORD = The word '5[d' is not standard English. Did you mean <suggestion>5’d</suggestion> (curly apostrophe) or <suggestion>5'd</suggestion> (straight apostrophe)?<br><br/><br>Potential error: 5[d<br>Adamant full helm 1 1/18.02 1,835
Mithril plateskirt 1 1/28.84 1,326
Adamant chainbody 1 1/36.05; 1/35.6[d 1] 2,753
Rune med helm 1 1/48.06; 1/47.5[d 1] 11,060
Adamant platelegs 1 1/48.06; 1/47.5[d 1] 3,482
Adamant plateskirt 1 1/48.06; 1/47.5[d 1] 3,625
Adamant platebody 1 1/48.06; 1/47.5[d 1] 9,305
Adamant kiteshield 1 1/72.09; 1/71.2[d 1] 2,938
Rune chainbody 1 1/72.09; 1/71.2[d 1] 29,438
Rune platebody 1 1/72.09; 1/71.2[d 1] 38,417
Rune platelegs 1 1/72.09; 1/71.2[d 1] 37,767
Rune plateskirt 1 1/72.09; 1/71.2[d 1] 37,762
1.0 1.1 1.2 1.3 1.4 1.5 1.6 1.7 1.8 1.9 The drop rate of this item is increased if players already have an elite clue scroll.
<br>ID: NON_STANDARD_WORD = The word '5[d' is not standard English. Did you mean <suggestion>5’d</suggestion> (curly apostrophe) or <suggestion>5'd</suggestion> (straight apostrophe)?<br><br/><br>Potential error: 2[d<br>Adamant full helm 1 1/18.02 1,835
Mithril plateskirt 1 1/28.84 1,326
Adamant chainbody 1 1/36.05; 1/35.6[d 1] 2,753
Rune med helm 1 1/48.06; 1/47.5[d 1] 11,060
Adamant platelegs 1 1/48.06; 1/47.5[d 1] 3,482
Adamant plateskirt 1 1/48.06; 1/47.5[d 1] 3,625
Adamant platebody 1 1/48.06; 1/47.5[d 1] 9,305
Adamant kiteshield 1 1/72.09; 1/71.2[d 1] 2,938
Rune chainbody 1 1/72.09; 1/71.2[d 1] 29,438
Rune platebody 1 1/72.09; 1/71.2[d 1] 38,417
Rune platelegs 1 1/72.09; 1/71.2[d 1] 37,767
Rune plateskirt 1 1/72.09; 1/71.2[d 1] 37,762
1.0 1.1 1.2 1.3 1.4 1.5 1.6 1.7 1.8 1.9 The drop rate of this item is increased if players already have an elite clue scroll.
<br>ID: NON_STANDARD_WORD = The word '2[d' is not standard English. Did you mean <suggestion>2’d</suggestion> (curly apostrophe) or <suggestion>2'd</suggestion> (straight apostrophe)?<br><br/><br>Potential error: 2[d<br>Adamant full helm 1 1/18.02 1,835
Mithril plateskirt 1 1/28.84 1,326
Adamant chainbody 1 1/36.05; 1/35.6[d 1] 2,753
Rune med helm 1 1/48.06; 1/47.5[d 1] 11,060
Adamant platelegs 1 1/48.06; 1/47.5[d 1] 3,482
Adamant plateskirt 1 1/48.06; 1/47.5[d 1] 3,625
Adamant platebody 1 1/48.06; 1/47.5[d 1] 9,305
Adamant kiteshield 1 1/72.09; 1/71.2[d 1] 2,938
Rune chainbody 1 1/72.09; 1/71.2[d 1] 29,438
Rune platebody 1 1/72.09; 1/71.2[d 1] 38,417
Rune platelegs 1 1/72.09; 1/71.2[d 1] 37,767
Rune plateskirt 1 1/72.09; 1/71.2[d 1] 37,762
1.0 1.1 1.2 1.3 1.4 1.5 1.6 1.7 1.8 1.9 The drop rate of this item is increased if players already have an elite clue scroll.
<br>ID: NON_STANDARD_WORD = The word '2[d' is not standard English. Did you mean <suggestion>2’d</suggestion> (curly apostrophe) or <suggestion>2'd</suggestion> (straight apostrophe)?<br><br/><br>Potential error: 2[d<br>Adamant full helm 1 1/18.02 1,835
Mithril plateskirt 1 1/28.84 1,326
Adamant chainbody 1 1/36.05; 1/35.6[d 1] 2,753
Rune med helm 1 1/48.06; 1/47.5[d 1] 11,060
Adamant platelegs 1 1/48.06; 1/47.5[d 1] 3,482
Adamant plateskirt 1 1/48.06; 1/47.5[d 1] 3,625
Adamant platebody 1 1/48.06; 1/47.5[d 1] 9,305
Adamant kiteshield 1 1/72.09; 1/71.2[d 1] 2,938
Rune chainbody 1 1/72.09; 1/71.2[d 1] 29,438
Rune platebody 1 1/72.09; 1/71.2[d 1] 38,417
Rune platelegs 1 1/72.09; 1/71.2[d 1] 37,767
Rune plateskirt 1 1/72.09; 1/71.2[d 1] 37,762
1.0 1.1 1.2 1.3 1.4 1.5 1.6 1.7 1.8 1.9 The drop rate of this item is increased if players already have an elite clue scroll.
<br>ID: NON_STANDARD_WORD = The word '2[d' is not standard English. Did you mean <suggestion>2’d</suggestion> (curly apostrophe) or <suggestion>2'd</suggestion> (straight apostrophe)?<br><br/><br>Potential error: 2[d<br>Adamant full helm 1 1/18.02 1,835
Mithril plateskirt 1 1/28.84 1,326
Adamant chainbody 1 1/36.05; 1/35.6[d 1] 2,753
Rune med helm 1 1/48.06; 1/47.5[d 1] 11,060
Adamant platelegs 1 1/48.06; 1/47.5[d 1] 3,482
Adamant plateskirt 1 1/48.06; 1/47.5[d 1] 3,625
Adamant platebody 1 1/48.06; 1/47.5[d 1] 9,305
Adamant kiteshield 1 1/72.09; 1/71.2[d 1] 2,938
Rune chainbody 1 1/72.09; 1/71.2[d 1] 29,438
Rune platebody 1 1/72.09; 1/71.2[d 1] 38,417
Rune platelegs 1 1/72.09; 1/71.2[d 1] 37,767
Rune plateskirt 1 1/72.09; 1/71.2[d 1] 37,762
1.0 1.1 1.2 1.3 1.4 1.5 1.6 1.7 1.8 1.9 The drop rate of this item is increased if players already have an elite clue scroll.
<br>ID: NON_STANDARD_WORD = The word '2[d' is not standard English. Did you mean <suggestion>2’d</suggestion> (curly apostrophe) or <suggestion>2'd</suggestion> (straight apostrophe)?<br><br/><br>Potential error: 2[d<br>Adamant full helm 1 1/18.02 1,835
Mithril plateskirt 1 1/28.84 1,326
Adamant chainbody 1 1/36.05; 1/35.6[d 1] 2,753
Rune med helm 1 1/48.06; 1/47.5[d 1] 11,060
Adamant platelegs 1 1/48.06; 1/47.5[d 1] 3,482
Adamant plateskirt 1 1/48.06; 1/47.5[d 1] 3,625
Adamant platebody 1 1/48.06; 1/47.5[d 1] 9,305
Adamant kiteshield 1 1/72.09; 1/71.2[d 1] 2,938
Rune chainbody 1 1/72.09; 1/71.2[d 1] 29,438
Rune platebody 1 1/72.09; 1/71.2[d 1] 38,417
Rune platelegs 1 1/72.09; 1/71.2[d 1] 37,767
Rune plateskirt 1 1/72.09; 1/71.2[d 1] 37,762
1.0 1.1 1.2 1.3 1.4 1.5 1.6 1.7 1.8 1.9 The drop rate of this item is increased if players already have an elite clue scroll.
<br>ID: NON_STANDARD_WORD = The word '2[d' is not standard English. Did you mean <suggestion>2’d</suggestion> (curly apostrophe) or <suggestion>2'd</suggestion> (straight apostrophe)?<br><br/><br>Potential error: 93[d<br>Fine cloth 1 1/6.008; 1/5.93[d 1][d 2] 7,723
Death rune 10–29 1/16.02 1,830–5,307
Amulet of the damned (full) 1 1/24.03; 1/23.7[d 1] 34,237
Soul rune 10–29 1/24.03 1,830–5,307
Flamtaer hammer 1 1/36.05 5,347
Dragonstone ring 1 1/48.06 11,615
Dragonstone 1 1/72.09; 1/71.2[d 1] 11,625
Yew logs 5–14 (noted) 1/80.1; 1/241[d 3] 1,085–3,038
Redwood logs 5–14 (noted) 1/120.2; 1/361[d 3] 1,370–3,836
Clue scroll (elite) 1 1/144.2 Not sold
1.0 1.1 1.2 The drop rate of this item is increased if players already have an elite clue scroll.
<br>ID: NON_STANDARD_WORD = The word '93[d' is not standard English. Did you mean <suggestion>93’d</suggestion> (curly apostrophe) or <suggestion>93'd</suggestion> (straight apostrophe)?<br><br/><br>Potential error: 7[d<br>Fine cloth 1 1/6.008; 1/5.93[d 1][d 2] 7,723
Death rune 10–29 1/16.02 1,830–5,307
Amulet of the damned (full) 1 1/24.03; 1/23.7[d 1] 34,237
Soul rune 10–29 1/24.03 1,830–5,307
Flamtaer hammer 1 1/36.05 5,347
Dragonstone ring 1 1/48.06 11,615
Dragonstone 1 1/72.09; 1/71.2[d 1] 11,625
Yew logs 5–14 (noted) 1/80.1; 1/241[d 3] 1,085–3,038
Redwood logs 5–14 (noted) 1/120.2; 1/361[d 3] 1,370–3,836
Clue scroll (elite) 1 1/144.2 Not sold
1.0 1.1 1.2 The drop rate of this item is increased if players already have an elite clue scroll.
<br>ID: NON_STANDARD_WORD = The word '7[d' is not standard English. Did you mean <suggestion>7’d</suggestion> (curly apostrophe) or <suggestion>7'd</suggestion> (straight apostrophe)?<br><br/><br>Potential error: 2[d<br>Fine cloth 1 1/6.008; 1/5.93[d 1][d 2] 7,723
Death rune 10–29 1/16.02 1,830–5,307
Amulet of the damned (full) 1 1/24.03; 1/23.7[d 1] 34,237
Soul rune 10–29 1/24.03 1,830–5,307
Flamtaer hammer 1 1/36.05 5,347
Dragonstone ring 1 1/48.06 11,615
Dragonstone 1 1/72.09; 1/71.2[d 1] 11,625
Yew logs 5–14 (noted) 1/80.1; 1/241[d 3] 1,085–3,038
Redwood logs 5–14 (noted) 1/120.2; 1/361[d 3] 1,370–3,836
Clue scroll (elite) 1 1/144.2 Not sold
1.0 1.1 1.2 The drop rate of this item is increased if players already have an elite clue scroll.
<br>ID: NON_STANDARD_WORD = The word '2[d' is not standard English. Did you mean <suggestion>2’d</suggestion> (curly apostrophe) or <suggestion>2'd</suggestion> (straight apostrophe)?<br><br/><br>Potential error: 241[d<br>Fine cloth 1 1/6.008; 1/5.93[d 1][d 2] 7,723
Death rune 10–29 1/16.02 1,830–5,307
Amulet of the damned (full) 1 1/24.03; 1/23.7[d 1] 34,237
Soul rune 10–29 1/24.03 1,830–5,307
Flamtaer hammer 1 1/36.05 5,347
Dragonstone ring 1 1/48.06 11,615
Dragonstone 1 1/72.09; 1/71.2[d 1] 11,625
Yew logs 5–14 (noted) 1/80.1; 1/241[d 3] 1,085–3,038
Redwood logs 5–14 (noted) 1/120.2; 1/361[d 3] 1,370–3,836
Clue scroll (elite) 1 1/144.2 Not sold
1.0 1.1 1.2 The drop rate of this item is increased if players already have an elite clue scroll.
<br>ID: NON_STANDARD_WORD = The word '241[d' is not standard English. Did you mean <suggestion>241’d</suggestion> (curly apostrophe) or <suggestion>241'd</suggestion> (straight apostrophe)?<br><br/><br>Potential error: 361[d<br>Fine cloth 1 1/6.008; 1/5.93[d 1][d 2] 7,723
Death rune 10–29 1/16.02 1,830–5,307
Amulet of the damned (full) 1 1/24.03; 1/23.7[d 1] 34,237
Soul rune 10–29 1/24.03 1,830–5,307
Flamtaer hammer 1 1/36.05 5,347
Dragonstone ring 1 1/48.06 11,615
Dragonstone 1 1/72.09; 1/71.2[d 1] 11,625
Yew logs 5–14 (noted) 1/80.1; 1/241[d 3] 1,085–3,038
Redwood logs 5–14 (noted) 1/120.2; 1/361[d 3] 1,370–3,836
Clue scroll (elite) 1 1/144.2 Not sold
1.0 1.1 1.2 The drop rate of this item is increased if players already have an elite clue scroll.
<br>ID: NON_STANDARD_WORD = The word '361[d' is not standard English. Did you mean <suggestion>361’d</suggestion> (curly apostrophe) or <suggestion>361'd</suggestion> (straight apostrophe)?<br></div></td></tr><tr><th>Exception</th></tr><tr><td><div class="stacktrace">java.lang.AssertionError
	at SpellCheck.SpellCheckPages.spellCheck(SpellCheckPages.java:104)
	at jdk.internal.reflect.GeneratedMethodAccessor3.invoke(Unknown Source)
	at java.base/jdk.internal.reflect.DelegatingMethodAccessorImpl.invoke(DelegatingMethodAccessorImpl.java:43)
	at java.base/java.lang.reflect.Method.invoke(Method.java:567)
	at org.testng.internal.MethodInvocationHelper.invokeMethod(MethodInvocationHelper.java:133)
	at org.testng.internal.TestInvoker.invokeMethod(TestInvoker.java:598)
	at org.testng.internal.TestInvoker.invokeTestMethod(TestInvoker.java:173)
	at org.testng.internal.MethodRunner.runInSequence(MethodRunner.java:46)
	at org.testng.internal.TestInvoker$MethodInvocationAgent.invoke(TestInvoker.java:824)
	at org.testng.internal.TestInvoker.invokeTestMethods(TestInvoker.java:146)
	at org.testng.internal.TestMethodWorker.invokeTestMethods(TestMethodWorker.java:146)
	at org.testng.internal.TestMethodWorker.run(TestMethodWorker.java:128)
	at java.base/java.util.ArrayList.forEach(ArrayList.java:1511)
	at org.testng.TestRunner.privateRun(TestRunner.java:794)
	at org.testng.TestRunner.run(TestRunner.java:596)
	at org.testng.SuiteRunner.runTest(SuiteRunner.java:377)
	at org.testng.SuiteRunner.runSequentially(SuiteRunner.java:371)
	at org.testng.SuiteRunner.privateRun(SuiteRunner.java:332)
	at org.testng.SuiteRunner.run(SuiteRunner.java:276)
	at org.testng.SuiteRunnerWorker.runSuite(SuiteRunnerWorker.java:53)
	at org.testng.SuiteRunnerWorker.run(SuiteRunnerWorker.java:96)
	at org.testng.TestNG.runSuitesSequentially(TestNG.java:1212)
	at org.testng.TestNG.runSuitesLocally(TestNG.java:1134)
	at org.testng.TestNG.runSuites(TestNG.java:1063)
	at org.testng.TestNG.run(TestNG.java:1031)
	at org.testng.remote.AbstractRemoteTestNG.run(AbstractRemoteTestNG.java:115)
	at org.testng.remote.RemoteTestNG.initAndRun(RemoteTestNG.java:251)
	at org.testng.remote.RemoteTestNG.main(RemoteTestNG.java:77)
</div></td></tr></table><p class="totop"><a href="#summary">back to summary</a></p>
<h3 id="m13">SpellCheck.SpellCheckPages#spellCheck</h3><table class="result"><tr class="param"><th>Parameter #1</th></tr><tr class="param stripe"><td>https://oldschool.runescape.wiki/w/Mithril_platelegs</td></tr><tr><th>Messages</th></tr><tr><td><div class="messages"><br>Potential error: 5m<br>Blast Furnace in Keldagrim 0 5m 2,600 1,560
Louie's Armoured Legs Bazaar. <br>ID: UNIT_SPACE = Insert a space between the numerical value and the unit symbol.<br><br/><br>Potential error: 20m<br>Al Kharid 1 20m 2,600 1,690
The platelegs's ranged attack bonus has been decreased from -7 to -11.
<br>ID: UNIT_SPACE = Insert a space between the numerical value and the unit symbol.<br></div></td></tr><tr><th>Exception</th></tr><tr><td><div class="stacktrace">java.lang.AssertionError
	at SpellCheck.SpellCheckPages.spellCheck(SpellCheckPages.java:104)
	at java.base/jdk.internal.reflect.NativeMethodAccessorImpl.invoke0(Native Method)
	at java.base/jdk.internal.reflect.NativeMethodAccessorImpl.invoke(NativeMethodAccessorImpl.java:78)
	at java.base/jdk.internal.reflect.DelegatingMethodAccessorImpl.invoke(DelegatingMethodAccessorImpl.java:43)
	at java.base/java.lang.reflect.Method.invoke(Method.java:567)
	at org.testng.internal.MethodInvocationHelper.invokeMethod(MethodInvocationHelper.java:133)
	at org.testng.internal.TestInvoker.invokeMethod(TestInvoker.java:598)
	at org.testng.internal.TestInvoker.invokeTestMethod(TestInvoker.java:173)
	at org.testng.internal.MethodRunner.runInSequence(MethodRunner.java:46)
	at org.testng.internal.TestInvoker$MethodInvocationAgent.invoke(TestInvoker.java:824)
	at org.testng.internal.TestInvoker.invokeTestMethods(TestInvoker.java:146)
	at org.testng.internal.TestMethodWorker.invokeTestMethods(TestMethodWorker.java:146)
	at org.testng.internal.TestMethodWorker.run(TestMethodWorker.java:128)
	at java.base/java.util.ArrayList.forEach(ArrayList.java:1511)
	at org.testng.TestRunner.privateRun(TestRunner.java:794)
	at org.testng.TestRunner.run(TestRunner.java:596)
	at org.testng.SuiteRunner.runTest(SuiteRunner.java:377)
	at org.testng.SuiteRunner.runSequentially(SuiteRunner.java:371)
	at org.testng.SuiteRunner.privateRun(SuiteRunner.java:332)
	at org.testng.SuiteRunner.run(SuiteRunner.java:276)
	at org.testng.SuiteRunnerWorker.runSuite(SuiteRunnerWorker.java:53)
	at org.testng.SuiteRunnerWorker.run(SuiteRunnerWorker.java:96)
	at org.testng.TestNG.runSuitesSequentially(TestNG.java:1212)
	at org.testng.TestNG.runSuitesLocally(TestNG.java:1134)
	at org.testng.TestNG.runSuites(TestNG.java:1063)
	at org.testng.TestNG.run(TestNG.java:1031)
	at org.testng.remote.AbstractRemoteTestNG.run(AbstractRemoteTestNG.java:115)
	at org.testng.remote.RemoteTestNG.initAndRun(RemoteTestNG.java:251)
	at org.testng.remote.RemoteTestNG.main(RemoteTestNG.java:77)
</div></td></tr></table><p class="totop"><a href="#summary">back to summary</a></p>
<h3 id="m14">SpellCheck.SpellCheckPages#spellCheck</h3><table class="result"><tr class="param"><th>Parameter #1</th></tr><tr class="param stripe"><td>https://oldschool.runescape.wiki/w/Dark_warrior</td></tr><tr><th>Messages</th></tr><tr><td><div class="messages"><br>Potential error: are<br>There are a mix of combat level 8 and 145 on the 1st floor[US] and only combat level 8 dark warriors on the 2nd floor[US]. <br>ID: THERE_VBP_NN = Possible agreement error. Did you mean <suggestion>is</suggestion>?<br></div></td></tr><tr><th>Exception</th></tr><tr><td><div class="stacktrace">java.lang.AssertionError
	at SpellCheck.SpellCheckPages.spellCheck(SpellCheckPages.java:104)
	at jdk.internal.reflect.GeneratedMethodAccessor3.invoke(Unknown Source)
	at java.base/jdk.internal.reflect.DelegatingMethodAccessorImpl.invoke(DelegatingMethodAccessorImpl.java:43)
	at java.base/java.lang.reflect.Method.invoke(Method.java:567)
	at org.testng.internal.MethodInvocationHelper.invokeMethod(MethodInvocationHelper.java:133)
	at org.testng.internal.TestInvoker.invokeMethod(TestInvoker.java:598)
	at org.testng.internal.TestInvoker.invokeTestMethod(TestInvoker.java:173)
	at org.testng.internal.MethodRunner.runInSequence(MethodRunner.java:46)
	at org.testng.internal.TestInvoker$MethodInvocationAgent.invoke(TestInvoker.java:824)
	at org.testng.internal.TestInvoker.invokeTestMethods(TestInvoker.java:146)
	at org.testng.internal.TestMethodWorker.invokeTestMethods(TestMethodWorker.java:146)
	at org.testng.internal.TestMethodWorker.run(TestMethodWorker.java:128)
	at java.base/java.util.ArrayList.forEach(ArrayList.java:1511)
	at org.testng.TestRunner.privateRun(TestRunner.java:794)
	at org.testng.TestRunner.run(TestRunner.java:596)
	at org.testng.SuiteRunner.runTest(SuiteRunner.java:377)
	at org.testng.SuiteRunner.runSequentially(SuiteRunner.java:371)
	at org.testng.SuiteRunner.privateRun(SuiteRunner.java:332)
	at org.testng.SuiteRunner.run(SuiteRunner.java:276)
	at org.testng.SuiteRunnerWorker.runSuite(SuiteRunnerWorker.java:53)
	at org.testng.SuiteRunnerWorker.run(SuiteRunnerWorker.java:96)
	at org.testng.TestNG.runSuitesSequentially(TestNG.java:1212)
	at org.testng.TestNG.runSuitesLocally(TestNG.java:1134)
	at org.testng.TestNG.runSuites(TestNG.java:1063)
	at org.testng.TestNG.run(TestNG.java:1031)
	at org.testng.remote.AbstractRemoteTestNG.run(AbstractRemoteTestNG.java:115)
	at org.testng.remote.RemoteTestNG.initAndRun(RemoteTestNG.java:251)
	at org.testng.remote.RemoteTestNG.main(RemoteTestNG.java:77)
</div></td></tr></table><p class="totop"><a href="#summary">back to summary</a></p>
<h3 id="m15">SpellCheck.SpellCheckPages#spellCheck</h3><table class="result"><tr class="param"><th>Parameter #1</th></tr><tr class="param stripe"><td>https://oldschool.runescape.wiki/w/Barrows_equipment</td></tr><tr><th>Messages</th></tr><tr><td><div class="messages"><br>Potential error: legwear<br>Each set has four pieces: a two-handed weapon (except for Ahrim's Staff, which after an update was changed to be a one-handed weapon like other staffs in an effort to buff the weapon), a helmet, a torso piece and legwear. <br>ID: MORFOLOGIK_RULE_EN_GB = Possible spelling mistake found.<br><br/><br>Potential error: Barrows sets<br>Barrows sets can't be made using the Smithing skill.
<br>ID: AGREEMENT_SENT_START = Possible agreement error.<br><br/><br>Potential error: hitpoint<br>The damage bonus per hitpoint increases based on the player's maximum hitpoints. <br>ID: MORFOLOGIK_RULE_EN_GB = Possible spelling mistake found.<br><br/><br>Potential error: barrows<br>Verac's brassard 0 0 0 -6 -2 81 95 85 0 81 0 0% 0 5 5.0
Verac's flail 68 -2 82 0 0 0 0 0 0 0 72 0% 0 6 2.3
Verac's helm 0 0 0 -6 -2 55 58 54 0 56 0 0% 0 3 1.4
Verac's plateskirt 0 0 0 -21 -11 85 82 83 0 84 0 0% 0 4 4.5
Totals 68 -2 82 -33 -15 221 235 222 0 221 72 0% 0 18 13.2
Degraded barrows equipment, mage arena capes and achievement diary reward items are now also protected on death, outside of PvP, in line with other untradeable items.
<br>ID: POSSESSIVE_APOSTROPHE = An apostrophe may be missing.<br><br/><br>Potential error: guthan<br>Prior to an update, guthan's chainskirt had transparent sections, similar to ghostly robes.
<br>ID: MORFOLOGIK_RULE_EN_GB = Possible spelling mistake found.<br></div></td></tr><tr><th>Exception</th></tr><tr><td><div class="stacktrace">java.lang.AssertionError
	at SpellCheck.SpellCheckPages.spellCheck(SpellCheckPages.java:104)
	at jdk.internal.reflect.GeneratedMethodAccessor3.invoke(Unknown Source)
	at java.base/jdk.internal.reflect.DelegatingMethodAccessorImpl.invoke(DelegatingMethodAccessorImpl.java:43)
	at java.base/java.lang.reflect.Method.invoke(Method.java:567)
	at org.testng.internal.MethodInvocationHelper.invokeMethod(MethodInvocationHelper.java:133)
	at org.testng.internal.TestInvoker.invokeMethod(TestInvoker.java:598)
	at org.testng.internal.TestInvoker.invokeTestMethod(TestInvoker.java:173)
	at org.testng.internal.MethodRunner.runInSequence(MethodRunner.java:46)
	at org.testng.internal.TestInvoker$MethodInvocationAgent.invoke(TestInvoker.java:824)
	at org.testng.internal.TestInvoker.invokeTestMethods(TestInvoker.java:146)
	at org.testng.internal.TestMethodWorker.invokeTestMethods(TestMethodWorker.java:146)
	at org.testng.internal.TestMethodWorker.run(TestMethodWorker.java:128)
	at java.base/java.util.ArrayList.forEach(ArrayList.java:1511)
	at org.testng.TestRunner.privateRun(TestRunner.java:794)
	at org.testng.TestRunner.run(TestRunner.java:596)
	at org.testng.SuiteRunner.runTest(SuiteRunner.java:377)
	at org.testng.SuiteRunner.runSequentially(SuiteRunner.java:371)
	at org.testng.SuiteRunner.privateRun(SuiteRunner.java:332)
	at org.testng.SuiteRunner.run(SuiteRunner.java:276)
	at org.testng.SuiteRunnerWorker.runSuite(SuiteRunnerWorker.java:53)
	at org.testng.SuiteRunnerWorker.run(SuiteRunnerWorker.java:96)
	at org.testng.TestNG.runSuitesSequentially(TestNG.java:1212)
	at org.testng.TestNG.runSuitesLocally(TestNG.java:1134)
	at org.testng.TestNG.runSuites(TestNG.java:1063)
	at org.testng.TestNG.run(TestNG.java:1031)
	at org.testng.remote.AbstractRemoteTestNG.run(AbstractRemoteTestNG.java:115)
	at org.testng.remote.RemoteTestNG.initAndRun(RemoteTestNG.java:251)
	at org.testng.remote.RemoteTestNG.main(RemoteTestNG.java:77)
</div></td></tr></table><p class="totop"><a href="#summary">back to summary</a></p>
<h3 id="m16">SpellCheck.SpellCheckPages#spellCheck</h3><table class="result"><tr class="param"><th>Parameter #1</th></tr><tr class="param stripe"><td>https://oldschool.runescape.wiki/w/Shayzien_helm_(4)</td></tr><tr><th>Messages</th></tr><tr><td><div class="messages"><br>Potential error: The examine<br>The examine text was modified, the old examine text was "Dress like a tier 4 soldier of the Shayzien House."
<br>ID: A_INFINITIVE = After 'The', the verb 'examine' doesn't fit. Is 'examine' spelled correctly? If 'examine' is the first word in a compound adjective, use a hyphen between the two words. Using the verb 'examine' as a noun may be non-standard.<br></div></td></tr><tr><th>Exception</th></tr><tr><td><div class="stacktrace">java.lang.AssertionError
	at SpellCheck.SpellCheckPages.spellCheck(SpellCheckPages.java:104)
	at jdk.internal.reflect.GeneratedMethodAccessor3.invoke(Unknown Source)
	at java.base/jdk.internal.reflect.DelegatingMethodAccessorImpl.invoke(DelegatingMethodAccessorImpl.java:43)
	at java.base/java.lang.reflect.Method.invoke(Method.java:567)
	at org.testng.internal.MethodInvocationHelper.invokeMethod(MethodInvocationHelper.java:133)
	at org.testng.internal.TestInvoker.invokeMethod(TestInvoker.java:598)
	at org.testng.internal.TestInvoker.invokeTestMethod(TestInvoker.java:173)
	at org.testng.internal.MethodRunner.runInSequence(MethodRunner.java:46)
	at org.testng.internal.TestInvoker$MethodInvocationAgent.invoke(TestInvoker.java:824)
	at org.testng.internal.TestInvoker.invokeTestMethods(TestInvoker.java:146)
	at org.testng.internal.TestMethodWorker.invokeTestMethods(TestMethodWorker.java:146)
	at org.testng.internal.TestMethodWorker.run(TestMethodWorker.java:128)
	at java.base/java.util.ArrayList.forEach(ArrayList.java:1511)
	at org.testng.TestRunner.privateRun(TestRunner.java:794)
	at org.testng.TestRunner.run(TestRunner.java:596)
	at org.testng.SuiteRunner.runTest(SuiteRunner.java:377)
	at org.testng.SuiteRunner.runSequentially(SuiteRunner.java:371)
	at org.testng.SuiteRunner.privateRun(SuiteRunner.java:332)
	at org.testng.SuiteRunner.run(SuiteRunner.java:276)
	at org.testng.SuiteRunnerWorker.runSuite(SuiteRunnerWorker.java:53)
	at org.testng.SuiteRunnerWorker.run(SuiteRunnerWorker.java:96)
	at org.testng.TestNG.runSuitesSequentially(TestNG.java:1212)
	at org.testng.TestNG.runSuitesLocally(TestNG.java:1134)
	at org.testng.TestNG.runSuites(TestNG.java:1063)
	at org.testng.TestNG.run(TestNG.java:1031)
	at org.testng.remote.AbstractRemoteTestNG.run(AbstractRemoteTestNG.java:115)
	at org.testng.remote.RemoteTestNG.initAndRun(RemoteTestNG.java:251)
	at org.testng.remote.RemoteTestNG.main(RemoteTestNG.java:77)
</div></td></tr></table><p class="totop"><a href="#summary">back to summary</a></p>
<h3 id="m17">SpellCheck.SpellCheckPages#spellCheck</h3><table class="result"><tr class="param"><th>Parameter #1</th></tr><tr class="param stripe"><td>https://oldschool.runescape.wiki/w/A_Meiyerditch_child</td></tr><tr><th>Messages</th></tr><tr><td><div class="messages"><br>Potential error: Drakans<br>If pressed, however, they will share what they know of The Myreque, Meiyerditch, and the Drakans. <br>ID: MORFOLOGIK_RULE_EN_GB = Possible spelling mistake found.<br></div></td></tr><tr><th>Exception</th></tr><tr><td><div class="stacktrace">java.lang.AssertionError
	at SpellCheck.SpellCheckPages.spellCheck(SpellCheckPages.java:104)
	at jdk.internal.reflect.GeneratedMethodAccessor3.invoke(Unknown Source)
	at java.base/jdk.internal.reflect.DelegatingMethodAccessorImpl.invoke(DelegatingMethodAccessorImpl.java:43)
	at java.base/java.lang.reflect.Method.invoke(Method.java:567)
	at org.testng.internal.MethodInvocationHelper.invokeMethod(MethodInvocationHelper.java:133)
	at org.testng.internal.TestInvoker.invokeMethod(TestInvoker.java:598)
	at org.testng.internal.TestInvoker.invokeTestMethod(TestInvoker.java:173)
	at org.testng.internal.MethodRunner.runInSequence(MethodRunner.java:46)
	at org.testng.internal.TestInvoker$MethodInvocationAgent.invoke(TestInvoker.java:824)
	at org.testng.internal.TestInvoker.invokeTestMethods(TestInvoker.java:146)
	at org.testng.internal.TestMethodWorker.invokeTestMethods(TestMethodWorker.java:146)
	at org.testng.internal.TestMethodWorker.run(TestMethodWorker.java:128)
	at java.base/java.util.ArrayList.forEach(ArrayList.java:1511)
	at org.testng.TestRunner.privateRun(TestRunner.java:794)
	at org.testng.TestRunner.run(TestRunner.java:596)
	at org.testng.SuiteRunner.runTest(SuiteRunner.java:377)
	at org.testng.SuiteRunner.runSequentially(SuiteRunner.java:371)
	at org.testng.SuiteRunner.privateRun(SuiteRunner.java:332)
	at org.testng.SuiteRunner.run(SuiteRunner.java:276)
	at org.testng.SuiteRunnerWorker.runSuite(SuiteRunnerWorker.java:53)
	at org.testng.SuiteRunnerWorker.run(SuiteRunnerWorker.java:96)
	at org.testng.TestNG.runSuitesSequentially(TestNG.java:1212)
	at org.testng.TestNG.runSuitesLocally(TestNG.java:1134)
	at org.testng.TestNG.runSuites(TestNG.java:1063)
	at org.testng.TestNG.run(TestNG.java:1031)
	at org.testng.remote.AbstractRemoteTestNG.run(AbstractRemoteTestNG.java:115)
	at org.testng.remote.RemoteTestNG.initAndRun(RemoteTestNG.java:251)
	at org.testng.remote.RemoteTestNG.main(RemoteTestNG.java:77)
</div></td></tr></table><p class="totop"><a href="#summary">back to summary</a></p>
<h3 id="m18">SpellCheck.SpellCheckPages#spellCheck</h3><table class="result"><tr class="param"><th>Parameter #1</th></tr><tr class="param stripe"><td>https://oldschool.runescape.wiki/w/Explorer%27s_ring_4</td></tr><tr><th>Messages</th></tr><tr><td><div class="messages"><br>Potential error: chatbox<br>Whenever the energy restore function is used, a message appears in the player's chatbox displaying how many uses are left for that day.
<br>ID: MORFOLOGIK_RULE_EN_GB = Possible spelling mistake found.<br><br/><br>Potential error: Perdu<br>It is now also possible to get multiple copies of achievement diary equipment by talking to relevant diary masters or by talking to Perdu, found upstairs in the Edgeville general store. <br>ID: MORFOLOGIK_RULE_EN_GB = Possible spelling mistake found.<br><br/><br>Potential error: Perdu<br>Perdu will charge a small fee.
<br>ID: MORFOLOGIK_RULE_EN_GB = Possible spelling mistake found.<br></div></td></tr><tr><th>Exception</th></tr><tr><td><div class="stacktrace">java.lang.AssertionError
	at SpellCheck.SpellCheckPages.spellCheck(SpellCheckPages.java:104)
	at jdk.internal.reflect.GeneratedMethodAccessor3.invoke(Unknown Source)
	at java.base/jdk.internal.reflect.DelegatingMethodAccessorImpl.invoke(DelegatingMethodAccessorImpl.java:43)
	at java.base/java.lang.reflect.Method.invoke(Method.java:567)
	at org.testng.internal.MethodInvocationHelper.invokeMethod(MethodInvocationHelper.java:133)
	at org.testng.internal.TestInvoker.invokeMethod(TestInvoker.java:598)
	at org.testng.internal.TestInvoker.invokeTestMethod(TestInvoker.java:173)
	at org.testng.internal.MethodRunner.runInSequence(MethodRunner.java:46)
	at org.testng.internal.TestInvoker$MethodInvocationAgent.invoke(TestInvoker.java:824)
	at org.testng.internal.TestInvoker.invokeTestMethods(TestInvoker.java:146)
	at org.testng.internal.TestMethodWorker.invokeTestMethods(TestMethodWorker.java:146)
	at org.testng.internal.TestMethodWorker.run(TestMethodWorker.java:128)
	at java.base/java.util.ArrayList.forEach(ArrayList.java:1511)
	at org.testng.TestRunner.privateRun(TestRunner.java:794)
	at org.testng.TestRunner.run(TestRunner.java:596)
	at org.testng.SuiteRunner.runTest(SuiteRunner.java:377)
	at org.testng.SuiteRunner.runSequentially(SuiteRunner.java:371)
	at org.testng.SuiteRunner.privateRun(SuiteRunner.java:332)
	at org.testng.SuiteRunner.run(SuiteRunner.java:276)
	at org.testng.SuiteRunnerWorker.runSuite(SuiteRunnerWorker.java:53)
	at org.testng.SuiteRunnerWorker.run(SuiteRunnerWorker.java:96)
	at org.testng.TestNG.runSuitesSequentially(TestNG.java:1212)
	at org.testng.TestNG.runSuitesLocally(TestNG.java:1134)
	at org.testng.TestNG.runSuites(TestNG.java:1063)
	at org.testng.TestNG.run(TestNG.java:1031)
	at org.testng.remote.AbstractRemoteTestNG.run(AbstractRemoteTestNG.java:115)
	at org.testng.remote.RemoteTestNG.initAndRun(RemoteTestNG.java:251)
	at org.testng.remote.RemoteTestNG.main(RemoteTestNG.java:77)
</div></td></tr></table><p class="totop"><a href="#summary">back to summary</a></p>
<h3 id="m19">SpellCheck.SpellCheckPages#spellCheck</h3><table class="result"><tr class="param"><th>Parameter #1</th></tr><tr class="param stripe"><td>https://oldschool.runescape.wiki/w/Woad_seed</td></tr><tr><th>Messages</th></tr><tr><td><div class="messages"><br>Potential error: xp<br>Planting XP 20.5 xp
Harvesting XP 115.5 xp
For an exhaustive list of all known sources for this item, see here (include RDT).
<br>ID: MORFOLOGIK_RULE_EN_GB = Possible spelling mistake found.<br><br/><br>Potential error: xp<br>Planting XP 20.5 xp
Harvesting XP 115.5 xp
For an exhaustive list of all known sources for this item, see here (include RDT).
<br>ID: MORFOLOGIK_RULE_EN_GB = Possible spelling mistake found.<br></div></td></tr><tr><th>Exception</th></tr><tr><td><div class="stacktrace">java.lang.AssertionError
	at SpellCheck.SpellCheckPages.spellCheck(SpellCheckPages.java:104)
	at jdk.internal.reflect.GeneratedMethodAccessor3.invoke(Unknown Source)
	at java.base/jdk.internal.reflect.DelegatingMethodAccessorImpl.invoke(DelegatingMethodAccessorImpl.java:43)
	at java.base/java.lang.reflect.Method.invoke(Method.java:567)
	at org.testng.internal.MethodInvocationHelper.invokeMethod(MethodInvocationHelper.java:133)
	at org.testng.internal.TestInvoker.invokeMethod(TestInvoker.java:598)
	at org.testng.internal.TestInvoker.invokeTestMethod(TestInvoker.java:173)
	at org.testng.internal.MethodRunner.runInSequence(MethodRunner.java:46)
	at org.testng.internal.TestInvoker$MethodInvocationAgent.invoke(TestInvoker.java:824)
	at org.testng.internal.TestInvoker.invokeTestMethods(TestInvoker.java:146)
	at org.testng.internal.TestMethodWorker.invokeTestMethods(TestMethodWorker.java:146)
	at org.testng.internal.TestMethodWorker.run(TestMethodWorker.java:128)
	at java.base/java.util.ArrayList.forEach(ArrayList.java:1511)
	at org.testng.TestRunner.privateRun(TestRunner.java:794)
	at org.testng.TestRunner.run(TestRunner.java:596)
	at org.testng.SuiteRunner.runTest(SuiteRunner.java:377)
	at org.testng.SuiteRunner.runSequentially(SuiteRunner.java:371)
	at org.testng.SuiteRunner.privateRun(SuiteRunner.java:332)
	at org.testng.SuiteRunner.run(SuiteRunner.java:276)
	at org.testng.SuiteRunnerWorker.runSuite(SuiteRunnerWorker.java:53)
	at org.testng.SuiteRunnerWorker.run(SuiteRunnerWorker.java:96)
	at org.testng.TestNG.runSuitesSequentially(TestNG.java:1212)
	at org.testng.TestNG.runSuitesLocally(TestNG.java:1134)
	at org.testng.TestNG.runSuites(TestNG.java:1063)
	at org.testng.TestNG.run(TestNG.java:1031)
	at org.testng.remote.AbstractRemoteTestNG.run(AbstractRemoteTestNG.java:115)
	at org.testng.remote.RemoteTestNG.initAndRun(RemoteTestNG.java:251)
	at org.testng.remote.RemoteTestNG.main(RemoteTestNG.java:77)
</div></td></tr></table><p class="totop"><a href="#summary">back to summary</a></p>
<h3 id="m20">SpellCheck.SpellCheckPages#spellCheck</h3><table class="result"><tr class="param"><th>Parameter #1</th></tr><tr class="param stripe"><td>https://oldschool.runescape.wiki/w/Blue</td></tr><tr><th>Messages</th></tr><tr><td><div class="messages"><br>Potential error: its<br>Blue dragon scale, and its ground down version.
<br>ID: IT_IS_2 = Did you mean <suggestion>it's</suggestion> (short for 'it is' or 'it has') instead of 'its' (possessive pronoun)?<br></div></td></tr><tr><th>Exception</th></tr><tr><td><div class="stacktrace">java.lang.AssertionError
	at SpellCheck.SpellCheckPages.spellCheck(SpellCheckPages.java:104)
	at jdk.internal.reflect.GeneratedMethodAccessor3.invoke(Unknown Source)
	at java.base/jdk.internal.reflect.DelegatingMethodAccessorImpl.invoke(DelegatingMethodAccessorImpl.java:43)
	at java.base/java.lang.reflect.Method.invoke(Method.java:567)
	at org.testng.internal.MethodInvocationHelper.invokeMethod(MethodInvocationHelper.java:133)
	at org.testng.internal.TestInvoker.invokeMethod(TestInvoker.java:598)
	at org.testng.internal.TestInvoker.invokeTestMethod(TestInvoker.java:173)
	at org.testng.internal.MethodRunner.runInSequence(MethodRunner.java:46)
	at org.testng.internal.TestInvoker$MethodInvocationAgent.invoke(TestInvoker.java:824)
	at org.testng.internal.TestInvoker.invokeTestMethods(TestInvoker.java:146)
	at org.testng.internal.TestMethodWorker.invokeTestMethods(TestMethodWorker.java:146)
	at org.testng.internal.TestMethodWorker.run(TestMethodWorker.java:128)
	at java.base/java.util.ArrayList.forEach(ArrayList.java:1511)
	at org.testng.TestRunner.privateRun(TestRunner.java:794)
	at org.testng.TestRunner.run(TestRunner.java:596)
	at org.testng.SuiteRunner.runTest(SuiteRunner.java:377)
	at org.testng.SuiteRunner.runSequentially(SuiteRunner.java:371)
	at org.testng.SuiteRunner.privateRun(SuiteRunner.java:332)
	at org.testng.SuiteRunner.run(SuiteRunner.java:276)
	at org.testng.SuiteRunnerWorker.runSuite(SuiteRunnerWorker.java:53)
	at org.testng.SuiteRunnerWorker.run(SuiteRunnerWorker.java:96)
	at org.testng.TestNG.runSuitesSequentially(TestNG.java:1212)
	at org.testng.TestNG.runSuitesLocally(TestNG.java:1134)
	at org.testng.TestNG.runSuites(TestNG.java:1063)
	at org.testng.TestNG.run(TestNG.java:1031)
	at org.testng.remote.AbstractRemoteTestNG.run(AbstractRemoteTestNG.java:115)
	at org.testng.remote.RemoteTestNG.initAndRun(RemoteTestNG.java:251)
	at org.testng.remote.RemoteTestNG.main(RemoteTestNG.java:77)
</div></td></tr></table><p class="totop"><a href="#summary">back to summary</a></p>
<h3 id="m21">SpellCheck.SpellCheckPages#spellCheck</h3><table class="result"><tr class="param"><th>Parameter #1</th></tr><tr class="param stripe"><td>https://oldschool.runescape.wiki/w/Magic_essence_mix#2_dose</td></tr><tr><th>Messages</th></tr><tr><td><div class="messages"><br>Potential error: chatbox<br>When drinking a sip of the potion, the player will get a chatbox message stating, "You drink the lumpy potion." <br>ID: MORFOLOGIK_RULE_EN_GB = Possible spelling mistake found.<br><br/><br>Potential error: ess<br>The item was renamed from "Magic ess. <br>ID: MORFOLOGIK_RULE_EN_GB = Possible spelling mistake found.<br></div></td></tr><tr><th>Exception</th></tr><tr><td><div class="stacktrace">java.lang.AssertionError
	at SpellCheck.SpellCheckPages.spellCheck(SpellCheckPages.java:104)
	at jdk.internal.reflect.GeneratedMethodAccessor3.invoke(Unknown Source)
	at java.base/jdk.internal.reflect.DelegatingMethodAccessorImpl.invoke(DelegatingMethodAccessorImpl.java:43)
	at java.base/java.lang.reflect.Method.invoke(Method.java:567)
	at org.testng.internal.MethodInvocationHelper.invokeMethod(MethodInvocationHelper.java:133)
	at org.testng.internal.TestInvoker.invokeMethod(TestInvoker.java:598)
	at org.testng.internal.TestInvoker.invokeTestMethod(TestInvoker.java:173)
	at org.testng.internal.MethodRunner.runInSequence(MethodRunner.java:46)
	at org.testng.internal.TestInvoker$MethodInvocationAgent.invoke(TestInvoker.java:824)
	at org.testng.internal.TestInvoker.invokeTestMethods(TestInvoker.java:146)
	at org.testng.internal.TestMethodWorker.invokeTestMethods(TestMethodWorker.java:146)
	at org.testng.internal.TestMethodWorker.run(TestMethodWorker.java:128)
	at java.base/java.util.ArrayList.forEach(ArrayList.java:1511)
	at org.testng.TestRunner.privateRun(TestRunner.java:794)
	at org.testng.TestRunner.run(TestRunner.java:596)
	at org.testng.SuiteRunner.runTest(SuiteRunner.java:377)
	at org.testng.SuiteRunner.runSequentially(SuiteRunner.java:371)
	at org.testng.SuiteRunner.privateRun(SuiteRunner.java:332)
	at org.testng.SuiteRunner.run(SuiteRunner.java:276)
	at org.testng.SuiteRunnerWorker.runSuite(SuiteRunnerWorker.java:53)
	at org.testng.SuiteRunnerWorker.run(SuiteRunnerWorker.java:96)
	at org.testng.TestNG.runSuitesSequentially(TestNG.java:1212)
	at org.testng.TestNG.runSuitesLocally(TestNG.java:1134)
	at org.testng.TestNG.runSuites(TestNG.java:1063)
	at org.testng.TestNG.run(TestNG.java:1031)
	at org.testng.remote.AbstractRemoteTestNG.run(AbstractRemoteTestNG.java:115)
	at org.testng.remote.RemoteTestNG.initAndRun(RemoteTestNG.java:251)
	at org.testng.remote.RemoteTestNG.main(RemoteTestNG.java:77)
</div></td></tr></table><p class="totop"><a href="#summary">back to summary</a></p>
<h3 id="m22">SpellCheck.SpellCheckPages#spellCheck</h3><table class="result"><tr class="param"><th>Parameter #1</th></tr><tr class="param stripe"><td>https://oldschool.runescape.wiki/w/Noose_wand</td></tr><tr><th>Messages</th></tr><tr><td><div class="messages"><br>Potential error: Kebbit<br>Once a Kebbit has been found, equipping the noose wand allows the character to catch the Kebbit. <br>ID: MORFOLOGIK_RULE_EN_GB = Possible spelling mistake found.<br><br/><br>Potential error: Kebbit<br>Once a Kebbit has been found, equipping the noose wand allows the character to catch the Kebbit. <br>ID: MORFOLOGIK_RULE_EN_GB = Possible spelling mistake found.<br><br/><br>Potential error: Kebbit<br>Without the noose wand, a Kebbit will simply be scared off. <br>ID: MORFOLOGIK_RULE_EN_GB = Possible spelling mistake found.<br></div></td></tr><tr><th>Exception</th></tr><tr><td><div class="stacktrace">java.lang.AssertionError
	at SpellCheck.SpellCheckPages.spellCheck(SpellCheckPages.java:104)
	at jdk.internal.reflect.GeneratedMethodAccessor3.invoke(Unknown Source)
	at java.base/jdk.internal.reflect.DelegatingMethodAccessorImpl.invoke(DelegatingMethodAccessorImpl.java:43)
	at java.base/java.lang.reflect.Method.invoke(Method.java:567)
	at org.testng.internal.MethodInvocationHelper.invokeMethod(MethodInvocationHelper.java:133)
	at org.testng.internal.TestInvoker.invokeMethod(TestInvoker.java:598)
	at org.testng.internal.TestInvoker.invokeTestMethod(TestInvoker.java:173)
	at org.testng.internal.MethodRunner.runInSequence(MethodRunner.java:46)
	at org.testng.internal.TestInvoker$MethodInvocationAgent.invoke(TestInvoker.java:824)
	at org.testng.internal.TestInvoker.invokeTestMethods(TestInvoker.java:146)
	at org.testng.internal.TestMethodWorker.invokeTestMethods(TestMethodWorker.java:146)
	at org.testng.internal.TestMethodWorker.run(TestMethodWorker.java:128)
	at java.base/java.util.ArrayList.forEach(ArrayList.java:1511)
	at org.testng.TestRunner.privateRun(TestRunner.java:794)
	at org.testng.TestRunner.run(TestRunner.java:596)
	at org.testng.SuiteRunner.runTest(SuiteRunner.java:377)
	at org.testng.SuiteRunner.runSequentially(SuiteRunner.java:371)
	at org.testng.SuiteRunner.privateRun(SuiteRunner.java:332)
	at org.testng.SuiteRunner.run(SuiteRunner.java:276)
	at org.testng.SuiteRunnerWorker.runSuite(SuiteRunnerWorker.java:53)
	at org.testng.SuiteRunnerWorker.run(SuiteRunnerWorker.java:96)
	at org.testng.TestNG.runSuitesSequentially(TestNG.java:1212)
	at org.testng.TestNG.runSuitesLocally(TestNG.java:1134)
	at org.testng.TestNG.runSuites(TestNG.java:1063)
	at org.testng.TestNG.run(TestNG.java:1031)
	at org.testng.remote.AbstractRemoteTestNG.run(AbstractRemoteTestNG.java:115)
	at org.testng.remote.RemoteTestNG.initAndRun(RemoteTestNG.java:251)
	at org.testng.remote.RemoteTestNG.main(RemoteTestNG.java:77)
</div></td></tr></table><p class="totop"><a href="#summary">back to summary</a></p>
<h3 id="m23">SpellCheck.SpellCheckPages#spellCheck</h3><table class="result"><tr class="param"><th>Parameter #1</th></tr><tr class="param stripe"><td>https://oldschool.runescape.wiki/w/Ulfric</td></tr><tr><th>Messages</th></tr><tr><td><div class="messages"><br>Potential error: Ulfric<br>Ulfric Longbeard is a skeletal boss monster who appears during Olaf's Quest. <br>ID: MORFOLOGIK_RULE_EN_GB = Possible spelling mistake found.<br><br/><br>Potential error: Longbeard<br>Ulfric Longbeard is a skeletal boss monster who appears during Olaf's Quest. <br>ID: MORFOLOGIK_RULE_EN_GB = Possible spelling mistake found.<br><br/><br>Potential error: Ulfric<br>His max hit is rather low compared to monsters of a similar level, with the fact that Ulfric is inaccurate, makes him a very easy boss for players about his level.
<br>ID: MORFOLOGIK_RULE_EN_GB = Possible spelling mistake found.<br><br/><br>Potential error: Ulfric<br>Ulfric Longbeard was once a Fremennik sailor who collected treasure. <br>ID: MORFOLOGIK_RULE_EN_GB = Possible spelling mistake found.<br><br/><br>Potential error: Longbeard<br>Ulfric Longbeard was once a Fremennik sailor who collected treasure. <br>ID: MORFOLOGIK_RULE_EN_GB = Possible spelling mistake found.<br><br/><br>Potential error: Ulfric<br>A few years ago, several ships, including Ulfric's, were destroyed along the shores of the Fremennik Province. <br>ID: MORFOLOGIK_RULE_EN_GB = Possible spelling mistake found.<br><br/><br>Potential error: Ulfric<br>Ulfric and his men died soon afterwards.
<br>ID: MORFOLOGIK_RULE_EN_GB = Possible spelling mistake found.<br></div></td></tr><tr><th>Exception</th></tr><tr><td><div class="stacktrace">java.lang.AssertionError
	at SpellCheck.SpellCheckPages.spellCheck(SpellCheckPages.java:104)
	at java.base/jdk.internal.reflect.NativeMethodAccessorImpl.invoke0(Native Method)
	at java.base/jdk.internal.reflect.NativeMethodAccessorImpl.invoke(NativeMethodAccessorImpl.java:78)
	at java.base/jdk.internal.reflect.DelegatingMethodAccessorImpl.invoke(DelegatingMethodAccessorImpl.java:43)
	at java.base/java.lang.reflect.Method.invoke(Method.java:567)
	at org.testng.internal.MethodInvocationHelper.invokeMethod(MethodInvocationHelper.java:133)
	at org.testng.internal.TestInvoker.invokeMethod(TestInvoker.java:598)
	at org.testng.internal.TestInvoker.invokeTestMethod(TestInvoker.java:173)
	at org.testng.internal.MethodRunner.runInSequence(MethodRunner.java:46)
	at org.testng.internal.TestInvoker$MethodInvocationAgent.invoke(TestInvoker.java:824)
	at org.testng.internal.TestInvoker.invokeTestMethods(TestInvoker.java:146)
	at org.testng.internal.TestMethodWorker.invokeTestMethods(TestMethodWorker.java:146)
	at org.testng.internal.TestMethodWorker.run(TestMethodWorker.java:128)
	at java.base/java.util.ArrayList.forEach(ArrayList.java:1511)
	at org.testng.TestRunner.privateRun(TestRunner.java:794)
	at org.testng.TestRunner.run(TestRunner.java:596)
	at org.testng.SuiteRunner.runTest(SuiteRunner.java:377)
	at org.testng.SuiteRunner.runSequentially(SuiteRunner.java:371)
	at org.testng.SuiteRunner.privateRun(SuiteRunner.java:332)
	at org.testng.SuiteRunner.run(SuiteRunner.java:276)
	at org.testng.SuiteRunnerWorker.runSuite(SuiteRunnerWorker.java:53)
	at org.testng.SuiteRunnerWorker.run(SuiteRunnerWorker.java:96)
	at org.testng.TestNG.runSuitesSequentially(TestNG.java:1212)
	at org.testng.TestNG.runSuitesLocally(TestNG.java:1134)
	at org.testng.TestNG.runSuites(TestNG.java:1063)
	at org.testng.TestNG.run(TestNG.java:1031)
	at org.testng.remote.AbstractRemoteTestNG.run(AbstractRemoteTestNG.java:115)
	at org.testng.remote.RemoteTestNG.initAndRun(RemoteTestNG.java:251)
	at org.testng.remote.RemoteTestNG.main(RemoteTestNG.java:77)
</div></td></tr></table><p class="totop"><a href="#summary">back to summary</a></p>
<h3 id="m24">SpellCheck.SpellCheckPages#spellCheck</h3><table class="result"><tr class="param"><th>Parameter #1</th></tr><tr class="param stripe"><td>https://oldschool.runescape.wiki/w/Rose_bush</td></tr><tr><th>Messages</th></tr><tr><td><div class="messages"><br>Potential error: color<br>Once the plant has grown to its third stage, it will become a pink, red, or white rose bush and the color of the flowers will be visible.
<br>ID: MORFOLOGIK_RULE_EN_GB = Possible spelling mistake. 'color' is American English.<br></div></td></tr><tr><th>Exception</th></tr><tr><td><div class="stacktrace">java.lang.AssertionError
	at SpellCheck.SpellCheckPages.spellCheck(SpellCheckPages.java:104)
	at jdk.internal.reflect.GeneratedMethodAccessor3.invoke(Unknown Source)
	at java.base/jdk.internal.reflect.DelegatingMethodAccessorImpl.invoke(DelegatingMethodAccessorImpl.java:43)
	at java.base/java.lang.reflect.Method.invoke(Method.java:567)
	at org.testng.internal.MethodInvocationHelper.invokeMethod(MethodInvocationHelper.java:133)
	at org.testng.internal.TestInvoker.invokeMethod(TestInvoker.java:598)
	at org.testng.internal.TestInvoker.invokeTestMethod(TestInvoker.java:173)
	at org.testng.internal.MethodRunner.runInSequence(MethodRunner.java:46)
	at org.testng.internal.TestInvoker$MethodInvocationAgent.invoke(TestInvoker.java:824)
	at org.testng.internal.TestInvoker.invokeTestMethods(TestInvoker.java:146)
	at org.testng.internal.TestMethodWorker.invokeTestMethods(TestMethodWorker.java:146)
	at org.testng.internal.TestMethodWorker.run(TestMethodWorker.java:128)
	at java.base/java.util.ArrayList.forEach(ArrayList.java:1511)
	at org.testng.TestRunner.privateRun(TestRunner.java:794)
	at org.testng.TestRunner.run(TestRunner.java:596)
	at org.testng.SuiteRunner.runTest(SuiteRunner.java:377)
	at org.testng.SuiteRunner.runSequentially(SuiteRunner.java:371)
	at org.testng.SuiteRunner.privateRun(SuiteRunner.java:332)
	at org.testng.SuiteRunner.run(SuiteRunner.java:276)
	at org.testng.SuiteRunnerWorker.runSuite(SuiteRunnerWorker.java:53)
	at org.testng.SuiteRunnerWorker.run(SuiteRunnerWorker.java:96)
	at org.testng.TestNG.runSuitesSequentially(TestNG.java:1212)
	at org.testng.TestNG.runSuitesLocally(TestNG.java:1134)
	at org.testng.TestNG.runSuites(TestNG.java:1063)
	at org.testng.TestNG.run(TestNG.java:1031)
	at org.testng.remote.AbstractRemoteTestNG.run(AbstractRemoteTestNG.java:115)
	at org.testng.remote.RemoteTestNG.initAndRun(RemoteTestNG.java:251)
	at org.testng.remote.RemoteTestNG.main(RemoteTestNG.java:77)
</div></td></tr></table><p class="totop"><a href="#summary">back to summary</a></p>
<h3 id="m25">SpellCheck.SpellCheckPages#spellCheck</h3><table class="result"><tr class="param"><th>Parameter #1</th></tr><tr class="param stripe"><td>https://oldschool.runescape.wiki/w/Broken_axe</td></tr><tr><th>Messages</th></tr><tr><td><div class="messages"><br>Potential error: un-equips<br>If the player un-equips the broken axe, it can not be re-equipped until it has been repaired in Lumbridge at Bob's Brilliant Axes. <br>ID: MORFOLOGIK_RULE_EN_GB = Possible spelling mistake found.<br></div></td></tr><tr><th>Exception</th></tr><tr><td><div class="stacktrace">java.lang.AssertionError
	at SpellCheck.SpellCheckPages.spellCheck(SpellCheckPages.java:104)
	at jdk.internal.reflect.GeneratedMethodAccessor3.invoke(Unknown Source)
	at java.base/jdk.internal.reflect.DelegatingMethodAccessorImpl.invoke(DelegatingMethodAccessorImpl.java:43)
	at java.base/java.lang.reflect.Method.invoke(Method.java:567)
	at org.testng.internal.MethodInvocationHelper.invokeMethod(MethodInvocationHelper.java:133)
	at org.testng.internal.TestInvoker.invokeMethod(TestInvoker.java:598)
	at org.testng.internal.TestInvoker.invokeTestMethod(TestInvoker.java:173)
	at org.testng.internal.MethodRunner.runInSequence(MethodRunner.java:46)
	at org.testng.internal.TestInvoker$MethodInvocationAgent.invoke(TestInvoker.java:824)
	at org.testng.internal.TestInvoker.invokeTestMethods(TestInvoker.java:146)
	at org.testng.internal.TestMethodWorker.invokeTestMethods(TestMethodWorker.java:146)
	at org.testng.internal.TestMethodWorker.run(TestMethodWorker.java:128)
	at java.base/java.util.ArrayList.forEach(ArrayList.java:1511)
	at org.testng.TestRunner.privateRun(TestRunner.java:794)
	at org.testng.TestRunner.run(TestRunner.java:596)
	at org.testng.SuiteRunner.runTest(SuiteRunner.java:377)
	at org.testng.SuiteRunner.runSequentially(SuiteRunner.java:371)
	at org.testng.SuiteRunner.privateRun(SuiteRunner.java:332)
	at org.testng.SuiteRunner.run(SuiteRunner.java:276)
	at org.testng.SuiteRunnerWorker.runSuite(SuiteRunnerWorker.java:53)
	at org.testng.SuiteRunnerWorker.run(SuiteRunnerWorker.java:96)
	at org.testng.TestNG.runSuitesSequentially(TestNG.java:1212)
	at org.testng.TestNG.runSuitesLocally(TestNG.java:1134)
	at org.testng.TestNG.runSuites(TestNG.java:1063)
	at org.testng.TestNG.run(TestNG.java:1031)
	at org.testng.remote.AbstractRemoteTestNG.run(AbstractRemoteTestNG.java:115)
	at org.testng.remote.RemoteTestNG.initAndRun(RemoteTestNG.java:251)
	at org.testng.remote.RemoteTestNG.main(RemoteTestNG.java:77)
</div></td></tr></table><p class="totop"><a href="#summary">back to summary</a></p>
<h3 id="m26">SpellCheck.SpellCheckPages#spellCheck</h3><table class="result"><tr class="param"><th>Parameter #1</th></tr><tr class="param stripe"><td>https://oldschool.runescape.wiki/w/Home_Sweet_Home_(music_track)</td></tr><tr><th>Messages</th></tr><tr><td><div class="messages"><br>Potential error: Daddy<br>It can also be unlocked during Daddy's Home, in a cutscene which shows the basics of Construction.
<br>ID: CHILDISH_LANGUAGE = In some contexts, `Daddy` may be informal or familiar language.<br></div></td></tr><tr><th>Exception</th></tr><tr><td><div class="stacktrace">java.lang.AssertionError
	at SpellCheck.SpellCheckPages.spellCheck(SpellCheckPages.java:104)
	at jdk.internal.reflect.GeneratedMethodAccessor3.invoke(Unknown Source)
	at java.base/jdk.internal.reflect.DelegatingMethodAccessorImpl.invoke(DelegatingMethodAccessorImpl.java:43)
	at java.base/java.lang.reflect.Method.invoke(Method.java:567)
	at org.testng.internal.MethodInvocationHelper.invokeMethod(MethodInvocationHelper.java:133)
	at org.testng.internal.TestInvoker.invokeMethod(TestInvoker.java:598)
	at org.testng.internal.TestInvoker.invokeTestMethod(TestInvoker.java:173)
	at org.testng.internal.MethodRunner.runInSequence(MethodRunner.java:46)
	at org.testng.internal.TestInvoker$MethodInvocationAgent.invoke(TestInvoker.java:824)
	at org.testng.internal.TestInvoker.invokeTestMethods(TestInvoker.java:146)
	at org.testng.internal.TestMethodWorker.invokeTestMethods(TestMethodWorker.java:146)
	at org.testng.internal.TestMethodWorker.run(TestMethodWorker.java:128)
	at java.base/java.util.ArrayList.forEach(ArrayList.java:1511)
	at org.testng.TestRunner.privateRun(TestRunner.java:794)
	at org.testng.TestRunner.run(TestRunner.java:596)
	at org.testng.SuiteRunner.runTest(SuiteRunner.java:377)
	at org.testng.SuiteRunner.runSequentially(SuiteRunner.java:371)
	at org.testng.SuiteRunner.privateRun(SuiteRunner.java:332)
	at org.testng.SuiteRunner.run(SuiteRunner.java:276)
	at org.testng.SuiteRunnerWorker.runSuite(SuiteRunnerWorker.java:53)
	at org.testng.SuiteRunnerWorker.run(SuiteRunnerWorker.java:96)
	at org.testng.TestNG.runSuitesSequentially(TestNG.java:1212)
	at org.testng.TestNG.runSuitesLocally(TestNG.java:1134)
	at org.testng.TestNG.runSuites(TestNG.java:1063)
	at org.testng.TestNG.run(TestNG.java:1031)
	at org.testng.remote.AbstractRemoteTestNG.run(AbstractRemoteTestNG.java:115)
	at org.testng.remote.RemoteTestNG.initAndRun(RemoteTestNG.java:251)
	at org.testng.remote.RemoteTestNG.main(RemoteTestNG.java:77)
</div></td></tr></table><p class="totop"><a href="#summary">back to summary</a></p>
<h3 id="m27">SpellCheck.SpellCheckPages#spellCheck</h3><table class="result"><tr class="param"><th>Parameter #1</th></tr><tr class="param stripe"><td>https://oldschool.runescape.wiki/w/Wild_kebbit</td></tr><tr><th>Messages</th></tr><tr><td><div class="messages"><br>Potential error: kebbit<br>The wild kebbit is a kebbit that players can capture with the Hunter skill at level 23 or above, granting 128 Hunter experience.
<br>ID: MORFOLOGIK_RULE_EN_GB = Possible spelling mistake found.<br><br/><br>Potential error: kebbit<br>The wild kebbit is a kebbit that players can capture with the Hunter skill at level 23 or above, granting 128 Hunter experience.
<br>ID: MORFOLOGIK_RULE_EN_GB = Possible spelling mistake found.<br><br/><br>Potential error: kebbit<br>After setting up a trap, just wait for a kebbit to get stuck underneath it.
<br>ID: MORFOLOGIK_RULE_EN_GB = Possible spelling mistake found.<br></div></td></tr><tr><th>Exception</th></tr><tr><td><div class="stacktrace">java.lang.AssertionError
	at SpellCheck.SpellCheckPages.spellCheck(SpellCheckPages.java:104)
	at jdk.internal.reflect.GeneratedMethodAccessor3.invoke(Unknown Source)
	at java.base/jdk.internal.reflect.DelegatingMethodAccessorImpl.invoke(DelegatingMethodAccessorImpl.java:43)
	at java.base/java.lang.reflect.Method.invoke(Method.java:567)
	at org.testng.internal.MethodInvocationHelper.invokeMethod(MethodInvocationHelper.java:133)
	at org.testng.internal.TestInvoker.invokeMethod(TestInvoker.java:598)
	at org.testng.internal.TestInvoker.invokeTestMethod(TestInvoker.java:173)
	at org.testng.internal.MethodRunner.runInSequence(MethodRunner.java:46)
	at org.testng.internal.TestInvoker$MethodInvocationAgent.invoke(TestInvoker.java:824)
	at org.testng.internal.TestInvoker.invokeTestMethods(TestInvoker.java:146)
	at org.testng.internal.TestMethodWorker.invokeTestMethods(TestMethodWorker.java:146)
	at org.testng.internal.TestMethodWorker.run(TestMethodWorker.java:128)
	at java.base/java.util.ArrayList.forEach(ArrayList.java:1511)
	at org.testng.TestRunner.privateRun(TestRunner.java:794)
	at org.testng.TestRunner.run(TestRunner.java:596)
	at org.testng.SuiteRunner.runTest(SuiteRunner.java:377)
	at org.testng.SuiteRunner.runSequentially(SuiteRunner.java:371)
	at org.testng.SuiteRunner.privateRun(SuiteRunner.java:332)
	at org.testng.SuiteRunner.run(SuiteRunner.java:276)
	at org.testng.SuiteRunnerWorker.runSuite(SuiteRunnerWorker.java:53)
	at org.testng.SuiteRunnerWorker.run(SuiteRunnerWorker.java:96)
	at org.testng.TestNG.runSuitesSequentially(TestNG.java:1212)
	at org.testng.TestNG.runSuitesLocally(TestNG.java:1134)
	at org.testng.TestNG.runSuites(TestNG.java:1063)
	at org.testng.TestNG.run(TestNG.java:1031)
	at org.testng.remote.AbstractRemoteTestNG.run(AbstractRemoteTestNG.java:115)
	at org.testng.remote.RemoteTestNG.initAndRun(RemoteTestNG.java:251)
	at org.testng.remote.RemoteTestNG.main(RemoteTestNG.java:77)
</div></td></tr></table><p class="totop"><a href="#summary">back to summary</a></p>
<h3 id="m28">SpellCheck.SpellCheckPages#spellCheck</h3><table class="result"><tr class="param"><th>Parameter #1</th></tr><tr class="param stripe"><td>https://oldschool.runescape.wiki/w/Bear_Your_Soul/Quick_guide</td></tr><tr><th>Messages</th></tr><tr><td><div class="messages"><br>Potential error: ( <br>( 3•1)…
<br>ID: COMMA_PARENTHESIS_WHITESPACE = Don't put a space after the opening parenthesis.<br></div></td></tr><tr><th>Exception</th></tr><tr><td><div class="stacktrace">java.lang.AssertionError
	at SpellCheck.SpellCheckPages.spellCheck(SpellCheckPages.java:104)
	at jdk.internal.reflect.GeneratedMethodAccessor3.invoke(Unknown Source)
	at java.base/jdk.internal.reflect.DelegatingMethodAccessorImpl.invoke(DelegatingMethodAccessorImpl.java:43)
	at java.base/java.lang.reflect.Method.invoke(Method.java:567)
	at org.testng.internal.MethodInvocationHelper.invokeMethod(MethodInvocationHelper.java:133)
	at org.testng.internal.TestInvoker.invokeMethod(TestInvoker.java:598)
	at org.testng.internal.TestInvoker.invokeTestMethod(TestInvoker.java:173)
	at org.testng.internal.MethodRunner.runInSequence(MethodRunner.java:46)
	at org.testng.internal.TestInvoker$MethodInvocationAgent.invoke(TestInvoker.java:824)
	at org.testng.internal.TestInvoker.invokeTestMethods(TestInvoker.java:146)
	at org.testng.internal.TestMethodWorker.invokeTestMethods(TestMethodWorker.java:146)
	at org.testng.internal.TestMethodWorker.run(TestMethodWorker.java:128)
	at java.base/java.util.ArrayList.forEach(ArrayList.java:1511)
	at org.testng.TestRunner.privateRun(TestRunner.java:794)
	at org.testng.TestRunner.run(TestRunner.java:596)
	at org.testng.SuiteRunner.runTest(SuiteRunner.java:377)
	at org.testng.SuiteRunner.runSequentially(SuiteRunner.java:371)
	at org.testng.SuiteRunner.privateRun(SuiteRunner.java:332)
	at org.testng.SuiteRunner.run(SuiteRunner.java:276)
	at org.testng.SuiteRunnerWorker.runSuite(SuiteRunnerWorker.java:53)
	at org.testng.SuiteRunnerWorker.run(SuiteRunnerWorker.java:96)
	at org.testng.TestNG.runSuitesSequentially(TestNG.java:1212)
	at org.testng.TestNG.runSuitesLocally(TestNG.java:1134)
	at org.testng.TestNG.runSuites(TestNG.java:1063)
	at org.testng.TestNG.run(TestNG.java:1031)
	at org.testng.remote.AbstractRemoteTestNG.run(AbstractRemoteTestNG.java:115)
	at org.testng.remote.RemoteTestNG.initAndRun(RemoteTestNG.java:251)
	at org.testng.remote.RemoteTestNG.main(RemoteTestNG.java:77)
</div></td></tr></table><p class="totop"><a href="#summary">back to summary</a></p>
<h3 id="m29">SpellCheck.SpellCheckPages#spellCheck</h3><table class="result"><tr class="param"><th>Parameter #1</th></tr><tr class="param stripe"><td>https://oldschool.runescape.wiki/w/Sophanem</td></tr><tr><th>Messages</th></tr><tr><td><div class="messages"><br>Potential error: Icthlarin<br>In order to gain access to this city, players either need to progress far enough into the Icthlarin's Little Helper quest, or they may enter by teleporting to the Pyramid Plunder minigame using the Pharaoh's sceptre, then exiting the pyramid. <br>ID: MORFOLOGIK_RULE_EN_GB = Possible spelling mistake found.<br><br/><br>Potential error: quest<br>quest. <br>ID: UPPERCASE_SENTENCE_START = This sentence does not start with an uppercase letter.<br><br/><br>Potential error: Jalsavrah<br>The Pharaoh's sceptre can teleport you directly inside the Pyramid Plunder minigame with the Jalsavrah option.
<br>ID: MORFOLOGIK_RULE_EN_GB = Possible spelling mistake found.<br><br/><br>Potential error: dlq<br>Fairy ring code dlq is some distance away but probably an option if the above two are not available.
<br>ID: MORFOLOGIK_RULE_EN_GB = Possible spelling mistake found.<br><br/><br>Potential error: quest<br>quest. <br>ID: UPPERCASE_SENTENCE_START = This sentence does not start with an uppercase letter.<br><br/><br>Potential error: quest<br>quest. <br>ID: UPPERCASE_SENTENCE_START = This sentence does not start with an uppercase letter.<br><br/><br>Potential error: Icthlarin<br>The interior of the High Priest of Icthlarin's temple.
<br>ID: MORFOLOGIK_RULE_EN_GB = Possible spelling mistake found.<br><br/><br>Potential error: ingame<br>The area was first added ingame.
<br>ID: MORFOLOGIK_RULE_EN_GB = Possible spelling mistake found.<br></div></td></tr><tr><th>Exception</th></tr><tr><td><div class="stacktrace">java.lang.AssertionError
	at SpellCheck.SpellCheckPages.spellCheck(SpellCheckPages.java:104)
	at jdk.internal.reflect.GeneratedMethodAccessor3.invoke(Unknown Source)
	at java.base/jdk.internal.reflect.DelegatingMethodAccessorImpl.invoke(DelegatingMethodAccessorImpl.java:43)
	at java.base/java.lang.reflect.Method.invoke(Method.java:567)
	at org.testng.internal.MethodInvocationHelper.invokeMethod(MethodInvocationHelper.java:133)
	at org.testng.internal.TestInvoker.invokeMethod(TestInvoker.java:598)
	at org.testng.internal.TestInvoker.invokeTestMethod(TestInvoker.java:173)
	at org.testng.internal.MethodRunner.runInSequence(MethodRunner.java:46)
	at org.testng.internal.TestInvoker$MethodInvocationAgent.invoke(TestInvoker.java:824)
	at org.testng.internal.TestInvoker.invokeTestMethods(TestInvoker.java:146)
	at org.testng.internal.TestMethodWorker.invokeTestMethods(TestMethodWorker.java:146)
	at org.testng.internal.TestMethodWorker.run(TestMethodWorker.java:128)
	at java.base/java.util.ArrayList.forEach(ArrayList.java:1511)
	at org.testng.TestRunner.privateRun(TestRunner.java:794)
	at org.testng.TestRunner.run(TestRunner.java:596)
	at org.testng.SuiteRunner.runTest(SuiteRunner.java:377)
	at org.testng.SuiteRunner.runSequentially(SuiteRunner.java:371)
	at org.testng.SuiteRunner.privateRun(SuiteRunner.java:332)
	at org.testng.SuiteRunner.run(SuiteRunner.java:276)
	at org.testng.SuiteRunnerWorker.runSuite(SuiteRunnerWorker.java:53)
	at org.testng.SuiteRunnerWorker.run(SuiteRunnerWorker.java:96)
	at org.testng.TestNG.runSuitesSequentially(TestNG.java:1212)
	at org.testng.TestNG.runSuitesLocally(TestNG.java:1134)
	at org.testng.TestNG.runSuites(TestNG.java:1063)
	at org.testng.TestNG.run(TestNG.java:1031)
	at org.testng.remote.AbstractRemoteTestNG.run(AbstractRemoteTestNG.java:115)
	at org.testng.remote.RemoteTestNG.initAndRun(RemoteTestNG.java:251)
	at org.testng.remote.RemoteTestNG.main(RemoteTestNG.java:77)
</div></td></tr></table><p class="totop"><a href="#summary">back to summary</a></p>
<h3 id="m30">SpellCheck.SpellCheckPages#spellCheck</h3><table class="result"><tr class="param"><th>Parameter #1</th></tr><tr class="param stripe"><td>https://oldschool.runescape.wiki/w/%27perfect%27_necklace</td></tr><tr><th>Messages</th></tr><tr><td><div class="messages"><br>Potential error: capitalised<br>The P in 'perfect' necklace is not capitalised because all items in Old School RuneScape use ucfirst capitalisation, wherein the first letter of a string is capitalised, but the rest is not.
<br>ID: OXFORD_SPELLING_Z_NOT_S = Would you like to use the Oxford spelling <suggestion>capitalized</suggestion>? The spelling 'capitalised' is also correct.<br><br/><br>Potential error: ucfirst<br>The P in 'perfect' necklace is not capitalised because all items in Old School RuneScape use ucfirst capitalisation, wherein the first letter of a string is capitalised, but the rest is not.
<br>ID: MORFOLOGIK_RULE_EN_GB = Possible spelling mistake found.<br><br/><br>Potential error: capitalisation<br>The P in 'perfect' necklace is not capitalised because all items in Old School RuneScape use ucfirst capitalisation, wherein the first letter of a string is capitalised, but the rest is not.
<br>ID: OXFORD_SPELLING_Z_NOT_S = Would you like to use the Oxford spelling <suggestion>capitalization</suggestion>? The spelling 'capitalisation' is also correct.<br><br/><br>Potential error: capitalised<br>The P in 'perfect' necklace is not capitalised because all items in Old School RuneScape use ucfirst capitalisation, wherein the first letter of a string is capitalised, but the rest is not.
<br>ID: OXFORD_SPELLING_Z_NOT_S = Would you like to use the Oxford spelling <suggestion>capitalized</suggestion>? The spelling 'capitalised' is also correct.<br></div></td></tr><tr><th>Exception</th></tr><tr><td><div class="stacktrace">java.lang.AssertionError
	at SpellCheck.SpellCheckPages.spellCheck(SpellCheckPages.java:104)
	at jdk.internal.reflect.GeneratedMethodAccessor3.invoke(Unknown Source)
	at java.base/jdk.internal.reflect.DelegatingMethodAccessorImpl.invoke(DelegatingMethodAccessorImpl.java:43)
	at java.base/java.lang.reflect.Method.invoke(Method.java:567)
	at org.testng.internal.MethodInvocationHelper.invokeMethod(MethodInvocationHelper.java:133)
	at org.testng.internal.TestInvoker.invokeMethod(TestInvoker.java:598)
	at org.testng.internal.TestInvoker.invokeTestMethod(TestInvoker.java:173)
	at org.testng.internal.MethodRunner.runInSequence(MethodRunner.java:46)
	at org.testng.internal.TestInvoker$MethodInvocationAgent.invoke(TestInvoker.java:824)
	at org.testng.internal.TestInvoker.invokeTestMethods(TestInvoker.java:146)
	at org.testng.internal.TestMethodWorker.invokeTestMethods(TestMethodWorker.java:146)
	at org.testng.internal.TestMethodWorker.run(TestMethodWorker.java:128)
	at java.base/java.util.ArrayList.forEach(ArrayList.java:1511)
	at org.testng.TestRunner.privateRun(TestRunner.java:794)
	at org.testng.TestRunner.run(TestRunner.java:596)
	at org.testng.SuiteRunner.runTest(SuiteRunner.java:377)
	at org.testng.SuiteRunner.runSequentially(SuiteRunner.java:371)
	at org.testng.SuiteRunner.privateRun(SuiteRunner.java:332)
	at org.testng.SuiteRunner.run(SuiteRunner.java:276)
	at org.testng.SuiteRunnerWorker.runSuite(SuiteRunnerWorker.java:53)
	at org.testng.SuiteRunnerWorker.run(SuiteRunnerWorker.java:96)
	at org.testng.TestNG.runSuitesSequentially(TestNG.java:1212)
	at org.testng.TestNG.runSuitesLocally(TestNG.java:1134)
	at org.testng.TestNG.runSuites(TestNG.java:1063)
	at org.testng.TestNG.run(TestNG.java:1031)
	at org.testng.remote.AbstractRemoteTestNG.run(AbstractRemoteTestNG.java:115)
	at org.testng.remote.RemoteTestNG.initAndRun(RemoteTestNG.java:251)
	at org.testng.remote.RemoteTestNG.main(RemoteTestNG.java:77)
</div></td></tr></table><p class="totop"><a href="#summary">back to summary</a></p>
<h3 id="m31">SpellCheck.SpellCheckPages#spellCheck</h3><table class="result"><tr class="param"><th>Parameter #1</th></tr><tr class="param stripe"><td>https://oldschool.runescape.wiki/w/Ground_bat_bones</td></tr><tr><th>Messages</th></tr><tr><td><div class="messages"><br>Potential error: unf<br>When combined with a Guam potion (unf) it will explode, and will leave the empty vial only.
<br>ID: MORFOLOGIK_RULE_EN_GB = Possible spelling mistake found.<br></div></td></tr><tr><th>Exception</th></tr><tr><td><div class="stacktrace">java.lang.AssertionError
	at SpellCheck.SpellCheckPages.spellCheck(SpellCheckPages.java:104)
	at java.base/jdk.internal.reflect.NativeMethodAccessorImpl.invoke0(Native Method)
	at java.base/jdk.internal.reflect.NativeMethodAccessorImpl.invoke(NativeMethodAccessorImpl.java:78)
	at java.base/jdk.internal.reflect.DelegatingMethodAccessorImpl.invoke(DelegatingMethodAccessorImpl.java:43)
	at java.base/java.lang.reflect.Method.invoke(Method.java:567)
	at org.testng.internal.MethodInvocationHelper.invokeMethod(MethodInvocationHelper.java:133)
	at org.testng.internal.TestInvoker.invokeMethod(TestInvoker.java:598)
	at org.testng.internal.TestInvoker.invokeTestMethod(TestInvoker.java:173)
	at org.testng.internal.MethodRunner.runInSequence(MethodRunner.java:46)
	at org.testng.internal.TestInvoker$MethodInvocationAgent.invoke(TestInvoker.java:824)
	at org.testng.internal.TestInvoker.invokeTestMethods(TestInvoker.java:146)
	at org.testng.internal.TestMethodWorker.invokeTestMethods(TestMethodWorker.java:146)
	at org.testng.internal.TestMethodWorker.run(TestMethodWorker.java:128)
	at java.base/java.util.ArrayList.forEach(ArrayList.java:1511)
	at org.testng.TestRunner.privateRun(TestRunner.java:794)
	at org.testng.TestRunner.run(TestRunner.java:596)
	at org.testng.SuiteRunner.runTest(SuiteRunner.java:377)
	at org.testng.SuiteRunner.runSequentially(SuiteRunner.java:371)
	at org.testng.SuiteRunner.privateRun(SuiteRunner.java:332)
	at org.testng.SuiteRunner.run(SuiteRunner.java:276)
	at org.testng.SuiteRunnerWorker.runSuite(SuiteRunnerWorker.java:53)
	at org.testng.SuiteRunnerWorker.run(SuiteRunnerWorker.java:96)
	at org.testng.TestNG.runSuitesSequentially(TestNG.java:1212)
	at org.testng.TestNG.runSuitesLocally(TestNG.java:1134)
	at org.testng.TestNG.runSuites(TestNG.java:1063)
	at org.testng.TestNG.run(TestNG.java:1031)
	at org.testng.remote.AbstractRemoteTestNG.run(AbstractRemoteTestNG.java:115)
	at org.testng.remote.RemoteTestNG.initAndRun(RemoteTestNG.java:251)
	at org.testng.remote.RemoteTestNG.main(RemoteTestNG.java:77)
</div></td></tr></table><p class="totop"><a href="#summary">back to summary</a></p>
<h3 id="m32">SpellCheck.SpellCheckPages#spellCheck</h3><table class="result"><tr class="param"><th>Parameter #1</th></tr><tr class="param stripe"><td>https://oldschool.runescape.wiki/w/Peach_Conjurer</td></tr><tr><th>Messages</th></tr><tr><td><div class="messages"><br>Potential error: Zilyana<br>Task Kill Commander Zilyana 50 times in a private instance times without leaving the room.
<br>ID: MORFOLOGIK_RULE_EN_GB = Possible spelling mistake found.<br><br/><br>Potential error: Zilyana<br>Peach Conjurer is a grandmaster combat achievement which requires the player to "Kill Commander Zilyana 50 times in a private instance times without leaving the room."
<br>ID: MORFOLOGIK_RULE_EN_GB = Possible spelling mistake found.<br></div></td></tr><tr><th>Exception</th></tr><tr><td><div class="stacktrace">java.lang.AssertionError
	at SpellCheck.SpellCheckPages.spellCheck(SpellCheckPages.java:104)
	at jdk.internal.reflect.GeneratedMethodAccessor3.invoke(Unknown Source)
	at java.base/jdk.internal.reflect.DelegatingMethodAccessorImpl.invoke(DelegatingMethodAccessorImpl.java:43)
	at java.base/java.lang.reflect.Method.invoke(Method.java:567)
	at org.testng.internal.MethodInvocationHelper.invokeMethod(MethodInvocationHelper.java:133)
	at org.testng.internal.TestInvoker.invokeMethod(TestInvoker.java:598)
	at org.testng.internal.TestInvoker.invokeTestMethod(TestInvoker.java:173)
	at org.testng.internal.MethodRunner.runInSequence(MethodRunner.java:46)
	at org.testng.internal.TestInvoker$MethodInvocationAgent.invoke(TestInvoker.java:824)
	at org.testng.internal.TestInvoker.invokeTestMethods(TestInvoker.java:146)
	at org.testng.internal.TestMethodWorker.invokeTestMethods(TestMethodWorker.java:146)
	at org.testng.internal.TestMethodWorker.run(TestMethodWorker.java:128)
	at java.base/java.util.ArrayList.forEach(ArrayList.java:1511)
	at org.testng.TestRunner.privateRun(TestRunner.java:794)
	at org.testng.TestRunner.run(TestRunner.java:596)
	at org.testng.SuiteRunner.runTest(SuiteRunner.java:377)
	at org.testng.SuiteRunner.runSequentially(SuiteRunner.java:371)
	at org.testng.SuiteRunner.privateRun(SuiteRunner.java:332)
	at org.testng.SuiteRunner.run(SuiteRunner.java:276)
	at org.testng.SuiteRunnerWorker.runSuite(SuiteRunnerWorker.java:53)
	at org.testng.SuiteRunnerWorker.run(SuiteRunnerWorker.java:96)
	at org.testng.TestNG.runSuitesSequentially(TestNG.java:1212)
	at org.testng.TestNG.runSuitesLocally(TestNG.java:1134)
	at org.testng.TestNG.runSuites(TestNG.java:1063)
	at org.testng.TestNG.run(TestNG.java:1031)
	at org.testng.remote.AbstractRemoteTestNG.run(AbstractRemoteTestNG.java:115)
	at org.testng.remote.RemoteTestNG.initAndRun(RemoteTestNG.java:251)
	at org.testng.remote.RemoteTestNG.main(RemoteTestNG.java:77)
</div></td></tr></table><p class="totop"><a href="#summary">back to summary</a></p>
<h3 id="m33">SpellCheck.SpellCheckPages#spellCheck</h3><table class="result"><tr class="param"><th>Parameter #1</th></tr><tr class="param stripe"><td>https://oldschool.runescape.wiki/w/Amethyst_dart_tip</td></tr><tr><th>Messages</th></tr><tr><td><div class="messages"><br>Potential error: fletched<br>They can be fletched into amethyst darts at level 90 Fletching when used with feathers, granting 210 Fletching experience per 10 darts made.
<br>ID: MORFOLOGIK_RULE_EN_GB = Possible spelling mistake found.<br></div></td></tr><tr><th>Exception</th></tr><tr><td><div class="stacktrace">java.lang.AssertionError
	at SpellCheck.SpellCheckPages.spellCheck(SpellCheckPages.java:104)
	at jdk.internal.reflect.GeneratedMethodAccessor3.invoke(Unknown Source)
	at java.base/jdk.internal.reflect.DelegatingMethodAccessorImpl.invoke(DelegatingMethodAccessorImpl.java:43)
	at java.base/java.lang.reflect.Method.invoke(Method.java:567)
	at org.testng.internal.MethodInvocationHelper.invokeMethod(MethodInvocationHelper.java:133)
	at org.testng.internal.TestInvoker.invokeMethod(TestInvoker.java:598)
	at org.testng.internal.TestInvoker.invokeTestMethod(TestInvoker.java:173)
	at org.testng.internal.MethodRunner.runInSequence(MethodRunner.java:46)
	at org.testng.internal.TestInvoker$MethodInvocationAgent.invoke(TestInvoker.java:824)
	at org.testng.internal.TestInvoker.invokeTestMethods(TestInvoker.java:146)
	at org.testng.internal.TestMethodWorker.invokeTestMethods(TestMethodWorker.java:146)
	at org.testng.internal.TestMethodWorker.run(TestMethodWorker.java:128)
	at java.base/java.util.ArrayList.forEach(ArrayList.java:1511)
	at org.testng.TestRunner.privateRun(TestRunner.java:794)
	at org.testng.TestRunner.run(TestRunner.java:596)
	at org.testng.SuiteRunner.runTest(SuiteRunner.java:377)
	at org.testng.SuiteRunner.runSequentially(SuiteRunner.java:371)
	at org.testng.SuiteRunner.privateRun(SuiteRunner.java:332)
	at org.testng.SuiteRunner.run(SuiteRunner.java:276)
	at org.testng.SuiteRunnerWorker.runSuite(SuiteRunnerWorker.java:53)
	at org.testng.SuiteRunnerWorker.run(SuiteRunnerWorker.java:96)
	at org.testng.TestNG.runSuitesSequentially(TestNG.java:1212)
	at org.testng.TestNG.runSuitesLocally(TestNG.java:1134)
	at org.testng.TestNG.runSuites(TestNG.java:1063)
	at org.testng.TestNG.run(TestNG.java:1031)
	at org.testng.remote.AbstractRemoteTestNG.run(AbstractRemoteTestNG.java:115)
	at org.testng.remote.RemoteTestNG.initAndRun(RemoteTestNG.java:251)
	at org.testng.remote.RemoteTestNG.main(RemoteTestNG.java:77)
</div></td></tr></table><p class="totop"><a href="#summary">back to summary</a></p>
<h3 id="m34">SpellCheck.SpellCheckPages#spellCheck</h3><table class="result"><tr class="param"><th>Parameter #1</th></tr><tr class="param stripe"><td>https://oldschool.runescape.wiki/w/Oaknock%27s_Machine_(Control_panel)</td></tr><tr><th>Messages</th></tr><tr><td><div class="messages"><br>Potential error: Oaknock<br>The Control panel is part of Oaknock's Machine that has to be repaired and unlocked during The Eyes of Glouphrie.
<br>ID: MORFOLOGIK_RULE_EN_GB = Possible spelling mistake found.<br></div></td></tr><tr><th>Exception</th></tr><tr><td><div class="stacktrace">java.lang.AssertionError
	at SpellCheck.SpellCheckPages.spellCheck(SpellCheckPages.java:104)
	at java.base/jdk.internal.reflect.NativeMethodAccessorImpl.invoke0(Native Method)
	at java.base/jdk.internal.reflect.NativeMethodAccessorImpl.invoke(NativeMethodAccessorImpl.java:78)
	at java.base/jdk.internal.reflect.DelegatingMethodAccessorImpl.invoke(DelegatingMethodAccessorImpl.java:43)
	at java.base/java.lang.reflect.Method.invoke(Method.java:567)
	at org.testng.internal.MethodInvocationHelper.invokeMethod(MethodInvocationHelper.java:133)
	at org.testng.internal.TestInvoker.invokeMethod(TestInvoker.java:598)
	at org.testng.internal.TestInvoker.invokeTestMethod(TestInvoker.java:173)
	at org.testng.internal.MethodRunner.runInSequence(MethodRunner.java:46)
	at org.testng.internal.TestInvoker$MethodInvocationAgent.invoke(TestInvoker.java:824)
	at org.testng.internal.TestInvoker.invokeTestMethods(TestInvoker.java:146)
	at org.testng.internal.TestMethodWorker.invokeTestMethods(TestMethodWorker.java:146)
	at org.testng.internal.TestMethodWorker.run(TestMethodWorker.java:128)
	at java.base/java.util.ArrayList.forEach(ArrayList.java:1511)
	at org.testng.TestRunner.privateRun(TestRunner.java:794)
	at org.testng.TestRunner.run(TestRunner.java:596)
	at org.testng.SuiteRunner.runTest(SuiteRunner.java:377)
	at org.testng.SuiteRunner.runSequentially(SuiteRunner.java:371)
	at org.testng.SuiteRunner.privateRun(SuiteRunner.java:332)
	at org.testng.SuiteRunner.run(SuiteRunner.java:276)
	at org.testng.SuiteRunnerWorker.runSuite(SuiteRunnerWorker.java:53)
	at org.testng.SuiteRunnerWorker.run(SuiteRunnerWorker.java:96)
	at org.testng.TestNG.runSuitesSequentially(TestNG.java:1212)
	at org.testng.TestNG.runSuitesLocally(TestNG.java:1134)
	at org.testng.TestNG.runSuites(TestNG.java:1063)
	at org.testng.TestNG.run(TestNG.java:1031)
	at org.testng.remote.AbstractRemoteTestNG.run(AbstractRemoteTestNG.java:115)
	at org.testng.remote.RemoteTestNG.initAndRun(RemoteTestNG.java:251)
	at org.testng.remote.RemoteTestNG.main(RemoteTestNG.java:77)
</div></td></tr></table><p class="totop"><a href="#summary">back to summary</a></p>
<h3 id="m35">SpellCheck.SpellCheckPages#spellCheck</h3><table class="result"><tr class="param"><th>Parameter #1</th></tr><tr class="param stripe"><td>https://oldschool.runescape.wiki/w/Clan_Cup</td></tr><tr><th>Messages</th></tr><tr><td><div class="messages"><br>Potential error: PvM<br>PvM and Skilling cups were also introduced - clans fighting here had separate arenas opened where bosses could be fought or skills trained, and the clan with the most boss kills or skilling points gained during the challenge was declared the victor.
<br>ID: MORFOLOGIK_RULE_EN_GB = Possible spelling mistake found.<br><br/><br>Potential error: Skilling<br>PvM and Skilling cups were also introduced - clans fighting here had separate arenas opened where bosses could be fought or skills trained, and the clan with the most boss kills or skilling points gained during the challenge was declared the victor.
<br>ID: INDIAN_ENGLISH = This word is chiefly South Asian English. Consider an alternative that is more suited for an international audience.<br><br/><br>Potential error: skilling<br>PvM and Skilling cups were also introduced - clans fighting here had separate arenas opened where bosses could be fought or skills trained, and the clan with the most boss kills or skilling points gained during the challenge was declared the victor.
<br>ID: INDIAN_ENGLISH = This word is chiefly South Asian English. Consider an alternative that is more suited for an international audience.<br><br/><br>Potential error: PvM<br>The PvM cup was won by Stud Unit and the skilling championship by Hexis. <br>ID: MORFOLOGIK_RULE_EN_GB = Possible spelling mistake found.<br><br/><br>Potential error: skilling<br>The PvM cup was won by Stud Unit and the skilling championship by Hexis. <br>ID: INDIAN_ENGLISH = This word is chiefly South Asian English. Consider an alternative that is more suited for an international audience.<br><br/><br>Potential error: Hexis<br>The PvM cup was won by Stud Unit and the skilling championship by Hexis. <br>ID: MORFOLOGIK_RULE_EN_GB = Possible spelling mistake found.<br><br/><br>Potential error: with the exception of<br>The cups were similar to 2014, with the exception of P2P pure and F2P pure being combined into one single cup.
<br>ID: WITH_THE_EXCEPTION_OF = Consider using <suggestion>except</suggestion> or <suggestion>except for</suggestion><br><br/><br>Potential error: Ownage<br>Final Ownage Elite won the pure cup, and the previous year's winners for PvM and skilling (Stud Unit and Hexis respectively) won both of the cups again. <br>ID: MORFOLOGIK_RULE_EN_GB = Possible spelling mistake found.<br><br/><br>Potential error: PvM<br>Final Ownage Elite won the pure cup, and the previous year's winners for PvM and skilling (Stud Unit and Hexis respectively) won both of the cups again. <br>ID: MORFOLOGIK_RULE_EN_GB = Possible spelling mistake found.<br><br/><br>Potential error: skilling<br>Final Ownage Elite won the pure cup, and the previous year's winners for PvM and skilling (Stud Unit and Hexis respectively) won both of the cups again. <br>ID: INDIAN_ENGLISH = This word is chiefly South Asian English. Consider an alternative that is more suited for an international audience.<br><br/><br>Potential error: Hexis<br>Final Ownage Elite won the pure cup, and the previous year's winners for PvM and skilling (Stud Unit and Hexis respectively) won both of the cups again. <br>ID: MORFOLOGIK_RULE_EN_GB = Possible spelling mistake found.<br><br/><br>Potential error: FoE<br>The winners had their statues updated, with FoE receiveing a statue of their own.
<br>ID: MORFOLOGIK_RULE_EN_GB = Possible spelling mistake found.<br><br/><br>Potential error: receiveing<br>The winners had their statues updated, with FoE receiveing a statue of their own.
<br>ID: MORFOLOGIK_RULE_EN_GB = Possible spelling mistake found.<br><br/><br>Potential error: PvM<br>The PvM Arena has returned for this year's Clan Cup! <br>ID: MORFOLOGIK_RULE_EN_GB = Possible spelling mistake found.<br><br/><br>Potential error: PvM<br>Clans participating in the tournament will be able to face-off in this head-to-head PvM battle, taking down boss after boss after boss. <br>ID: MORFOLOGIK_RULE_EN_GB = Possible spelling mistake found.<br><br/><br>Potential error: after boss after boss<br>Clans participating in the tournament will be able to face-off in this head-to-head PvM battle, taking down boss after boss after boss. <br>ID: PHRASE_REPETITION = This phrase is duplicated. You should probably leave only <suggestion>after boss</suggestion>.<br></div></td></tr><tr><th>Exception</th></tr><tr><td><div class="stacktrace">java.lang.AssertionError
	at SpellCheck.SpellCheckPages.spellCheck(SpellCheckPages.java:104)
	at jdk.internal.reflect.GeneratedMethodAccessor3.invoke(Unknown Source)
	at java.base/jdk.internal.reflect.DelegatingMethodAccessorImpl.invoke(DelegatingMethodAccessorImpl.java:43)
	at java.base/java.lang.reflect.Method.invoke(Method.java:567)
	at org.testng.internal.MethodInvocationHelper.invokeMethod(MethodInvocationHelper.java:133)
	at org.testng.internal.TestInvoker.invokeMethod(TestInvoker.java:598)
	at org.testng.internal.TestInvoker.invokeTestMethod(TestInvoker.java:173)
	at org.testng.internal.MethodRunner.runInSequence(MethodRunner.java:46)
	at org.testng.internal.TestInvoker$MethodInvocationAgent.invoke(TestInvoker.java:824)
	at org.testng.internal.TestInvoker.invokeTestMethods(TestInvoker.java:146)
	at org.testng.internal.TestMethodWorker.invokeTestMethods(TestMethodWorker.java:146)
	at org.testng.internal.TestMethodWorker.run(TestMethodWorker.java:128)
	at java.base/java.util.ArrayList.forEach(ArrayList.java:1511)
	at org.testng.TestRunner.privateRun(TestRunner.java:794)
	at org.testng.TestRunner.run(TestRunner.java:596)
	at org.testng.SuiteRunner.runTest(SuiteRunner.java:377)
	at org.testng.SuiteRunner.runSequentially(SuiteRunner.java:371)
	at org.testng.SuiteRunner.privateRun(SuiteRunner.java:332)
	at org.testng.SuiteRunner.run(SuiteRunner.java:276)
	at org.testng.SuiteRunnerWorker.runSuite(SuiteRunnerWorker.java:53)
	at org.testng.SuiteRunnerWorker.run(SuiteRunnerWorker.java:96)
	at org.testng.TestNG.runSuitesSequentially(TestNG.java:1212)
	at org.testng.TestNG.runSuitesLocally(TestNG.java:1134)
	at org.testng.TestNG.runSuites(TestNG.java:1063)
	at org.testng.TestNG.run(TestNG.java:1031)
	at org.testng.remote.AbstractRemoteTestNG.run(AbstractRemoteTestNG.java:115)
	at org.testng.remote.RemoteTestNG.initAndRun(RemoteTestNG.java:251)
	at org.testng.remote.RemoteTestNG.main(RemoteTestNG.java:77)
</div></td></tr></table><p class="totop"><a href="#summary">back to summary</a></p>
<h3 id="m36">SpellCheck.SpellCheckPages#spellCheck</h3><table class="result"><tr class="param"><th>Parameter #1</th></tr><tr class="param stripe"><td>https://oldschool.runescape.wiki/w/Vyrewatch</td></tr><tr><th>Messages</th></tr><tr><td><div class="messages"><br>Potential error: Drakan<br>The Vyrewatch are the vampyric vanguard that receive blood tithes from the population of Morytania and suppress any resistance to the Drakan overlords. <br>ID: MORFOLOGIK_RULE_EN_GB = Possible spelling mistake found.<br><br/><br>Potential error: Vyre<br>This variant does not tithe the player, but will tell them to be careful of the humans if they are wearing a Vyre Noble Disguise. <br>ID: MORFOLOGIK_RULE_EN_GB = Possible spelling mistake found.<br><br/><br>Potential error: Efaritay<br>Efaritay's aid does not work against Vyrewatch. <br>ID: MORFOLOGIK_RULE_EN_GB = Possible spelling mistake found.<br><br/><br>Potential error: drakan<br>Players utilizing a general prayer armour setup can use drakan's medallion to teleport to Ver Sinhaza for banking and run north to Slepe where they can use an Altar of Zamorak to restore prayer points on their way to slaying Vyrewatch immediately north of the Crombwick Manor. <br>ID: MORFOLOGIK_RULE_EN_GB = Possible spelling mistake found.<br><br/><br>Potential error: maximise<br>An empty inventory with a single combat potion can be used to maximise a players collection of vampyre dust and runite bars, while praying Protect from Melee at this location.
<br>ID: OXFORD_SPELLING_Z_NOT_S = Would you like to use the Oxford spelling <suggestion>maximize</suggestion>? The spelling 'maximise' is also correct.<br><br/><br>Potential error: players<br>An empty inventory with a single combat potion can be used to maximise a players collection of vampyre dust and runite bars, while praying Protect from Melee at this location.
<br>ID: POSSESSIVE_APOSTROPHE = An apostrophe may be missing.<br><br/><br>Potential error: Never[d<br>Nothing N/A 1/141.1; Never[d 1] N/A
Uncut sapphire 1 1/332.1; 1/169[d 2] 317
Loop half of key 1 1/580.8; 1/552[d 2] 10,197
Tooth half of key 1 1/580.8; 1/552[d 2] 10,502
Coins 3,000 1/585.1 3,000
Uncut emerald 1 1/664.2; 1/337[d 2] 558
↑ The "nothing" drop is removed while wearing a ring of wealth.
<br>ID: NON_STANDARD_WORD = The word 'Never[d' is not standard English. Did you mean <suggestion>Never’d</suggestion> (curly apostrophe) or <suggestion>Never'd</suggestion> (straight apostrophe)?<br><br/><br>Potential error: 169[d<br>Nothing N/A 1/141.1; Never[d 1] N/A
Uncut sapphire 1 1/332.1; 1/169[d 2] 317
Loop half of key 1 1/580.8; 1/552[d 2] 10,197
Tooth half of key 1 1/580.8; 1/552[d 2] 10,502
Coins 3,000 1/585.1 3,000
Uncut emerald 1 1/664.2; 1/337[d 2] 558
↑ The "nothing" drop is removed while wearing a ring of wealth.
<br>ID: NON_STANDARD_WORD = The word '169[d' is not standard English. Did you mean <suggestion>169’d</suggestion> (curly apostrophe) or <suggestion>169'd</suggestion> (straight apostrophe)?<br><br/><br>Potential error: 552[d<br>Nothing N/A 1/141.1; Never[d 1] N/A
Uncut sapphire 1 1/332.1; 1/169[d 2] 317
Loop half of key 1 1/580.8; 1/552[d 2] 10,197
Tooth half of key 1 1/580.8; 1/552[d 2] 10,502
Coins 3,000 1/585.1 3,000
Uncut emerald 1 1/664.2; 1/337[d 2] 558
↑ The "nothing" drop is removed while wearing a ring of wealth.
<br>ID: NON_STANDARD_WORD = The word '552[d' is not standard English. Did you mean <suggestion>552’d</suggestion> (curly apostrophe) or <suggestion>552'd</suggestion> (straight apostrophe)?<br><br/><br>Potential error: 552[d<br>Nothing N/A 1/141.1; Never[d 1] N/A
Uncut sapphire 1 1/332.1; 1/169[d 2] 317
Loop half of key 1 1/580.8; 1/552[d 2] 10,197
Tooth half of key 1 1/580.8; 1/552[d 2] 10,502
Coins 3,000 1/585.1 3,000
Uncut emerald 1 1/664.2; 1/337[d 2] 558
↑ The "nothing" drop is removed while wearing a ring of wealth.
<br>ID: NON_STANDARD_WORD = The word '552[d' is not standard English. Did you mean <suggestion>552’d</suggestion> (curly apostrophe) or <suggestion>552'd</suggestion> (straight apostrophe)?<br><br/><br>Potential error: 337[d<br>Nothing N/A 1/141.1; Never[d 1] N/A
Uncut sapphire 1 1/332.1; 1/169[d 2] 317
Loop half of key 1 1/580.8; 1/552[d 2] 10,197
Tooth half of key 1 1/580.8; 1/552[d 2] 10,502
Coins 3,000 1/585.1 3,000
Uncut emerald 1 1/664.2; 1/337[d 2] 558
↑ The "nothing" drop is removed while wearing a ring of wealth.
<br>ID: NON_STANDARD_WORD = The word '337[d' is not standard English. Did you mean <suggestion>337’d</suggestion> (curly apostrophe) or <suggestion>337'd</suggestion> (straight apostrophe)?<br></div></td></tr><tr><th>Exception</th></tr><tr><td><div class="stacktrace">java.lang.AssertionError
	at SpellCheck.SpellCheckPages.spellCheck(SpellCheckPages.java:104)
	at jdk.internal.reflect.GeneratedMethodAccessor3.invoke(Unknown Source)
	at java.base/jdk.internal.reflect.DelegatingMethodAccessorImpl.invoke(DelegatingMethodAccessorImpl.java:43)
	at java.base/java.lang.reflect.Method.invoke(Method.java:567)
	at org.testng.internal.MethodInvocationHelper.invokeMethod(MethodInvocationHelper.java:133)
	at org.testng.internal.TestInvoker.invokeMethod(TestInvoker.java:598)
	at org.testng.internal.TestInvoker.invokeTestMethod(TestInvoker.java:173)
	at org.testng.internal.MethodRunner.runInSequence(MethodRunner.java:46)
	at org.testng.internal.TestInvoker$MethodInvocationAgent.invoke(TestInvoker.java:824)
	at org.testng.internal.TestInvoker.invokeTestMethods(TestInvoker.java:146)
	at org.testng.internal.TestMethodWorker.invokeTestMethods(TestMethodWorker.java:146)
	at org.testng.internal.TestMethodWorker.run(TestMethodWorker.java:128)
	at java.base/java.util.ArrayList.forEach(ArrayList.java:1511)
	at org.testng.TestRunner.privateRun(TestRunner.java:794)
	at org.testng.TestRunner.run(TestRunner.java:596)
	at org.testng.SuiteRunner.runTest(SuiteRunner.java:377)
	at org.testng.SuiteRunner.runSequentially(SuiteRunner.java:371)
	at org.testng.SuiteRunner.privateRun(SuiteRunner.java:332)
	at org.testng.SuiteRunner.run(SuiteRunner.java:276)
	at org.testng.SuiteRunnerWorker.runSuite(SuiteRunnerWorker.java:53)
	at org.testng.SuiteRunnerWorker.run(SuiteRunnerWorker.java:96)
	at org.testng.TestNG.runSuitesSequentially(TestNG.java:1212)
	at org.testng.TestNG.runSuitesLocally(TestNG.java:1134)
	at org.testng.TestNG.runSuites(TestNG.java:1063)
	at org.testng.TestNG.run(TestNG.java:1031)
	at org.testng.remote.AbstractRemoteTestNG.run(AbstractRemoteTestNG.java:115)
	at org.testng.remote.RemoteTestNG.initAndRun(RemoteTestNG.java:251)
	at org.testng.remote.RemoteTestNG.main(RemoteTestNG.java:77)
</div></td></tr></table><p class="totop"><a href="#summary">back to summary</a></p>
<h3 id="m37">SpellCheck.SpellCheckPages#spellCheck</h3><table class="result"><tr class="param"><th>Parameter #1</th></tr><tr class="param stripe"><td>https://oldschool.runescape.wiki/w/Mr._Mordaut</td></tr><tr><th>Messages</th></tr><tr><td><div class="messages"><br>Potential error: Mordaut<br>Mr. Mordaut is a draconic professor, currently the host of the Surprise Exam random event. <br>ID: MORFOLOGIK_RULE_EN_GB = Possible spelling mistake found.<br><br/><br>Potential error: crossbreed<br>He is significantly more intelligent than ordinary dragons due to his origins as an experiment conducted by the Dragonkin, specifically as a crossbreed of a fairy dragon.
<br>ID: MORFOLOGIK_RULE_EN_GB = Possible spelling mistake found.<br><br/><br>Potential error: Mordaut<br>Mr. Mordaut at his desk.
<br>ID: MORFOLOGIK_RULE_EN_GB = Possible spelling mistake found.<br><br/><br>Potential error: Mordaut<br>His name, Mordaut, may be a play on the word 'mordant', which means "Having or showing a sharp or critical quality; biting".
<br>ID: MORFOLOGIK_RULE_EN_GB = Possible spelling mistake found.<br></div></td></tr><tr><th>Exception</th></tr><tr><td><div class="stacktrace">java.lang.AssertionError
	at SpellCheck.SpellCheckPages.spellCheck(SpellCheckPages.java:104)
	at java.base/jdk.internal.reflect.NativeMethodAccessorImpl.invoke0(Native Method)
	at java.base/jdk.internal.reflect.NativeMethodAccessorImpl.invoke(NativeMethodAccessorImpl.java:78)
	at java.base/jdk.internal.reflect.DelegatingMethodAccessorImpl.invoke(DelegatingMethodAccessorImpl.java:43)
	at java.base/java.lang.reflect.Method.invoke(Method.java:567)
	at org.testng.internal.MethodInvocationHelper.invokeMethod(MethodInvocationHelper.java:133)
	at org.testng.internal.TestInvoker.invokeMethod(TestInvoker.java:598)
	at org.testng.internal.TestInvoker.invokeTestMethod(TestInvoker.java:173)
	at org.testng.internal.MethodRunner.runInSequence(MethodRunner.java:46)
	at org.testng.internal.TestInvoker$MethodInvocationAgent.invoke(TestInvoker.java:824)
	at org.testng.internal.TestInvoker.invokeTestMethods(TestInvoker.java:146)
	at org.testng.internal.TestMethodWorker.invokeTestMethods(TestMethodWorker.java:146)
	at org.testng.internal.TestMethodWorker.run(TestMethodWorker.java:128)
	at java.base/java.util.ArrayList.forEach(ArrayList.java:1511)
	at org.testng.TestRunner.privateRun(TestRunner.java:794)
	at org.testng.TestRunner.run(TestRunner.java:596)
	at org.testng.SuiteRunner.runTest(SuiteRunner.java:377)
	at org.testng.SuiteRunner.runSequentially(SuiteRunner.java:371)
	at org.testng.SuiteRunner.privateRun(SuiteRunner.java:332)
	at org.testng.SuiteRunner.run(SuiteRunner.java:276)
	at org.testng.SuiteRunnerWorker.runSuite(SuiteRunnerWorker.java:53)
	at org.testng.SuiteRunnerWorker.run(SuiteRunnerWorker.java:96)
	at org.testng.TestNG.runSuitesSequentially(TestNG.java:1212)
	at org.testng.TestNG.runSuitesLocally(TestNG.java:1134)
	at org.testng.TestNG.runSuites(TestNG.java:1063)
	at org.testng.TestNG.run(TestNG.java:1031)
	at org.testng.remote.AbstractRemoteTestNG.run(AbstractRemoteTestNG.java:115)
	at org.testng.remote.RemoteTestNG.initAndRun(RemoteTestNG.java:251)
	at org.testng.remote.RemoteTestNG.main(RemoteTestNG.java:77)
</div></td></tr></table><p class="totop"><a href="#summary">back to summary</a></p>
<h3 id="m38">SpellCheck.SpellCheckPages#spellCheck</h3><table class="result"><tr class="param"><th>Parameter #1</th></tr><tr class="param stripe"><td>https://oldschool.runescape.wiki/w/Red_d%27hide_chaps_(t)</td></tr><tr><th>Messages</th></tr><tr><td><div class="messages"><br>Potential error: Zul-andra<br>Fixed a stretching issue with void robes and dragonhide chaps whilst using Zul-andra teleport.
<br>ID: MORFOLOGIK_RULE_EN_GB = Possible spelling mistake found.<br></div></td></tr><tr><th>Exception</th></tr><tr><td><div class="stacktrace">java.lang.AssertionError
	at SpellCheck.SpellCheckPages.spellCheck(SpellCheckPages.java:104)
	at jdk.internal.reflect.GeneratedMethodAccessor3.invoke(Unknown Source)
	at java.base/jdk.internal.reflect.DelegatingMethodAccessorImpl.invoke(DelegatingMethodAccessorImpl.java:43)
	at java.base/java.lang.reflect.Method.invoke(Method.java:567)
	at org.testng.internal.MethodInvocationHelper.invokeMethod(MethodInvocationHelper.java:133)
	at org.testng.internal.TestInvoker.invokeMethod(TestInvoker.java:598)
	at org.testng.internal.TestInvoker.invokeTestMethod(TestInvoker.java:173)
	at org.testng.internal.MethodRunner.runInSequence(MethodRunner.java:46)
	at org.testng.internal.TestInvoker$MethodInvocationAgent.invoke(TestInvoker.java:824)
	at org.testng.internal.TestInvoker.invokeTestMethods(TestInvoker.java:146)
	at org.testng.internal.TestMethodWorker.invokeTestMethods(TestMethodWorker.java:146)
	at org.testng.internal.TestMethodWorker.run(TestMethodWorker.java:128)
	at java.base/java.util.ArrayList.forEach(ArrayList.java:1511)
	at org.testng.TestRunner.privateRun(TestRunner.java:794)
	at org.testng.TestRunner.run(TestRunner.java:596)
	at org.testng.SuiteRunner.runTest(SuiteRunner.java:377)
	at org.testng.SuiteRunner.runSequentially(SuiteRunner.java:371)
	at org.testng.SuiteRunner.privateRun(SuiteRunner.java:332)
	at org.testng.SuiteRunner.run(SuiteRunner.java:276)
	at org.testng.SuiteRunnerWorker.runSuite(SuiteRunnerWorker.java:53)
	at org.testng.SuiteRunnerWorker.run(SuiteRunnerWorker.java:96)
	at org.testng.TestNG.runSuitesSequentially(TestNG.java:1212)
	at org.testng.TestNG.runSuitesLocally(TestNG.java:1134)
	at org.testng.TestNG.runSuites(TestNG.java:1063)
	at org.testng.TestNG.run(TestNG.java:1031)
	at org.testng.remote.AbstractRemoteTestNG.run(AbstractRemoteTestNG.java:115)
	at org.testng.remote.RemoteTestNG.initAndRun(RemoteTestNG.java:251)
	at org.testng.remote.RemoteTestNG.main(RemoteTestNG.java:77)
</div></td></tr></table><p class="totop"><a href="#summary">back to summary</a></p>
<h3 id="m39">SpellCheck.SpellCheckPages#spellCheck</h3><table class="result"><tr class="param"><th>Parameter #1</th></tr><tr class="param stripe"><td>https://oldschool.runescape.wiki/w/Steam_Achievements</td></tr><tr><th>Messages</th></tr><tr><td><div class="messages"><br>Potential error: Air Craft<br>Breath of Fresh Air Craft some Air Runes at the Air Altar None None Air tiara or talisman, rune or pure essence Note that Rune Mysteries is required to mine essence, but not required to craft runes.
<br>ID: AIR_COMPOUNDS = This word is normally spelled as one.<br><br/><br>Potential error: None None<br>Breath of Fresh Air Craft some Air Runes at the Air Altar None None Air tiara or talisman, rune or pure essence Note that Rune Mysteries is required to mine essence, but not required to craft runes.
<br>ID: ENGLISH_WORD_REPEAT_RULE = Possible typo: you repeated a word<br><br/><br>Potential error: Thessalia<br>FashionScape Chat clothing with Thessalia in Varrock None None None Trading Thessalia completes this achievement, no chat necessary.
<br>ID: MORFOLOGIK_RULE_EN_GB = Possible spelling mistake found.<br><br/><br>Potential error: Thessalia<br>FashionScape Chat clothing with Thessalia in Varrock None None None Trading Thessalia completes this achievement, no chat necessary.
<br>ID: MORFOLOGIK_RULE_EN_GB = Possible spelling mistake found.<br><br/><br>Potential error: Al-kharid<br>Shopaholic Visit the General Stores in Lumbridge, Falador, Varrock, Edgeville, Rimmington, Al-kharid and Karamja (Musa point) None None None View map of required general stores.
<br>ID: MORFOLOGIK_RULE_EN_GB = Possible spelling mistake found.<br><br/><br>Potential error: None None<br>Get the boot Equip Fancy Boots or Fighting Boots from Stronghold of Security None None Fancy boots or Fighting boots Decent combat stats recommended. <br>ID: ENGLISH_WORD_REPEAT_RULE = Possible typo: you repeated a word<br></div></td></tr><tr><th>Exception</th></tr><tr><td><div class="stacktrace">java.lang.AssertionError
	at SpellCheck.SpellCheckPages.spellCheck(SpellCheckPages.java:104)
	at jdk.internal.reflect.GeneratedMethodAccessor3.invoke(Unknown Source)
	at java.base/jdk.internal.reflect.DelegatingMethodAccessorImpl.invoke(DelegatingMethodAccessorImpl.java:43)
	at java.base/java.lang.reflect.Method.invoke(Method.java:567)
	at org.testng.internal.MethodInvocationHelper.invokeMethod(MethodInvocationHelper.java:133)
	at org.testng.internal.TestInvoker.invokeMethod(TestInvoker.java:598)
	at org.testng.internal.TestInvoker.invokeTestMethod(TestInvoker.java:173)
	at org.testng.internal.MethodRunner.runInSequence(MethodRunner.java:46)
	at org.testng.internal.TestInvoker$MethodInvocationAgent.invoke(TestInvoker.java:824)
	at org.testng.internal.TestInvoker.invokeTestMethods(TestInvoker.java:146)
	at org.testng.internal.TestMethodWorker.invokeTestMethods(TestMethodWorker.java:146)
	at org.testng.internal.TestMethodWorker.run(TestMethodWorker.java:128)
	at java.base/java.util.ArrayList.forEach(ArrayList.java:1511)
	at org.testng.TestRunner.privateRun(TestRunner.java:794)
	at org.testng.TestRunner.run(TestRunner.java:596)
	at org.testng.SuiteRunner.runTest(SuiteRunner.java:377)
	at org.testng.SuiteRunner.runSequentially(SuiteRunner.java:371)
	at org.testng.SuiteRunner.privateRun(SuiteRunner.java:332)
	at org.testng.SuiteRunner.run(SuiteRunner.java:276)
	at org.testng.SuiteRunnerWorker.runSuite(SuiteRunnerWorker.java:53)
	at org.testng.SuiteRunnerWorker.run(SuiteRunnerWorker.java:96)
	at org.testng.TestNG.runSuitesSequentially(TestNG.java:1212)
	at org.testng.TestNG.runSuitesLocally(TestNG.java:1134)
	at org.testng.TestNG.runSuites(TestNG.java:1063)
	at org.testng.TestNG.run(TestNG.java:1031)
	at org.testng.remote.AbstractRemoteTestNG.run(AbstractRemoteTestNG.java:115)
	at org.testng.remote.RemoteTestNG.initAndRun(RemoteTestNG.java:251)
	at org.testng.remote.RemoteTestNG.main(RemoteTestNG.java:77)
</div></td></tr></table><p class="totop"><a href="#summary">back to summary</a></p>
<h3 id="m40">SpellCheck.SpellCheckPages#spellCheck</h3><table class="result"><tr class="param"><th>Parameter #1</th></tr><tr class="param stripe"><td>https://oldschool.runescape.wiki/w/Spirit_shields</td></tr><tr><th>Messages</th></tr><tr><td><div class="messages"><br>Potential error: summarised<br>The bonuses each spirit shield gives are summarised below.
<br>ID: OXFORD_SPELLING_Z_NOT_S = Would you like to use the Oxford spelling <suggestion>summarized</suggestion>? The spelling 'summarised' is also correct.<br><br/><br>Potential error: godsword<br>The main difference is that once a spirit shield is enhanced, it cannot be changed, unlike a godsword, where hilts can be changed.
<br>ID: MORFOLOGIK_RULE_EN_GB = Possible spelling mistake found.<br><br/><br>Potential error: OldSchoolRS<br>↑ OldSchoolRS. <br>ID: MORFOLOGIK_RULE_EN_GB = Possible spelling mistake found.<br><br/><br>Potential error: tv<br>(1:54:44), Twitch.tv video. <br>ID: MORFOLOGIK_RULE_EN_GB = Possible spelling mistake found.<br><br/><br>Potential error: Introduced<br>Introduced a feature on Abbot Langley to revert that process, destroys the blessed spirit shield, but you'll get the sigil back so you can attach it to the Ward of Elidinis."
<br>ID: SENTENCE_WHITESPACE = Add a space between sentences.<br></div></td></tr><tr><th>Exception</th></tr><tr><td><div class="stacktrace">java.lang.AssertionError
	at SpellCheck.SpellCheckPages.spellCheck(SpellCheckPages.java:104)
	at java.base/jdk.internal.reflect.NativeMethodAccessorImpl.invoke0(Native Method)
	at java.base/jdk.internal.reflect.NativeMethodAccessorImpl.invoke(NativeMethodAccessorImpl.java:78)
	at java.base/jdk.internal.reflect.DelegatingMethodAccessorImpl.invoke(DelegatingMethodAccessorImpl.java:43)
	at java.base/java.lang.reflect.Method.invoke(Method.java:567)
	at org.testng.internal.MethodInvocationHelper.invokeMethod(MethodInvocationHelper.java:133)
	at org.testng.internal.TestInvoker.invokeMethod(TestInvoker.java:598)
	at org.testng.internal.TestInvoker.invokeTestMethod(TestInvoker.java:173)
	at org.testng.internal.MethodRunner.runInSequence(MethodRunner.java:46)
	at org.testng.internal.TestInvoker$MethodInvocationAgent.invoke(TestInvoker.java:824)
	at org.testng.internal.TestInvoker.invokeTestMethods(TestInvoker.java:146)
	at org.testng.internal.TestMethodWorker.invokeTestMethods(TestMethodWorker.java:146)
	at org.testng.internal.TestMethodWorker.run(TestMethodWorker.java:128)
	at java.base/java.util.ArrayList.forEach(ArrayList.java:1511)
	at org.testng.TestRunner.privateRun(TestRunner.java:794)
	at org.testng.TestRunner.run(TestRunner.java:596)
	at org.testng.SuiteRunner.runTest(SuiteRunner.java:377)
	at org.testng.SuiteRunner.runSequentially(SuiteRunner.java:371)
	at org.testng.SuiteRunner.privateRun(SuiteRunner.java:332)
	at org.testng.SuiteRunner.run(SuiteRunner.java:276)
	at org.testng.SuiteRunnerWorker.runSuite(SuiteRunnerWorker.java:53)
	at org.testng.SuiteRunnerWorker.run(SuiteRunnerWorker.java:96)
	at org.testng.TestNG.runSuitesSequentially(TestNG.java:1212)
	at org.testng.TestNG.runSuitesLocally(TestNG.java:1134)
	at org.testng.TestNG.runSuites(TestNG.java:1063)
	at org.testng.TestNG.run(TestNG.java:1031)
	at org.testng.remote.AbstractRemoteTestNG.run(AbstractRemoteTestNG.java:115)
	at org.testng.remote.RemoteTestNG.initAndRun(RemoteTestNG.java:251)
	at org.testng.remote.RemoteTestNG.main(RemoteTestNG.java:77)
</div></td></tr></table><p class="totop"><a href="#summary">back to summary</a></p>
<h3 id="m41">SpellCheck.SpellCheckPages#spellCheck</h3><table class="result"><tr class="param"><th>Parameter #1</th></tr><tr class="param stripe"><td>https://oldschool.runescape.wiki/w/Waterpump_(Falador)</td></tr><tr><th>Messages</th></tr><tr><td><div class="messages"><br>Potential error: Waterpump<br>A Waterpump is a water source found by the entrance of the Hairdresser in Falador. <br>ID: MORFOLOGIK_RULE_EN_GB = Possible spelling mistake found.<br></div></td></tr><tr><th>Exception</th></tr><tr><td><div class="stacktrace">java.lang.AssertionError
	at SpellCheck.SpellCheckPages.spellCheck(SpellCheckPages.java:104)
	at jdk.internal.reflect.GeneratedMethodAccessor3.invoke(Unknown Source)
	at java.base/jdk.internal.reflect.DelegatingMethodAccessorImpl.invoke(DelegatingMethodAccessorImpl.java:43)
	at java.base/java.lang.reflect.Method.invoke(Method.java:567)
	at org.testng.internal.MethodInvocationHelper.invokeMethod(MethodInvocationHelper.java:133)
	at org.testng.internal.TestInvoker.invokeMethod(TestInvoker.java:598)
	at org.testng.internal.TestInvoker.invokeTestMethod(TestInvoker.java:173)
	at org.testng.internal.MethodRunner.runInSequence(MethodRunner.java:46)
	at org.testng.internal.TestInvoker$MethodInvocationAgent.invoke(TestInvoker.java:824)
	at org.testng.internal.TestInvoker.invokeTestMethods(TestInvoker.java:146)
	at org.testng.internal.TestMethodWorker.invokeTestMethods(TestMethodWorker.java:146)
	at org.testng.internal.TestMethodWorker.run(TestMethodWorker.java:128)
	at java.base/java.util.ArrayList.forEach(ArrayList.java:1511)
	at org.testng.TestRunner.privateRun(TestRunner.java:794)
	at org.testng.TestRunner.run(TestRunner.java:596)
	at org.testng.SuiteRunner.runTest(SuiteRunner.java:377)
	at org.testng.SuiteRunner.runSequentially(SuiteRunner.java:371)
	at org.testng.SuiteRunner.privateRun(SuiteRunner.java:332)
	at org.testng.SuiteRunner.run(SuiteRunner.java:276)
	at org.testng.SuiteRunnerWorker.runSuite(SuiteRunnerWorker.java:53)
	at org.testng.SuiteRunnerWorker.run(SuiteRunnerWorker.java:96)
	at org.testng.TestNG.runSuitesSequentially(TestNG.java:1212)
	at org.testng.TestNG.runSuitesLocally(TestNG.java:1134)
	at org.testng.TestNG.runSuites(TestNG.java:1063)
	at org.testng.TestNG.run(TestNG.java:1031)
	at org.testng.remote.AbstractRemoteTestNG.run(AbstractRemoteTestNG.java:115)
	at org.testng.remote.RemoteTestNG.initAndRun(RemoteTestNG.java:251)
	at org.testng.remote.RemoteTestNG.main(RemoteTestNG.java:77)
</div></td></tr></table><p class="totop"><a href="#summary">back to summary</a></p>
<h3 id="m42">SpellCheck.SpellCheckPages#spellCheck</h3><table class="result"><tr class="param"><th>Parameter #1</th></tr><tr class="param stripe"><td>https://oldschool.runescape.wiki/w/Ultimate_Ironman_Guide/Minigames</td></tr><tr><th>Messages</th></tr><tr><td><div class="messages"><br>Potential error: with the exception of<br>The only items allowed inside the Castle Wars area are potions, runes, and combat-related items such as armour — with the exception of helmets, hats, scarves and capes. <br>ID: WITH_THE_EXCEPTION_OF = Consider using <suggestion>except</suggestion> or <suggestion>except for</suggestion><br><br/><br>Potential error: untradeables<br>The way to work around the inventory restrictions here is to use a death storage method, such as Hespori or Zulrah, to store all your items for you (including untradeables). <br>ID: MORFOLOGIK_RULE_EN_GB = Possible spelling mistake found.<br><br/><br>Potential error: organise<br>After each successful run where you receive the reward crate, remove all of your items from death storage and organise your inventory and gear accordingly and then store all of your items (including your newly received reward) in the death storage. <br>ID: OXFORD_SPELLING_Z_NOT_S = Would you like to use the Oxford spelling <suggestion>organize</suggestion>? The spelling 'organise' is also correct.<br><br/><br>Potential error: non-Zulrah<br>If using Hespori storage or any other non-Zulrah storage, be mindful of the amount of coins you will need to collect all five pieces of gear.
<br>ID: MORFOLOGIK_RULE_EN_GB = Possible spelling mistake found.<br></div></td></tr><tr><th>Exception</th></tr><tr><td><div class="stacktrace">java.lang.AssertionError
	at SpellCheck.SpellCheckPages.spellCheck(SpellCheckPages.java:104)
	at jdk.internal.reflect.GeneratedMethodAccessor3.invoke(Unknown Source)
	at java.base/jdk.internal.reflect.DelegatingMethodAccessorImpl.invoke(DelegatingMethodAccessorImpl.java:43)
	at java.base/java.lang.reflect.Method.invoke(Method.java:567)
	at org.testng.internal.MethodInvocationHelper.invokeMethod(MethodInvocationHelper.java:133)
	at org.testng.internal.TestInvoker.invokeMethod(TestInvoker.java:598)
	at org.testng.internal.TestInvoker.invokeTestMethod(TestInvoker.java:173)
	at org.testng.internal.MethodRunner.runInSequence(MethodRunner.java:46)
	at org.testng.internal.TestInvoker$MethodInvocationAgent.invoke(TestInvoker.java:824)
	at org.testng.internal.TestInvoker.invokeTestMethods(TestInvoker.java:146)
	at org.testng.internal.TestMethodWorker.invokeTestMethods(TestMethodWorker.java:146)
	at org.testng.internal.TestMethodWorker.run(TestMethodWorker.java:128)
	at java.base/java.util.ArrayList.forEach(ArrayList.java:1511)
	at org.testng.TestRunner.privateRun(TestRunner.java:794)
	at org.testng.TestRunner.run(TestRunner.java:596)
	at org.testng.SuiteRunner.runTest(SuiteRunner.java:377)
	at org.testng.SuiteRunner.runSequentially(SuiteRunner.java:371)
	at org.testng.SuiteRunner.privateRun(SuiteRunner.java:332)
	at org.testng.SuiteRunner.run(SuiteRunner.java:276)
	at org.testng.SuiteRunnerWorker.runSuite(SuiteRunnerWorker.java:53)
	at org.testng.SuiteRunnerWorker.run(SuiteRunnerWorker.java:96)
	at org.testng.TestNG.runSuitesSequentially(TestNG.java:1212)
	at org.testng.TestNG.runSuitesLocally(TestNG.java:1134)
	at org.testng.TestNG.runSuites(TestNG.java:1063)
	at org.testng.TestNG.run(TestNG.java:1031)
	at org.testng.remote.AbstractRemoteTestNG.run(AbstractRemoteTestNG.java:115)
	at org.testng.remote.RemoteTestNG.initAndRun(RemoteTestNG.java:251)
	at org.testng.remote.RemoteTestNG.main(RemoteTestNG.java:77)
</div></td></tr></table><p class="totop"><a href="#summary">back to summary</a></p>
<h3 id="m43">SpellCheck.SpellCheckPages#spellCheck</h3><table class="result"><tr class="param"><th>Parameter #1</th></tr><tr class="param stripe"><td>https://oldschool.runescape.wiki/w/Recipe_for_Disaster/Freeing_the_Mountain_Dwarf/Quick_guide</td></tr><tr><th>Messages</th></tr><tr><td><div class="messages"><br>Potential error: telegrab<br>Items required: 316 coins, a bucket of milk, flour, an egg, a bowl of water, 4 Asgarnian Ales, gloves (ice gloves recommended), runes for telegrab (unless you have gloves), and 2 Falador teleports (1 if you have ice gloves).
<br>ID: MORFOLOGIK_RULE_EN_GB = Possible spelling mistake found.<br><br/><br>Potential error: ( <br>( 2•2)…
<br>ID: COMMA_PARENTHESIS_WHITESPACE = Don't put a space after the opening parenthesis.<br><br/><br>Potential error: Rohak<br>(His name will change to Rohak)
If you have ice gloves, equip them and pick up the cake. <br>ID: MORFOLOGIK_RULE_EN_GB = Possible spelling mistake found.<br><br/><br>Potential error: Otherwise<br>Otherwise either telegrab the cake or equip other gloves and pick it up, then kill an icefiend (at Ice Mountain) to cool the cake.
<br>ID: SENT_START_CONJUNCTIVE_LINKING_ADVERB_COMMA = A comma may be missing after the conjunctive/linking adverb 'Otherwise'.<br><br/><br>Potential error: telegrab<br>Otherwise either telegrab the cake or equip other gloves and pick it up, then kill an icefiend (at Ice Mountain) to cool the cake.
<br>ID: MORFOLOGIK_RULE_EN_GB = Possible spelling mistake found.<br></div></td></tr><tr><th>Exception</th></tr><tr><td><div class="stacktrace">java.lang.AssertionError
	at SpellCheck.SpellCheckPages.spellCheck(SpellCheckPages.java:104)
	at jdk.internal.reflect.GeneratedMethodAccessor3.invoke(Unknown Source)
	at java.base/jdk.internal.reflect.DelegatingMethodAccessorImpl.invoke(DelegatingMethodAccessorImpl.java:43)
	at java.base/java.lang.reflect.Method.invoke(Method.java:567)
	at org.testng.internal.MethodInvocationHelper.invokeMethod(MethodInvocationHelper.java:133)
	at org.testng.internal.TestInvoker.invokeMethod(TestInvoker.java:598)
	at org.testng.internal.TestInvoker.invokeTestMethod(TestInvoker.java:173)
	at org.testng.internal.MethodRunner.runInSequence(MethodRunner.java:46)
	at org.testng.internal.TestInvoker$MethodInvocationAgent.invoke(TestInvoker.java:824)
	at org.testng.internal.TestInvoker.invokeTestMethods(TestInvoker.java:146)
	at org.testng.internal.TestMethodWorker.invokeTestMethods(TestMethodWorker.java:146)
	at org.testng.internal.TestMethodWorker.run(TestMethodWorker.java:128)
	at java.base/java.util.ArrayList.forEach(ArrayList.java:1511)
	at org.testng.TestRunner.privateRun(TestRunner.java:794)
	at org.testng.TestRunner.run(TestRunner.java:596)
	at org.testng.SuiteRunner.runTest(SuiteRunner.java:377)
	at org.testng.SuiteRunner.runSequentially(SuiteRunner.java:371)
	at org.testng.SuiteRunner.privateRun(SuiteRunner.java:332)
	at org.testng.SuiteRunner.run(SuiteRunner.java:276)
	at org.testng.SuiteRunnerWorker.runSuite(SuiteRunnerWorker.java:53)
	at org.testng.SuiteRunnerWorker.run(SuiteRunnerWorker.java:96)
	at org.testng.TestNG.runSuitesSequentially(TestNG.java:1212)
	at org.testng.TestNG.runSuitesLocally(TestNG.java:1134)
	at org.testng.TestNG.runSuites(TestNG.java:1063)
	at org.testng.TestNG.run(TestNG.java:1031)
	at org.testng.remote.AbstractRemoteTestNG.run(AbstractRemoteTestNG.java:115)
	at org.testng.remote.RemoteTestNG.initAndRun(RemoteTestNG.java:251)
	at org.testng.remote.RemoteTestNG.main(RemoteTestNG.java:77)
</div></td></tr></table><p class="totop"><a href="#summary">back to summary</a></p>
<h3 id="m44">SpellCheck.SpellCheckPages#spellCheck</h3><table class="result"><tr class="param"><th>Parameter #1</th></tr><tr class="param stripe"><td>https://oldschool.runescape.wiki/w/Alek_Constantine</td></tr><tr><th>Messages</th></tr><tr><td><div class="messages"><br>Potential error: Alek<br>Alek Constantine is a vampyre found in the western area of Darkmeyer. <br>ID: MORFOLOGIK_RULE_EN_GB = Possible spelling mistake found.<br><br/><br>Potential error: xp<br>Thieving XP 306.9 xp
Coins 250–315 1/1.211 250–315
Death rune 2 1/16.5 366
Uncut ruby 1 1/26.4 1,123
This article on an NPC has an associated dialogue page.
<br>ID: MORFOLOGIK_RULE_EN_GB = Possible spelling mistake found.<br></div></td></tr><tr><th>Exception</th></tr><tr><td><div class="stacktrace">java.lang.AssertionError
	at SpellCheck.SpellCheckPages.spellCheck(SpellCheckPages.java:104)
	at jdk.internal.reflect.GeneratedMethodAccessor3.invoke(Unknown Source)
	at java.base/jdk.internal.reflect.DelegatingMethodAccessorImpl.invoke(DelegatingMethodAccessorImpl.java:43)
	at java.base/java.lang.reflect.Method.invoke(Method.java:567)
	at org.testng.internal.MethodInvocationHelper.invokeMethod(MethodInvocationHelper.java:133)
	at org.testng.internal.TestInvoker.invokeMethod(TestInvoker.java:598)
	at org.testng.internal.TestInvoker.invokeTestMethod(TestInvoker.java:173)
	at org.testng.internal.MethodRunner.runInSequence(MethodRunner.java:46)
	at org.testng.internal.TestInvoker$MethodInvocationAgent.invoke(TestInvoker.java:824)
	at org.testng.internal.TestInvoker.invokeTestMethods(TestInvoker.java:146)
	at org.testng.internal.TestMethodWorker.invokeTestMethods(TestMethodWorker.java:146)
	at org.testng.internal.TestMethodWorker.run(TestMethodWorker.java:128)
	at java.base/java.util.ArrayList.forEach(ArrayList.java:1511)
	at org.testng.TestRunner.privateRun(TestRunner.java:794)
	at org.testng.TestRunner.run(TestRunner.java:596)
	at org.testng.SuiteRunner.runTest(SuiteRunner.java:377)
	at org.testng.SuiteRunner.runSequentially(SuiteRunner.java:371)
	at org.testng.SuiteRunner.privateRun(SuiteRunner.java:332)
	at org.testng.SuiteRunner.run(SuiteRunner.java:276)
	at org.testng.SuiteRunnerWorker.runSuite(SuiteRunnerWorker.java:53)
	at org.testng.SuiteRunnerWorker.run(SuiteRunnerWorker.java:96)
	at org.testng.TestNG.runSuitesSequentially(TestNG.java:1212)
	at org.testng.TestNG.runSuitesLocally(TestNG.java:1134)
	at org.testng.TestNG.runSuites(TestNG.java:1063)
	at org.testng.TestNG.run(TestNG.java:1031)
	at org.testng.remote.AbstractRemoteTestNG.run(AbstractRemoteTestNG.java:115)
	at org.testng.remote.RemoteTestNG.initAndRun(RemoteTestNG.java:251)
	at org.testng.remote.RemoteTestNG.main(RemoteTestNG.java:77)
</div></td></tr></table><p class="totop"><a href="#summary">back to summary</a></p>
<h3 id="m45">SpellCheck.SpellCheckPages#spellCheck</h3><table class="result"><tr class="param"><th>Parameter #1</th></tr><tr class="param stripe"><td>https://oldschool.runescape.wiki/w/Irena</td></tr><tr><th>Messages</th></tr><tr><td><div class="messages"><br>Potential error: Al-Kharid<br>Examine A resident of Al-Kharid.
<br>ID: MORFOLOGIK_RULE_EN_GB = Possible spelling mistake found.<br><br/><br>Potential error: Irena<br>Irena is a woman from Al Kharid, and the mother of Ana, an eager explorer/tourist. <br>ID: MORFOLOGIK_RULE_EN_GB = Possible spelling mistake found.<br><br/><br>Potential error: Irena<br>Recently, she went down into the Kharidian Desert and Irena hasn't seen her since, so she waits and sobs at the gates of the Shantay Pass, waiting for Ana to return, and waiting for an adventurer to arrive and help her. <br>ID: MORFOLOGIK_RULE_EN_GB = Possible spelling mistake found.<br></div></td></tr><tr><th>Exception</th></tr><tr><td><div class="stacktrace">java.lang.AssertionError
	at SpellCheck.SpellCheckPages.spellCheck(SpellCheckPages.java:104)
	at jdk.internal.reflect.GeneratedMethodAccessor3.invoke(Unknown Source)
	at java.base/jdk.internal.reflect.DelegatingMethodAccessorImpl.invoke(DelegatingMethodAccessorImpl.java:43)
	at java.base/java.lang.reflect.Method.invoke(Method.java:567)
	at org.testng.internal.MethodInvocationHelper.invokeMethod(MethodInvocationHelper.java:133)
	at org.testng.internal.TestInvoker.invokeMethod(TestInvoker.java:598)
	at org.testng.internal.TestInvoker.invokeTestMethod(TestInvoker.java:173)
	at org.testng.internal.MethodRunner.runInSequence(MethodRunner.java:46)
	at org.testng.internal.TestInvoker$MethodInvocationAgent.invoke(TestInvoker.java:824)
	at org.testng.internal.TestInvoker.invokeTestMethods(TestInvoker.java:146)
	at org.testng.internal.TestMethodWorker.invokeTestMethods(TestMethodWorker.java:146)
	at org.testng.internal.TestMethodWorker.run(TestMethodWorker.java:128)
	at java.base/java.util.ArrayList.forEach(ArrayList.java:1511)
	at org.testng.TestRunner.privateRun(TestRunner.java:794)
	at org.testng.TestRunner.run(TestRunner.java:596)
	at org.testng.SuiteRunner.runTest(SuiteRunner.java:377)
	at org.testng.SuiteRunner.runSequentially(SuiteRunner.java:371)
	at org.testng.SuiteRunner.privateRun(SuiteRunner.java:332)
	at org.testng.SuiteRunner.run(SuiteRunner.java:276)
	at org.testng.SuiteRunnerWorker.runSuite(SuiteRunnerWorker.java:53)
	at org.testng.SuiteRunnerWorker.run(SuiteRunnerWorker.java:96)
	at org.testng.TestNG.runSuitesSequentially(TestNG.java:1212)
	at org.testng.TestNG.runSuitesLocally(TestNG.java:1134)
	at org.testng.TestNG.runSuites(TestNG.java:1063)
	at org.testng.TestNG.run(TestNG.java:1031)
	at org.testng.remote.AbstractRemoteTestNG.run(AbstractRemoteTestNG.java:115)
	at org.testng.remote.RemoteTestNG.initAndRun(RemoteTestNG.java:251)
	at org.testng.remote.RemoteTestNG.main(RemoteTestNG.java:77)
</div></td></tr></table><p class="totop"><a href="#summary">back to summary</a></p>
<h3 id="m46">SpellCheck.SpellCheckPages#spellCheck</h3><table class="result"><tr class="param"><th>Parameter #1</th></tr><tr class="param stripe"><td>https://oldschool.runescape.wiki/w/Light_creature</td></tr><tr><th>Messages</th></tr><tr><td><div class="messages"><br>Potential error: civilisations<br>“ Myriad and beautiful were the creatures and civilisations of the early ages of the world. <br>ID: OXFORD_SPELLING_Z_NOT_S = Would you like to use the Oxford spelling <suggestion>civilizations</suggestion>? The spelling 'civilisations' is also correct.<br><br/><br>Potential error: marvelous<br>Indeed, so marvelous was this light-show that the patterns of light themselves became alive, and great flocks of luminous creatures rode along the gem cast beams, each drawn to its own colour. <br>ID: MORFOLOGIK_RULE_EN_GB = Possible spelling mistake. 'marvelous' is American English.<br></div></td></tr><tr><th>Exception</th></tr><tr><td><div class="stacktrace">java.lang.AssertionError
	at SpellCheck.SpellCheckPages.spellCheck(SpellCheckPages.java:104)
	at jdk.internal.reflect.GeneratedMethodAccessor3.invoke(Unknown Source)
	at java.base/jdk.internal.reflect.DelegatingMethodAccessorImpl.invoke(DelegatingMethodAccessorImpl.java:43)
	at java.base/java.lang.reflect.Method.invoke(Method.java:567)
	at org.testng.internal.MethodInvocationHelper.invokeMethod(MethodInvocationHelper.java:133)
	at org.testng.internal.TestInvoker.invokeMethod(TestInvoker.java:598)
	at org.testng.internal.TestInvoker.invokeTestMethod(TestInvoker.java:173)
	at org.testng.internal.MethodRunner.runInSequence(MethodRunner.java:46)
	at org.testng.internal.TestInvoker$MethodInvocationAgent.invoke(TestInvoker.java:824)
	at org.testng.internal.TestInvoker.invokeTestMethods(TestInvoker.java:146)
	at org.testng.internal.TestMethodWorker.invokeTestMethods(TestMethodWorker.java:146)
	at org.testng.internal.TestMethodWorker.run(TestMethodWorker.java:128)
	at java.base/java.util.ArrayList.forEach(ArrayList.java:1511)
	at org.testng.TestRunner.privateRun(TestRunner.java:794)
	at org.testng.TestRunner.run(TestRunner.java:596)
	at org.testng.SuiteRunner.runTest(SuiteRunner.java:377)
	at org.testng.SuiteRunner.runSequentially(SuiteRunner.java:371)
	at org.testng.SuiteRunner.privateRun(SuiteRunner.java:332)
	at org.testng.SuiteRunner.run(SuiteRunner.java:276)
	at org.testng.SuiteRunnerWorker.runSuite(SuiteRunnerWorker.java:53)
	at org.testng.SuiteRunnerWorker.run(SuiteRunnerWorker.java:96)
	at org.testng.TestNG.runSuitesSequentially(TestNG.java:1212)
	at org.testng.TestNG.runSuitesLocally(TestNG.java:1134)
	at org.testng.TestNG.runSuites(TestNG.java:1063)
	at org.testng.TestNG.run(TestNG.java:1031)
	at org.testng.remote.AbstractRemoteTestNG.run(AbstractRemoteTestNG.java:115)
	at org.testng.remote.RemoteTestNG.initAndRun(RemoteTestNG.java:251)
	at org.testng.remote.RemoteTestNG.main(RemoteTestNG.java:77)
</div></td></tr></table><p class="totop"><a href="#summary">back to summary</a></p>
<h3 id="m47">SpellCheck.SpellCheckPages#spellCheck</h3><table class="result"><tr class="param"><th>Parameter #1</th></tr><tr class="param stripe"><td>https://oldschool.runescape.wiki/w/Crystal_ball_(Sorcerer%27s_Tower)</td></tr><tr><th>Messages</th></tr><tr><td><div class="messages"><br>Potential error: scrying<br>Examine The scrying glass of a seer.
<br>ID: MORFOLOGIK_RULE_EN_GB = Possible spelling mistake found.<br><br/><br>Potential error: chatbox<br>When an item is used on the crystal ball, the message "The table appears to be in use." appears in the chatbox, signifying that the crystal ball cannot be used as a table.[confirmation needed]
This page was last modified on 11 August 2021, at 10:13.
<br>ID: MORFOLOGIK_RULE_EN_GB = Possible spelling mistake found.<br></div></td></tr><tr><th>Exception</th></tr><tr><td><div class="stacktrace">java.lang.AssertionError
	at SpellCheck.SpellCheckPages.spellCheck(SpellCheckPages.java:104)
	at jdk.internal.reflect.GeneratedMethodAccessor3.invoke(Unknown Source)
	at java.base/jdk.internal.reflect.DelegatingMethodAccessorImpl.invoke(DelegatingMethodAccessorImpl.java:43)
	at java.base/java.lang.reflect.Method.invoke(Method.java:567)
	at org.testng.internal.MethodInvocationHelper.invokeMethod(MethodInvocationHelper.java:133)
	at org.testng.internal.TestInvoker.invokeMethod(TestInvoker.java:598)
	at org.testng.internal.TestInvoker.invokeTestMethod(TestInvoker.java:173)
	at org.testng.internal.MethodRunner.runInSequence(MethodRunner.java:46)
	at org.testng.internal.TestInvoker$MethodInvocationAgent.invoke(TestInvoker.java:824)
	at org.testng.internal.TestInvoker.invokeTestMethods(TestInvoker.java:146)
	at org.testng.internal.TestMethodWorker.invokeTestMethods(TestMethodWorker.java:146)
	at org.testng.internal.TestMethodWorker.run(TestMethodWorker.java:128)
	at java.base/java.util.ArrayList.forEach(ArrayList.java:1511)
	at org.testng.TestRunner.privateRun(TestRunner.java:794)
	at org.testng.TestRunner.run(TestRunner.java:596)
	at org.testng.SuiteRunner.runTest(SuiteRunner.java:377)
	at org.testng.SuiteRunner.runSequentially(SuiteRunner.java:371)
	at org.testng.SuiteRunner.privateRun(SuiteRunner.java:332)
	at org.testng.SuiteRunner.run(SuiteRunner.java:276)
	at org.testng.SuiteRunnerWorker.runSuite(SuiteRunnerWorker.java:53)
	at org.testng.SuiteRunnerWorker.run(SuiteRunnerWorker.java:96)
	at org.testng.TestNG.runSuitesSequentially(TestNG.java:1212)
	at org.testng.TestNG.runSuitesLocally(TestNG.java:1134)
	at org.testng.TestNG.runSuites(TestNG.java:1063)
	at org.testng.TestNG.run(TestNG.java:1031)
	at org.testng.remote.AbstractRemoteTestNG.run(AbstractRemoteTestNG.java:115)
	at org.testng.remote.RemoteTestNG.initAndRun(RemoteTestNG.java:251)
	at org.testng.remote.RemoteTestNG.main(RemoteTestNG.java:77)
</div></td></tr></table><p class="totop"><a href="#summary">back to summary</a></p>
<h3 id="m48">SpellCheck.SpellCheckPages#spellCheck</h3><table class="result"><tr class="param"><th>Parameter #1</th></tr><tr class="param stripe"><td>https://oldschool.runescape.wiki/w/Chest_(Desert_Mining_Camp)</td></tr><tr><th>Messages</th></tr><tr><td><div class="messages"><br>Potential error: Siad<br>Examine A solid looking chest, it belongs to Captain Siad.
<br>ID: MORFOLOGIK_RULE_EN_GB = Possible spelling mistake found.<br><br/><br>Potential error: Siad<br>The chest inside Siad's office at the Desert Mining Camp can be searched during The Tourist Trap quest to obtain the Technical plans. <br>ID: MORFOLOGIK_RULE_EN_GB = Possible spelling mistake found.<br></div></td></tr><tr><th>Exception</th></tr><tr><td><div class="stacktrace">java.lang.AssertionError
	at SpellCheck.SpellCheckPages.spellCheck(SpellCheckPages.java:104)
	at java.base/jdk.internal.reflect.NativeMethodAccessorImpl.invoke0(Native Method)
	at java.base/jdk.internal.reflect.NativeMethodAccessorImpl.invoke(NativeMethodAccessorImpl.java:78)
	at java.base/jdk.internal.reflect.DelegatingMethodAccessorImpl.invoke(DelegatingMethodAccessorImpl.java:43)
	at java.base/java.lang.reflect.Method.invoke(Method.java:567)
	at org.testng.internal.MethodInvocationHelper.invokeMethod(MethodInvocationHelper.java:133)
	at org.testng.internal.TestInvoker.invokeMethod(TestInvoker.java:598)
	at org.testng.internal.TestInvoker.invokeTestMethod(TestInvoker.java:173)
	at org.testng.internal.MethodRunner.runInSequence(MethodRunner.java:46)
	at org.testng.internal.TestInvoker$MethodInvocationAgent.invoke(TestInvoker.java:824)
	at org.testng.internal.TestInvoker.invokeTestMethods(TestInvoker.java:146)
	at org.testng.internal.TestMethodWorker.invokeTestMethods(TestMethodWorker.java:146)
	at org.testng.internal.TestMethodWorker.run(TestMethodWorker.java:128)
	at java.base/java.util.ArrayList.forEach(ArrayList.java:1511)
	at org.testng.TestRunner.privateRun(TestRunner.java:794)
	at org.testng.TestRunner.run(TestRunner.java:596)
	at org.testng.SuiteRunner.runTest(SuiteRunner.java:377)
	at org.testng.SuiteRunner.runSequentially(SuiteRunner.java:371)
	at org.testng.SuiteRunner.privateRun(SuiteRunner.java:332)
	at org.testng.SuiteRunner.run(SuiteRunner.java:276)
	at org.testng.SuiteRunnerWorker.runSuite(SuiteRunnerWorker.java:53)
	at org.testng.SuiteRunnerWorker.run(SuiteRunnerWorker.java:96)
	at org.testng.TestNG.runSuitesSequentially(TestNG.java:1212)
	at org.testng.TestNG.runSuitesLocally(TestNG.java:1134)
	at org.testng.TestNG.runSuites(TestNG.java:1063)
	at org.testng.TestNG.run(TestNG.java:1031)
	at org.testng.remote.AbstractRemoteTestNG.run(AbstractRemoteTestNG.java:115)
	at org.testng.remote.RemoteTestNG.initAndRun(RemoteTestNG.java:251)
	at org.testng.remote.RemoteTestNG.main(RemoteTestNG.java:77)
</div></td></tr></table><p class="totop"><a href="#summary">back to summary</a></p>
<h3 id="m49">SpellCheck.SpellCheckPages#spellCheck</h3><table class="result"><tr class="param"><th>Parameter #1</th></tr><tr class="param stripe"><td>https://oldschool.runescape.wiki/w/Rare_fossilised_spine</td></tr><tr><th>Messages</th></tr><tr><td><div class="messages"><br>Potential error: fossilised<br>A rare fossilised spine is a fossil that can be obtained by cleaning an unidentified rare fossil on the fossil cleaning bench east of the Museum Camp on Fossil Island.
<br>ID: OXFORD_SPELLING_Z_NOT_S = Would you like to use the Oxford spelling <suggestion>fossilized</suggestion>? The spelling 'fossilised' is also correct.<br><br/><br>Potential error: Shroom<br>Once completed, players can open the sluice gate behind the Ancient Shroom, and check the rinsing pool to obtain the enriched bones. <br>ID: MORFOLOGIK_RULE_EN_GB = Possible spelling mistake found.<br></div></td></tr><tr><th>Exception</th></tr><tr><td><div class="stacktrace">java.lang.AssertionError
	at SpellCheck.SpellCheckPages.spellCheck(SpellCheckPages.java:104)
	at jdk.internal.reflect.GeneratedMethodAccessor3.invoke(Unknown Source)
	at java.base/jdk.internal.reflect.DelegatingMethodAccessorImpl.invoke(DelegatingMethodAccessorImpl.java:43)
	at java.base/java.lang.reflect.Method.invoke(Method.java:567)
	at org.testng.internal.MethodInvocationHelper.invokeMethod(MethodInvocationHelper.java:133)
	at org.testng.internal.TestInvoker.invokeMethod(TestInvoker.java:598)
	at org.testng.internal.TestInvoker.invokeTestMethod(TestInvoker.java:173)
	at org.testng.internal.MethodRunner.runInSequence(MethodRunner.java:46)
	at org.testng.internal.TestInvoker$MethodInvocationAgent.invoke(TestInvoker.java:824)
	at org.testng.internal.TestInvoker.invokeTestMethods(TestInvoker.java:146)
	at org.testng.internal.TestMethodWorker.invokeTestMethods(TestMethodWorker.java:146)
	at org.testng.internal.TestMethodWorker.run(TestMethodWorker.java:128)
	at java.base/java.util.ArrayList.forEach(ArrayList.java:1511)
	at org.testng.TestRunner.privateRun(TestRunner.java:794)
	at org.testng.TestRunner.run(TestRunner.java:596)
	at org.testng.SuiteRunner.runTest(SuiteRunner.java:377)
	at org.testng.SuiteRunner.runSequentially(SuiteRunner.java:371)
	at org.testng.SuiteRunner.privateRun(SuiteRunner.java:332)
	at org.testng.SuiteRunner.run(SuiteRunner.java:276)
	at org.testng.SuiteRunnerWorker.runSuite(SuiteRunnerWorker.java:53)
	at org.testng.SuiteRunnerWorker.run(SuiteRunnerWorker.java:96)
	at org.testng.TestNG.runSuitesSequentially(TestNG.java:1212)
	at org.testng.TestNG.runSuitesLocally(TestNG.java:1134)
	at org.testng.TestNG.runSuites(TestNG.java:1063)
	at org.testng.TestNG.run(TestNG.java:1031)
	at org.testng.remote.AbstractRemoteTestNG.run(AbstractRemoteTestNG.java:115)
	at org.testng.remote.RemoteTestNG.initAndRun(RemoteTestNG.java:251)
	at org.testng.remote.RemoteTestNG.main(RemoteTestNG.java:77)
</div></td></tr></table><p class="totop"><a href="#summary">back to summary</a></p>
<h3 id="m50">SpellCheck.SpellCheckPages#spellCheck</h3><table class="result"><tr class="param"><th>Parameter #1</th></tr><tr class="param stripe"><td>https://oldschool.runescape.wiki/w/Charlie_the_Tramp</td></tr><tr><th>Messages</th></tr><tr><td><div class="messages"><br>Potential error: Trampin<br>Charlie the Tramp (or Charles E. Trampin') is a tramp that tells the player about the Black Arm Gang headquarters during the Shield of Arrav quest. <br>ID: MORFOLOGIK_RULE_EN_GB = Possible spelling mistake found.<br><br/><br>Potential error: skilling<br>Once there, Charlie will assign the player a short skilling task. <br>ID: INDIAN_ENGLISH = This word is chiefly South Asian English. Consider an alternative that is more suited for an international audience.<br><br/><br>Potential error: Kharedst<br>20 Kharedst's memoirs to Hosidius. <br>ID: MORFOLOGIK_RULE_EN_GB = Possible spelling mistake found.<br><br/><br>Potential error: a
I<br>14 n/a
I need to craft Charlie some leather chaps. <br>ID: DT_PRP = Possible typo. Did you mean <suggestion>a</suggestion> or <suggestion>I</suggestion>?<br><br/><br>Potential error: a
His<br>18 n/a
His name and title are references to the silent film star Charlie Chaplin and his onscreen persona, "The Tramp".
<br>ID: DT_PRP = Possible typo. Did you mean <suggestion>a</suggestion> or <suggestion>His</suggestion>?<br></div></td></tr><tr><th>Exception</th></tr><tr><td><div class="stacktrace">java.lang.AssertionError
	at SpellCheck.SpellCheckPages.spellCheck(SpellCheckPages.java:104)
	at jdk.internal.reflect.GeneratedMethodAccessor3.invoke(Unknown Source)
	at java.base/jdk.internal.reflect.DelegatingMethodAccessorImpl.invoke(DelegatingMethodAccessorImpl.java:43)
	at java.base/java.lang.reflect.Method.invoke(Method.java:567)
	at org.testng.internal.MethodInvocationHelper.invokeMethod(MethodInvocationHelper.java:133)
	at org.testng.internal.TestInvoker.invokeMethod(TestInvoker.java:598)
	at org.testng.internal.TestInvoker.invokeTestMethod(TestInvoker.java:173)
	at org.testng.internal.MethodRunner.runInSequence(MethodRunner.java:46)
	at org.testng.internal.TestInvoker$MethodInvocationAgent.invoke(TestInvoker.java:824)
	at org.testng.internal.TestInvoker.invokeTestMethods(TestInvoker.java:146)
	at org.testng.internal.TestMethodWorker.invokeTestMethods(TestMethodWorker.java:146)
	at org.testng.internal.TestMethodWorker.run(TestMethodWorker.java:128)
	at java.base/java.util.ArrayList.forEach(ArrayList.java:1511)
	at org.testng.TestRunner.privateRun(TestRunner.java:794)
	at org.testng.TestRunner.run(TestRunner.java:596)
	at org.testng.SuiteRunner.runTest(SuiteRunner.java:377)
	at org.testng.SuiteRunner.runSequentially(SuiteRunner.java:371)
	at org.testng.SuiteRunner.privateRun(SuiteRunner.java:332)
	at org.testng.SuiteRunner.run(SuiteRunner.java:276)
	at org.testng.SuiteRunnerWorker.runSuite(SuiteRunnerWorker.java:53)
	at org.testng.SuiteRunnerWorker.run(SuiteRunnerWorker.java:96)
	at org.testng.TestNG.runSuitesSequentially(TestNG.java:1212)
	at org.testng.TestNG.runSuitesLocally(TestNG.java:1134)
	at org.testng.TestNG.runSuites(TestNG.java:1063)
	at org.testng.TestNG.run(TestNG.java:1031)
	at org.testng.remote.AbstractRemoteTestNG.run(AbstractRemoteTestNG.java:115)
	at org.testng.remote.RemoteTestNG.initAndRun(RemoteTestNG.java:251)
	at org.testng.remote.RemoteTestNG.main(RemoteTestNG.java:77)
</div></td></tr></table><p class="totop"><a href="#summary">back to summary</a></p>
<h3 id="m51">SpellCheck.SpellCheckPages#spellCheck</h3><table class="result"><tr class="param"><th>Parameter #1</th></tr><tr class="param stripe"><td>https://oldschool.runescape.wiki/w/King_Neitiznot</td></tr><tr><th>Messages</th></tr><tr><td><div class="messages"><br>Potential error: available<br>available about the topic. <br>ID: UPPERCASE_SENTENCE_START = This sentence does not start with an uppercase letter.<br></div></td></tr><tr><th>Exception</th></tr><tr><td><div class="stacktrace">java.lang.AssertionError
	at SpellCheck.SpellCheckPages.spellCheck(SpellCheckPages.java:104)
	at jdk.internal.reflect.GeneratedMethodAccessor3.invoke(Unknown Source)
	at java.base/jdk.internal.reflect.DelegatingMethodAccessorImpl.invoke(DelegatingMethodAccessorImpl.java:43)
	at java.base/java.lang.reflect.Method.invoke(Method.java:567)
	at org.testng.internal.MethodInvocationHelper.invokeMethod(MethodInvocationHelper.java:133)
	at org.testng.internal.TestInvoker.invokeMethod(TestInvoker.java:598)
	at org.testng.internal.TestInvoker.invokeTestMethod(TestInvoker.java:173)
	at org.testng.internal.MethodRunner.runInSequence(MethodRunner.java:46)
	at org.testng.internal.TestInvoker$MethodInvocationAgent.invoke(TestInvoker.java:824)
	at org.testng.internal.TestInvoker.invokeTestMethods(TestInvoker.java:146)
	at org.testng.internal.TestMethodWorker.invokeTestMethods(TestMethodWorker.java:146)
	at org.testng.internal.TestMethodWorker.run(TestMethodWorker.java:128)
	at java.base/java.util.ArrayList.forEach(ArrayList.java:1511)
	at org.testng.TestRunner.privateRun(TestRunner.java:794)
	at org.testng.TestRunner.run(TestRunner.java:596)
	at org.testng.SuiteRunner.runTest(SuiteRunner.java:377)
	at org.testng.SuiteRunner.runSequentially(SuiteRunner.java:371)
	at org.testng.SuiteRunner.privateRun(SuiteRunner.java:332)
	at org.testng.SuiteRunner.run(SuiteRunner.java:276)
	at org.testng.SuiteRunnerWorker.runSuite(SuiteRunnerWorker.java:53)
	at org.testng.SuiteRunnerWorker.run(SuiteRunnerWorker.java:96)
	at org.testng.TestNG.runSuitesSequentially(TestNG.java:1212)
	at org.testng.TestNG.runSuitesLocally(TestNG.java:1134)
	at org.testng.TestNG.runSuites(TestNG.java:1063)
	at org.testng.TestNG.run(TestNG.java:1031)
	at org.testng.remote.AbstractRemoteTestNG.run(AbstractRemoteTestNG.java:115)
	at org.testng.remote.RemoteTestNG.initAndRun(RemoteTestNG.java:251)
	at org.testng.remote.RemoteTestNG.main(RemoteTestNG.java:77)
</div></td></tr></table><p class="totop"><a href="#summary">back to summary</a></p>
<h3 id="m52">SpellCheck.SpellCheckPages#spellCheck</h3><table class="result"><tr class="param"><th>Parameter #1</th></tr><tr class="param stripe"><td>https://oldschool.runescape.wiki/w/Money_making_guide/Collecting_ashes</td></tr><tr><th>Messages</th></tr><tr><td><div class="messages"><br>Potential error: you should<br>Continue this down the entire line, until you reach the end and you should have 27 ashes in your inventory. <br>ID: SUBJECT_DROP = Reusing 'you' could be redundant. Try omitting the pronoun.<br></div></td></tr><tr><th>Exception</th></tr><tr><td><div class="stacktrace">java.lang.AssertionError
	at SpellCheck.SpellCheckPages.spellCheck(SpellCheckPages.java:104)
	at jdk.internal.reflect.GeneratedMethodAccessor3.invoke(Unknown Source)
	at java.base/jdk.internal.reflect.DelegatingMethodAccessorImpl.invoke(DelegatingMethodAccessorImpl.java:43)
	at java.base/java.lang.reflect.Method.invoke(Method.java:567)
	at org.testng.internal.MethodInvocationHelper.invokeMethod(MethodInvocationHelper.java:133)
	at org.testng.internal.TestInvoker.invokeMethod(TestInvoker.java:598)
	at org.testng.internal.TestInvoker.invokeTestMethod(TestInvoker.java:173)
	at org.testng.internal.MethodRunner.runInSequence(MethodRunner.java:46)
	at org.testng.internal.TestInvoker$MethodInvocationAgent.invoke(TestInvoker.java:824)
	at org.testng.internal.TestInvoker.invokeTestMethods(TestInvoker.java:146)
	at org.testng.internal.TestMethodWorker.invokeTestMethods(TestMethodWorker.java:146)
	at org.testng.internal.TestMethodWorker.run(TestMethodWorker.java:128)
	at java.base/java.util.ArrayList.forEach(ArrayList.java:1511)
	at org.testng.TestRunner.privateRun(TestRunner.java:794)
	at org.testng.TestRunner.run(TestRunner.java:596)
	at org.testng.SuiteRunner.runTest(SuiteRunner.java:377)
	at org.testng.SuiteRunner.runSequentially(SuiteRunner.java:371)
	at org.testng.SuiteRunner.privateRun(SuiteRunner.java:332)
	at org.testng.SuiteRunner.run(SuiteRunner.java:276)
	at org.testng.SuiteRunnerWorker.runSuite(SuiteRunnerWorker.java:53)
	at org.testng.SuiteRunnerWorker.run(SuiteRunnerWorker.java:96)
	at org.testng.TestNG.runSuitesSequentially(TestNG.java:1212)
	at org.testng.TestNG.runSuitesLocally(TestNG.java:1134)
	at org.testng.TestNG.runSuites(TestNG.java:1063)
	at org.testng.TestNG.run(TestNG.java:1031)
	at org.testng.remote.AbstractRemoteTestNG.run(AbstractRemoteTestNG.java:115)
	at org.testng.remote.RemoteTestNG.initAndRun(RemoteTestNG.java:251)
	at org.testng.remote.RemoteTestNG.main(RemoteTestNG.java:77)
</div></td></tr></table><p class="totop"><a href="#summary">back to summary</a></p>
<h3 id="m53">SpellCheck.SpellCheckPages#spellCheck</h3><table class="result"><tr class="param"><th>Parameter #1</th></tr><tr class="param stripe"><td>https://oldschool.runescape.wiki/w/Crash_Island_Dungeon</td></tr><tr><th>Messages</th></tr><tr><td><div class="messages"><br>Potential error: few level<br>A few level 9 snakes are found above ground near the entrance to the dungeon; both types of snake are not aggressive to higher levelled players.
<br>ID: MANY_NN = Possible agreement error. The noun 'level' seems to be countable; consider using: <suggestion>few levels</suggestion>.<br><br/><br>Potential error: unattackable<br>These snakes are unattackable. <br>ID: MORFOLOGIK_RULE_EN_GB = Possible spelling mistake found.<br></div></td></tr><tr><th>Exception</th></tr><tr><td><div class="stacktrace">java.lang.AssertionError
	at SpellCheck.SpellCheckPages.spellCheck(SpellCheckPages.java:104)
	at jdk.internal.reflect.GeneratedMethodAccessor3.invoke(Unknown Source)
	at java.base/jdk.internal.reflect.DelegatingMethodAccessorImpl.invoke(DelegatingMethodAccessorImpl.java:43)
	at java.base/java.lang.reflect.Method.invoke(Method.java:567)
	at org.testng.internal.MethodInvocationHelper.invokeMethod(MethodInvocationHelper.java:133)
	at org.testng.internal.TestInvoker.invokeMethod(TestInvoker.java:598)
	at org.testng.internal.TestInvoker.invokeTestMethod(TestInvoker.java:173)
	at org.testng.internal.MethodRunner.runInSequence(MethodRunner.java:46)
	at org.testng.internal.TestInvoker$MethodInvocationAgent.invoke(TestInvoker.java:824)
	at org.testng.internal.TestInvoker.invokeTestMethods(TestInvoker.java:146)
	at org.testng.internal.TestMethodWorker.invokeTestMethods(TestMethodWorker.java:146)
	at org.testng.internal.TestMethodWorker.run(TestMethodWorker.java:128)
	at java.base/java.util.ArrayList.forEach(ArrayList.java:1511)
	at org.testng.TestRunner.privateRun(TestRunner.java:794)
	at org.testng.TestRunner.run(TestRunner.java:596)
	at org.testng.SuiteRunner.runTest(SuiteRunner.java:377)
	at org.testng.SuiteRunner.runSequentially(SuiteRunner.java:371)
	at org.testng.SuiteRunner.privateRun(SuiteRunner.java:332)
	at org.testng.SuiteRunner.run(SuiteRunner.java:276)
	at org.testng.SuiteRunnerWorker.runSuite(SuiteRunnerWorker.java:53)
	at org.testng.SuiteRunnerWorker.run(SuiteRunnerWorker.java:96)
	at org.testng.TestNG.runSuitesSequentially(TestNG.java:1212)
	at org.testng.TestNG.runSuitesLocally(TestNG.java:1134)
	at org.testng.TestNG.runSuites(TestNG.java:1063)
	at org.testng.TestNG.run(TestNG.java:1031)
	at org.testng.remote.AbstractRemoteTestNG.run(AbstractRemoteTestNG.java:115)
	at org.testng.remote.RemoteTestNG.initAndRun(RemoteTestNG.java:251)
	at org.testng.remote.RemoteTestNG.main(RemoteTestNG.java:77)
</div></td></tr></table><p class="totop"><a href="#summary">back to summary</a></p>
<h3 id="m54">SpellCheck.SpellCheckPages#spellCheck</h3><table class="result"><tr class="param"><th>Parameter #1</th></tr><tr class="param stripe"><td>https://oldschool.runescape.wiki/w/Stuffed_kq_head</td></tr><tr><th>Messages</th></tr><tr><td><div class="messages"><br>Potential error: KQ<br>You are now prompted with a warning when mounting a KQ head.
<br>ID: MORFOLOGIK_RULE_EN_GB = Possible spelling mistake found.<br></div></td></tr><tr><th>Exception</th></tr><tr><td><div class="stacktrace">java.lang.AssertionError
	at SpellCheck.SpellCheckPages.spellCheck(SpellCheckPages.java:104)
	at java.base/jdk.internal.reflect.NativeMethodAccessorImpl.invoke0(Native Method)
	at java.base/jdk.internal.reflect.NativeMethodAccessorImpl.invoke(NativeMethodAccessorImpl.java:78)
	at java.base/jdk.internal.reflect.DelegatingMethodAccessorImpl.invoke(DelegatingMethodAccessorImpl.java:43)
	at java.base/java.lang.reflect.Method.invoke(Method.java:567)
	at org.testng.internal.MethodInvocationHelper.invokeMethod(MethodInvocationHelper.java:133)
	at org.testng.internal.TestInvoker.invokeMethod(TestInvoker.java:598)
	at org.testng.internal.TestInvoker.invokeTestMethod(TestInvoker.java:173)
	at org.testng.internal.MethodRunner.runInSequence(MethodRunner.java:46)
	at org.testng.internal.TestInvoker$MethodInvocationAgent.invoke(TestInvoker.java:824)
	at org.testng.internal.TestInvoker.invokeTestMethods(TestInvoker.java:146)
	at org.testng.internal.TestMethodWorker.invokeTestMethods(TestMethodWorker.java:146)
	at org.testng.internal.TestMethodWorker.run(TestMethodWorker.java:128)
	at java.base/java.util.ArrayList.forEach(ArrayList.java:1511)
	at org.testng.TestRunner.privateRun(TestRunner.java:794)
	at org.testng.TestRunner.run(TestRunner.java:596)
	at org.testng.SuiteRunner.runTest(SuiteRunner.java:377)
	at org.testng.SuiteRunner.runSequentially(SuiteRunner.java:371)
	at org.testng.SuiteRunner.privateRun(SuiteRunner.java:332)
	at org.testng.SuiteRunner.run(SuiteRunner.java:276)
	at org.testng.SuiteRunnerWorker.runSuite(SuiteRunnerWorker.java:53)
	at org.testng.SuiteRunnerWorker.run(SuiteRunnerWorker.java:96)
	at org.testng.TestNG.runSuitesSequentially(TestNG.java:1212)
	at org.testng.TestNG.runSuitesLocally(TestNG.java:1134)
	at org.testng.TestNG.runSuites(TestNG.java:1063)
	at org.testng.TestNG.run(TestNG.java:1031)
	at org.testng.remote.AbstractRemoteTestNG.run(AbstractRemoteTestNG.java:115)
	at org.testng.remote.RemoteTestNG.initAndRun(RemoteTestNG.java:251)
	at org.testng.remote.RemoteTestNG.main(RemoteTestNG.java:77)
</div></td></tr></table><p class="totop"><a href="#summary">back to summary</a></p>
<h3 id="m55">SpellCheck.SpellCheckPages#spellCheck</h3><table class="result"><tr class="param"><th>Parameter #1</th></tr><tr class="param stripe"><td>https://oldschool.runescape.wiki/w/Adamant_axe</td></tr><tr><th>Messages</th></tr><tr><td><div class="messages"><br>Potential error: event ents<br>Random event ents no longer spawn and axes can no longer be broken.
<br>ID: MORFOLOGIK_RULE_EN_GB = Possible spelling mistake found.<br></div></td></tr><tr><th>Exception</th></tr><tr><td><div class="stacktrace">java.lang.AssertionError
	at SpellCheck.SpellCheckPages.spellCheck(SpellCheckPages.java:104)
	at jdk.internal.reflect.GeneratedMethodAccessor3.invoke(Unknown Source)
	at java.base/jdk.internal.reflect.DelegatingMethodAccessorImpl.invoke(DelegatingMethodAccessorImpl.java:43)
	at java.base/java.lang.reflect.Method.invoke(Method.java:567)
	at org.testng.internal.MethodInvocationHelper.invokeMethod(MethodInvocationHelper.java:133)
	at org.testng.internal.TestInvoker.invokeMethod(TestInvoker.java:598)
	at org.testng.internal.TestInvoker.invokeTestMethod(TestInvoker.java:173)
	at org.testng.internal.MethodRunner.runInSequence(MethodRunner.java:46)
	at org.testng.internal.TestInvoker$MethodInvocationAgent.invoke(TestInvoker.java:824)
	at org.testng.internal.TestInvoker.invokeTestMethods(TestInvoker.java:146)
	at org.testng.internal.TestMethodWorker.invokeTestMethods(TestMethodWorker.java:146)
	at org.testng.internal.TestMethodWorker.run(TestMethodWorker.java:128)
	at java.base/java.util.ArrayList.forEach(ArrayList.java:1511)
	at org.testng.TestRunner.privateRun(TestRunner.java:794)
	at org.testng.TestRunner.run(TestRunner.java:596)
	at org.testng.SuiteRunner.runTest(SuiteRunner.java:377)
	at org.testng.SuiteRunner.runSequentially(SuiteRunner.java:371)
	at org.testng.SuiteRunner.privateRun(SuiteRunner.java:332)
	at org.testng.SuiteRunner.run(SuiteRunner.java:276)
	at org.testng.SuiteRunnerWorker.runSuite(SuiteRunnerWorker.java:53)
	at org.testng.SuiteRunnerWorker.run(SuiteRunnerWorker.java:96)
	at org.testng.TestNG.runSuitesSequentially(TestNG.java:1212)
	at org.testng.TestNG.runSuitesLocally(TestNG.java:1134)
	at org.testng.TestNG.runSuites(TestNG.java:1063)
	at org.testng.TestNG.run(TestNG.java:1031)
	at org.testng.remote.AbstractRemoteTestNG.run(AbstractRemoteTestNG.java:115)
	at org.testng.remote.RemoteTestNG.initAndRun(RemoteTestNG.java:251)
	at org.testng.remote.RemoteTestNG.main(RemoteTestNG.java:77)
</div></td></tr></table><p class="totop"><a href="#summary">back to summary</a></p>
<h3 id="m56">SpellCheck.SpellCheckPages#spellCheck</h3><table class="result"><tr class="param"><th>Parameter #1</th></tr><tr class="param stripe"><td>https://oldschool.runescape.wiki/w/Cracked_sample</td></tr></table><p class="totop"><a href="#summary">back to summary</a></p>
<h3 id="m57">SpellCheck.SpellCheckPages#spellCheck</h3><table class="result"><tr class="param"><th>Parameter #1</th></tr><tr class="param stripe"><td>https://oldschool.runescape.wiki/w/Daeyalt_Essence_(rock)</td></tr></table><p class="totop"><a href="#summary">back to summary</a></p>
<h3 id="m58">SpellCheck.SpellCheckPages#spellCheck</h3><table class="result"><tr class="param"><th>Parameter #1</th></tr><tr class="param stripe"><td>https://oldschool.runescape.wiki/w/Staff_of_bob_the_cat</td></tr></table><p class="totop"><a href="#summary">back to summary</a></p>
<h3 id="m59">SpellCheck.SpellCheckPages#spellCheck</h3><table class="result"><tr class="param"><th>Parameter #1</th></tr><tr class="param stripe"><td>https://oldschool.runescape.wiki/w/White_candy</td></tr></table><p class="totop"><a href="#summary">back to summary</a></p>
<h3 id="m60">SpellCheck.SpellCheckPages#spellCheck</h3><table class="result"><tr class="param"><th>Parameter #1</th></tr><tr class="param stripe"><td>https://oldschool.runescape.wiki/w/Powered_staff</td></tr></table><p class="totop"><a href="#summary">back to summary</a></p>
<h3 id="m61">SpellCheck.SpellCheckPages#spellCheck</h3><table class="result"><tr class="param"><th>Parameter #1</th></tr><tr class="param stripe"><td>https://oldschool.runescape.wiki/w/Snow_Sprite</td></tr></table><p class="totop"><a href="#summary">back to summary</a></p>
<h3 id="m62">SpellCheck.SpellCheckPages#spellCheck</h3><table class="result"><tr class="param"><th>Parameter #1</th></tr><tr class="param stripe"><td>https://oldschool.runescape.wiki/w/Rod_mould</td></tr></table><p class="totop"><a href="#summary">back to summary</a></p>
<h3 id="m63">SpellCheck.SpellCheckPages#spellCheck</h3><table class="result"><tr class="param"><th>Parameter #1</th></tr><tr class="param stripe"><td>https://oldschool.runescape.wiki/w/Mourner_cloak</td></tr></table><p class="totop"><a href="#summary">back to summary</a></p>
<h3 id="m64">SpellCheck.SpellCheckPages#spellCheck</h3><table class="result"><tr class="param"><th>Parameter #1</th></tr><tr class="param stripe"><td>https://oldschool.runescape.wiki/w/Mahogany_wardrobe_(Mahogany_Homes)</td></tr></table><p class="totop"><a href="#summary">back to summary</a></p>
<h3 id="m65">SpellCheck.SpellCheckPages#spellCheck</h3><table class="result"><tr class="param"><th>Parameter #1</th></tr><tr class="param stripe"><td>https://oldschool.runescape.wiki/w/Slayer%27s_respite(m)_(keg)#4_pints</td></tr></table><p class="totop"><a href="#summary">back to summary</a></p>
<h3 id="m66">SpellCheck.SpellCheckPages#spellCheck</h3><table class="result"><tr class="param"><th>Parameter #1</th></tr><tr class="param stripe"><td>https://oldschool.runescape.wiki/w/Decorative_shield_(gold)</td></tr></table><p class="totop"><a href="#summary">back to summary</a></p>
<h3 id="m67">SpellCheck.SpellCheckPages#spellCheck</h3><table class="result"><tr class="param"><th>Parameter #1</th></tr><tr class="param stripe"><td>https://oldschool.runescape.wiki/w/Flying_Book</td></tr></table><p class="totop"><a href="#summary">back to summary</a></p>
<h3 id="m68">SpellCheck.SpellCheckPages#spellCheck</h3><table class="result"><tr class="param"><th>Parameter #1</th></tr><tr class="param stripe"><td>https://oldschool.runescape.wiki/w/Information_clerk</td></tr></table><p class="totop"><a href="#summary">back to summary</a></p>
<h3 id="m69">SpellCheck.SpellCheckPages#spellCheck</h3><table class="result"><tr class="param"><th>Parameter #1</th></tr><tr class="param stripe"><td>https://oldschool.runescape.wiki/w/Defender_icon</td></tr></table><p class="totop"><a href="#summary">back to summary</a></p>
<h3 id="m70">SpellCheck.SpellCheckPages#spellCheck</h3><table class="result"><tr class="param"><th>Parameter #1</th></tr><tr class="param stripe"><td>https://oldschool.runescape.wiki/w/Cadarn_Clan</td></tr></table><p class="totop"><a href="#summary">back to summary</a></p>
<h3 id="m71">SpellCheck.SpellCheckPages#spellCheck</h3><table class="result"><tr class="param"><th>Parameter #1</th></tr><tr class="param stripe"><td>https://oldschool.runescape.wiki/w/Elemental_ore</td></tr></table><p class="totop"><a href="#summary">back to summary</a></p>
<h3 id="m72">SpellCheck.SpellCheckPages#spellCheck</h3><table class="result"><tr class="param"><th>Parameter #1</th></tr><tr class="param stripe"><td>https://oldschool.runescape.wiki/w/Jade_dragon_bolts</td></tr></table><p class="totop"><a href="#summary">back to summary</a></p>
<h3 id="m73">SpellCheck.SpellCheckPages#spellCheck</h3><table class="result"><tr class="param"><th>Parameter #1</th></tr><tr class="param stripe"><td>https://oldschool.runescape.wiki/w/Range_(The_Gauntlet)</td></tr></table><p class="totop"><a href="#summary">back to summary</a></p>
<h3 id="m74">SpellCheck.SpellCheckPages#spellCheck</h3><table class="result"><tr class="param"><th>Parameter #1</th></tr><tr class="param stripe"><td>https://oldschool.runescape.wiki/w/Redwood_fence</td></tr></table><p class="totop"><a href="#summary">back to summary</a></p>
<h3 id="m75">SpellCheck.SpellCheckPages#spellCheck</h3><table class="result"><tr class="param"><th>Parameter #1</th></tr><tr class="param stripe"><td>https://oldschool.runescape.wiki/w/Rellekka_(music_track)</td></tr></table><p class="totop"><a href="#summary">back to summary</a></p>
<h3 id="m76">SpellCheck.SpellCheckPages#spellCheck</h3><table class="result"><tr class="param"><th>Parameter #1</th></tr><tr class="param stripe"><td>https://oldschool.runescape.wiki/w/Lady_Servil</td></tr></table><p class="totop"><a href="#summary">back to summary</a></p>
<h3 id="m77">SpellCheck.SpellCheckPages#spellCheck</h3><table class="result"><tr class="param"><th>Parameter #1</th></tr><tr class="param stripe"><td>https://oldschool.runescape.wiki/w/Water_valve</td></tr></table><p class="totop"><a href="#summary">back to summary</a></p>
<h3 id="m78">SpellCheck.SpellCheckPages#spellCheck</h3><table class="result"><tr class="param"><th>Parameter #1</th></tr><tr class="param stripe"><td>https://oldschool.runescape.wiki/w/Cave_eel</td></tr></table><p class="totop"><a href="#summary">back to summary</a></p>
<h3 id="m79">SpellCheck.SpellCheckPages#spellCheck</h3><table class="result"><tr class="param"><th>Parameter #1</th></tr><tr class="param stripe"><td>https://oldschool.runescape.wiki/w/Trapdoor_tunnel</td></tr></table><p class="totop"><a href="#summary">back to summary</a></p>
<h3 id="m80">SpellCheck.SpellCheckPages#spellCheck</h3><table class="result"><tr class="param"><th>Parameter #1</th></tr><tr class="param stripe"><td>https://oldschool.runescape.wiki/w/Cleaner</td></tr></table><p class="totop"><a href="#summary">back to summary</a></p>
<h3 id="m81">SpellCheck.SpellCheckPages#spellCheck</h3><table class="result"><tr class="param"><th>Parameter #1</th></tr><tr class="param stripe"><td>https://oldschool.runescape.wiki/w/(e)</td></tr></table><p class="totop"><a href="#summary">back to summary</a></p>
<h3 id="m82">SpellCheck.SpellCheckPages#spellCheck</h3><table class="result"><tr class="param"><th>Parameter #1</th></tr><tr class="param stripe"><td>https://oldschool.runescape.wiki/w/Stick_%27em_With_the_Pointy_End</td></tr></table><p class="totop"><a href="#summary">back to summary</a></p>
<h3 id="m83">SpellCheck.SpellCheckPages#spellCheck</h3><table class="result"><tr class="param"><th>Parameter #1</th></tr><tr class="param stripe"><td>https://oldschool.runescape.wiki/w/League_hall</td></tr></table><p class="totop"><a href="#summary">back to summary</a></p>
<h3 id="m84">SpellCheck.SpellCheckPages#spellCheck</h3><table class="result"><tr class="param"><th>Parameter #1</th></tr><tr class="param stripe"><td>https://oldschool.runescape.wiki/w/Spider_boss</td></tr></table><p class="totop"><a href="#summary">back to summary</a></p>
<h3 id="m85">SpellCheck.SpellCheckPages#spellCheck</h3><table class="result"><tr class="param"><th>Parameter #1</th></tr><tr class="param stripe"><td>https://oldschool.runescape.wiki/w/Davon</td></tr></table><p class="totop"><a href="#summary">back to summary</a></p>
<h3 id="m86">SpellCheck.SpellCheckPages#spellCheck</h3><table class="result"><tr class="param"><th>Parameter #1</th></tr><tr class="param stripe"><td>https://oldschool.runescape.wiki/w/Mind_tiara</td></tr></table><p class="totop"><a href="#summary">back to summary</a></p>
<h3 id="m87">SpellCheck.SpellCheckPages#spellCheck</h3><table class="result"><tr class="param"><th>Parameter #1</th></tr><tr class="param stripe"><td>https://oldschool.runescape.wiki/w/Big_frog</td></tr></table><p class="totop"><a href="#summary">back to summary</a></p>
<h3 id="m88">SpellCheck.SpellCheckPages#spellCheck</h3><table class="result"><tr class="param"><th>Parameter #1</th></tr><tr class="param stripe"><td>https://oldschool.runescape.wiki/w/League_tomato</td></tr></table><p class="totop"><a href="#summary">back to summary</a></p>
<h3 id="m89">SpellCheck.SpellCheckPages#spellCheck</h3><table class="result"><tr class="param"><th>Parameter #1</th></tr><tr class="param stripe"><td>https://oldschool.runescape.wiki/w/Music_sheet</td></tr></table><p class="totop"><a href="#summary">back to summary</a></p>
<h3 id="m90">SpellCheck.SpellCheckPages#spellCheck</h3><table class="result"><tr class="param"><th>Parameter #1</th></tr><tr class="param stripe"><td>https://oldschool.runescape.wiki/w/Pile_of_canes</td></tr></table><p class="totop"><a href="#summary">back to summary</a></p>
<h3 id="m91">SpellCheck.SpellCheckPages#spellCheck</h3><table class="result"><tr class="param"><th>Parameter #1</th></tr><tr class="param stripe"><td>https://oldschool.runescape.wiki/w/Bloodbark_helm</td></tr></table><p class="totop"><a href="#summary">back to summary</a></p>
<h3 id="m92">SpellCheck.SpellCheckPages#spellCheck</h3><table class="result"><tr class="param"><th>Parameter #1</th></tr><tr class="param stripe"><td>https://oldschool.runescape.wiki/w/15_December</td></tr></table><p class="totop"><a href="#summary">back to summary</a></p>
<h3 id="m93">SpellCheck.SpellCheckPages#spellCheck</h3><table class="result"><tr class="param"><th>Parameter #1</th></tr><tr class="param stripe"><td>https://oldschool.runescape.wiki/w/Suit_of_armour_(black_and_red)</td></tr></table><p class="totop"><a href="#summary">back to summary</a></p>
<h3 id="m94">SpellCheck.SpellCheckPages#spellCheck</h3><table class="result"><tr class="param"><th>Parameter #1</th></tr><tr class="param stripe"><td>https://oldschool.runescape.wiki/w/Unidentified</td></tr></table><p class="totop"><a href="#summary">back to summary</a></p>
<h3 id="m95">SpellCheck.SpellCheckPages#spellCheck</h3><table class="result"><tr class="param"><th>Parameter #1</th></tr><tr class="param stripe"><td>https://oldschool.runescape.wiki/w/18_October</td></tr></table><p class="totop"><a href="#summary">back to summary</a></p>
<h3 id="m96">SpellCheck.SpellCheckPages#spellCheck</h3><table class="result"><tr class="param"><th>Parameter #1</th></tr><tr class="param stripe"><td>https://oldschool.runescape.wiki/w/Slayer_tome</td></tr></table><p class="totop"><a href="#summary">back to summary</a></p>
<h3 id="m97">SpellCheck.SpellCheckPages#spellCheck</h3><table class="result"><tr class="param"><th>Parameter #1</th></tr><tr class="param stripe"><td>https://oldschool.runescape.wiki/w/Glistening_tear</td></tr></table><p class="totop"><a href="#summary">back to summary</a></p>
<h3 id="m98">SpellCheck.SpellCheckPages#spellCheck</h3><table class="result"><tr class="param"><th>Parameter #1</th></tr><tr class="param stripe"><td>https://oldschool.runescape.wiki/w/Dynasty</td></tr></table><p class="totop"><a href="#summary">back to summary</a></p>
<h3 id="m99">SpellCheck.SpellCheckPages#spellCheck</h3><table class="result"><tr class="param"><th>Parameter #1</th></tr><tr class="param stripe"><td>https://oldschool.runescape.wiki/w/Lockbox_(disambigulation)</td></tr></table><p class="totop"><a href="#summary">back to summary</a></p>
</body>
</html>
